2024-01-19 19:53:50,196 - root - INFO - Namespace(data='simulate_v1', bs=200, prefix='tgn-attn', n_degree=10, n_head=2, n_epoch=100, n_layer=2, lr=0.0001, patience=5, n_runs=1, drop_out=0.1, gpu=0, node_dim=100, time_dim=100, backprop_every=1, use_memory=True, embedding_module='graph_attention', message_function='identity', memory_updater='gru', aggregator='last', memory_update_at_end=True, message_dim=100, memory_dim=4, different_new_nodes=False, uniform=False, randomize_features=False, use_destination_embedding_in_message=False, use_source_embedding_in_message=False, dyrep=False)
2024-01-19 19:53:50,269 - root - INFO - num of training instances: 7159
2024-01-19 19:53:50,269 - root - INFO - num of batches per epoch: 36
2024-01-19 19:53:50,269 - root - INFO - start 0 epoch
2024-01-19 19:54:08,764 - root - INFO - epoch: 0 took 18.49s
2024-01-19 19:54:08,764 - root - INFO - epoch train mean loss: 0.7357508639494578
2024-01-19 19:54:08,764 - root - INFO - train acc: 0.5028293151642208, test acc: 0.4984837092731829
2024-01-19 19:54:08,765 - root - INFO - train ap: 0.44979554147745865, val ap: 0.440899791498286
2024-01-19 19:54:08,768 - root - INFO - start 1 epoch
2024-01-19 19:54:27,260 - root - INFO - epoch: 1 took 18.49s
2024-01-19 19:54:27,260 - root - INFO - epoch train mean loss: 0.712460340725051
2024-01-19 19:54:27,260 - root - INFO - train acc: 0.5082459818308874, test acc: 0.49737259816207174
2024-01-19 19:54:27,260 - root - INFO - train ap: 0.47772358556387, val ap: 0.46908189309958914
2024-01-19 19:54:27,263 - root - INFO - start 2 epoch
2024-01-19 19:54:45,757 - root - INFO - epoch: 2 took 18.49s
2024-01-19 19:54:45,757 - root - INFO - epoch train mean loss: 0.703381253613366
2024-01-19 19:54:45,757 - root - INFO - train acc: 0.5086670160726765, test acc: 0.5034920634920635
2024-01-19 19:54:45,757 - root - INFO - train ap: 0.5167171134197865, val ap: 0.5145093539807265
2024-01-19 19:54:45,760 - root - INFO - start 3 epoch
2024-01-19 19:55:04,238 - root - INFO - epoch: 3 took 18.48s
2024-01-19 19:55:04,238 - root - INFO - epoch train mean loss: 0.6969186729855008
2024-01-19 19:55:04,238 - root - INFO - train acc: 0.529159678546471, test acc: 0.5237677527151212
2024-01-19 19:55:04,238 - root - INFO - train ap: 0.5690179528885565, val ap: 0.5836437702026928
2024-01-19 19:55:04,241 - root - INFO - start 4 epoch
2024-01-19 19:55:22,865 - root - INFO - epoch: 4 took 18.62s
2024-01-19 19:55:22,866 - root - INFO - epoch train mean loss: 0.6936918960677253
2024-01-19 19:55:22,866 - root - INFO - train acc: 0.5464893431167017, test acc: 0.5532205513784461
2024-01-19 19:55:22,866 - root - INFO - train ap: 0.6093507513560736, val ap: 0.6242864168055933
2024-01-19 19:55:22,869 - root - INFO - start 5 epoch
2024-01-19 19:55:41,348 - root - INFO - epoch: 5 took 18.48s
2024-01-19 19:55:41,348 - root - INFO - epoch train mean loss: 0.6923702889018588
2024-01-19 19:55:41,348 - root - INFO - train acc: 0.5665653389238295, test acc: 0.5876691729323308
2024-01-19 19:55:41,348 - root - INFO - train ap: 0.6337836934406055, val ap: 0.6507803679982473
2024-01-19 19:55:41,351 - root - INFO - start 6 epoch
2024-01-19 19:55:59,857 - root - INFO - epoch: 6 took 18.51s
2024-01-19 19:55:59,857 - root - INFO - epoch train mean loss: 0.6896291159921222
2024-01-19 19:55:59,858 - root - INFO - train acc: 0.5858752620545072, test acc: 0.6071136173767753
2024-01-19 19:55:59,858 - root - INFO - train ap: 0.6525169617382373, val ap: 0.6674912050961656
2024-01-19 19:55:59,861 - root - INFO - start 7 epoch
2024-01-19 19:56:18,350 - root - INFO - epoch: 7 took 18.49s
2024-01-19 19:56:18,351 - root - INFO - epoch train mean loss: 0.6867932561371062
2024-01-19 19:56:18,351 - root - INFO - train acc: 0.591291928721174, test acc: 0.6240601503759398
2024-01-19 19:56:18,351 - root - INFO - train ap: 0.6715843286654356, val ap: 0.6856815096686023
2024-01-19 19:56:18,354 - root - INFO - start 8 epoch
2024-01-19 19:56:36,837 - root - INFO - epoch: 8 took 18.48s
2024-01-19 19:56:36,838 - root - INFO - epoch train mean loss: 0.6838333639833662
2024-01-19 19:56:36,838 - root - INFO - train acc: 0.6026135569531798, test acc: 0.6315580618212198
2024-01-19 19:56:36,838 - root - INFO - train ap: 0.6921892632405727, val ap: 0.7063078780983912
2024-01-19 19:56:36,841 - root - INFO - start 9 epoch
2024-01-19 19:56:55,424 - root - INFO - epoch: 9 took 18.58s
2024-01-19 19:56:55,424 - root - INFO - epoch train mean loss: 0.681611117389467
2024-01-19 19:56:55,424 - root - INFO - train acc: 0.6215382599580713, test acc: 0.6423893065998328
2024-01-19 19:56:55,424 - root - INFO - train ap: 0.7120031126513465, val ap: 0.7257653568861148
2024-01-19 19:56:55,427 - root - INFO - start 10 epoch
2024-01-19 19:57:13,910 - root - INFO - epoch: 10 took 18.48s
2024-01-19 19:57:13,910 - root - INFO - epoch train mean loss: 0.679092385702663
2024-01-19 19:57:13,910 - root - INFO - train acc: 0.6419994758909853, test acc: 0.6582247284878864
2024-01-19 19:57:13,910 - root - INFO - train ap: 0.7298049186406463, val ap: 0.7439436857113964
2024-01-19 19:57:13,913 - root - INFO - start 11 epoch
2024-01-19 19:57:32,554 - root - INFO - epoch: 11 took 18.64s
2024-01-19 19:57:32,555 - root - INFO - epoch train mean loss: 0.6770951863792207
2024-01-19 19:57:32,555 - root - INFO - train acc: 0.6585316212438852, test acc: 0.6710066833751045
2024-01-19 19:57:32,555 - root - INFO - train ap: 0.7435579945903518, val ap: 0.7587545011015133
2024-01-19 19:57:32,558 - root - INFO - start 12 epoch
2024-01-19 19:57:51,256 - root - INFO - epoch: 12 took 18.70s
2024-01-19 19:57:51,256 - root - INFO - epoch train mean loss: 0.6744777841700448
2024-01-19 19:57:51,256 - root - INFO - train acc: 0.6758569182389936, test acc: 0.6835045948203843
2024-01-19 19:57:51,256 - root - INFO - train ap: 0.7551359319293577, val ap: 0.7711442337902175
2024-01-19 19:57:51,259 - root - INFO - start 13 epoch
2024-01-19 19:58:10,226 - root - INFO - epoch: 13 took 18.97s
2024-01-19 19:58:10,226 - root - INFO - epoch train mean loss: 0.6702851901451746
2024-01-19 19:58:10,226 - root - INFO - train acc: 0.6854358839972048, test acc: 0.6976775271512113
2024-01-19 19:58:10,226 - root - INFO - train ap: 0.7643969136993864, val ap: 0.7802291681987852
2024-01-19 19:58:10,229 - root - INFO - start 14 epoch
2024-01-19 19:58:28,694 - root - INFO - epoch: 14 took 18.47s
2024-01-19 19:58:28,695 - root - INFO - epoch train mean loss: 0.6667969855997298
2024-01-19 19:58:28,695 - root - INFO - train acc: 0.6951895527603075, test acc: 0.712126148705096
2024-01-19 19:58:28,695 - root - INFO - train ap: 0.7725984346016895, val ap: 0.7860904034280887
2024-01-19 19:58:28,698 - root - INFO - start 15 epoch
2024-01-19 19:58:47,182 - root - INFO - epoch: 15 took 18.48s
2024-01-19 19:58:47,182 - root - INFO - epoch train mean loss: 0.6627002590232425
2024-01-19 19:58:47,182 - root - INFO - train acc: 0.695745108315863, test acc: 0.7124018379281538
2024-01-19 19:58:47,183 - root - INFO - train ap: 0.775339917044663, val ap: 0.781317978701825
2024-01-19 19:58:47,186 - root - INFO - start 16 epoch
2024-01-19 19:59:05,667 - root - INFO - epoch: 16 took 18.48s
2024-01-19 19:59:05,668 - root - INFO - epoch train mean loss: 0.6568082951837115
2024-01-19 19:59:05,668 - root - INFO - train acc: 0.6988722921034243, test acc: 0.7240685045948204
2024-01-19 19:59:05,668 - root - INFO - train ap: 0.7746760217670627, val ap: 0.7785846121938115
2024-01-19 19:59:05,671 - root - INFO - start 17 epoch
2024-01-19 19:59:24,126 - root - INFO - epoch: 17 took 18.46s
2024-01-19 19:59:24,127 - root - INFO - epoch train mean loss: 0.6512890607118607
2024-01-19 19:59:24,127 - root - INFO - train acc: 0.7042933263452131, test acc: 0.7282330827067668
2024-01-19 19:59:24,127 - root - INFO - train ap: 0.7785321831790737, val ap: 0.7834799905864994
2024-01-19 19:59:24,130 - root - INFO - start 18 epoch
2024-01-19 19:59:42,590 - root - INFO - epoch: 18 took 18.46s
2024-01-19 19:59:42,590 - root - INFO - epoch train mean loss: 0.6455771227677664
2024-01-19 19:59:42,590 - root - INFO - train acc: 0.7121069182389937, test acc: 0.7312949039264828
2024-01-19 19:59:42,590 - root - INFO - train ap: 0.783784096317433, val ap: 0.7891696019148292
2024-01-19 19:59:42,593 - root - INFO - start 19 epoch
2024-01-19 20:00:01,056 - root - INFO - epoch: 19 took 18.46s
2024-01-19 20:00:01,056 - root - INFO - epoch train mean loss: 0.6403430187039905
2024-01-19 20:00:01,056 - root - INFO - train acc: 0.7216902515723268, test acc: 0.7368546365914788
2024-01-19 20:00:01,056 - root - INFO - train ap: 0.7910037067693602, val ap: 0.7958458359732172
2024-01-19 20:00:01,060 - root - INFO - start 20 epoch
2024-01-19 20:00:19,899 - root - INFO - epoch: 20 took 18.84s
2024-01-19 20:00:19,899 - root - INFO - epoch train mean loss: 0.6326655298471451
2024-01-19 20:00:19,899 - root - INFO - train acc: 0.7280791404612159, test acc: 0.7438053467000836
2024-01-19 20:00:19,899 - root - INFO - train ap: 0.7985070724690613, val ap: 0.8036959957133115
2024-01-19 20:00:19,902 - root - INFO - start 21 epoch
2024-01-19 20:00:38,373 - root - INFO - epoch: 21 took 18.47s
2024-01-19 20:00:38,373 - root - INFO - epoch train mean loss: 0.6254517320129607
2024-01-19 20:00:38,373 - root - INFO - train acc: 0.7353729909154437, test acc: 0.7532581453634085
2024-01-19 20:00:38,373 - root - INFO - train ap: 0.8077545126514455, val ap: 0.8120179894326414
2024-01-19 20:00:38,377 - root - INFO - start 22 epoch
2024-01-19 20:00:56,850 - root - INFO - epoch: 22 took 18.47s
2024-01-19 20:00:56,850 - root - INFO - epoch train mean loss: 0.6166002485487196
2024-01-19 20:00:56,850 - root - INFO - train acc: 0.744750174703005, test acc: 0.7685421888053469
2024-01-19 20:00:56,850 - root - INFO - train ap: 0.8179045408076162, val ap: 0.8203628936081747
2024-01-19 20:00:56,853 - root - INFO - start 23 epoch
2024-01-19 20:01:15,317 - root - INFO - epoch: 23 took 18.46s
2024-01-19 20:01:15,317 - root - INFO - epoch train mean loss: 0.6048456827799479
2024-01-19 20:01:15,317 - root - INFO - train acc: 0.7499248777078966, test acc: 0.7732581453634085
2024-01-19 20:01:15,317 - root - INFO - train ap: 0.8225395640404898, val ap: 0.8247085054761046
2024-01-19 20:01:15,320 - root - INFO - start 24 epoch
2024-01-19 20:01:33,762 - root - INFO - epoch: 24 took 18.44s
2024-01-19 20:01:33,762 - root - INFO - epoch train mean loss: 0.5916128555933634
2024-01-19 20:01:33,763 - root - INFO - train acc: 0.7640959119496854, test acc: 0.784657477025898
2024-01-19 20:01:33,763 - root - INFO - train ap: 0.830186480918108, val ap: 0.8342261389932643
2024-01-19 20:01:33,766 - root - INFO - start 25 epoch
2024-01-19 20:01:52,246 - root - INFO - epoch: 25 took 18.48s
2024-01-19 20:01:52,246 - root - INFO - epoch train mean loss: 0.5751001636187235
2024-01-19 20:01:52,246 - root - INFO - train acc: 0.7776039482879105, test acc: 0.799390142021721
2024-01-19 20:01:52,246 - root - INFO - train ap: 0.838612416601511, val ap: 0.8447007707475914
2024-01-19 20:01:52,250 - root - INFO - start 26 epoch
2024-01-19 20:02:10,700 - root - INFO - epoch: 26 took 18.45s
2024-01-19 20:02:10,700 - root - INFO - epoch train mean loss: 0.5579382727543513
2024-01-19 20:02:10,700 - root - INFO - train acc: 0.7881953179594688, test acc: 0.8066165413533835
2024-01-19 20:02:10,700 - root - INFO - train ap: 0.8476718549252229, val ap: 0.8535186553757329
2024-01-19 20:02:10,703 - root - INFO - start 27 epoch
2024-01-19 20:02:29,151 - root - INFO - epoch: 27 took 18.45s
2024-01-19 20:02:29,151 - root - INFO - epoch train mean loss: 0.5456960706247224
2024-01-19 20:02:29,151 - root - INFO - train acc: 0.7953502795248077, test acc: 0.8168922305764411
2024-01-19 20:02:29,151 - root - INFO - train ap: 0.8554710685179225, val ap: 0.8600613384814968
2024-01-19 20:02:29,154 - root - INFO - start 28 epoch
2024-01-19 20:02:47,647 - root - INFO - epoch: 28 took 18.49s
2024-01-19 20:02:47,647 - root - INFO - epoch train mean loss: 0.5323634197314581
2024-01-19 20:02:47,647 - root - INFO - train acc: 0.8081280573025856, test acc: 0.8288429406850459
2024-01-19 20:02:47,647 - root - INFO - train ap: 0.8624752354564369, val ap: 0.8660775845156997
2024-01-19 20:02:47,650 - root - INFO - start 29 epoch
2024-01-19 20:03:06,194 - root - INFO - epoch: 29 took 18.54s
2024-01-19 20:03:06,194 - root - INFO - epoch train mean loss: 0.5193917155265808
2024-01-19 20:03:06,194 - root - INFO - train acc: 0.8155607966457022, test acc: 0.8405179615705931
2024-01-19 20:03:06,194 - root - INFO - train ap: 0.8697219974320798, val ap: 0.8724220999369574
2024-01-19 20:03:06,198 - root - INFO - start 30 epoch
2024-01-19 20:03:24,727 - root - INFO - epoch: 30 took 18.53s
2024-01-19 20:03:24,728 - root - INFO - epoch train mean loss: 0.5016173902485106
2024-01-19 20:03:24,728 - root - INFO - train acc: 0.8218107966457021, test acc: 0.8463533834586466
2024-01-19 20:03:24,728 - root - INFO - train ap: 0.8744485507060111, val ap: 0.8760706198336133
2024-01-19 20:03:24,731 - root - INFO - start 31 epoch
2024-01-19 20:03:43,236 - root - INFO - epoch: 31 took 18.50s
2024-01-19 20:03:43,236 - root - INFO - epoch train mean loss: 0.4902334801024861
2024-01-19 20:03:43,236 - root - INFO - train acc: 0.8274021663172607, test acc: 0.8524603174603174
2024-01-19 20:03:43,236 - root - INFO - train ap: 0.8791410501867918, val ap: 0.8833581038461158
2024-01-19 20:03:43,239 - root - INFO - start 32 epoch
2024-01-19 20:04:01,695 - root - INFO - epoch: 32 took 18.46s
2024-01-19 20:04:01,695 - root - INFO - epoch train mean loss: 0.4756816890504625
2024-01-19 20:04:01,695 - root - INFO - train acc: 0.8335490915443746, test acc: 0.8555179615705932
2024-01-19 20:04:01,695 - root - INFO - train ap: 0.8843140551659965, val ap: 0.8894800573724362
2024-01-19 20:04:01,698 - root - INFO - start 33 epoch
2024-01-19 20:04:20,224 - root - INFO - epoch: 33 took 18.53s
2024-01-19 20:04:20,224 - root - INFO - epoch train mean loss: 0.46639302538500893
2024-01-19 20:04:20,224 - root - INFO - train acc: 0.8429262753319358, test acc: 0.8594110275689224
2024-01-19 20:04:20,224 - root - INFO - train ap: 0.888559544067813, val ap: 0.8942651554728133
2024-01-19 20:04:20,228 - root - INFO - start 34 epoch
2024-01-19 20:04:38,731 - root - INFO - epoch: 34 took 18.50s
2024-01-19 20:04:38,732 - root - INFO - epoch train mean loss: 0.45357131047381294
2024-01-19 20:04:38,732 - root - INFO - train acc: 0.8512954227812719, test acc: 0.8658020050125312
2024-01-19 20:04:38,732 - root - INFO - train ap: 0.8926939641413821, val ap: 0.8984913691864942
2024-01-19 20:04:38,735 - root - INFO - start 35 epoch
2024-01-19 20:04:57,176 - root - INFO - epoch: 35 took 18.44s
2024-01-19 20:04:57,176 - root - INFO - epoch train mean loss: 0.44358356793721515
2024-01-19 20:04:57,176 - root - INFO - train acc: 0.8608787561146053, test acc: 0.8727485380116958
2024-01-19 20:04:57,176 - root - INFO - train ap: 0.8963806423217638, val ap: 0.9016205681499151
2024-01-19 20:04:57,180 - root - INFO - start 36 epoch
2024-01-19 20:05:15,682 - root - INFO - epoch: 36 took 18.50s
2024-01-19 20:05:15,682 - root - INFO - epoch train mean loss: 0.42915842102633583
2024-01-19 20:05:15,682 - root - INFO - train acc: 0.8667479035639414, test acc: 0.8785881370091897
2024-01-19 20:05:15,682 - root - INFO - train ap: 0.8994636681861565, val ap: 0.9052333537048055
2024-01-19 20:05:15,685 - root - INFO - start 37 epoch
2024-01-19 20:05:34,251 - root - INFO - epoch: 37 took 18.57s
2024-01-19 20:05:34,251 - root - INFO - epoch train mean loss: 0.4195214956998825
2024-01-19 20:05:34,251 - root - INFO - train acc: 0.8711250873515025, test acc: 0.8813659147869674
2024-01-19 20:05:34,251 - root - INFO - train ap: 0.9022572940465885, val ap: 0.9089365385784315
2024-01-19 20:05:34,254 - root - INFO - start 38 epoch
2024-01-19 20:05:52,762 - root - INFO - epoch: 38 took 18.51s
2024-01-19 20:05:52,763 - root - INFO - epoch train mean loss: 0.40570073740349877
2024-01-19 20:05:52,763 - root - INFO - train acc: 0.8749109014675053, test acc: 0.8835881370091897
2024-01-19 20:05:52,763 - root - INFO - train ap: 0.9048566624072935, val ap: 0.9111226462168843
2024-01-19 20:05:52,766 - root - INFO - start 39 epoch
2024-01-19 20:06:11,249 - root - INFO - epoch: 39 took 18.48s
2024-01-19 20:06:11,249 - root - INFO - epoch train mean loss: 0.40099216086996925
2024-01-19 20:06:11,249 - root - INFO - train acc: 0.8779664570230609, test acc: 0.8874770258980785
2024-01-19 20:06:11,250 - root - INFO - train ap: 0.9072152335825794, val ap: 0.9141571700967521
2024-01-19 20:06:11,252 - root - INFO - start 40 epoch
2024-01-19 20:06:29,723 - root - INFO - epoch: 40 took 18.47s
2024-01-19 20:06:29,724 - root - INFO - epoch train mean loss: 0.3897504135966301
2024-01-19 20:06:29,724 - root - INFO - train acc: 0.8808158630328442, test acc: 0.8885881370091897
2024-01-19 20:06:29,724 - root - INFO - train ap: 0.9092746759647942, val ap: 0.9163081527688371
2024-01-19 20:06:29,727 - root - INFO - start 41 epoch
2024-01-19 20:06:48,214 - root - INFO - epoch: 41 took 18.49s
2024-01-19 20:06:48,215 - root - INFO - epoch train mean loss: 0.3836401692695088
2024-01-19 20:06:48,215 - root - INFO - train acc: 0.8839072327044025, test acc: 0.8908103592314117
2024-01-19 20:06:48,215 - root - INFO - train ap: 0.9106847218103165, val ap: 0.9183888372272748
2024-01-19 20:06:48,218 - root - INFO - start 42 epoch
2024-01-19 20:07:06,720 - root - INFO - epoch: 42 took 18.50s
2024-01-19 20:07:06,720 - root - INFO - epoch train mean loss: 0.3751026896966828
2024-01-19 20:07:06,720 - root - INFO - train acc: 0.8861294549266248, test acc: 0.8941436925647452
2024-01-19 20:07:06,720 - root - INFO - train ap: 0.912668492398571, val ap: 0.9202656707047664
2024-01-19 20:07:06,723 - root - INFO - start 43 epoch
2024-01-19 20:07:25,247 - root - INFO - epoch: 43 took 18.52s
2024-01-19 20:07:25,248 - root - INFO - epoch train mean loss: 0.3740472263760037
2024-01-19 20:07:25,248 - root - INFO - train acc: 0.8874467155835081, test acc: 0.8958103592314117
2024-01-19 20:07:25,248 - root - INFO - train ap: 0.9144792958210299, val ap: 0.9218093912400271
2024-01-19 20:07:25,251 - root - INFO - start 44 epoch
2024-01-19 20:07:43,799 - root - INFO - epoch: 44 took 18.55s
2024-01-19 20:07:43,799 - root - INFO - epoch train mean loss: 0.3667869286404716
2024-01-19 20:07:43,799 - root - INFO - train acc: 0.8890103074772884, test acc: 0.895810359231412
2024-01-19 20:07:43,799 - root - INFO - train ap: 0.9158762823448264, val ap: 0.9233260721829661
2024-01-19 20:07:43,802 - root - INFO - start 45 epoch
2024-01-19 20:08:02,363 - root - INFO - epoch: 45 took 18.56s
2024-01-19 20:08:02,363 - root - INFO - epoch train mean loss: 0.35759154127703774
2024-01-19 20:08:02,363 - root - INFO - train acc: 0.8918238993710692, test acc: 0.8963659147869674
2024-01-19 20:08:02,363 - root - INFO - train ap: 0.9172565937739923, val ap: 0.9251925292801507
2024-01-19 20:08:02,366 - root - INFO - start 46 epoch
2024-01-19 20:08:20,872 - root - INFO - epoch: 46 took 18.51s
2024-01-19 20:08:20,872 - root - INFO - epoch train mean loss: 0.35080177668068147
2024-01-19 20:08:20,872 - root - INFO - train acc: 0.8936294549266248, test acc: 0.8952548036758563
2024-01-19 20:08:20,872 - root - INFO - train ap: 0.918492711237955, val ap: 0.9273033655469907
2024-01-19 20:08:20,875 - root - INFO - start 47 epoch
2024-01-19 20:08:39,378 - root - INFO - epoch: 47 took 18.50s
2024-01-19 20:08:39,378 - root - INFO - epoch train mean loss: 0.3438466712832451
2024-01-19 20:08:39,378 - root - INFO - train acc: 0.8940461215932916, test acc: 0.8946992481203009
2024-01-19 20:08:39,378 - root - INFO - train ap: 0.919494007925088, val ap: 0.928855073064086
2024-01-19 20:08:39,382 - root - INFO - start 48 epoch
2024-01-19 20:08:57,865 - root - INFO - epoch: 48 took 18.48s
2024-01-19 20:08:57,866 - root - INFO - epoch train mean loss: 0.3372216348846753
2024-01-19 20:08:57,866 - root - INFO - train acc: 0.8961294549266248, test acc: 0.8966457811194655
2024-01-19 20:08:57,866 - root - INFO - train ap: 0.920681064062862, val ap: 0.9302999499132599
2024-01-19 20:08:57,869 - root - INFO - start 49 epoch
2024-01-19 20:09:16,356 - root - INFO - epoch: 49 took 18.49s
2024-01-19 20:09:16,356 - root - INFO - epoch train mean loss: 0.3350597814553314
2024-01-19 20:09:16,356 - root - INFO - train acc: 0.8980738993710692, test acc: 0.8980367585630744
2024-01-19 20:09:16,356 - root - INFO - train ap: 0.9218600889359961, val ap: 0.9315530277684514
2024-01-19 20:09:16,359 - root - INFO - start 50 epoch
2024-01-19 20:09:34,851 - root - INFO - epoch: 50 took 18.49s
2024-01-19 20:09:34,852 - root - INFO - epoch train mean loss: 0.32782333675358033
2024-01-19 20:09:34,852 - root - INFO - train acc: 0.900506638714186, test acc: 0.9008145363408521
2024-01-19 20:09:34,852 - root - INFO - train ap: 0.9226590679705065, val ap: 0.9327193843992014
2024-01-19 20:09:34,855 - root - INFO - start 51 epoch
2024-01-19 20:09:53,340 - root - INFO - epoch: 51 took 18.49s
2024-01-19 20:09:53,340 - root - INFO - epoch train mean loss: 0.3241337239742279
2024-01-19 20:09:53,340 - root - INFO - train acc: 0.9023121942697414, test acc: 0.9030367585630744
2024-01-19 20:09:53,341 - root - INFO - train ap: 0.9236235438959398, val ap: 0.933521343287099
2024-01-19 20:09:53,344 - root - INFO - start 52 epoch
2024-01-19 20:10:11,856 - root - INFO - epoch: 52 took 18.51s
2024-01-19 20:10:11,856 - root - INFO - epoch train mean loss: 0.3209017188184791
2024-01-19 20:10:11,856 - root - INFO - train acc: 0.9028319357092942, test acc: 0.9038721804511278
2024-01-19 20:10:11,857 - root - INFO - train ap: 0.9244485664775959, val ap: 0.9340284812659961
2024-01-19 20:10:11,859 - root - INFO - start 53 epoch
2024-01-19 20:10:30,440 - root - INFO - epoch: 53 took 18.58s
2024-01-19 20:10:30,440 - root - INFO - epoch train mean loss: 0.31535177305340767
2024-01-19 20:10:30,440 - root - INFO - train acc: 0.9031455276030749, test acc: 0.9063700918964077
2024-01-19 20:10:30,440 - root - INFO - train ap: 0.9252234171381579, val ap: 0.9343985494131406
2024-01-19 20:10:30,443 - root - INFO - start 54 epoch
2024-01-19 20:10:48,916 - root - INFO - epoch: 54 took 18.47s
2024-01-19 20:10:48,917 - root - INFO - epoch train mean loss: 0.3073843816916148
2024-01-19 20:10:48,917 - root - INFO - train acc: 0.9045658630328443, test acc: 0.9055388471177945
2024-01-19 20:10:48,917 - root - INFO - train ap: 0.9259806644805351, val ap: 0.9342820577070443
2024-01-19 20:10:48,920 - root - INFO - start 55 epoch
2024-01-19 20:11:07,376 - root - INFO - epoch: 55 took 18.46s
2024-01-19 20:11:07,376 - root - INFO - epoch train mean loss: 0.3074348473714458
2024-01-19 20:11:07,376 - root - INFO - train acc: 0.9042880852550665, test acc: 0.9063700918964077
2024-01-19 20:11:07,376 - root - INFO - train ap: 0.9267390131066401, val ap: 0.9351709797210331
2024-01-19 20:11:07,379 - root - INFO - start 56 epoch
2024-01-19 20:11:25,842 - root - INFO - epoch: 56 took 18.46s
2024-01-19 20:11:25,842 - root - INFO - epoch train mean loss: 0.30312465876340866
2024-01-19 20:11:25,842 - root - INFO - train acc: 0.9045658630328445, test acc: 0.9085923141186298
2024-01-19 20:11:25,842 - root - INFO - train ap: 0.9271703754555498, val ap: 0.9358304834645015
2024-01-19 20:11:25,845 - root - INFO - start 57 epoch
2024-01-19 20:11:44,302 - root - INFO - epoch: 57 took 18.46s
2024-01-19 20:11:44,302 - root - INFO - epoch train mean loss: 0.30876626032922005
2024-01-19 20:11:44,302 - root - INFO - train acc: 0.9056769741439553, test acc: 0.9088721804511278
2024-01-19 20:11:44,303 - root - INFO - train ap: 0.9276592413208538, val ap: 0.9361907566911434
2024-01-19 20:11:44,306 - root - INFO - start 58 epoch
2024-01-19 20:12:02,778 - root - INFO - epoch: 58 took 18.47s
2024-01-19 20:12:02,778 - root - INFO - epoch train mean loss: 0.2992952275607321
2024-01-19 20:12:02,778 - root - INFO - train acc: 0.9074825296995108, test acc: 0.9094277360066835
2024-01-19 20:12:02,779 - root - INFO - train ap: 0.9278085627746135, val ap: 0.9367936059809414
2024-01-19 20:12:02,782 - root - INFO - start 59 epoch
2024-01-19 20:12:21,351 - root - INFO - epoch: 59 took 18.57s
2024-01-19 20:12:21,351 - root - INFO - epoch train mean loss: 0.3010883927345276
2024-01-19 20:12:21,351 - root - INFO - train acc: 0.9079350104821804, test acc: 0.91109440267335
2024-01-19 20:12:21,352 - root - INFO - train ap: 0.9285390959864954, val ap: 0.9371696779059433
2024-01-19 20:12:21,355 - root - INFO - start 60 epoch
2024-01-19 20:12:39,869 - root - INFO - epoch: 60 took 18.51s
2024-01-19 20:12:39,869 - root - INFO - epoch train mean loss: 0.2952990134557088
2024-01-19 20:12:39,869 - root - INFO - train acc: 0.9083516771488471, test acc: 0.91109440267335
2024-01-19 20:12:39,869 - root - INFO - train ap: 0.92897249005955, val ap: 0.937386425056493
2024-01-19 20:12:39,872 - root - INFO - start 61 epoch
2024-01-19 20:12:58,457 - root - INFO - epoch: 61 took 18.58s
2024-01-19 20:12:58,457 - root - INFO - epoch train mean loss: 0.29560938229163486
2024-01-19 20:12:58,457 - root - INFO - train acc: 0.9101572327044026, test acc: 0.91109440267335
2024-01-19 20:12:58,457 - root - INFO - train ap: 0.9297332923239006, val ap: 0.9378208131333202
2024-01-19 20:12:58,460 - root - INFO - start 62 epoch
2024-01-19 20:13:17,602 - root - INFO - epoch: 62 took 19.14s
2024-01-19 20:13:17,602 - root - INFO - epoch train mean loss: 0.28882144598497284
2024-01-19 20:13:17,602 - root - INFO - train acc: 0.9114072327044026, test acc: 0.9133166248955723
2024-01-19 20:13:17,602 - root - INFO - train ap: 0.9304445619186406, val ap: 0.9384996646377893
2024-01-19 20:13:17,605 - root - INFO - start 63 epoch
2024-01-19 20:13:36,099 - root - INFO - epoch: 63 took 18.49s
2024-01-19 20:13:36,099 - root - INFO - epoch train mean loss: 0.28820863448911244
2024-01-19 20:13:36,099 - root - INFO - train acc: 0.9132127882599581, test acc: 0.9144277360066835
2024-01-19 20:13:36,099 - root - INFO - train ap: 0.9306796099604318, val ap: 0.93879662449987
2024-01-19 20:13:36,102 - root - INFO - start 64 epoch
2024-01-19 20:13:54,635 - root - INFO - epoch: 64 took 18.53s
2024-01-19 20:13:54,635 - root - INFO - epoch train mean loss: 0.28837769602735835
2024-01-19 20:13:54,635 - root - INFO - train acc: 0.9143238993710694, test acc: 0.9149832915622389
2024-01-19 20:13:54,635 - root - INFO - train ap: 0.9312933364190898, val ap: 0.9390740672688369
2024-01-19 20:13:54,638 - root - INFO - start 65 epoch
2024-01-19 20:14:13,161 - root - INFO - epoch: 65 took 18.52s
2024-01-19 20:14:13,161 - root - INFO - epoch train mean loss: 0.28214365657832885
2024-01-19 20:14:13,161 - root - INFO - train acc: 0.9144986023759611, test acc: 0.9155388471177945
2024-01-19 20:14:13,161 - root - INFO - train ap: 0.9320420519149892, val ap: 0.9398616370297884
2024-01-19 20:14:13,164 - root - INFO - start 66 epoch
2024-01-19 20:14:31,628 - root - INFO - epoch: 66 took 18.46s
2024-01-19 20:14:31,628 - root - INFO - epoch train mean loss: 0.27854125739799607
2024-01-19 20:14:31,628 - root - INFO - train acc: 0.9157486023759609, test acc: 0.9166499582289056
2024-01-19 20:14:31,628 - root - INFO - train ap: 0.932545715679336, val ap: 0.9404073965206394
2024-01-19 20:14:31,631 - root - INFO - start 67 epoch
2024-01-19 20:14:50,078 - root - INFO - epoch: 67 took 18.45s
2024-01-19 20:14:50,078 - root - INFO - epoch train mean loss: 0.2784629844956928
2024-01-19 20:14:50,078 - root - INFO - train acc: 0.9164788609364083, test acc: 0.9166499582289056
2024-01-19 20:14:50,078 - root - INFO - train ap: 0.9328965599907928, val ap: 0.940610560396562
2024-01-19 20:14:50,081 - root - INFO - start 68 epoch
2024-01-19 20:15:08,565 - root - INFO - epoch: 68 took 18.48s
2024-01-19 20:15:08,565 - root - INFO - epoch train mean loss: 0.27316277391380733
2024-01-19 20:15:08,565 - root - INFO - train acc: 0.9174510831586306, test acc: 0.9160944026733502
2024-01-19 20:15:08,565 - root - INFO - train ap: 0.9332662905231681, val ap: 0.9412187759069427
2024-01-19 20:15:08,568 - root - INFO - start 69 epoch
2024-01-19 20:15:27,022 - root - INFO - epoch: 69 took 18.45s
2024-01-19 20:15:27,023 - root - INFO - epoch train mean loss: 0.27503542229533195
2024-01-19 20:15:27,023 - root - INFO - train acc: 0.9175899720475194, test acc: 0.9166499582289056
2024-01-19 20:15:27,023 - root - INFO - train ap: 0.9335248177445692, val ap: 0.9414242000004376
2024-01-19 20:15:27,026 - root - INFO - start 70 epoch
2024-01-19 20:15:45,997 - root - INFO - epoch: 70 took 18.97s
2024-01-19 20:15:45,997 - root - INFO - epoch train mean loss: 0.2676621447834704
2024-01-19 20:15:45,997 - root - INFO - train acc: 0.9180066387141861, test acc: 0.9166499582289056
2024-01-19 20:15:45,997 - root - INFO - train ap: 0.9340035245149304, val ap: 0.9415721344519032
2024-01-19 20:15:46,000 - root - INFO - start 71 epoch
2024-01-19 20:16:04,872 - root - INFO - epoch: 71 took 18.87s
2024-01-19 20:16:04,873 - root - INFO - epoch train mean loss: 0.2650233565105332
2024-01-19 20:16:04,873 - root - INFO - train acc: 0.9188399720475194, test acc: 0.9194277360066834
2024-01-19 20:16:04,873 - root - INFO - train ap: 0.9344601058803631, val ap: 0.9418042756164007
2024-01-19 20:16:04,876 - root - INFO - start 72 epoch
2024-01-19 20:16:23,397 - root - INFO - epoch: 72 took 18.52s
2024-01-19 20:16:23,397 - root - INFO - epoch train mean loss: 0.2664275248017576
2024-01-19 20:16:23,397 - root - INFO - train acc: 0.9195344164919638, test acc: 0.9194277360066834
2024-01-19 20:16:23,397 - root - INFO - train ap: 0.9348366643057852, val ap: 0.9417392546237117
2024-01-19 20:16:23,400 - root - INFO - start 73 epoch
2024-01-19 20:16:41,897 - root - INFO - epoch: 73 took 18.50s
2024-01-19 20:16:41,897 - root - INFO - epoch train mean loss: 0.2632405070794953
2024-01-19 20:16:41,897 - root - INFO - train acc: 0.9202646750524109, test acc: 0.9199832915622389
2024-01-19 20:16:41,897 - root - INFO - train ap: 0.9349871832449921, val ap: 0.941902606156729
2024-01-19 20:16:41,900 - root - INFO - start 74 epoch
2024-01-19 20:17:00,417 - root - INFO - epoch: 74 took 18.52s
2024-01-19 20:17:00,417 - root - INFO - epoch train mean loss: 0.259491959379779
2024-01-19 20:17:00,417 - root - INFO - train acc: 0.921514675052411, test acc: 0.9222055137844613
2024-01-19 20:17:00,417 - root - INFO - train ap: 0.9354282029920655, val ap: 0.9422841949044715
2024-01-19 20:17:00,420 - root - INFO - start 75 epoch
2024-01-19 20:17:18,906 - root - INFO - epoch: 75 took 18.49s
2024-01-19 20:17:18,906 - root - INFO - epoch train mean loss: 0.25951145258214736
2024-01-19 20:17:18,906 - root - INFO - train acc: 0.9209591194968555, test acc: 0.9199832915622389
2024-01-19 20:17:18,906 - root - INFO - train ap: 0.9352453763730301, val ap: 0.9426443672957663
2024-01-19 20:17:18,909 - root - INFO - start 76 epoch
2024-01-19 20:17:37,379 - root - INFO - epoch: 76 took 18.47s
2024-01-19 20:17:37,379 - root - INFO - epoch train mean loss: 0.2561022780007786
2024-01-19 20:17:37,379 - root - INFO - train acc: 0.9216535639412999, test acc: 0.9227610693400167
2024-01-19 20:17:37,379 - root - INFO - train ap: 0.9355508471554363, val ap: 0.9427590239751594
2024-01-19 20:17:37,382 - root - INFO - start 77 epoch
2024-01-19 20:17:55,884 - root - INFO - epoch: 77 took 18.50s
2024-01-19 20:17:55,884 - root - INFO - epoch train mean loss: 0.2580394310255845
2024-01-19 20:17:55,884 - root - INFO - train acc: 0.9216535639412999, test acc: 0.9227610693400167
2024-01-19 20:17:55,885 - root - INFO - train ap: 0.935880247307628, val ap: 0.9430147944518471
2024-01-19 20:17:55,888 - root - INFO - start 78 epoch
2024-01-19 20:18:14,475 - root - INFO - epoch: 78 took 18.59s
2024-01-19 20:18:14,475 - root - INFO - epoch train mean loss: 0.2560034804046154
2024-01-19 20:18:14,475 - root - INFO - train acc: 0.9220702306079664, test acc: 0.9227610693400167
2024-01-19 20:18:14,475 - root - INFO - train ap: 0.9362251843344952, val ap: 0.9429077384000375
2024-01-19 20:18:14,478 - root - INFO - start 79 epoch
2024-01-19 20:18:32,945 - root - INFO - epoch: 79 took 18.47s
2024-01-19 20:18:32,945 - root - INFO - epoch train mean loss: 0.2536664692064126
2024-01-19 20:18:32,945 - root - INFO - train acc: 0.9230424528301889, test acc: 0.9233166248955723
2024-01-19 20:18:32,945 - root - INFO - train ap: 0.936760285717769, val ap: 0.9429711626467445
2024-01-19 20:18:32,948 - root - INFO - start 80 epoch
2024-01-19 20:18:51,433 - root - INFO - epoch: 80 took 18.48s
2024-01-19 20:18:51,433 - root - INFO - epoch train mean loss: 0.2503099942372905
2024-01-19 20:18:51,433 - root - INFO - train acc: 0.9231813417190777, test acc: 0.9258187134502924
2024-01-19 20:18:51,433 - root - INFO - train ap: 0.9371516948579686, val ap: 0.9431374945166446
2024-01-19 20:18:51,436 - root - INFO - start 81 epoch
2024-01-19 20:19:09,913 - root - INFO - epoch: 81 took 18.48s
2024-01-19 20:19:09,913 - root - INFO - epoch train mean loss: 0.2438215468492773
2024-01-19 20:19:09,913 - root - INFO - train acc: 0.9234591194968554, test acc: 0.9263742690058481
2024-01-19 20:19:09,913 - root - INFO - train ap: 0.9374061826085113, val ap: 0.9435040744862315
2024-01-19 20:19:09,916 - root - INFO - start 82 epoch
2024-01-19 20:19:28,398 - root - INFO - epoch: 82 took 18.48s
2024-01-19 20:19:28,398 - root - INFO - epoch train mean loss: 0.2462340953449408
2024-01-19 20:19:28,398 - root - INFO - train acc: 0.9242924528301886, test acc: 0.9258187134502924
2024-01-19 20:19:28,398 - root - INFO - train ap: 0.9380133743887671, val ap: 0.9435070880921904
2024-01-19 20:19:28,401 - root - INFO - start 83 epoch
2024-01-19 20:19:46,896 - root - INFO - epoch: 83 took 18.49s
2024-01-19 20:19:46,896 - root - INFO - epoch train mean loss: 0.24517631406585375
2024-01-19 20:19:46,896 - root - INFO - train acc: 0.925264675052411, test acc: 0.9258187134502924
2024-01-19 20:19:46,896 - root - INFO - train ap: 0.9382213369480097, val ap: 0.9436937699658599
2024-01-19 20:19:46,899 - root - INFO - start 84 epoch
2024-01-19 20:20:05,411 - root - INFO - epoch: 84 took 18.51s
2024-01-19 20:20:05,411 - root - INFO - epoch train mean loss: 0.24281389721565777
2024-01-19 20:20:05,412 - root - INFO - train acc: 0.9255424528301887, test acc: 0.9269298245614035
2024-01-19 20:20:05,412 - root - INFO - train ap: 0.9384678108381403, val ap: 0.943507939072463
2024-01-19 20:20:05,415 - root - INFO - start 85 epoch
2024-01-19 20:20:23,890 - root - INFO - epoch: 85 took 18.48s
2024-01-19 20:20:23,890 - root - INFO - epoch train mean loss: 0.2391036707493994
2024-01-19 20:20:23,890 - root - INFO - train acc: 0.926375786163522, test acc: 0.9274853801169591
2024-01-19 20:20:23,891 - root - INFO - train ap: 0.9384506375909589, val ap: 0.943665945275413
2024-01-19 20:20:23,894 - root - INFO - start 86 epoch
2024-01-19 20:20:42,468 - root - INFO - epoch: 86 took 18.57s
2024-01-19 20:20:42,469 - root - INFO - epoch train mean loss: 0.23697124049067497
2024-01-19 20:20:42,469 - root - INFO - train acc: 0.9269313417190777, test acc: 0.9274853801169591
2024-01-19 20:20:42,469 - root - INFO - train ap: 0.9385542071163177, val ap: 0.9437574532730874
2024-01-19 20:20:42,472 - root - INFO - start 87 epoch
2024-01-19 20:21:00,956 - root - INFO - epoch: 87 took 18.48s
2024-01-19 20:21:00,956 - root - INFO - epoch train mean loss: 0.23264936937226188
2024-01-19 20:21:00,956 - root - INFO - train acc: 0.9276257861635221, test acc: 0.9269298245614035
2024-01-19 20:21:00,956 - root - INFO - train ap: 0.9388020850723957, val ap: 0.9436983232925529
2024-01-19 20:21:00,959 - root - INFO - start 88 epoch
2024-01-19 20:21:19,442 - root - INFO - epoch: 88 took 18.48s
2024-01-19 20:21:19,443 - root - INFO - epoch train mean loss: 0.2360033645398087
2024-01-19 20:21:19,443 - root - INFO - train acc: 0.9284591194968554, test acc: 0.9274853801169591
2024-01-19 20:21:19,443 - root - INFO - train ap: 0.9391594819191081, val ap: 0.943895841940064
2024-01-19 20:21:19,446 - root - INFO - start 89 epoch
2024-01-19 20:21:37,901 - root - INFO - epoch: 89 took 18.46s
2024-01-19 20:21:37,902 - root - INFO - epoch train mean loss: 0.2323713464041551
2024-01-19 20:21:37,902 - root - INFO - train acc: 0.9291535639412998, test acc: 0.9263742690058481
2024-01-19 20:21:37,902 - root - INFO - train ap: 0.9395821288509377, val ap: 0.9438512567670274
2024-01-19 20:21:37,905 - root - INFO - start 90 epoch
2024-01-19 20:21:56,383 - root - INFO - epoch: 90 took 18.48s
2024-01-19 20:21:56,383 - root - INFO - epoch train mean loss: 0.2333297630151113
2024-01-19 20:21:56,383 - root - INFO - train acc: 0.9297091194968554, test acc: 0.9274853801169591
2024-01-19 20:21:56,383 - root - INFO - train ap: 0.9396985122586633, val ap: 0.9438950099250424
2024-01-19 20:21:56,386 - root - INFO - start 91 epoch
2024-01-19 20:22:14,912 - root - INFO - epoch: 91 took 18.53s
2024-01-19 20:22:14,912 - root - INFO - epoch train mean loss: 0.23122942613230812
2024-01-19 20:22:14,912 - root - INFO - train acc: 0.9295702306079665, test acc: 0.9269298245614035
2024-01-19 20:22:14,912 - root - INFO - train ap: 0.9398815977101356, val ap: 0.9438270777290345
2024-01-19 20:22:14,915 - root - INFO - start 92 epoch
2024-01-19 20:22:33,399 - root - INFO - epoch: 92 took 18.48s
2024-01-19 20:22:33,399 - root - INFO - epoch train mean loss: 0.22824199332131279
2024-01-19 20:22:33,399 - root - INFO - train acc: 0.9301257861635222, test acc: 0.9274853801169591
2024-01-19 20:22:33,399 - root - INFO - train ap: 0.9402006693031648, val ap: 0.9437886227266874
2024-01-19 20:22:33,402 - root - INFO - start 93 epoch
2024-01-19 20:22:51,878 - root - INFO - epoch: 93 took 18.48s
2024-01-19 20:22:51,879 - root - INFO - epoch train mean loss: 0.22975980531838205
2024-01-19 20:22:51,879 - root - INFO - train acc: 0.9304035639412999, test acc: 0.9266499582289056
2024-01-19 20:22:51,879 - root - INFO - train ap: 0.9403659707632905, val ap: 0.9438188534162306
2024-01-19 20:22:51,882 - root - INFO - start 94 epoch
2024-01-19 20:23:10,464 - root - INFO - epoch: 94 took 18.58s
2024-01-19 20:23:10,464 - root - INFO - epoch train mean loss: 0.22749395295977592
2024-01-19 20:23:10,464 - root - INFO - train acc: 0.9302646750524111, test acc: 0.9274853801169591
2024-01-19 20:23:10,464 - root - INFO - train ap: 0.9405629848612782, val ap: 0.9439550215261056
2024-01-19 20:23:10,467 - root - INFO - start 95 epoch
2024-01-19 20:23:28,935 - root - INFO - epoch: 95 took 18.47s
2024-01-19 20:23:28,936 - root - INFO - epoch train mean loss: 0.22812176454398367
2024-01-19 20:23:28,936 - root - INFO - train acc: 0.9312727113906359, test acc: 0.9277610693400167
2024-01-19 20:23:28,936 - root - INFO - train ap: 0.940924985425196, val ap: 0.9440606254163819
2024-01-19 20:23:28,939 - root - INFO - start 96 epoch
2024-01-19 20:23:47,443 - root - INFO - epoch: 96 took 18.50s
2024-01-19 20:23:47,443 - root - INFO - epoch train mean loss: 0.22570707814560997
2024-01-19 20:23:47,443 - root - INFO - train acc: 0.931411600279525, test acc: 0.9277610693400167
2024-01-19 20:23:47,444 - root - INFO - train ap: 0.941191466402092, val ap: 0.9441834729352053
2024-01-19 20:23:47,447 - root - INFO - start 97 epoch
2024-01-19 20:24:05,909 - root - INFO - epoch: 97 took 18.46s
2024-01-19 20:24:05,909 - root - INFO - epoch train mean loss: 0.22054319000906414
2024-01-19 20:24:05,909 - root - INFO - train acc: 0.9315504891684137, test acc: 0.9277610693400167
2024-01-19 20:24:05,909 - root - INFO - train ap: 0.9414917388745275, val ap: 0.9443328500829031
2024-01-19 20:24:05,913 - root - INFO - start 98 epoch
2024-01-19 20:24:24,355 - root - INFO - epoch: 98 took 18.44s
2024-01-19 20:24:24,355 - root - INFO - epoch train mean loss: 0.22358895962436995
2024-01-19 20:24:24,355 - root - INFO - train acc: 0.932383822501747, test acc: 0.9277610693400167
2024-01-19 20:24:24,355 - root - INFO - train ap: 0.9414811583763476, val ap: 0.94455174402282
2024-01-19 20:24:24,359 - root - INFO - start 99 epoch
2024-01-19 20:24:42,850 - root - INFO - epoch: 99 took 18.49s
2024-01-19 20:24:42,850 - root - INFO - epoch train mean loss: 0.2189769417875343
2024-01-19 20:24:42,850 - root - INFO - train acc: 0.932522711390636, test acc: 0.9277610693400167
2024-01-19 20:24:42,850 - root - INFO - train ap: 0.9417316586313026, val ap: 0.9447797970652019
2024-01-19 20:24:42,856 - root - INFO - TGN model saved
