2024-01-21 15:29:11,352 - root - INFO - Namespace(aggregator='last', backprop_every=1, bs=200, data='simulate_v2', different_new_nodes=False, drop_out=0.1, dyrep=False, embedding_module='graph_attention', gpu=0, lr=0.0001, memory_dim=4, memory_update_at_end=True, memory_updater='gru', message_dim=100, message_function='identity', n_degree=10, n_epoch=100, n_head=2, n_layer=2, n_runs=1, node_dim=100, patience=5, prefix='tgn-attn', randomize_features=False, time_dim=100, uniform=False, use_destination_embedding_in_message=False, use_memory=True, use_source_embedding_in_message=False)
2024-01-21 15:29:12,495 - root - INFO - num of training instances: 5872
2024-01-21 15:29:12,496 - root - INFO - num of batches per epoch: 30
2024-01-21 15:29:12,496 - root - INFO - start 0 epoch
2024-01-21 15:29:30,796 - root - INFO - epoch: 0 took 18.30s
2024-01-21 15:29:30,796 - root - INFO - epoch train mean loss: 0.7328303297360738
2024-01-21 15:29:30,796 - root - INFO - train acc: 0.5088518518518519, test acc: 0.47916666666666663
2024-01-21 15:29:30,796 - root - INFO - train ap: 0.4326744832889261, val ap: 0.453871070138424
2024-01-21 15:29:30,802 - root - INFO - start 1 epoch
2024-01-21 15:29:48,569 - root - INFO - epoch: 1 took 17.77s
2024-01-21 15:29:48,569 - root - INFO - epoch train mean loss: 0.7107402424017588
2024-01-21 15:29:48,569 - root - INFO - train acc: 0.5075185185185186, test acc: 0.47916666666666663
2024-01-21 15:29:48,569 - root - INFO - train ap: 0.4311297796251365, val ap: 0.4574322089468379
2024-01-21 15:29:48,575 - root - INFO - start 2 epoch
2024-01-21 15:30:06,335 - root - INFO - epoch: 2 took 17.76s
2024-01-21 15:30:06,336 - root - INFO - epoch train mean loss: 0.7017703175544738
2024-01-21 15:30:06,336 - root - INFO - train acc: 0.5021851851851851, test acc: 0.47916666666666663
2024-01-21 15:30:06,336 - root - INFO - train ap: 0.43530551703934406, val ap: 0.46439959543352
2024-01-21 15:30:06,341 - root - INFO - start 3 epoch
2024-01-21 15:30:24,127 - root - INFO - epoch: 3 took 17.79s
2024-01-21 15:30:24,128 - root - INFO - epoch train mean loss: 0.7016315420468648
2024-01-21 15:30:24,128 - root - INFO - train acc: 0.49888888888888877, test acc: 0.47854166666666664
2024-01-21 15:30:24,128 - root - INFO - train ap: 0.4395246405812143, val ap: 0.4687562665727241
2024-01-21 15:30:24,132 - root - INFO - start 4 epoch
2024-01-21 15:30:41,948 - root - INFO - epoch: 4 took 17.82s
2024-01-21 15:30:41,948 - root - INFO - epoch train mean loss: 0.7002144893010457
2024-01-21 15:30:41,948 - root - INFO - train acc: 0.4990555555555556, test acc: 0.47791666666666666
2024-01-21 15:30:41,948 - root - INFO - train ap: 0.443656253001693, val ap: 0.47284131086690473
2024-01-21 15:30:41,953 - root - INFO - start 5 epoch
2024-01-21 15:30:59,717 - root - INFO - epoch: 5 took 17.76s
2024-01-21 15:30:59,717 - root - INFO - epoch train mean loss: 0.700315409898758
2024-01-21 15:30:59,717 - root - INFO - train acc: 0.5005555555555555, test acc: 0.47979166666666667
2024-01-21 15:30:59,717 - root - INFO - train ap: 0.4479455202901706, val ap: 0.4775958701846344
2024-01-21 15:30:59,722 - root - INFO - start 6 epoch
2024-01-21 15:31:17,437 - root - INFO - epoch: 6 took 17.72s
2024-01-21 15:31:17,437 - root - INFO - epoch train mean loss: 0.6998929639657339
2024-01-21 15:31:17,437 - root - INFO - train acc: 0.5013888888888889, test acc: 0.47979166666666667
2024-01-21 15:31:17,437 - root - INFO - train ap: 0.45286984464953084, val ap: 0.4837612140306783
2024-01-21 15:31:17,442 - root - INFO - start 7 epoch
2024-01-21 15:31:35,175 - root - INFO - epoch: 7 took 17.73s
2024-01-21 15:31:35,175 - root - INFO - epoch train mean loss: 0.6994510432084401
2024-01-21 15:31:35,175 - root - INFO - train acc: 0.5020555555555555, test acc: 0.4804166666666667
2024-01-21 15:31:35,175 - root - INFO - train ap: 0.4592499842051621, val ap: 0.4892492559843141
2024-01-21 15:31:35,180 - root - INFO - start 8 epoch
2024-01-21 15:31:52,938 - root - INFO - epoch: 8 took 17.76s
2024-01-21 15:31:52,938 - root - INFO - epoch train mean loss: 0.6989873250325521
2024-01-21 15:31:52,939 - root - INFO - train acc: 0.504388888888889, test acc: 0.47979166666666667
2024-01-21 15:31:52,939 - root - INFO - train ap: 0.46565689095914115, val ap: 0.49584626318830827
2024-01-21 15:31:52,943 - root - INFO - start 9 epoch
2024-01-21 15:32:10,727 - root - INFO - epoch: 9 took 17.78s
2024-01-21 15:32:10,727 - root - INFO - epoch train mean loss: 0.6995570480823516
2024-01-21 15:32:10,727 - root - INFO - train acc: 0.5050555555555556, test acc: 0.47979166666666667
2024-01-21 15:32:10,727 - root - INFO - train ap: 0.47185982557135936, val ap: 0.5023945967636361
2024-01-21 15:32:10,732 - root - INFO - start 10 epoch
2024-01-21 15:32:28,542 - root - INFO - epoch: 10 took 17.81s
2024-01-21 15:32:28,542 - root - INFO - epoch train mean loss: 0.6967827041943868
2024-01-21 15:32:28,542 - root - INFO - train acc: 0.5053888888888889, test acc: 0.47979166666666667
2024-01-21 15:32:28,542 - root - INFO - train ap: 0.47891665510242204, val ap: 0.509461770396632
2024-01-21 15:32:28,547 - root - INFO - start 11 epoch
2024-01-21 15:32:46,293 - root - INFO - epoch: 11 took 17.75s
2024-01-21 15:32:46,293 - root - INFO - epoch train mean loss: 0.6971768736839294
2024-01-21 15:32:46,293 - root - INFO - train acc: 0.5065555555555555, test acc: 0.4804166666666667
2024-01-21 15:32:46,293 - root - INFO - train ap: 0.48647881169124046, val ap: 0.5171497657538667
2024-01-21 15:32:46,299 - root - INFO - start 12 epoch
2024-01-21 15:33:04,058 - root - INFO - epoch: 12 took 17.76s
2024-01-21 15:33:04,059 - root - INFO - epoch train mean loss: 0.6977911214033763
2024-01-21 15:33:04,059 - root - INFO - train acc: 0.5061851851851852, test acc: 0.47916666666666663
2024-01-21 15:33:04,059 - root - INFO - train ap: 0.49529233334065015, val ap: 0.5267312024484172
2024-01-21 15:33:04,063 - root - INFO - start 13 epoch
2024-01-21 15:33:22,146 - root - INFO - epoch: 13 took 18.08s
2024-01-21 15:33:22,146 - root - INFO - epoch train mean loss: 0.697060364484787
2024-01-21 15:33:22,146 - root - INFO - train acc: 0.5070185185185185, test acc: 0.47916666666666663
2024-01-21 15:33:22,146 - root - INFO - train ap: 0.5044630233970907, val ap: 0.5358026996015905
2024-01-21 15:33:22,151 - root - INFO - start 14 epoch
2024-01-21 15:33:39,919 - root - INFO - epoch: 14 took 17.77s
2024-01-21 15:33:39,919 - root - INFO - epoch train mean loss: 0.6967103799184163
2024-01-21 15:33:39,919 - root - INFO - train acc: 0.5076851851851852, test acc: 0.47916666666666663
2024-01-21 15:33:39,919 - root - INFO - train ap: 0.5149928884026737, val ap: 0.5465342468653178
2024-01-21 15:33:39,924 - root - INFO - start 15 epoch
2024-01-21 15:33:57,781 - root - INFO - epoch: 15 took 17.86s
2024-01-21 15:33:57,781 - root - INFO - epoch train mean loss: 0.6965310156345368
2024-01-21 15:33:57,781 - root - INFO - train acc: 0.5083518518518518, test acc: 0.47916666666666663
2024-01-21 15:33:57,781 - root - INFO - train ap: 0.5276823603474828, val ap: 0.5598598208759585
2024-01-21 15:33:57,786 - root - INFO - start 16 epoch
2024-01-21 15:34:15,560 - root - INFO - epoch: 16 took 17.77s
2024-01-21 15:34:15,560 - root - INFO - epoch train mean loss: 0.6950883388519287
2024-01-21 15:34:15,561 - root - INFO - train acc: 0.5093518518518518, test acc: 0.47916666666666663
2024-01-21 15:34:15,561 - root - INFO - train ap: 0.5411144558997296, val ap: 0.5722226569019471
2024-01-21 15:34:15,566 - root - INFO - start 17 epoch
2024-01-21 15:34:33,386 - root - INFO - epoch: 17 took 17.82s
2024-01-21 15:34:33,386 - root - INFO - epoch train mean loss: 0.6940451502799988
2024-01-21 15:34:33,386 - root - INFO - train acc: 0.5143888888888889, test acc: 0.47979166666666667
2024-01-21 15:34:33,386 - root - INFO - train ap: 0.5566954236921945, val ap: 0.5905580938912247
2024-01-21 15:34:33,392 - root - INFO - start 18 epoch
2024-01-21 15:34:51,177 - root - INFO - epoch: 18 took 17.78s
2024-01-21 15:34:51,177 - root - INFO - epoch train mean loss: 0.6950924615065257
2024-01-21 15:34:51,177 - root - INFO - train acc: 0.5202592592592593, test acc: 0.48041666666666666
2024-01-21 15:34:51,177 - root - INFO - train ap: 0.5644944098095606, val ap: 0.6085656416681682
2024-01-21 15:34:51,181 - root - INFO - start 19 epoch
2024-01-21 15:35:08,961 - root - INFO - epoch: 19 took 17.78s
2024-01-21 15:35:08,961 - root - INFO - epoch train mean loss: 0.6957231938838959
2024-01-21 15:35:08,961 - root - INFO - train acc: 0.5115185185185185, test acc: 0.47916666666666663
2024-01-21 15:35:08,961 - root - INFO - train ap: 0.6033495197132818, val ap: 0.631976809790324
2024-01-21 15:35:08,966 - root - INFO - start 20 epoch
2024-01-21 15:35:26,777 - root - INFO - epoch: 20 took 17.81s
2024-01-21 15:35:26,777 - root - INFO - epoch train mean loss: 0.6949982146422068
2024-01-21 15:35:26,777 - root - INFO - train acc: 0.5120185185185185, test acc: 0.47916666666666663
2024-01-21 15:35:26,777 - root - INFO - train ap: 0.617263314371925, val ap: 0.639051796836619
2024-01-21 15:35:26,782 - root - INFO - start 21 epoch
2024-01-21 15:35:44,573 - root - INFO - epoch: 21 took 17.79s
2024-01-21 15:35:44,574 - root - INFO - epoch train mean loss: 0.6930829981962839
2024-01-21 15:35:44,574 - root - INFO - train acc: 0.5141851851851852, test acc: 0.47916666666666663
2024-01-21 15:35:44,574 - root - INFO - train ap: 0.6243679559081516, val ap: 0.6444301362628496
2024-01-21 15:35:44,579 - root - INFO - start 22 epoch
2024-01-21 15:36:02,334 - root - INFO - epoch: 22 took 17.75s
2024-01-21 15:36:02,334 - root - INFO - epoch train mean loss: 0.6914177099863689
2024-01-21 15:36:02,334 - root - INFO - train acc: 0.5160185185185185, test acc: 0.47916666666666663
2024-01-21 15:36:02,334 - root - INFO - train ap: 0.6262676560213365, val ap: 0.6497960953332289
2024-01-21 15:36:02,339 - root - INFO - start 23 epoch
2024-01-21 15:36:20,095 - root - INFO - epoch: 23 took 17.76s
2024-01-21 15:36:20,095 - root - INFO - epoch train mean loss: 0.6919021248817444
2024-01-21 15:36:20,095 - root - INFO - train acc: 0.5151851851851852, test acc: 0.47916666666666663
2024-01-21 15:36:20,095 - root - INFO - train ap: 0.6330374013017891, val ap: 0.6566667557695562
2024-01-21 15:36:20,100 - root - INFO - start 24 epoch
2024-01-21 15:36:37,905 - root - INFO - epoch: 24 took 17.81s
2024-01-21 15:36:37,905 - root - INFO - epoch train mean loss: 0.6914098680019378
2024-01-21 15:36:37,905 - root - INFO - train acc: 0.5186851851851852, test acc: 0.48291666666666666
2024-01-21 15:36:37,905 - root - INFO - train ap: 0.6451984935806951, val ap: 0.6672836707061227
2024-01-21 15:36:37,909 - root - INFO - start 25 epoch
2024-01-21 15:36:55,649 - root - INFO - epoch: 25 took 17.74s
2024-01-21 15:36:55,649 - root - INFO - epoch train mean loss: 0.6897985438505808
2024-01-21 15:36:55,649 - root - INFO - train acc: 0.5563148148148148, test acc: 0.5236458333333334
2024-01-21 15:36:55,649 - root - INFO - train ap: 0.666873365292424, val ap: 0.685170897904437
2024-01-21 15:36:55,654 - root - INFO - start 26 epoch
2024-01-21 15:37:13,429 - root - INFO - epoch: 26 took 17.78s
2024-01-21 15:37:13,429 - root - INFO - epoch train mean loss: 0.6884407778580983
2024-01-21 15:37:13,429 - root - INFO - train acc: 0.5812407407407407, test acc: 0.5810416666666667
2024-01-21 15:37:13,429 - root - INFO - train ap: 0.6872551370138972, val ap: 0.7103451124220299
2024-01-21 15:37:13,435 - root - INFO - start 27 epoch
2024-01-21 15:37:31,190 - root - INFO - epoch: 27 took 17.75s
2024-01-21 15:37:31,190 - root - INFO - epoch train mean loss: 0.6861804902553559
2024-01-21 15:37:31,190 - root - INFO - train acc: 0.5918148148148148, test acc: 0.5623958333333334
2024-01-21 15:37:31,190 - root - INFO - train ap: 0.7042824595513348, val ap: 0.7288857946104168
2024-01-21 15:37:31,195 - root - INFO - start 28 epoch
2024-01-21 15:37:48,950 - root - INFO - epoch: 28 took 17.76s
2024-01-21 15:37:48,950 - root - INFO - epoch train mean loss: 0.685504823923111
2024-01-21 15:37:48,950 - root - INFO - train acc: 0.6087777777777778, test acc: 0.5460416666666666
2024-01-21 15:37:48,950 - root - INFO - train ap: 0.7202774342104522, val ap: 0.7413295710935139
2024-01-21 15:37:48,955 - root - INFO - start 29 epoch
2024-01-21 15:38:06,727 - root - INFO - epoch: 29 took 17.77s
2024-01-21 15:38:06,727 - root - INFO - epoch train mean loss: 0.6851791699727376
2024-01-21 15:38:06,727 - root - INFO - train acc: 0.5978333333333334, test acc: 0.5420833333333334
2024-01-21 15:38:06,727 - root - INFO - train ap: 0.73127754871873, val ap: 0.7527940402021251
2024-01-21 15:38:06,732 - root - INFO - start 30 epoch
2024-01-21 15:38:24,468 - root - INFO - epoch: 30 took 17.74s
2024-01-21 15:38:24,468 - root - INFO - epoch train mean loss: 0.6839473148187002
2024-01-21 15:38:24,468 - root - INFO - train acc: 0.5436851851851852, test acc: 0.4972916666666667
2024-01-21 15:38:24,468 - root - INFO - train ap: 0.7377732910036675, val ap: 0.7625074026533343
2024-01-21 15:38:24,472 - root - INFO - start 31 epoch
2024-01-21 15:38:42,287 - root - INFO - epoch: 31 took 17.81s
2024-01-21 15:38:42,287 - root - INFO - epoch train mean loss: 0.6825524270534515
2024-01-21 15:38:42,287 - root - INFO - train acc: 0.5378518518518518, test acc: 0.4847916666666666
2024-01-21 15:38:42,287 - root - INFO - train ap: 0.7438771945020216, val ap: 0.7697229152783484
2024-01-21 15:38:42,293 - root - INFO - start 32 epoch
2024-01-21 15:39:00,059 - root - INFO - epoch: 32 took 17.77s
2024-01-21 15:39:00,059 - root - INFO - epoch train mean loss: 0.680333262681961
2024-01-21 15:39:00,060 - root - INFO - train acc: 0.6243333333333333, test acc: 0.5796874999999999
2024-01-21 15:39:00,060 - root - INFO - train ap: 0.7526799932108236, val ap: 0.7785296679025504
2024-01-21 15:39:00,064 - root - INFO - start 33 epoch
2024-01-21 15:39:17,829 - root - INFO - epoch: 33 took 17.76s
2024-01-21 15:39:17,829 - root - INFO - epoch train mean loss: 0.6778191765149434
2024-01-21 15:39:17,829 - root - INFO - train acc: 0.6447222222222223, test acc: 0.6428125
2024-01-21 15:39:17,829 - root - INFO - train ap: 0.761615373394296, val ap: 0.7902520130090869
2024-01-21 15:39:17,834 - root - INFO - start 34 epoch
2024-01-21 15:39:35,606 - root - INFO - epoch: 34 took 17.77s
2024-01-21 15:39:35,606 - root - INFO - epoch train mean loss: 0.6774414519468943
2024-01-21 15:39:35,606 - root - INFO - train acc: 0.6032222222222222, test acc: 0.6015625
2024-01-21 15:39:35,606 - root - INFO - train ap: 0.7720281804934953, val ap: 0.7974513214509436
2024-01-21 15:39:35,611 - root - INFO - start 35 epoch
2024-01-21 15:39:53,375 - root - INFO - epoch: 35 took 17.76s
2024-01-21 15:39:53,375 - root - INFO - epoch train mean loss: 0.6746538122495015
2024-01-21 15:39:53,375 - root - INFO - train acc: 0.6227592592592593, test acc: 0.5404166666666667
2024-01-21 15:39:53,375 - root - INFO - train ap: 0.7809458558031988, val ap: 0.8102800396863006
2024-01-21 15:39:53,380 - root - INFO - start 36 epoch
2024-01-21 15:40:11,131 - root - INFO - epoch: 36 took 17.75s
2024-01-21 15:40:11,131 - root - INFO - epoch train mean loss: 0.6699422697226206
2024-01-21 15:40:11,131 - root - INFO - train acc: 0.661888888888889, test acc: 0.6230208333333334
2024-01-21 15:40:11,131 - root - INFO - train ap: 0.7900548711360298, val ap: 0.8144472471607802
2024-01-21 15:40:11,136 - root - INFO - start 37 epoch
2024-01-21 15:40:28,903 - root - INFO - epoch: 37 took 17.77s
2024-01-21 15:40:28,903 - root - INFO - epoch train mean loss: 0.6657807370026906
2024-01-21 15:40:28,903 - root - INFO - train acc: 0.6543333333333333, test acc: 0.6834375
2024-01-21 15:40:28,903 - root - INFO - train ap: 0.7977738857592218, val ap: 0.8231536899088445
2024-01-21 15:40:28,908 - root - INFO - start 38 epoch
2024-01-21 15:40:46,729 - root - INFO - epoch: 38 took 17.82s
2024-01-21 15:40:46,729 - root - INFO - epoch train mean loss: 0.6626959403355916
2024-01-21 15:40:46,729 - root - INFO - train acc: 0.6725555555555557, test acc: 0.6677083333333333
2024-01-21 15:40:46,729 - root - INFO - train ap: 0.8093759887226343, val ap: 0.8340067643750683
2024-01-21 15:40:46,734 - root - INFO - start 39 epoch
2024-01-21 15:41:04,506 - root - INFO - epoch: 39 took 17.77s
2024-01-21 15:41:04,506 - root - INFO - epoch train mean loss: 0.6560541232426961
2024-01-21 15:41:04,506 - root - INFO - train acc: 0.703462962962963, test acc: 0.6903125
2024-01-21 15:41:04,506 - root - INFO - train ap: 0.8183853888733884, val ap: 0.8387147817370143
2024-01-21 15:41:04,511 - root - INFO - start 40 epoch
2024-01-21 15:41:22,264 - root - INFO - epoch: 40 took 17.75s
2024-01-21 15:41:22,264 - root - INFO - epoch train mean loss: 0.651681266228358
2024-01-21 15:41:22,264 - root - INFO - train acc: 0.6912592592592592, test acc: 0.7123958333333333
2024-01-21 15:41:22,264 - root - INFO - train ap: 0.8276913547729308, val ap: 0.8464827621248381
2024-01-21 15:41:22,268 - root - INFO - start 41 epoch
2024-01-21 15:41:40,010 - root - INFO - epoch: 41 took 17.74s
2024-01-21 15:41:40,010 - root - INFO - epoch train mean loss: 0.6450656056404114
2024-01-21 15:41:40,010 - root - INFO - train acc: 0.7140925925925927, test acc: 0.7284375000000001
2024-01-21 15:41:40,010 - root - INFO - train ap: 0.8372887724439917, val ap: 0.8532995696348022
2024-01-21 15:41:40,016 - root - INFO - start 42 epoch
2024-01-21 15:41:57,779 - root - INFO - epoch: 42 took 17.76s
2024-01-21 15:41:57,779 - root - INFO - epoch train mean loss: 0.6302196284135183
2024-01-21 15:41:57,779 - root - INFO - train acc: 0.735037037037037, test acc: 0.7410416666666666
2024-01-21 15:41:57,779 - root - INFO - train ap: 0.8413684068345149, val ap: 0.8575286266205135
2024-01-21 15:41:57,784 - root - INFO - start 43 epoch
2024-01-21 15:42:15,534 - root - INFO - epoch: 43 took 17.75s
2024-01-21 15:42:15,534 - root - INFO - epoch train mean loss: 0.6228766342004141
2024-01-21 15:42:15,534 - root - INFO - train acc: 0.7418518518518519, test acc: 0.7411458333333333
2024-01-21 15:42:15,534 - root - INFO - train ap: 0.850812172067398, val ap: 0.8653678002662153
2024-01-21 15:42:15,539 - root - INFO - start 44 epoch
2024-01-21 15:42:33,300 - root - INFO - epoch: 44 took 17.76s
2024-01-21 15:42:33,300 - root - INFO - epoch train mean loss: 0.6120662907759349
2024-01-21 15:42:33,300 - root - INFO - train acc: 0.7437592592592595, test acc: 0.7522916666666667
2024-01-21 15:42:33,300 - root - INFO - train ap: 0.8627747123317931, val ap: 0.8723299796653008
2024-01-21 15:42:33,306 - root - INFO - start 45 epoch
2024-01-21 15:42:51,126 - root - INFO - epoch: 45 took 17.82s
2024-01-21 15:42:51,126 - root - INFO - epoch train mean loss: 0.5961694697539012
2024-01-21 15:42:51,126 - root - INFO - train acc: 0.7793333333333333, test acc: 0.7911458333333333
2024-01-21 15:42:51,126 - root - INFO - train ap: 0.870333778234073, val ap: 0.8758452803662209
2024-01-21 15:42:51,131 - root - INFO - start 46 epoch
2024-01-21 15:43:08,893 - root - INFO - epoch: 46 took 17.76s
2024-01-21 15:43:08,894 - root - INFO - epoch train mean loss: 0.5755172232786815
2024-01-21 15:43:08,894 - root - INFO - train acc: 0.7876296296296297, test acc: 0.7987500000000001
2024-01-21 15:43:08,894 - root - INFO - train ap: 0.8790295852585717, val ap: 0.8809571427465535
2024-01-21 15:43:08,904 - root - INFO - start 47 epoch
2024-01-21 15:43:26,674 - root - INFO - epoch: 47 took 17.77s
2024-01-21 15:43:26,675 - root - INFO - epoch train mean loss: 0.5563385446866354
2024-01-21 15:43:26,675 - root - INFO - train acc: 0.7886481481481481, test acc: 0.808125
2024-01-21 15:43:26,675 - root - INFO - train ap: 0.8904913000464316, val ap: 0.8873631711893614
2024-01-21 15:43:26,682 - root - INFO - start 48 epoch
2024-01-21 15:43:44,426 - root - INFO - epoch: 48 took 17.74s
2024-01-21 15:43:44,426 - root - INFO - epoch train mean loss: 0.5322800775369009
2024-01-21 15:43:44,426 - root - INFO - train acc: 0.8239629629629628, test acc: 0.8172916666666666
2024-01-21 15:43:44,426 - root - INFO - train ap: 0.8963244794417452, val ap: 0.8939219139372252
2024-01-21 15:43:44,433 - root - INFO - start 49 epoch
2024-01-21 15:44:02,188 - root - INFO - epoch: 49 took 17.76s
2024-01-21 15:44:02,189 - root - INFO - epoch train mean loss: 0.4976757009824117
2024-01-21 15:44:02,189 - root - INFO - train acc: 0.8318333333333333, test acc: 0.8313541666666666
2024-01-21 15:44:02,189 - root - INFO - train ap: 0.9024305331439727, val ap: 0.8978891279393137
2024-01-21 15:44:02,194 - root - INFO - start 50 epoch
2024-01-21 15:44:19,939 - root - INFO - epoch: 50 took 17.75s
2024-01-21 15:44:19,939 - root - INFO - epoch train mean loss: 0.4749592959880829
2024-01-21 15:44:19,939 - root - INFO - train acc: 0.847462962962963, test acc: 0.8509374999999999
2024-01-21 15:44:19,940 - root - INFO - train ap: 0.9088886963953865, val ap: 0.9045999289829637
2024-01-21 15:44:19,944 - root - INFO - start 51 epoch
2024-01-21 15:44:37,717 - root - INFO - epoch: 51 took 17.77s
2024-01-21 15:44:37,718 - root - INFO - epoch train mean loss: 0.4545744667450587
2024-01-21 15:44:37,718 - root - INFO - train acc: 0.8621296296296297, test acc: 0.8583333333333334
2024-01-21 15:44:37,718 - root - INFO - train ap: 0.9147968836753303, val ap: 0.9113685657567777
2024-01-21 15:44:37,725 - root - INFO - start 52 epoch
2024-01-21 15:44:55,506 - root - INFO - epoch: 52 took 17.78s
2024-01-21 15:44:55,506 - root - INFO - epoch train mean loss: 0.42268737554550173
2024-01-21 15:44:55,506 - root - INFO - train acc: 0.8707592592592593, test acc: 0.8678125
2024-01-21 15:44:55,506 - root - INFO - train ap: 0.9196782160183381, val ap: 0.9195999343921314
2024-01-21 15:44:55,510 - root - INFO - start 53 epoch
2024-01-21 15:45:13,262 - root - INFO - epoch: 53 took 17.75s
2024-01-21 15:45:13,263 - root - INFO - epoch train mean loss: 0.4008707066377004
2024-01-21 15:45:13,263 - root - INFO - train acc: 0.8735925925925926, test acc: 0.8728125
2024-01-21 15:45:13,263 - root - INFO - train ap: 0.9242625544927056, val ap: 0.9265953267578149
2024-01-21 15:45:13,268 - root - INFO - start 54 epoch
2024-01-21 15:45:31,038 - root - INFO - epoch: 54 took 17.77s
2024-01-21 15:45:31,038 - root - INFO - epoch train mean loss: 0.38303558429082235
2024-01-21 15:45:31,038 - root - INFO - train acc: 0.8791296296296295, test acc: 0.8771875
2024-01-21 15:45:31,038 - root - INFO - train ap: 0.928251155530624, val ap: 0.9310674450705765
2024-01-21 15:45:31,042 - root - INFO - start 55 epoch
2024-01-21 15:45:48,821 - root - INFO - epoch: 55 took 17.78s
2024-01-21 15:45:48,821 - root - INFO - epoch train mean loss: 0.3722068687280019
2024-01-21 15:45:48,821 - root - INFO - train acc: 0.8867962962962962, test acc: 0.8841666666666668
2024-01-21 15:45:48,821 - root - INFO - train ap: 0.9313267197967379, val ap: 0.9348571269494448
2024-01-21 15:45:48,825 - root - INFO - start 56 epoch
2024-01-21 15:46:06,582 - root - INFO - epoch: 56 took 17.76s
2024-01-21 15:46:06,582 - root - INFO - epoch train mean loss: 0.35506473580996195
2024-01-21 15:46:06,582 - root - INFO - train acc: 0.8945185185185186, test acc: 0.8917708333333334
2024-01-21 15:46:06,582 - root - INFO - train ap: 0.9353002101723461, val ap: 0.9395937807491225
2024-01-21 15:46:06,591 - root - INFO - start 57 epoch
2024-01-21 15:46:24,366 - root - INFO - epoch: 57 took 17.78s
2024-01-21 15:46:24,367 - root - INFO - epoch train mean loss: 0.34181914826234183
2024-01-21 15:46:24,367 - root - INFO - train acc: 0.8982777777777777, test acc: 0.895
2024-01-21 15:46:24,367 - root - INFO - train ap: 0.9380994964748807, val ap: 0.9438427591405927
2024-01-21 15:46:24,371 - root - INFO - start 58 epoch
2024-01-21 15:46:42,184 - root - INFO - epoch: 58 took 17.81s
2024-01-21 15:46:42,184 - root - INFO - epoch train mean loss: 0.3245841776331266
2024-01-21 15:46:42,184 - root - INFO - train acc: 0.9021111111111112, test acc: 0.8975
2024-01-21 15:46:42,184 - root - INFO - train ap: 0.9403671063688034, val ap: 0.9455795668662066
2024-01-21 15:46:42,188 - root - INFO - start 59 epoch
2024-01-21 15:46:59,916 - root - INFO - epoch: 59 took 17.73s
2024-01-21 15:46:59,916 - root - INFO - epoch train mean loss: 0.31107204457124077
2024-01-21 15:46:59,917 - root - INFO - train acc: 0.9066111111111111, test acc: 0.9025
2024-01-21 15:46:59,917 - root - INFO - train ap: 0.9424168588036254, val ap: 0.9480904355001851
2024-01-21 15:46:59,921 - root - INFO - start 60 epoch
2024-01-21 15:47:17,642 - root - INFO - epoch: 60 took 17.72s
2024-01-21 15:47:17,642 - root - INFO - epoch train mean loss: 0.315219450990359
2024-01-21 15:47:17,643 - root - INFO - train acc: 0.9090740740740741, test acc: 0.9025
2024-01-21 15:47:17,643 - root - INFO - train ap: 0.9443343591020752, val ap: 0.9493968513407447
2024-01-21 15:47:17,647 - root - INFO - start 61 epoch
2024-01-21 15:47:35,369 - root - INFO - epoch: 61 took 17.72s
2024-01-21 15:47:35,370 - root - INFO - epoch train mean loss: 0.3015473609169324
2024-01-21 15:47:35,370 - root - INFO - train acc: 0.9100740740740743, test acc: 0.905
2024-01-21 15:47:35,370 - root - INFO - train ap: 0.9452804944601799, val ap: 0.9482042921821991
2024-01-21 15:47:35,377 - root - INFO - start 62 epoch
2024-01-21 15:47:53,117 - root - INFO - epoch: 62 took 17.74s
2024-01-21 15:47:53,117 - root - INFO - epoch train mean loss: 0.2925851176182429
2024-01-21 15:47:53,117 - root - INFO - train acc: 0.9112407407407408, test acc: 0.9120833333333334
2024-01-21 15:47:53,117 - root - INFO - train ap: 0.9465543178369351, val ap: 0.9494818466783548
2024-01-21 15:47:53,122 - root - INFO - start 63 epoch
2024-01-21 15:48:10,868 - root - INFO - epoch: 63 took 17.75s
2024-01-21 15:48:10,868 - root - INFO - epoch train mean loss: 0.2902251342932383
2024-01-21 15:48:10,868 - root - INFO - train acc: 0.9137407407407407, test acc: 0.9133333333333333
2024-01-21 15:48:10,868 - root - INFO - train ap: 0.9480136535867698, val ap: 0.9509168109668701
2024-01-21 15:48:10,872 - root - INFO - start 64 epoch
2024-01-21 15:48:28,618 - root - INFO - epoch: 64 took 17.75s
2024-01-21 15:48:28,618 - root - INFO - epoch train mean loss: 0.28148843149344127
2024-01-21 15:48:28,619 - root - INFO - train acc: 0.9149074074074074, test acc: 0.9120833333333334
2024-01-21 15:48:28,619 - root - INFO - train ap: 0.9492852151761219, val ap: 0.9507110206112287
2024-01-21 15:48:28,624 - root - INFO - start 65 epoch
2024-01-21 15:48:46,448 - root - INFO - epoch: 65 took 17.82s
2024-01-21 15:48:46,448 - root - INFO - epoch train mean loss: 0.27959827035665513
2024-01-21 15:48:46,449 - root - INFO - train acc: 0.9160740740740743, test acc: 0.9170833333333334
2024-01-21 15:48:46,449 - root - INFO - train ap: 0.9507308989587148, val ap: 0.9501632721288924
2024-01-21 15:48:46,453 - root - INFO - start 66 epoch
2024-01-21 15:49:04,252 - root - INFO - epoch: 66 took 17.80s
2024-01-21 15:49:04,252 - root - INFO - epoch train mean loss: 0.2700726474324862
2024-01-21 15:49:04,252 - root - INFO - train acc: 0.9195740740740741, test acc: 0.9177083333333333
2024-01-21 15:49:04,252 - root - INFO - train ap: 0.9522357501095345, val ap: 0.9505506729405284
2024-01-21 15:49:04,260 - root - INFO - start 67 epoch
2024-01-21 15:49:22,033 - root - INFO - epoch: 67 took 17.77s
2024-01-21 15:49:22,033 - root - INFO - epoch train mean loss: 0.2644858201344808
2024-01-21 15:49:22,033 - root - INFO - train acc: 0.9229074074074074, test acc: 0.9183333333333333
2024-01-21 15:49:22,033 - root - INFO - train ap: 0.9533305401600413, val ap: 0.9513356495998845
2024-01-21 15:49:22,037 - root - INFO - start 68 epoch
2024-01-21 15:49:39,822 - root - INFO - epoch: 68 took 17.78s
2024-01-21 15:49:39,822 - root - INFO - epoch train mean loss: 0.25943478643894197
2024-01-21 15:49:39,822 - root - INFO - train acc: 0.9240740740740742, test acc: 0.9221875
2024-01-21 15:49:39,822 - root - INFO - train ap: 0.9543451536550219, val ap: 0.9515412777528165
2024-01-21 15:49:39,827 - root - INFO - start 69 epoch
2024-01-21 15:49:57,600 - root - INFO - epoch: 69 took 17.77s
2024-01-21 15:49:57,600 - root - INFO - epoch train mean loss: 0.25045157223939896
2024-01-21 15:49:57,600 - root - INFO - train acc: 0.9252407407407408, test acc: 0.9228125
2024-01-21 15:49:57,600 - root - INFO - train ap: 0.954862402240385, val ap: 0.9522951679968263
2024-01-21 15:49:57,605 - root - INFO - start 70 epoch
2024-01-21 15:50:15,390 - root - INFO - epoch: 70 took 17.79s
2024-01-21 15:50:15,390 - root - INFO - epoch train mean loss: 0.24815684258937837
2024-01-21 15:50:15,390 - root - INFO - train acc: 0.9250740740740742, test acc: 0.9279166666666667
2024-01-21 15:50:15,390 - root - INFO - train ap: 0.9554000773150003, val ap: 0.9530189863110341
2024-01-21 15:50:15,395 - root - INFO - start 71 epoch
2024-01-21 15:50:33,163 - root - INFO - epoch: 71 took 17.77s
2024-01-21 15:50:33,163 - root - INFO - epoch train mean loss: 0.24564415514469146
2024-01-21 15:50:33,163 - root - INFO - train acc: 0.9267407407407409, test acc: 0.9317708333333334
2024-01-21 15:50:33,163 - root - INFO - train ap: 0.9560658120963282, val ap: 0.9535956982990688
2024-01-21 15:50:33,169 - root - INFO - start 72 epoch
2024-01-21 15:50:51,023 - root - INFO - epoch: 72 took 17.85s
2024-01-21 15:50:51,023 - root - INFO - epoch train mean loss: 0.244646817445755
2024-01-21 15:50:51,023 - root - INFO - train acc: 0.9262407407407408, test acc: 0.9291666666666667
2024-01-21 15:50:51,023 - root - INFO - train ap: 0.9567050181238342, val ap: 0.9540637952195752
2024-01-21 15:50:51,029 - root - INFO - start 73 epoch
2024-01-21 15:51:08,803 - root - INFO - epoch: 73 took 17.77s
2024-01-21 15:51:08,804 - root - INFO - epoch train mean loss: 0.2427031546831131
2024-01-21 15:51:08,804 - root - INFO - train acc: 0.9267407407407408, test acc: 0.9297916666666667
2024-01-21 15:51:08,804 - root - INFO - train ap: 0.9575747739840477, val ap: 0.9520354323260054
2024-01-21 15:51:08,809 - root - INFO - start 74 epoch
2024-01-21 15:51:26,580 - root - INFO - epoch: 74 took 17.77s
2024-01-21 15:51:26,581 - root - INFO - epoch train mean loss: 0.23647316793600717
2024-01-21 15:51:26,581 - root - INFO - train acc: 0.9285740740740741, test acc: 0.9316666666666666
2024-01-21 15:51:26,581 - root - INFO - train ap: 0.9584597280193641, val ap: 0.9525453746825714
2024-01-21 15:51:26,585 - root - INFO - start 75 epoch
2024-01-21 15:51:44,337 - root - INFO - epoch: 75 took 17.75s
2024-01-21 15:51:44,338 - root - INFO - epoch train mean loss: 0.2318787177403768
2024-01-21 15:51:44,338 - root - INFO - train acc: 0.9300740740740742, test acc: 0.9316666666666666
2024-01-21 15:51:44,338 - root - INFO - train ap: 0.9593851362500598, val ap: 0.9553574353614216
2024-01-21 15:51:44,342 - root - INFO - start 76 epoch
2024-01-21 15:52:02,104 - root - INFO - epoch: 76 took 17.76s
2024-01-21 15:52:02,104 - root - INFO - epoch train mean loss: 0.2318551818529765
2024-01-21 15:52:02,104 - root - INFO - train acc: 0.9307777777777778, test acc: 0.9322916666666667
2024-01-21 15:52:02,104 - root - INFO - train ap: 0.9600723682799093, val ap: 0.953121051297044
2024-01-21 15:52:02,111 - root - INFO - start 77 epoch
2024-01-21 15:52:19,867 - root - INFO - epoch: 77 took 17.76s
2024-01-21 15:52:19,867 - root - INFO - epoch train mean loss: 0.22734025716781617
2024-01-21 15:52:19,867 - root - INFO - train acc: 0.9311111111111111, test acc: 0.9348958333333334
2024-01-21 15:52:19,867 - root - INFO - train ap: 0.9606405305045655, val ap: 0.9538536396943675
2024-01-21 15:52:19,872 - root - INFO - start 78 epoch
2024-01-21 15:52:37,633 - root - INFO - epoch: 78 took 17.76s
2024-01-21 15:52:37,633 - root - INFO - epoch train mean loss: 0.22246195475260416
2024-01-21 15:52:37,633 - root - INFO - train acc: 0.9317777777777777, test acc: 0.9348958333333334
2024-01-21 15:52:37,633 - root - INFO - train ap: 0.9612200890580999, val ap: 0.9546916229084024
2024-01-21 15:52:37,638 - root - INFO - start 79 epoch
2024-01-21 15:52:55,451 - root - INFO - epoch: 79 took 17.81s
2024-01-21 15:52:55,452 - root - INFO - epoch train mean loss: 0.2191387655834357
2024-01-21 15:52:55,452 - root - INFO - train acc: 0.9326111111111112, test acc: 0.9355208333333334
2024-01-21 15:52:55,452 - root - INFO - train ap: 0.9616867217913181, val ap: 0.9553586513078147
2024-01-21 15:52:55,457 - root - INFO - start 80 epoch
2024-01-21 15:53:13,241 - root - INFO - epoch: 80 took 17.78s
2024-01-21 15:53:13,241 - root - INFO - epoch train mean loss: 0.21842647939920426
2024-01-21 15:53:13,241 - root - INFO - train acc: 0.9345740740740741, test acc: 0.9355208333333334
2024-01-21 15:53:13,241 - root - INFO - train ap: 0.9618973139441765, val ap: 0.9560225742500055
2024-01-21 15:53:13,248 - root - INFO - start 81 epoch
2024-01-21 15:53:30,984 - root - INFO - epoch: 81 took 17.74s
2024-01-21 15:53:30,984 - root - INFO - epoch train mean loss: 0.21720057005683582
2024-01-21 15:53:30,984 - root - INFO - train acc: 0.9346111111111112, test acc: 0.9355208333333334
2024-01-21 15:53:30,984 - root - INFO - train ap: 0.9624666471189378, val ap: 0.9562379041360506
2024-01-21 15:53:30,993 - root - INFO - start 82 epoch
2024-01-21 15:53:48,765 - root - INFO - epoch: 82 took 17.77s
2024-01-21 15:53:48,765 - root - INFO - epoch train mean loss: 0.2145447423060735
2024-01-21 15:53:48,765 - root - INFO - train acc: 0.9349444444444445, test acc: 0.9361458333333333
2024-01-21 15:53:48,765 - root - INFO - train ap: 0.9633227701175866, val ap: 0.9565871864794304
2024-01-21 15:53:48,771 - root - INFO - start 83 epoch
2024-01-21 15:54:06,566 - root - INFO - epoch: 83 took 17.80s
2024-01-21 15:54:06,567 - root - INFO - epoch train mean loss: 0.21059605230887732
2024-01-21 15:54:06,567 - root - INFO - train acc: 0.9354444444444444, test acc: 0.9373958333333333
2024-01-21 15:54:06,567 - root - INFO - train ap: 0.9639683040649973, val ap: 0.9570888495957222
2024-01-21 15:54:06,572 - root - INFO - start 84 epoch
2024-01-21 15:54:24,348 - root - INFO - epoch: 84 took 17.78s
2024-01-21 15:54:24,348 - root - INFO - epoch train mean loss: 0.20673763876159987
2024-01-21 15:54:24,348 - root - INFO - train acc: 0.9351111111111111, test acc: 0.9373958333333333
2024-01-21 15:54:24,348 - root - INFO - train ap: 0.9646950835480915, val ap: 0.9572144159249985
2024-01-21 15:54:24,353 - root - INFO - start 85 epoch
2024-01-21 15:54:42,122 - root - INFO - epoch: 85 took 17.77s
2024-01-21 15:54:42,122 - root - INFO - epoch train mean loss: 0.20742615461349487
2024-01-21 15:54:42,122 - root - INFO - train acc: 0.9362777777777777, test acc: 0.9386458333333334
2024-01-21 15:54:42,122 - root - INFO - train ap: 0.9651926225839066, val ap: 0.9577161645691713
2024-01-21 15:54:42,127 - root - INFO - start 86 epoch
2024-01-21 15:54:59,982 - root - INFO - epoch: 86 took 17.86s
2024-01-21 15:54:59,982 - root - INFO - epoch train mean loss: 0.2020094116528829
2024-01-21 15:54:59,982 - root - INFO - train acc: 0.9369444444444444, test acc: 0.9392708333333333
2024-01-21 15:54:59,982 - root - INFO - train ap: 0.9655040799793299, val ap: 0.9580345680636106
2024-01-21 15:54:59,990 - root - INFO - start 87 epoch
2024-01-21 15:55:17,760 - root - INFO - epoch: 87 took 17.77s
2024-01-21 15:55:17,761 - root - INFO - epoch train mean loss: 0.20315092504024507
2024-01-21 15:55:17,761 - root - INFO - train acc: 0.9367777777777776, test acc: 0.9386458333333334
2024-01-21 15:55:17,761 - root - INFO - train ap: 0.9658244681705405, val ap: 0.9582729028074572
2024-01-21 15:55:17,766 - root - INFO - start 88 epoch
2024-01-21 15:55:35,541 - root - INFO - epoch: 88 took 17.78s
2024-01-21 15:55:35,542 - root - INFO - epoch train mean loss: 0.20023102015256883
2024-01-21 15:55:35,542 - root - INFO - train acc: 0.9376111111111111, test acc: 0.9398958333333334
2024-01-21 15:55:35,542 - root - INFO - train ap: 0.9660449360367961, val ap: 0.9584439204237184
2024-01-21 15:55:35,547 - root - INFO - start 89 epoch
2024-01-21 15:55:53,331 - root - INFO - epoch: 89 took 17.78s
2024-01-21 15:55:53,331 - root - INFO - epoch train mean loss: 0.1981538231174151
2024-01-21 15:55:53,331 - root - INFO - train acc: 0.9384444444444443, test acc: 0.9411458333333333
2024-01-21 15:55:53,331 - root - INFO - train ap: 0.966098917937769, val ap: 0.9587063667706006
2024-01-21 15:55:53,336 - root - INFO - start 90 epoch
2024-01-21 15:56:11,125 - root - INFO - epoch: 90 took 17.79s
2024-01-21 15:56:11,125 - root - INFO - epoch train mean loss: 0.1970702956120173
2024-01-21 15:56:11,126 - root - INFO - train acc: 0.9397777777777777, test acc: 0.9417708333333333
2024-01-21 15:56:11,126 - root - INFO - train ap: 0.9664246076900104, val ap: 0.9591755570342545
2024-01-21 15:56:11,130 - root - INFO - start 91 epoch
2024-01-21 15:56:28,900 - root - INFO - epoch: 91 took 17.77s
2024-01-21 15:56:28,900 - root - INFO - epoch train mean loss: 0.19081433191895486
2024-01-21 15:56:28,901 - root - INFO - train acc: 0.9386111111111111, test acc: 0.9417708333333333
2024-01-21 15:56:28,901 - root - INFO - train ap: 0.9666881472874811, val ap: 0.9585968643772153
2024-01-21 15:56:28,908 - root - INFO - start 92 epoch
2024-01-21 15:56:46,670 - root - INFO - epoch: 92 took 17.76s
2024-01-21 15:56:46,670 - root - INFO - epoch train mean loss: 0.1941183937092622
2024-01-21 15:56:46,670 - root - INFO - train acc: 0.9397777777777777, test acc: 0.9423958333333333
2024-01-21 15:56:46,670 - root - INFO - train ap: 0.9669896739520689, val ap: 0.9592135916984608
2024-01-21 15:56:46,675 - root - INFO - start 93 epoch
2024-01-21 15:57:04,545 - root - INFO - epoch: 93 took 17.87s
2024-01-21 15:57:04,546 - root - INFO - epoch train mean loss: 0.1922045384844144
2024-01-21 15:57:04,546 - root - INFO - train acc: 0.9409074074074072, test acc: 0.9423958333333333
2024-01-21 15:57:04,546 - root - INFO - train ap: 0.9671489311909094, val ap: 0.9591015047553331
2024-01-21 15:57:04,551 - root - INFO - start 94 epoch
2024-01-21 15:57:22,324 - root - INFO - epoch: 94 took 17.77s
2024-01-21 15:57:22,325 - root - INFO - epoch train mean loss: 0.19183961326877277
2024-01-21 15:57:22,325 - root - INFO - train acc: 0.9407777777777776, test acc: 0.9423958333333333
2024-01-21 15:57:22,325 - root - INFO - train ap: 0.9674386094466522, val ap: 0.9592197215096128
2024-01-21 15:57:22,330 - root - INFO - start 95 epoch
2024-01-21 15:57:40,126 - root - INFO - epoch: 95 took 17.80s
2024-01-21 15:57:40,126 - root - INFO - epoch train mean loss: 0.1908441665271918
2024-01-21 15:57:40,126 - root - INFO - train acc: 0.9414074074074075, test acc: 0.9430208333333332
2024-01-21 15:57:40,126 - root - INFO - train ap: 0.9676880697997424, val ap: 0.9595307731068288
2024-01-21 15:57:40,131 - root - INFO - start 96 epoch
2024-01-21 15:57:57,911 - root - INFO - epoch: 96 took 17.78s
2024-01-21 15:57:57,912 - root - INFO - epoch train mean loss: 0.18582212751110394
2024-01-21 15:57:57,912 - root - INFO - train acc: 0.941574074074074, test acc: 0.9430208333333332
2024-01-21 15:57:57,912 - root - INFO - train ap: 0.9679730197247017, val ap: 0.9597243116931828
2024-01-21 15:57:57,919 - root - INFO - start 97 epoch
2024-01-21 15:58:15,701 - root - INFO - epoch: 97 took 17.78s
2024-01-21 15:58:15,701 - root - INFO - epoch train mean loss: 0.18733088249961535
2024-01-21 15:58:15,701 - root - INFO - train acc: 0.9424074074074072, test acc: 0.9442708333333334
2024-01-21 15:58:15,701 - root - INFO - train ap: 0.9682501313703832, val ap: 0.9600987299651996
2024-01-21 15:58:15,707 - root - INFO - start 98 epoch
2024-01-21 15:58:33,494 - root - INFO - epoch: 98 took 17.79s
2024-01-21 15:58:33,494 - root - INFO - epoch train mean loss: 0.18736394122242928
2024-01-21 15:58:33,494 - root - INFO - train acc: 0.9420740740740741, test acc: 0.9442708333333334
2024-01-21 15:58:33,494 - root - INFO - train ap: 0.9683842924026433, val ap: 0.9601778054095784
2024-01-21 15:58:33,499 - root - INFO - start 99 epoch
2024-01-21 15:58:51,333 - root - INFO - epoch: 99 took 17.83s
2024-01-21 15:58:51,334 - root - INFO - epoch train mean loss: 0.18228558947642645
2024-01-21 15:58:51,334 - root - INFO - train acc: 0.9424074074074074, test acc: 0.9430208333333333
2024-01-21 15:58:51,334 - root - INFO - train ap: 0.9687446693480031, val ap: 0.9601948743536443
2024-01-21 15:58:51,343 - root - INFO - TGN model saved
