2024-01-19 19:19:59,058 - root - INFO - Namespace(data='simulate_v2', bs=200, prefix='tgn-attn', n_degree=10, n_head=2, n_epoch=100, n_layer=2, lr=0.0001, patience=5, n_runs=1, drop_out=0.1, gpu=0, node_dim=100, time_dim=100, backprop_every=1, use_memory=True, embedding_module='graph_attention', message_function='identity', memory_updater='gru', aggregator='last', memory_update_at_end=True, message_dim=100, memory_dim=4, different_new_nodes=False, uniform=False, randomize_features=False, use_destination_embedding_in_message=False, use_source_embedding_in_message=False, dyrep=False)
2024-01-19 19:19:59,134 - root - INFO - num of training instances: 5872
2024-01-19 19:19:59,134 - root - INFO - num of batches per epoch: 30
2024-01-19 19:19:59,134 - root - INFO - start 0 epoch
2024-01-19 19:20:15,565 - root - INFO - epoch: 0 took 16.43s
2024-01-19 19:20:15,566 - root - INFO - epoch train mean loss: 0.7334134300549825
2024-01-19 19:20:15,566 - root - INFO - train acc: 0.5088518518518519, test acc: 0.47916666666666663
2024-01-19 19:20:15,566 - root - INFO - train ap: 0.43257035020030915, val ap: 0.45403368297440116
2024-01-19 19:20:15,570 - root - INFO - start 1 epoch
2024-01-19 19:20:31,999 - root - INFO - epoch: 1 took 16.43s
2024-01-19 19:20:31,999 - root - INFO - epoch train mean loss: 0.7106882512569428
2024-01-19 19:20:31,999 - root - INFO - train acc: 0.5078518518518519, test acc: 0.47916666666666663
2024-01-19 19:20:31,999 - root - INFO - train ap: 0.4309436888516996, val ap: 0.4573658948017135
2024-01-19 19:20:32,002 - root - INFO - start 2 epoch
2024-01-19 19:20:48,383 - root - INFO - epoch: 2 took 16.38s
2024-01-19 19:20:48,384 - root - INFO - epoch train mean loss: 0.7010126809279124
2024-01-19 19:20:48,384 - root - INFO - train acc: 0.5013518518518518, test acc: 0.47916666666666663
2024-01-19 19:20:48,384 - root - INFO - train ap: 0.43498793646926914, val ap: 0.46405161621383506
2024-01-19 19:20:48,387 - root - INFO - start 3 epoch
2024-01-19 19:21:04,759 - root - INFO - epoch: 3 took 16.37s
2024-01-19 19:21:04,759 - root - INFO - epoch train mean loss: 0.7007126748561859
2024-01-19 19:21:04,759 - root - INFO - train acc: 0.49855555555555553, test acc: 0.47791666666666666
2024-01-19 19:21:04,759 - root - INFO - train ap: 0.4393180296718818, val ap: 0.4687889470542681
2024-01-19 19:21:04,762 - root - INFO - start 4 epoch
2024-01-19 19:21:21,117 - root - INFO - epoch: 4 took 16.35s
2024-01-19 19:21:21,117 - root - INFO - epoch train mean loss: 0.7003879725933075
2024-01-19 19:21:21,118 - root - INFO - train acc: 0.4990555555555555, test acc: 0.47791666666666666
2024-01-19 19:21:21,118 - root - INFO - train ap: 0.4436298800843754, val ap: 0.47222348946199055
2024-01-19 19:21:21,121 - root - INFO - start 5 epoch
2024-01-19 19:21:37,600 - root - INFO - epoch: 5 took 16.48s
2024-01-19 19:21:37,600 - root - INFO - epoch train mean loss: 0.700681459903717
2024-01-19 19:21:37,600 - root - INFO - train acc: 0.5020185185185185, test acc: 0.47791666666666666
2024-01-19 19:21:37,600 - root - INFO - train ap: 0.4478728658537205, val ap: 0.478441063614392
2024-01-19 19:21:37,604 - root - INFO - start 6 epoch
2024-01-19 19:21:53,996 - root - INFO - epoch: 6 took 16.39s
2024-01-19 19:21:53,997 - root - INFO - epoch train mean loss: 0.700905426343282
2024-01-19 19:21:53,997 - root - INFO - train acc: 0.5011851851851852, test acc: 0.47979166666666667
2024-01-19 19:21:53,997 - root - INFO - train ap: 0.4525796107996895, val ap: 0.483683290791327
2024-01-19 19:21:54,036 - root - INFO - start 7 epoch
2024-01-19 19:22:10,421 - root - INFO - epoch: 7 took 16.38s
2024-01-19 19:22:10,421 - root - INFO - epoch train mean loss: 0.6977506180604299
2024-01-19 19:22:10,421 - root - INFO - train acc: 0.5013518518518519, test acc: 0.47979166666666667
2024-01-19 19:22:10,421 - root - INFO - train ap: 0.45839008173546764, val ap: 0.4886030154704224
2024-01-19 19:22:10,425 - root - INFO - start 8 epoch
2024-01-19 19:22:26,785 - root - INFO - epoch: 8 took 16.36s
2024-01-19 19:22:26,786 - root - INFO - epoch train mean loss: 0.6991610189278921
2024-01-19 19:22:26,786 - root - INFO - train acc: 0.5023518518518519, test acc: 0.47979166666666667
2024-01-19 19:22:26,786 - root - INFO - train ap: 0.46496078134186114, val ap: 0.4942215301932712
2024-01-19 19:22:26,789 - root - INFO - start 9 epoch
2024-01-19 19:22:43,169 - root - INFO - epoch: 9 took 16.38s
2024-01-19 19:22:43,169 - root - INFO - epoch train mean loss: 0.6977595905462901
2024-01-19 19:22:43,169 - root - INFO - train acc: 0.5025185185185185, test acc: 0.47979166666666667
2024-01-19 19:22:43,169 - root - INFO - train ap: 0.4711358369414717, val ap: 0.5015753962899916
2024-01-19 19:22:43,172 - root - INFO - start 10 epoch
2024-01-19 19:22:59,551 - root - INFO - epoch: 10 took 16.38s
2024-01-19 19:22:59,551 - root - INFO - epoch train mean loss: 0.697063934803009
2024-01-19 19:22:59,551 - root - INFO - train acc: 0.5028518518518518, test acc: 0.47979166666666667
2024-01-19 19:22:59,551 - root - INFO - train ap: 0.4781023670500255, val ap: 0.5082594119225642
2024-01-19 19:22:59,554 - root - INFO - start 11 epoch
2024-01-19 19:23:15,927 - root - INFO - epoch: 11 took 16.37s
2024-01-19 19:23:15,927 - root - INFO - epoch train mean loss: 0.6974087854226431
2024-01-19 19:23:15,927 - root - INFO - train acc: 0.5040185185185185, test acc: 0.47916666666666663
2024-01-19 19:23:15,927 - root - INFO - train ap: 0.48576851752573985, val ap: 0.5162031503667157
2024-01-19 19:23:15,930 - root - INFO - start 12 epoch
2024-01-19 19:23:32,297 - root - INFO - epoch: 12 took 16.37s
2024-01-19 19:23:32,297 - root - INFO - epoch train mean loss: 0.6968876719474792
2024-01-19 19:23:32,297 - root - INFO - train acc: 0.5061851851851852, test acc: 0.47916666666666663
2024-01-19 19:23:32,297 - root - INFO - train ap: 0.4942752364867415, val ap: 0.525810408821608
2024-01-19 19:23:32,300 - root - INFO - start 13 epoch
2024-01-19 19:23:48,701 - root - INFO - epoch: 13 took 16.40s
2024-01-19 19:23:48,701 - root - INFO - epoch train mean loss: 0.6964222967624665
2024-01-19 19:23:48,701 - root - INFO - train acc: 0.5058518518518519, test acc: 0.47916666666666663
2024-01-19 19:23:48,701 - root - INFO - train ap: 0.5032914247618248, val ap: 0.5352299091258901
2024-01-19 19:23:48,705 - root - INFO - start 14 epoch
2024-01-19 19:24:05,119 - root - INFO - epoch: 14 took 16.41s
2024-01-19 19:24:05,119 - root - INFO - epoch train mean loss: 0.695807687441508
2024-01-19 19:24:05,119 - root - INFO - train acc: 0.5068518518518519, test acc: 0.47916666666666663
2024-01-19 19:24:05,119 - root - INFO - train ap: 0.5137839563384983, val ap: 0.5455178771439027
2024-01-19 19:24:05,122 - root - INFO - start 15 epoch
2024-01-19 19:24:21,613 - root - INFO - epoch: 15 took 16.49s
2024-01-19 19:24:21,614 - root - INFO - epoch train mean loss: 0.6960680882136027
2024-01-19 19:24:21,614 - root - INFO - train acc: 0.5075185185185185, test acc: 0.47916666666666663
2024-01-19 19:24:21,614 - root - INFO - train ap: 0.526215916849676, val ap: 0.5580482848002128
2024-01-19 19:24:21,617 - root - INFO - start 16 epoch
2024-01-19 19:24:38,030 - root - INFO - epoch: 16 took 16.41s
2024-01-19 19:24:38,030 - root - INFO - epoch train mean loss: 0.6954084515571595
2024-01-19 19:24:38,030 - root - INFO - train acc: 0.5083518518518519, test acc: 0.47916666666666663
2024-01-19 19:24:38,030 - root - INFO - train ap: 0.5383471061276099, val ap: 0.5708647647745433
2024-01-19 19:24:38,033 - root - INFO - start 17 epoch
2024-01-19 19:24:54,461 - root - INFO - epoch: 17 took 16.43s
2024-01-19 19:24:54,461 - root - INFO - epoch train mean loss: 0.6946514387925465
2024-01-19 19:24:54,461 - root - INFO - train acc: 0.5093518518518519, test acc: 0.47916666666666663
2024-01-19 19:24:54,461 - root - INFO - train ap: 0.554086999564283, val ap: 0.5878636961098336
2024-01-19 19:24:54,464 - root - INFO - start 18 epoch
2024-01-19 19:25:10,861 - root - INFO - epoch: 18 took 16.40s
2024-01-19 19:25:10,861 - root - INFO - epoch train mean loss: 0.6942951619625092
2024-01-19 19:25:10,861 - root - INFO - train acc: 0.5242222222222223, test acc: 0.479375
2024-01-19 19:25:10,861 - root - INFO - train ap: 0.5636898004873139, val ap: 0.6072462978174373
2024-01-19 19:25:10,864 - root - INFO - start 19 epoch
2024-01-19 19:25:27,281 - root - INFO - epoch: 19 took 16.42s
2024-01-19 19:25:27,281 - root - INFO - epoch train mean loss: 0.6942165970802308
2024-01-19 19:25:27,281 - root - INFO - train acc: 0.5140185185185185, test acc: 0.47916666666666663
2024-01-19 19:25:27,281 - root - INFO - train ap: 0.5965302216955954, val ap: 0.6290962063951314
2024-01-19 19:25:27,285 - root - INFO - start 20 epoch
2024-01-19 19:25:43,688 - root - INFO - epoch: 20 took 16.40s
2024-01-19 19:25:43,689 - root - INFO - epoch train mean loss: 0.6939950545628866
2024-01-19 19:25:43,689 - root - INFO - train acc: 0.5141851851851852, test acc: 0.47916666666666663
2024-01-19 19:25:43,689 - root - INFO - train ap: 0.6175162375483119, val ap: 0.6400454702400465
2024-01-19 19:25:43,692 - root - INFO - start 21 epoch
2024-01-19 19:26:00,123 - root - INFO - epoch: 21 took 16.43s
2024-01-19 19:26:00,123 - root - INFO - epoch train mean loss: 0.6930424650510152
2024-01-19 19:26:00,123 - root - INFO - train acc: 0.5148518518518519, test acc: 0.47916666666666663
2024-01-19 19:26:00,123 - root - INFO - train ap: 0.6264554585735488, val ap: 0.6474734540347273
2024-01-19 19:26:00,126 - root - INFO - start 22 epoch
2024-01-19 19:26:16,529 - root - INFO - epoch: 22 took 16.40s
2024-01-19 19:26:16,529 - root - INFO - epoch train mean loss: 0.6924573043982188
2024-01-19 19:26:16,529 - root - INFO - train acc: 0.5161851851851852, test acc: 0.4797916666666666
2024-01-19 19:26:16,529 - root - INFO - train ap: 0.6302743703512762, val ap: 0.6568932064055841
2024-01-19 19:26:16,532 - root - INFO - start 23 epoch
2024-01-19 19:26:32,917 - root - INFO - epoch: 23 took 16.39s
2024-01-19 19:26:32,917 - root - INFO - epoch train mean loss: 0.691495132446289
2024-01-19 19:26:32,918 - root - INFO - train acc: 0.5173518518518518, test acc: 0.47916666666666663
2024-01-19 19:26:32,918 - root - INFO - train ap: 0.6365431103635084, val ap: 0.6617720244295753
2024-01-19 19:26:32,920 - root - INFO - start 24 epoch
2024-01-19 19:26:49,306 - root - INFO - epoch: 24 took 16.39s
2024-01-19 19:26:49,306 - root - INFO - epoch train mean loss: 0.6923355440298716
2024-01-19 19:26:49,306 - root - INFO - train acc: 0.5156851851851851, test acc: 0.48041666666666666
2024-01-19 19:26:49,306 - root - INFO - train ap: 0.6446041967653525, val ap: 0.6677700458898463
2024-01-19 19:26:49,309 - root - INFO - start 25 epoch
2024-01-19 19:27:05,781 - root - INFO - epoch: 25 took 16.47s
2024-01-19 19:27:05,781 - root - INFO - epoch train mean loss: 0.6906952559947968
2024-01-19 19:27:05,781 - root - INFO - train acc: 0.5466851851851852, test acc: 0.5036458333333333
2024-01-19 19:27:05,781 - root - INFO - train ap: 0.6645945583718084, val ap: 0.6863170601577482
2024-01-19 19:27:05,785 - root - INFO - start 26 epoch
2024-01-19 19:27:22,153 - root - INFO - epoch: 26 took 16.37s
2024-01-19 19:27:22,153 - root - INFO - epoch train mean loss: 0.6882551769415538
2024-01-19 19:27:22,153 - root - INFO - train acc: 0.5842407407407408, test acc: 0.5814583333333334
2024-01-19 19:27:22,153 - root - INFO - train ap: 0.6871167124725913, val ap: 0.7119916178924827
2024-01-19 19:27:22,156 - root - INFO - start 27 epoch
2024-01-19 19:27:38,528 - root - INFO - epoch: 27 took 16.37s
2024-01-19 19:27:38,528 - root - INFO - epoch train mean loss: 0.6864848275979359
2024-01-19 19:27:38,528 - root - INFO - train acc: 0.5884444444444445, test acc: 0.5855208333333333
2024-01-19 19:27:38,528 - root - INFO - train ap: 0.703011931016584, val ap: 0.7284451440782966
2024-01-19 19:27:38,531 - root - INFO - start 28 epoch
2024-01-19 19:27:54,933 - root - INFO - epoch: 28 took 16.40s
2024-01-19 19:27:54,933 - root - INFO - epoch train mean loss: 0.6862877011299133
2024-01-19 19:27:54,933 - root - INFO - train acc: 0.6095370370370371, test acc: 0.5830208333333333
2024-01-19 19:27:54,933 - root - INFO - train ap: 0.7192149440079636, val ap: 0.7405489826825375
2024-01-19 19:27:54,936 - root - INFO - start 29 epoch
2024-01-19 19:28:11,292 - root - INFO - epoch: 29 took 16.36s
2024-01-19 19:28:11,292 - root - INFO - epoch train mean loss: 0.6843522032101949
2024-01-19 19:28:11,292 - root - INFO - train acc: 0.6173148148148148, test acc: 0.6092708333333333
2024-01-19 19:28:11,292 - root - INFO - train ap: 0.7307037558513725, val ap: 0.7538684709753138
2024-01-19 19:28:11,295 - root - INFO - start 30 epoch
2024-01-19 19:28:27,673 - root - INFO - epoch: 30 took 16.38s
2024-01-19 19:28:27,673 - root - INFO - epoch train mean loss: 0.6844299614429474
2024-01-19 19:28:27,673 - root - INFO - train acc: 0.5585, test acc: 0.5442708333333334
2024-01-19 19:28:27,673 - root - INFO - train ap: 0.7371894691291015, val ap: 0.7632111432284812
2024-01-19 19:28:27,676 - root - INFO - start 31 epoch
2024-01-19 19:28:44,092 - root - INFO - epoch: 31 took 16.42s
2024-01-19 19:28:44,092 - root - INFO - epoch train mean loss: 0.6832805633544922
2024-01-19 19:28:44,092 - root - INFO - train acc: 0.5348518518518518, test acc: 0.4872916666666667
2024-01-19 19:28:44,092 - root - INFO - train ap: 0.7437360379174129, val ap: 0.7704999828723251
2024-01-19 19:28:44,095 - root - INFO - start 32 epoch
2024-01-19 19:29:00,461 - root - INFO - epoch: 32 took 16.37s
2024-01-19 19:29:00,462 - root - INFO - epoch train mean loss: 0.6800065616766612
2024-01-19 19:29:00,462 - root - INFO - train acc: 0.6074444444444445, test acc: 0.565
2024-01-19 19:29:00,462 - root - INFO - train ap: 0.7527715862327377, val ap: 0.7782349811828306
2024-01-19 19:29:00,465 - root - INFO - start 33 epoch
2024-01-19 19:29:16,840 - root - INFO - epoch: 33 took 16.38s
2024-01-19 19:29:16,840 - root - INFO - epoch train mean loss: 0.6779473423957825
2024-01-19 19:29:16,840 - root - INFO - train acc: 0.6490925925925927, test acc: 0.6602083333333333
2024-01-19 19:29:16,840 - root - INFO - train ap: 0.7619211814962807, val ap: 0.7884443032964636
2024-01-19 19:29:16,843 - root - INFO - start 34 epoch
2024-01-19 19:29:33,247 - root - INFO - epoch: 34 took 16.40s
2024-01-19 19:29:33,247 - root - INFO - epoch train mean loss: 0.6761976699034373
2024-01-19 19:29:33,247 - root - INFO - train acc: 0.6198888888888889, test acc: 0.6471875
2024-01-19 19:29:33,247 - root - INFO - train ap: 0.7714398343189862, val ap: 0.7988255518845186
2024-01-19 19:29:33,250 - root - INFO - start 35 epoch
2024-01-19 19:29:49,736 - root - INFO - epoch: 35 took 16.49s
2024-01-19 19:29:49,736 - root - INFO - epoch train mean loss: 0.6740471879641216
2024-01-19 19:29:49,736 - root - INFO - train acc: 0.6264074074074074, test acc: 0.5766666666666667
2024-01-19 19:29:49,736 - root - INFO - train ap: 0.7800829535301564, val ap: 0.8096080726212358
2024-01-19 19:29:49,739 - root - INFO - start 36 epoch
2024-01-19 19:30:06,106 - root - INFO - epoch: 36 took 16.37s
2024-01-19 19:30:06,106 - root - INFO - epoch train mean loss: 0.6702408631642659
2024-01-19 19:30:06,106 - root - INFO - train acc: 0.6548148148148147, test acc: 0.6177083333333333
2024-01-19 19:30:06,106 - root - INFO - train ap: 0.7895311860975373, val ap: 0.8147394446519931
2024-01-19 19:30:06,109 - root - INFO - start 37 epoch
2024-01-19 19:30:22,510 - root - INFO - epoch: 37 took 16.40s
2024-01-19 19:30:22,510 - root - INFO - epoch train mean loss: 0.665573392311732
2024-01-19 19:30:22,510 - root - INFO - train acc: 0.654462962962963, test acc: 0.6879166666666667
2024-01-19 19:30:22,510 - root - INFO - train ap: 0.7985535576403753, val ap: 0.8229683704235301
2024-01-19 19:30:22,515 - root - INFO - start 38 epoch
2024-01-19 19:30:39,335 - root - INFO - epoch: 38 took 16.82s
2024-01-19 19:30:39,335 - root - INFO - epoch train mean loss: 0.6618256906668345
2024-01-19 19:30:39,335 - root - INFO - train acc: 0.6689444444444443, test acc: 0.6935416666666667
2024-01-19 19:30:39,336 - root - INFO - train ap: 0.8085036151353571, val ap: 0.8330456773099502
2024-01-19 19:30:39,338 - root - INFO - start 39 epoch
2024-01-19 19:30:55,764 - root - INFO - epoch: 39 took 16.43s
2024-01-19 19:30:55,764 - root - INFO - epoch train mean loss: 0.6579311986764272
2024-01-19 19:30:55,764 - root - INFO - train acc: 0.6949814814814813, test acc: 0.6944791666666668
2024-01-19 19:30:55,764 - root - INFO - train ap: 0.8156851009996247, val ap: 0.839131367036311
2024-01-19 19:30:55,767 - root - INFO - start 40 epoch
2024-01-19 19:31:12,175 - root - INFO - epoch: 40 took 16.41s
2024-01-19 19:31:12,176 - root - INFO - epoch train mean loss: 0.6503286043802897
2024-01-19 19:31:12,176 - root - INFO - train acc: 0.698425925925926, test acc: 0.7102083333333333
2024-01-19 19:31:12,176 - root - INFO - train ap: 0.8271071571811504, val ap: 0.8466660913887907
2024-01-19 19:31:12,179 - root - INFO - start 41 epoch
2024-01-19 19:31:28,570 - root - INFO - epoch: 41 took 16.39s
2024-01-19 19:31:28,571 - root - INFO - epoch train mean loss: 0.6430452485879262
2024-01-19 19:31:28,571 - root - INFO - train acc: 0.7082592592592591, test acc: 0.7346874999999999
2024-01-19 19:31:28,571 - root - INFO - train ap: 0.8374785705702562, val ap: 0.853421106548566
2024-01-19 19:31:28,574 - root - INFO - start 42 epoch
2024-01-19 19:31:44,974 - root - INFO - epoch: 42 took 16.40s
2024-01-19 19:31:44,975 - root - INFO - epoch train mean loss: 0.6335033734639486
2024-01-19 19:31:44,975 - root - INFO - train acc: 0.724574074074074, test acc: 0.7405208333333333
2024-01-19 19:31:44,975 - root - INFO - train ap: 0.8398298675745053, val ap: 0.8577322543054573
2024-01-19 19:31:44,978 - root - INFO - start 43 epoch
2024-01-19 19:32:01,356 - root - INFO - epoch: 43 took 16.38s
2024-01-19 19:32:01,357 - root - INFO - epoch train mean loss: 0.6249061206976573
2024-01-19 19:32:01,357 - root - INFO - train acc: 0.7523333333333332, test acc: 0.7540625000000001
2024-01-19 19:32:01,357 - root - INFO - train ap: 0.8484402251058748, val ap: 0.8657276016706443
2024-01-19 19:32:01,360 - root - INFO - start 44 epoch
2024-01-19 19:32:17,722 - root - INFO - epoch: 44 took 16.36s
2024-01-19 19:32:17,722 - root - INFO - epoch train mean loss: 0.616862146059672
2024-01-19 19:32:17,722 - root - INFO - train acc: 0.7393518518518517, test acc: 0.7554166666666666
2024-01-19 19:32:17,722 - root - INFO - train ap: 0.8611868848354066, val ap: 0.8729385476544345
2024-01-19 19:32:17,725 - root - INFO - start 45 epoch
2024-01-19 19:32:34,172 - root - INFO - epoch: 45 took 16.45s
2024-01-19 19:32:34,172 - root - INFO - epoch train mean loss: 0.6029423375924429
2024-01-19 19:32:34,172 - root - INFO - train acc: 0.7803703703703703, test acc: 0.7898958333333332
2024-01-19 19:32:34,172 - root - INFO - train ap: 0.8691576196431605, val ap: 0.878621197799524
2024-01-19 19:32:34,175 - root - INFO - start 46 epoch
2024-01-19 19:32:50,940 - root - INFO - epoch: 46 took 16.77s
2024-01-19 19:32:50,941 - root - INFO - epoch train mean loss: 0.5796792765458425
2024-01-19 19:32:50,941 - root - INFO - train acc: 0.7901296296296295, test acc: 0.7942708333333333
2024-01-19 19:32:50,941 - root - INFO - train ap: 0.8763410941922842, val ap: 0.8823638461688733
2024-01-19 19:32:50,944 - root - INFO - start 47 epoch
2024-01-19 19:33:07,340 - root - INFO - epoch: 47 took 16.40s
2024-01-19 19:33:07,340 - root - INFO - epoch train mean loss: 0.5647946317990621
2024-01-19 19:33:07,340 - root - INFO - train acc: 0.7791481481481483, test acc: 0.7942708333333333
2024-01-19 19:33:07,340 - root - INFO - train ap: 0.887927988014437, val ap: 0.8886740375691533
2024-01-19 19:33:07,343 - root - INFO - start 48 epoch
2024-01-19 19:33:23,766 - root - INFO - epoch: 48 took 16.42s
2024-01-19 19:33:23,767 - root - INFO - epoch train mean loss: 0.5432591319084168
2024-01-19 19:33:23,767 - root - INFO - train acc: 0.8222962962962962, test acc: 0.8147916666666667
2024-01-19 19:33:23,767 - root - INFO - train ap: 0.8971834844764149, val ap: 0.8948966847144638
2024-01-19 19:33:23,770 - root - INFO - start 49 epoch
2024-01-19 19:33:40,217 - root - INFO - epoch: 49 took 16.45s
2024-01-19 19:33:40,217 - root - INFO - epoch train mean loss: 0.5083775490522384
2024-01-19 19:33:40,217 - root - INFO - train acc: 0.831, test acc: 0.8257291666666666
2024-01-19 19:33:40,217 - root - INFO - train ap: 0.9024828876836202, val ap: 0.8985299858004933
2024-01-19 19:33:40,220 - root - INFO - start 50 epoch
2024-01-19 19:33:56,605 - root - INFO - epoch: 50 took 16.38s
2024-01-19 19:33:56,605 - root - INFO - epoch train mean loss: 0.4796985407670339
2024-01-19 19:33:56,605 - root - INFO - train acc: 0.8406296296296297, test acc: 0.8446875
2024-01-19 19:33:56,605 - root - INFO - train ap: 0.9086403343520144, val ap: 0.9051427087162193
2024-01-19 19:33:56,608 - root - INFO - start 51 epoch
2024-01-19 19:34:12,985 - root - INFO - epoch: 51 took 16.38s
2024-01-19 19:34:12,985 - root - INFO - epoch train mean loss: 0.4623640726010005
2024-01-19 19:34:12,985 - root - INFO - train acc: 0.860462962962963, test acc: 0.8596875
2024-01-19 19:34:12,985 - root - INFO - train ap: 0.915737193203532, val ap: 0.9123036356716281
2024-01-19 19:34:12,988 - root - INFO - start 52 epoch
2024-01-19 19:34:29,376 - root - INFO - epoch: 52 took 16.39s
2024-01-19 19:34:29,376 - root - INFO - epoch train mean loss: 0.4269981284936269
2024-01-19 19:34:29,376 - root - INFO - train acc: 0.8692592592592593, test acc: 0.8684375
2024-01-19 19:34:29,376 - root - INFO - train ap: 0.9202243297019834, val ap: 0.9188890590538514
2024-01-19 19:34:29,379 - root - INFO - start 53 epoch
2024-01-19 19:34:45,748 - root - INFO - epoch: 53 took 16.37s
2024-01-19 19:34:45,748 - root - INFO - epoch train mean loss: 0.4019143462181091
2024-01-19 19:34:45,748 - root - INFO - train acc: 0.8739259259259259, test acc: 0.8734375
2024-01-19 19:34:45,748 - root - INFO - train ap: 0.9246631399221653, val ap: 0.9250682947414408
2024-01-19 19:34:45,751 - root - INFO - start 54 epoch
2024-01-19 19:35:02,104 - root - INFO - epoch: 54 took 16.35s
2024-01-19 19:35:02,104 - root - INFO - epoch train mean loss: 0.3822517563899358
2024-01-19 19:35:02,104 - root - INFO - train acc: 0.8777962962962962, test acc: 0.8771875
2024-01-19 19:35:02,104 - root - INFO - train ap: 0.9286516402205053, val ap: 0.9309707407437455
2024-01-19 19:35:02,107 - root - INFO - start 55 epoch
2024-01-19 19:35:18,581 - root - INFO - epoch: 55 took 16.47s
2024-01-19 19:35:18,581 - root - INFO - epoch train mean loss: 0.37308332820733386
2024-01-19 19:35:18,581 - root - INFO - train acc: 0.8857962962962963, test acc: 0.8847916666666666
2024-01-19 19:35:18,581 - root - INFO - train ap: 0.9320881087489056, val ap: 0.935952835506807
2024-01-19 19:35:18,584 - root - INFO - start 56 epoch
2024-01-19 19:35:34,943 - root - INFO - epoch: 56 took 16.36s
2024-01-19 19:35:34,943 - root - INFO - epoch train mean loss: 0.35655361314614614
2024-01-19 19:35:34,943 - root - INFO - train acc: 0.8928518518518519, test acc: 0.8879166666666667
2024-01-19 19:35:34,944 - root - INFO - train ap: 0.9353542133811056, val ap: 0.9383622708121213
2024-01-19 19:35:34,946 - root - INFO - start 57 epoch
2024-01-19 19:35:51,320 - root - INFO - epoch: 57 took 16.37s
2024-01-19 19:35:51,320 - root - INFO - epoch train mean loss: 0.34202537387609483
2024-01-19 19:35:51,320 - root - INFO - train acc: 0.8980185185185185, test acc: 0.894375
2024-01-19 19:35:51,320 - root - INFO - train ap: 0.9383341072445917, val ap: 0.942525072819945
2024-01-19 19:35:51,323 - root - INFO - start 58 epoch
2024-01-19 19:36:07,686 - root - INFO - epoch: 58 took 16.36s
2024-01-19 19:36:07,686 - root - INFO - epoch train mean loss: 0.3327689617872238
2024-01-19 19:36:07,686 - root - INFO - train acc: 0.9031111111111111, test acc: 0.896875
2024-01-19 19:36:07,686 - root - INFO - train ap: 0.9407578611551414, val ap: 0.9456377791593993
2024-01-19 19:36:07,689 - root - INFO - start 59 epoch
2024-01-19 19:36:24,061 - root - INFO - epoch: 59 took 16.37s
2024-01-19 19:36:24,062 - root - INFO - epoch train mean loss: 0.3219425449768702
2024-01-19 19:36:24,062 - root - INFO - train acc: 0.9079074074074073, test acc: 0.903125
2024-01-19 19:36:24,062 - root - INFO - train ap: 0.9427256213677399, val ap: 0.9473040699170194
2024-01-19 19:36:24,065 - root - INFO - start 60 epoch
2024-01-19 19:36:40,441 - root - INFO - epoch: 60 took 16.38s
2024-01-19 19:36:40,441 - root - INFO - epoch train mean loss: 0.31403729220231374
2024-01-19 19:36:40,441 - root - INFO - train acc: 0.911074074074074, test acc: 0.9025000000000001
2024-01-19 19:36:40,441 - root - INFO - train ap: 0.9445638694502345, val ap: 0.9466508325967942
2024-01-19 19:36:40,444 - root - INFO - start 61 epoch
2024-01-19 19:36:56,840 - root - INFO - epoch: 61 took 16.40s
2024-01-19 19:36:56,840 - root - INFO - epoch train mean loss: 0.3057198370496432
2024-01-19 19:36:56,841 - root - INFO - train acc: 0.9094074074074074, test acc: 0.9095833333333333
2024-01-19 19:36:56,841 - root - INFO - train ap: 0.9455646227185326, val ap: 0.9486566478319165
2024-01-19 19:36:56,844 - root - INFO - start 62 epoch
2024-01-19 19:37:13,242 - root - INFO - epoch: 62 took 16.40s
2024-01-19 19:37:13,243 - root - INFO - epoch train mean loss: 0.30035414149363837
2024-01-19 19:37:13,243 - root - INFO - train acc: 0.9094074074074074, test acc: 0.9120833333333334
2024-01-19 19:37:13,243 - root - INFO - train ap: 0.9470286332097727, val ap: 0.9499258667412711
2024-01-19 19:37:13,245 - root - INFO - start 63 epoch
2024-01-19 19:37:29,632 - root - INFO - epoch: 63 took 16.39s
2024-01-19 19:37:29,632 - root - INFO - epoch train mean loss: 0.295118976632754
2024-01-19 19:37:29,632 - root - INFO - train acc: 0.9134074074074076, test acc: 0.9133333333333333
2024-01-19 19:37:29,632 - root - INFO - train ap: 0.9490428545609887, val ap: 0.9512990401324535
2024-01-19 19:37:29,636 - root - INFO - start 64 epoch
2024-01-19 19:37:46,061 - root - INFO - epoch: 64 took 16.43s
2024-01-19 19:37:46,061 - root - INFO - epoch train mean loss: 0.27822195738554
2024-01-19 19:37:46,061 - root - INFO - train acc: 0.9160740740740742, test acc: 0.9152083333333334
2024-01-19 19:37:46,061 - root - INFO - train ap: 0.9505904045673593, val ap: 0.9516544039487729
2024-01-19 19:37:46,064 - root - INFO - start 65 epoch
2024-01-19 19:38:02,534 - root - INFO - epoch: 65 took 16.47s
2024-01-19 19:38:02,534 - root - INFO - epoch train mean loss: 0.2774712771177292
2024-01-19 19:38:02,534 - root - INFO - train acc: 0.9187407407407409, test acc: 0.9170833333333334
2024-01-19 19:38:02,534 - root - INFO - train ap: 0.9517682249127378, val ap: 0.9525144380339684
2024-01-19 19:38:02,537 - root - INFO - start 66 epoch
2024-01-19 19:38:18,907 - root - INFO - epoch: 66 took 16.37s
2024-01-19 19:38:18,908 - root - INFO - epoch train mean loss: 0.2688842311501503
2024-01-19 19:38:18,908 - root - INFO - train acc: 0.9214074074074073, test acc: 0.9183333333333333
2024-01-19 19:38:18,908 - root - INFO - train ap: 0.9528560971304039, val ap: 0.952171241848172
2024-01-19 19:38:18,911 - root - INFO - start 67 epoch
2024-01-19 19:38:35,317 - root - INFO - epoch: 67 took 16.41s
2024-01-19 19:38:35,318 - root - INFO - epoch train mean loss: 0.2652679373820623
2024-01-19 19:38:35,318 - root - INFO - train acc: 0.9209074074074075, test acc: 0.9195833333333333
2024-01-19 19:38:35,318 - root - INFO - train ap: 0.9534795264553755, val ap: 0.9513322896489111
2024-01-19 19:38:35,321 - root - INFO - start 68 epoch
2024-01-19 19:38:51,693 - root - INFO - epoch: 68 took 16.37s
2024-01-19 19:38:51,693 - root - INFO - epoch train mean loss: 0.26259573648373286
2024-01-19 19:38:51,693 - root - INFO - train acc: 0.9229074074074075, test acc: 0.9234375
2024-01-19 19:38:51,693 - root - INFO - train ap: 0.954429344204838, val ap: 0.9521457525702256
2024-01-19 19:38:51,696 - root - INFO - start 69 epoch
2024-01-19 19:39:08,084 - root - INFO - epoch: 69 took 16.39s
2024-01-19 19:39:08,084 - root - INFO - epoch train mean loss: 0.25155803312857944
2024-01-19 19:39:08,084 - root - INFO - train acc: 0.9235740740740741, test acc: 0.9272916666666666
2024-01-19 19:39:08,085 - root - INFO - train ap: 0.9552091762378861, val ap: 0.9527574334392126
2024-01-19 19:39:08,087 - root - INFO - start 70 epoch
2024-01-19 19:39:24,476 - root - INFO - epoch: 70 took 16.39s
2024-01-19 19:39:24,477 - root - INFO - epoch train mean loss: 0.24876089642445245
2024-01-19 19:39:24,477 - root - INFO - train acc: 0.9249074074074073, test acc: 0.9317708333333333
2024-01-19 19:39:24,477 - root - INFO - train ap: 0.9560541903737454, val ap: 0.9535283690542291
2024-01-19 19:39:24,480 - root - INFO - start 71 epoch
2024-01-19 19:39:40,878 - root - INFO - epoch: 71 took 16.40s
2024-01-19 19:39:40,878 - root - INFO - epoch train mean loss: 0.24330207804838816
2024-01-19 19:39:40,878 - root - INFO - train acc: 0.9262407407407406, test acc: 0.9311458333333333
2024-01-19 19:39:40,878 - root - INFO - train ap: 0.9572536341400603, val ap: 0.953906642778606
2024-01-19 19:39:40,881 - root - INFO - start 72 epoch
2024-01-19 19:39:57,264 - root - INFO - epoch: 72 took 16.38s
2024-01-19 19:39:57,265 - root - INFO - epoch train mean loss: 0.2465993841489156
2024-01-19 19:39:57,265 - root - INFO - train acc: 0.9280740740740739, test acc: 0.9285416666666666
2024-01-19 19:39:57,265 - root - INFO - train ap: 0.9581678739470177, val ap: 0.9542005779677074
2024-01-19 19:39:57,268 - root - INFO - start 73 epoch
2024-01-19 19:40:13,667 - root - INFO - epoch: 73 took 16.40s
2024-01-19 19:40:13,667 - root - INFO - epoch train mean loss: 0.23613889515399933
2024-01-19 19:40:13,667 - root - INFO - train acc: 0.927611111111111, test acc: 0.9297916666666667
2024-01-19 19:40:13,667 - root - INFO - train ap: 0.958899782605527, val ap: 0.9549304942705881
2024-01-19 19:40:13,670 - root - INFO - start 74 epoch
2024-01-19 19:40:30,070 - root - INFO - epoch: 74 took 16.40s
2024-01-19 19:40:30,071 - root - INFO - epoch train mean loss: 0.2321726605296135
2024-01-19 19:40:30,071 - root - INFO - train acc: 0.9287777777777777, test acc: 0.9336458333333333
2024-01-19 19:40:30,071 - root - INFO - train ap: 0.9595492084018139, val ap: 0.955635961057746
2024-01-19 19:40:30,074 - root - INFO - start 75 epoch
2024-01-19 19:40:46,575 - root - INFO - epoch: 75 took 16.50s
2024-01-19 19:40:46,575 - root - INFO - epoch train mean loss: 0.22804256404439607
2024-01-19 19:40:46,575 - root - INFO - train acc: 0.9302777777777779, test acc: 0.9342708333333334
2024-01-19 19:40:46,575 - root - INFO - train ap: 0.9602860837094743, val ap: 0.9562333086902377
2024-01-19 19:40:46,578 - root - INFO - start 76 epoch
2024-01-19 19:41:02,999 - root - INFO - epoch: 76 took 16.42s
2024-01-19 19:41:02,999 - root - INFO - epoch train mean loss: 0.2325223281979561
2024-01-19 19:41:02,999 - root - INFO - train acc: 0.9286111111111112, test acc: 0.9342708333333334
2024-01-19 19:41:02,999 - root - INFO - train ap: 0.9606139140198448, val ap: 0.9541226849716705
2024-01-19 19:41:03,003 - root - INFO - start 77 epoch
2024-01-19 19:41:19,401 - root - INFO - epoch: 77 took 16.40s
2024-01-19 19:41:19,402 - root - INFO - epoch train mean loss: 0.23156106571356455
2024-01-19 19:41:19,402 - root - INFO - train acc: 0.9309444444444445, test acc: 0.9348958333333334
2024-01-19 19:41:19,402 - root - INFO - train ap: 0.9611524958676474, val ap: 0.9549124714561413
2024-01-19 19:41:19,405 - root - INFO - start 78 epoch
2024-01-19 19:41:35,805 - root - INFO - epoch: 78 took 16.40s
2024-01-19 19:41:35,805 - root - INFO - epoch train mean loss: 0.2271798888842265
2024-01-19 19:41:35,805 - root - INFO - train acc: 0.9317777777777777, test acc: 0.9355208333333334
2024-01-19 19:41:35,805 - root - INFO - train ap: 0.9617864870750669, val ap: 0.9553438071926683
2024-01-19 19:41:35,808 - root - INFO - start 79 epoch
2024-01-19 19:41:52,225 - root - INFO - epoch: 79 took 16.42s
2024-01-19 19:41:52,225 - root - INFO - epoch train mean loss: 0.2191208908955256
2024-01-19 19:41:52,225 - root - INFO - train acc: 0.9331111111111111, test acc: 0.9367708333333333
2024-01-19 19:41:52,225 - root - INFO - train ap: 0.9625914766702637, val ap: 0.9559270488093835
2024-01-19 19:41:52,228 - root - INFO - start 80 epoch
2024-01-19 19:42:08,637 - root - INFO - epoch: 80 took 16.41s
2024-01-19 19:42:08,637 - root - INFO - epoch train mean loss: 0.222060194114844
2024-01-19 19:42:08,637 - root - INFO - train acc: 0.9346111111111112, test acc: 0.9367708333333333
2024-01-19 19:42:08,637 - root - INFO - train ap: 0.9634038042499732, val ap: 0.956413058698584
2024-01-19 19:42:08,640 - root - INFO - start 81 epoch
2024-01-19 19:42:25,019 - root - INFO - epoch: 81 took 16.38s
2024-01-19 19:42:25,019 - root - INFO - epoch train mean loss: 0.21229661703109742
2024-01-19 19:42:25,019 - root - INFO - train acc: 0.9352777777777777, test acc: 0.9367708333333333
2024-01-19 19:42:25,019 - root - INFO - train ap: 0.9639972472447813, val ap: 0.957045452455233
2024-01-19 19:42:25,022 - root - INFO - start 82 epoch
2024-01-19 19:42:41,421 - root - INFO - epoch: 82 took 16.40s
2024-01-19 19:42:41,421 - root - INFO - epoch train mean loss: 0.2166547546784083
2024-01-19 19:42:41,421 - root - INFO - train acc: 0.9354444444444444, test acc: 0.9367708333333333
2024-01-19 19:42:41,421 - root - INFO - train ap: 0.9646458891168378, val ap: 0.9572778558407578
2024-01-19 19:42:41,424 - root - INFO - start 83 epoch
2024-01-19 19:42:57,850 - root - INFO - epoch: 83 took 16.43s
2024-01-19 19:42:57,850 - root - INFO - epoch train mean loss: 0.20726918230454128
2024-01-19 19:42:57,850 - root - INFO - train acc: 0.9357777777777778, test acc: 0.9380208333333333
2024-01-19 19:42:57,850 - root - INFO - train ap: 0.9649460509684759, val ap: 0.9574969342364145
2024-01-19 19:42:57,853 - root - INFO - start 84 epoch
2024-01-19 19:43:14,239 - root - INFO - epoch: 84 took 16.39s
2024-01-19 19:43:14,239 - root - INFO - epoch train mean loss: 0.20727509036660194
2024-01-19 19:43:14,239 - root - INFO - train acc: 0.9366111111111111, test acc: 0.9380208333333333
2024-01-19 19:43:14,239 - root - INFO - train ap: 0.9652107254433661, val ap: 0.9577536016367167
2024-01-19 19:43:14,242 - root - INFO - start 85 epoch
2024-01-19 19:43:30,778 - root - INFO - epoch: 85 took 16.54s
2024-01-19 19:43:30,778 - root - INFO - epoch train mean loss: 0.20240963846445084
2024-01-19 19:43:30,778 - root - INFO - train acc: 0.9369444444444442, test acc: 0.9405208333333333
2024-01-19 19:43:30,778 - root - INFO - train ap: 0.965470720917931, val ap: 0.958156638549198
2024-01-19 19:43:30,781 - root - INFO - start 86 epoch
2024-01-19 19:43:47,191 - root - INFO - epoch: 86 took 16.41s
2024-01-19 19:43:47,191 - root - INFO - epoch train mean loss: 0.20276927798986435
2024-01-19 19:43:47,191 - root - INFO - train acc: 0.9372777777777777, test acc: 0.9405208333333333
2024-01-19 19:43:47,191 - root - INFO - train ap: 0.9657291331672765, val ap: 0.958047602713481
2024-01-19 19:43:47,194 - root - INFO - start 87 epoch
2024-01-19 19:44:03,626 - root - INFO - epoch: 87 took 16.43s
2024-01-19 19:44:03,626 - root - INFO - epoch train mean loss: 0.19969126482804617
2024-01-19 19:44:03,626 - root - INFO - train acc: 0.9377777777777777, test acc: 0.9411458333333333
2024-01-19 19:44:03,626 - root - INFO - train ap: 0.965835634561162, val ap: 0.9581263608711008
2024-01-19 19:44:03,629 - root - INFO - start 88 epoch
2024-01-19 19:44:20,042 - root - INFO - epoch: 88 took 16.41s
2024-01-19 19:44:20,042 - root - INFO - epoch train mean loss: 0.19990280270576477
2024-01-19 19:44:20,043 - root - INFO - train acc: 0.9384444444444443, test acc: 0.9417708333333333
2024-01-19 19:44:20,044 - root - INFO - train ap: 0.9661303719817507, val ap: 0.9585838833852671
2024-01-19 19:44:20,150 - root - INFO - start 89 epoch
2024-01-19 19:44:36,557 - root - INFO - epoch: 89 took 16.41s
2024-01-19 19:44:36,557 - root - INFO - epoch train mean loss: 0.19519279897212982
2024-01-19 19:44:36,557 - root - INFO - train acc: 0.9384444444444444, test acc: 0.9417708333333333
2024-01-19 19:44:36,557 - root - INFO - train ap: 0.9665639905132122, val ap: 0.958639113044385
2024-01-19 19:44:36,561 - root - INFO - start 90 epoch
2024-01-19 19:44:52,947 - root - INFO - epoch: 90 took 16.39s
2024-01-19 19:44:52,948 - root - INFO - epoch train mean loss: 0.19346745014190675
2024-01-19 19:44:52,948 - root - INFO - train acc: 0.9392777777777777, test acc: 0.9423958333333333
2024-01-19 19:44:52,948 - root - INFO - train ap: 0.9668615255454217, val ap: 0.9588873897325375
2024-01-19 19:44:52,951 - root - INFO - start 91 epoch
2024-01-19 19:45:09,368 - root - INFO - epoch: 91 took 16.42s
2024-01-19 19:45:09,368 - root - INFO - epoch train mean loss: 0.19464047079284985
2024-01-19 19:45:09,368 - root - INFO - train acc: 0.9394444444444442, test acc: 0.9417708333333333
2024-01-19 19:45:09,369 - root - INFO - train ap: 0.9671651866660186, val ap: 0.9590977332893499
2024-01-19 19:45:09,372 - root - INFO - start 92 epoch
2024-01-19 19:45:25,799 - root - INFO - epoch: 92 took 16.43s
2024-01-19 19:45:25,799 - root - INFO - epoch train mean loss: 0.18893367697795233
2024-01-19 19:45:25,799 - root - INFO - train acc: 0.9391111111111111, test acc: 0.9430208333333333
2024-01-19 19:45:25,799 - root - INFO - train ap: 0.9673590433423127, val ap: 0.9588580987741987
2024-01-19 19:45:25,802 - root - INFO - start 93 epoch
2024-01-19 19:45:42,209 - root - INFO - epoch: 93 took 16.41s
2024-01-19 19:45:42,209 - root - INFO - epoch train mean loss: 0.18927531068523726
2024-01-19 19:45:42,209 - root - INFO - train acc: 0.9409074074074072, test acc: 0.9430208333333333
2024-01-19 19:45:42,209 - root - INFO - train ap: 0.9676054558470193, val ap: 0.9590672040021804
2024-01-19 19:45:42,212 - root - INFO - start 94 epoch
2024-01-19 19:45:58,581 - root - INFO - epoch: 94 took 16.37s
2024-01-19 19:45:58,581 - root - INFO - epoch train mean loss: 0.1906110112865766
2024-01-19 19:45:58,581 - root - INFO - train acc: 0.9414074074074075, test acc: 0.9436458333333333
2024-01-19 19:45:58,581 - root - INFO - train ap: 0.9678947913377807, val ap: 0.9594068366270525
2024-01-19 19:45:58,584 - root - INFO - start 95 epoch
2024-01-19 19:46:15,076 - root - INFO - epoch: 95 took 16.49s
2024-01-19 19:46:15,076 - root - INFO - epoch train mean loss: 0.18578158517678578
2024-01-19 19:46:15,076 - root - INFO - train acc: 0.9422407407407408, test acc: 0.9442708333333334
2024-01-19 19:46:15,076 - root - INFO - train ap: 0.9680939915810904, val ap: 0.9598764285977974
2024-01-19 19:46:15,079 - root - INFO - start 96 epoch
2024-01-19 19:46:31,486 - root - INFO - epoch: 96 took 16.41s
2024-01-19 19:46:31,486 - root - INFO - epoch train mean loss: 0.1877933219075203
2024-01-19 19:46:31,486 - root - INFO - train acc: 0.9415740740740739, test acc: 0.9436458333333333
2024-01-19 19:46:31,486 - root - INFO - train ap: 0.9683339409030085, val ap: 0.9602014046622207
2024-01-19 19:46:31,490 - root - INFO - start 97 epoch
2024-01-19 19:46:47,871 - root - INFO - epoch: 97 took 16.38s
2024-01-19 19:46:47,871 - root - INFO - epoch train mean loss: 0.18593572104970615
2024-01-19 19:46:47,871 - root - INFO - train acc: 0.9427407407407405, test acc: 0.9448958333333333
2024-01-19 19:46:47,871 - root - INFO - train ap: 0.9684989062571723, val ap: 0.9605847768397678
2024-01-19 19:46:47,874 - root - INFO - start 98 epoch
2024-01-19 19:47:04,272 - root - INFO - epoch: 98 took 16.40s
2024-01-19 19:47:04,272 - root - INFO - epoch train mean loss: 0.18322759866714478
2024-01-19 19:47:04,272 - root - INFO - train acc: 0.9424074074074072, test acc: 0.9448958333333333
2024-01-19 19:47:04,272 - root - INFO - train ap: 0.9685975218261936, val ap: 0.9607661035529724
2024-01-19 19:47:04,276 - root - INFO - start 99 epoch
2024-01-19 19:47:20,681 - root - INFO - epoch: 99 took 16.41s
2024-01-19 19:47:20,682 - root - INFO - epoch train mean loss: 0.17970113183061281
2024-01-19 19:47:20,682 - root - INFO - train acc: 0.9429074074074073, test acc: 0.9455208333333334
2024-01-19 19:47:20,682 - root - INFO - train ap: 0.9688175956402474, val ap: 0.9608920925170047
2024-01-19 19:47:20,689 - root - INFO - TGN model saved
