2024-01-19 19:24:07,117 - root - INFO - Namespace(data='simulate_v1', bs=200, prefix='tgn-attn', n_degree=10, n_head=2, n_epoch=100, n_layer=2, lr=0.0001, patience=5, n_runs=1, drop_out=0.1, gpu=0, node_dim=100, time_dim=100, backprop_every=1, use_memory=True, embedding_module='graph_attention', message_function='identity', memory_updater='gru', aggregator='last', memory_update_at_end=True, message_dim=100, memory_dim=4, different_new_nodes=False, uniform=False, randomize_features=False, use_destination_embedding_in_message=False, use_source_embedding_in_message=False, dyrep=False)
2024-01-19 19:24:07,188 - root - INFO - num of training instances: 7159
2024-01-19 19:24:07,188 - root - INFO - num of batches per epoch: 36
2024-01-19 19:24:07,188 - root - INFO - start 0 epoch
2024-01-19 19:24:24,952 - root - INFO - epoch: 0 took 17.76s
2024-01-19 19:24:24,953 - root - INFO - epoch train mean loss: 0.7357508639494578
2024-01-19 19:24:24,953 - root - INFO - train acc: 0.5028293151642208, test acc: 0.4984837092731829
2024-01-19 19:24:24,953 - root - INFO - train ap: 0.44979554147745865, val ap: 0.440899791498286
2024-01-19 19:24:24,957 - root - INFO - start 1 epoch
2024-01-19 19:24:42,684 - root - INFO - epoch: 1 took 17.73s
2024-01-19 19:24:42,684 - root - INFO - epoch train mean loss: 0.712460340725051
2024-01-19 19:24:42,684 - root - INFO - train acc: 0.5082459818308874, test acc: 0.49737259816207174
2024-01-19 19:24:42,684 - root - INFO - train ap: 0.47772358556387, val ap: 0.46908189309958914
2024-01-19 19:24:42,687 - root - INFO - start 2 epoch
2024-01-19 19:25:00,429 - root - INFO - epoch: 2 took 17.74s
2024-01-19 19:25:00,429 - root - INFO - epoch train mean loss: 0.703381253613366
2024-01-19 19:25:00,430 - root - INFO - train acc: 0.5086670160726765, test acc: 0.5034920634920635
2024-01-19 19:25:00,430 - root - INFO - train ap: 0.5167171134197865, val ap: 0.5145093539807265
2024-01-19 19:25:00,433 - root - INFO - start 3 epoch
2024-01-19 19:25:18,176 - root - INFO - epoch: 3 took 17.74s
2024-01-19 19:25:18,176 - root - INFO - epoch train mean loss: 0.6969186729855008
2024-01-19 19:25:18,176 - root - INFO - train acc: 0.529159678546471, test acc: 0.5237677527151212
2024-01-19 19:25:18,176 - root - INFO - train ap: 0.5690179528885565, val ap: 0.5836437702026928
2024-01-19 19:25:18,180 - root - INFO - start 4 epoch
2024-01-19 19:25:35,980 - root - INFO - epoch: 4 took 17.80s
2024-01-19 19:25:35,980 - root - INFO - epoch train mean loss: 0.6936918960677253
2024-01-19 19:25:35,980 - root - INFO - train acc: 0.5464893431167017, test acc: 0.5532205513784461
2024-01-19 19:25:35,980 - root - INFO - train ap: 0.6093507513560736, val ap: 0.6242864168055933
2024-01-19 19:25:35,984 - root - INFO - start 5 epoch
2024-01-19 19:25:53,733 - root - INFO - epoch: 5 took 17.75s
2024-01-19 19:25:53,733 - root - INFO - epoch train mean loss: 0.6923702889018588
2024-01-19 19:25:53,733 - root - INFO - train acc: 0.5665653389238295, test acc: 0.5876691729323308
2024-01-19 19:25:53,733 - root - INFO - train ap: 0.6337836934406055, val ap: 0.6507803679982473
2024-01-19 19:25:53,736 - root - INFO - start 6 epoch
2024-01-19 19:26:11,471 - root - INFO - epoch: 6 took 17.73s
2024-01-19 19:26:11,471 - root - INFO - epoch train mean loss: 0.6896291159921222
2024-01-19 19:26:11,471 - root - INFO - train acc: 0.5858752620545072, test acc: 0.6071136173767753
2024-01-19 19:26:11,471 - root - INFO - train ap: 0.6525169617382373, val ap: 0.6674912050961656
2024-01-19 19:26:11,475 - root - INFO - start 7 epoch
2024-01-19 19:26:29,170 - root - INFO - epoch: 7 took 17.69s
2024-01-19 19:26:29,170 - root - INFO - epoch train mean loss: 0.6867932561371062
2024-01-19 19:26:29,170 - root - INFO - train acc: 0.591291928721174, test acc: 0.6240601503759398
2024-01-19 19:26:29,170 - root - INFO - train ap: 0.6715843286654356, val ap: 0.6856815096686023
2024-01-19 19:26:29,173 - root - INFO - start 8 epoch
2024-01-19 19:26:47,419 - root - INFO - epoch: 8 took 18.25s
2024-01-19 19:26:47,420 - root - INFO - epoch train mean loss: 0.6838333639833662
2024-01-19 19:26:47,420 - root - INFO - train acc: 0.6026135569531798, test acc: 0.6315580618212198
2024-01-19 19:26:47,420 - root - INFO - train ap: 0.6921892632405727, val ap: 0.7063078780983912
2024-01-19 19:26:47,423 - root - INFO - start 9 epoch
2024-01-19 19:27:05,215 - root - INFO - epoch: 9 took 17.79s
2024-01-19 19:27:05,216 - root - INFO - epoch train mean loss: 0.681611117389467
2024-01-19 19:27:05,216 - root - INFO - train acc: 0.6215382599580713, test acc: 0.6423893065998328
2024-01-19 19:27:05,216 - root - INFO - train ap: 0.7120031126513465, val ap: 0.7257653568861148
2024-01-19 19:27:05,219 - root - INFO - start 10 epoch
2024-01-19 19:27:22,972 - root - INFO - epoch: 10 took 17.75s
2024-01-19 19:27:22,972 - root - INFO - epoch train mean loss: 0.679092385702663
2024-01-19 19:27:22,973 - root - INFO - train acc: 0.6419994758909853, test acc: 0.6582247284878864
2024-01-19 19:27:22,973 - root - INFO - train ap: 0.7298049186406463, val ap: 0.7439436857113964
2024-01-19 19:27:22,976 - root - INFO - start 11 epoch
2024-01-19 19:27:41,004 - root - INFO - epoch: 11 took 18.03s
2024-01-19 19:27:41,004 - root - INFO - epoch train mean loss: 0.6770951863792207
2024-01-19 19:27:41,004 - root - INFO - train acc: 0.6585316212438852, test acc: 0.6710066833751045
2024-01-19 19:27:41,004 - root - INFO - train ap: 0.7435579945903518, val ap: 0.7587545011015133
2024-01-19 19:27:41,007 - root - INFO - start 12 epoch
2024-01-19 19:27:58,840 - root - INFO - epoch: 12 took 17.83s
2024-01-19 19:27:58,841 - root - INFO - epoch train mean loss: 0.6744777841700448
2024-01-19 19:27:58,841 - root - INFO - train acc: 0.6758569182389936, test acc: 0.6835045948203843
2024-01-19 19:27:58,841 - root - INFO - train ap: 0.7551359319293577, val ap: 0.7711442337902175
2024-01-19 19:27:58,844 - root - INFO - start 13 epoch
2024-01-19 19:28:16,616 - root - INFO - epoch: 13 took 17.77s
2024-01-19 19:28:16,616 - root - INFO - epoch train mean loss: 0.6702851901451746
2024-01-19 19:28:16,616 - root - INFO - train acc: 0.6854358839972048, test acc: 0.6976775271512113
2024-01-19 19:28:16,616 - root - INFO - train ap: 0.7643969136993864, val ap: 0.7802291681987852
2024-01-19 19:28:16,619 - root - INFO - start 14 epoch
2024-01-19 19:28:34,356 - root - INFO - epoch: 14 took 17.74s
2024-01-19 19:28:34,356 - root - INFO - epoch train mean loss: 0.6667969855997298
2024-01-19 19:28:34,356 - root - INFO - train acc: 0.6951895527603075, test acc: 0.712126148705096
2024-01-19 19:28:34,356 - root - INFO - train ap: 0.7725984346016895, val ap: 0.7860904034280887
2024-01-19 19:28:34,359 - root - INFO - start 15 epoch
2024-01-19 19:28:52,105 - root - INFO - epoch: 15 took 17.75s
2024-01-19 19:28:52,106 - root - INFO - epoch train mean loss: 0.6627002590232425
2024-01-19 19:28:52,106 - root - INFO - train acc: 0.695745108315863, test acc: 0.7124018379281538
2024-01-19 19:28:52,106 - root - INFO - train ap: 0.775339917044663, val ap: 0.781317978701825
2024-01-19 19:28:52,109 - root - INFO - start 16 epoch
2024-01-19 19:29:09,854 - root - INFO - epoch: 16 took 17.75s
2024-01-19 19:29:09,854 - root - INFO - epoch train mean loss: 0.6568082951837115
2024-01-19 19:29:09,854 - root - INFO - train acc: 0.6988722921034243, test acc: 0.7240685045948204
2024-01-19 19:29:09,854 - root - INFO - train ap: 0.7746760217670627, val ap: 0.7785846121938115
2024-01-19 19:29:09,858 - root - INFO - start 17 epoch
2024-01-19 19:29:27,580 - root - INFO - epoch: 17 took 17.72s
2024-01-19 19:29:27,580 - root - INFO - epoch train mean loss: 0.6512890607118607
2024-01-19 19:29:27,580 - root - INFO - train acc: 0.7042933263452131, test acc: 0.7282330827067668
2024-01-19 19:29:27,581 - root - INFO - train ap: 0.7785321831790737, val ap: 0.7834799905864994
2024-01-19 19:29:27,584 - root - INFO - start 18 epoch
2024-01-19 19:29:45,307 - root - INFO - epoch: 18 took 17.72s
2024-01-19 19:29:45,307 - root - INFO - epoch train mean loss: 0.6455771227677664
2024-01-19 19:29:45,307 - root - INFO - train acc: 0.7121069182389937, test acc: 0.7312949039264828
2024-01-19 19:29:45,308 - root - INFO - train ap: 0.783784096317433, val ap: 0.7891696019148292
2024-01-19 19:29:45,311 - root - INFO - start 19 epoch
2024-01-19 19:30:03,012 - root - INFO - epoch: 19 took 17.70s
2024-01-19 19:30:03,013 - root - INFO - epoch train mean loss: 0.6403430187039905
2024-01-19 19:30:03,013 - root - INFO - train acc: 0.7216902515723268, test acc: 0.7368546365914788
2024-01-19 19:30:03,013 - root - INFO - train ap: 0.7910037067693602, val ap: 0.7958458359732172
2024-01-19 19:30:03,016 - root - INFO - start 20 epoch
2024-01-19 19:30:20,802 - root - INFO - epoch: 20 took 17.79s
2024-01-19 19:30:20,803 - root - INFO - epoch train mean loss: 0.6326655298471451
2024-01-19 19:30:20,803 - root - INFO - train acc: 0.7280791404612159, test acc: 0.7438053467000836
2024-01-19 19:30:20,803 - root - INFO - train ap: 0.7985070724690613, val ap: 0.8036959957133115
2024-01-19 19:30:20,806 - root - INFO - start 21 epoch
2024-01-19 19:30:38,532 - root - INFO - epoch: 21 took 17.73s
2024-01-19 19:30:38,533 - root - INFO - epoch train mean loss: 0.6254517320129607
2024-01-19 19:30:38,533 - root - INFO - train acc: 0.7353729909154437, test acc: 0.7532581453634085
2024-01-19 19:30:38,533 - root - INFO - train ap: 0.8077545126514455, val ap: 0.8120179894326414
2024-01-19 19:30:38,536 - root - INFO - start 22 epoch
2024-01-19 19:30:56,245 - root - INFO - epoch: 22 took 17.71s
2024-01-19 19:30:56,245 - root - INFO - epoch train mean loss: 0.6166002485487196
2024-01-19 19:30:56,245 - root - INFO - train acc: 0.744750174703005, test acc: 0.7685421888053469
2024-01-19 19:30:56,245 - root - INFO - train ap: 0.8179045408076162, val ap: 0.8203628936081747
2024-01-19 19:30:56,248 - root - INFO - start 23 epoch
2024-01-19 19:31:14,005 - root - INFO - epoch: 23 took 17.76s
2024-01-19 19:31:14,005 - root - INFO - epoch train mean loss: 0.6048456827799479
2024-01-19 19:31:14,005 - root - INFO - train acc: 0.7499248777078966, test acc: 0.7732581453634085
2024-01-19 19:31:14,005 - root - INFO - train ap: 0.8225395640404898, val ap: 0.8247085054761046
2024-01-19 19:31:14,008 - root - INFO - start 24 epoch
2024-01-19 19:31:31,713 - root - INFO - epoch: 24 took 17.70s
2024-01-19 19:31:31,713 - root - INFO - epoch train mean loss: 0.5916128555933634
2024-01-19 19:31:31,713 - root - INFO - train acc: 0.7640959119496854, test acc: 0.784657477025898
2024-01-19 19:31:31,713 - root - INFO - train ap: 0.830186480918108, val ap: 0.8342261389932643
2024-01-19 19:31:31,716 - root - INFO - start 25 epoch
2024-01-19 19:31:49,440 - root - INFO - epoch: 25 took 17.72s
2024-01-19 19:31:49,441 - root - INFO - epoch train mean loss: 0.5751001636187235
2024-01-19 19:31:49,441 - root - INFO - train acc: 0.7776039482879105, test acc: 0.799390142021721
2024-01-19 19:31:49,441 - root - INFO - train ap: 0.838612416601511, val ap: 0.8447007707475914
2024-01-19 19:31:49,444 - root - INFO - start 26 epoch
2024-01-19 19:32:07,148 - root - INFO - epoch: 26 took 17.70s
2024-01-19 19:32:07,148 - root - INFO - epoch train mean loss: 0.5579382727543513
2024-01-19 19:32:07,148 - root - INFO - train acc: 0.7881953179594688, test acc: 0.8066165413533835
2024-01-19 19:32:07,148 - root - INFO - train ap: 0.8476718549252229, val ap: 0.8535186553757329
2024-01-19 19:32:07,151 - root - INFO - start 27 epoch
2024-01-19 19:32:24,864 - root - INFO - epoch: 27 took 17.71s
2024-01-19 19:32:24,865 - root - INFO - epoch train mean loss: 0.5456960706247224
2024-01-19 19:32:24,865 - root - INFO - train acc: 0.7953502795248077, test acc: 0.8168922305764411
2024-01-19 19:32:24,865 - root - INFO - train ap: 0.8554710685179225, val ap: 0.8600613384814968
2024-01-19 19:32:24,868 - root - INFO - start 28 epoch
2024-01-19 19:32:42,631 - root - INFO - epoch: 28 took 17.76s
2024-01-19 19:32:42,631 - root - INFO - epoch train mean loss: 0.5323634197314581
2024-01-19 19:32:42,631 - root - INFO - train acc: 0.8081280573025856, test acc: 0.8288429406850459
2024-01-19 19:32:42,631 - root - INFO - train ap: 0.8624752354564369, val ap: 0.8660775845156997
2024-01-19 19:32:42,635 - root - INFO - start 29 epoch
2024-01-19 19:33:00,387 - root - INFO - epoch: 29 took 17.75s
2024-01-19 19:33:00,387 - root - INFO - epoch train mean loss: 0.5193917155265808
2024-01-19 19:33:00,388 - root - INFO - train acc: 0.8155607966457022, test acc: 0.8405179615705931
2024-01-19 19:33:00,388 - root - INFO - train ap: 0.8697219974320798, val ap: 0.8724220999369574
2024-01-19 19:33:00,391 - root - INFO - start 30 epoch
2024-01-19 19:33:18,120 - root - INFO - epoch: 30 took 17.73s
2024-01-19 19:33:18,120 - root - INFO - epoch train mean loss: 0.5016173902485106
2024-01-19 19:33:18,120 - root - INFO - train acc: 0.8218107966457021, test acc: 0.8463533834586466
2024-01-19 19:33:18,120 - root - INFO - train ap: 0.8744485507060111, val ap: 0.8760706198336133
2024-01-19 19:33:18,123 - root - INFO - start 31 epoch
2024-01-19 19:33:35,815 - root - INFO - epoch: 31 took 17.69s
2024-01-19 19:33:35,815 - root - INFO - epoch train mean loss: 0.4902334801024861
2024-01-19 19:33:35,815 - root - INFO - train acc: 0.8274021663172607, test acc: 0.8524603174603174
2024-01-19 19:33:35,815 - root - INFO - train ap: 0.8791410501867918, val ap: 0.8833581038461158
2024-01-19 19:33:35,819 - root - INFO - start 32 epoch
2024-01-19 19:33:53,521 - root - INFO - epoch: 32 took 17.70s
2024-01-19 19:33:53,521 - root - INFO - epoch train mean loss: 0.4756816890504625
2024-01-19 19:33:53,522 - root - INFO - train acc: 0.8335490915443746, test acc: 0.8555179615705932
2024-01-19 19:33:53,522 - root - INFO - train ap: 0.8843140551659965, val ap: 0.8894800573724362
2024-01-19 19:33:53,525 - root - INFO - start 33 epoch
2024-01-19 19:34:11,244 - root - INFO - epoch: 33 took 17.72s
2024-01-19 19:34:11,244 - root - INFO - epoch train mean loss: 0.46639302538500893
2024-01-19 19:34:11,244 - root - INFO - train acc: 0.8429262753319358, test acc: 0.8594110275689224
2024-01-19 19:34:11,244 - root - INFO - train ap: 0.888559544067813, val ap: 0.8942651554728133
2024-01-19 19:34:11,247 - root - INFO - start 34 epoch
2024-01-19 19:34:28,944 - root - INFO - epoch: 34 took 17.70s
2024-01-19 19:34:28,944 - root - INFO - epoch train mean loss: 0.45357131047381294
2024-01-19 19:34:28,944 - root - INFO - train acc: 0.8512954227812719, test acc: 0.8658020050125312
2024-01-19 19:34:28,944 - root - INFO - train ap: 0.8926939641413821, val ap: 0.8984913691864942
2024-01-19 19:34:28,947 - root - INFO - start 35 epoch
2024-01-19 19:34:46,674 - root - INFO - epoch: 35 took 17.73s
2024-01-19 19:34:46,674 - root - INFO - epoch train mean loss: 0.44358356793721515
2024-01-19 19:34:46,674 - root - INFO - train acc: 0.8608787561146053, test acc: 0.8727485380116958
2024-01-19 19:34:46,674 - root - INFO - train ap: 0.8963806423217638, val ap: 0.9016205681499151
2024-01-19 19:34:46,677 - root - INFO - start 36 epoch
2024-01-19 19:35:04,398 - root - INFO - epoch: 36 took 17.72s
2024-01-19 19:35:04,398 - root - INFO - epoch train mean loss: 0.42915842102633583
2024-01-19 19:35:04,398 - root - INFO - train acc: 0.8667479035639414, test acc: 0.8785881370091897
2024-01-19 19:35:04,398 - root - INFO - train ap: 0.8994636681861565, val ap: 0.9052333537048055
2024-01-19 19:35:04,401 - root - INFO - start 37 epoch
2024-01-19 19:35:22,252 - root - INFO - epoch: 37 took 17.85s
2024-01-19 19:35:22,252 - root - INFO - epoch train mean loss: 0.4195214956998825
2024-01-19 19:35:22,252 - root - INFO - train acc: 0.8711250873515025, test acc: 0.8813659147869674
2024-01-19 19:35:22,252 - root - INFO - train ap: 0.9022572940465885, val ap: 0.9089365385784315
2024-01-19 19:35:22,255 - root - INFO - start 38 epoch
2024-01-19 19:35:40,005 - root - INFO - epoch: 38 took 17.75s
2024-01-19 19:35:40,005 - root - INFO - epoch train mean loss: 0.40570073740349877
2024-01-19 19:35:40,006 - root - INFO - train acc: 0.8749109014675053, test acc: 0.8835881370091897
2024-01-19 19:35:40,006 - root - INFO - train ap: 0.9048566624072935, val ap: 0.9111226462168843
2024-01-19 19:35:40,009 - root - INFO - start 39 epoch
2024-01-19 19:35:57,773 - root - INFO - epoch: 39 took 17.76s
2024-01-19 19:35:57,773 - root - INFO - epoch train mean loss: 0.40099216086996925
2024-01-19 19:35:57,773 - root - INFO - train acc: 0.8779664570230609, test acc: 0.8874770258980785
2024-01-19 19:35:57,773 - root - INFO - train ap: 0.9072152335825794, val ap: 0.9141571700967521
2024-01-19 19:35:57,776 - root - INFO - start 40 epoch
2024-01-19 19:36:15,938 - root - INFO - epoch: 40 took 18.16s
2024-01-19 19:36:15,938 - root - INFO - epoch train mean loss: 0.3897504135966301
2024-01-19 19:36:15,938 - root - INFO - train acc: 0.8808158630328442, test acc: 0.8885881370091897
2024-01-19 19:36:15,938 - root - INFO - train ap: 0.9092746759647942, val ap: 0.9163081527688371
2024-01-19 19:36:15,941 - root - INFO - start 41 epoch
2024-01-19 19:36:33,642 - root - INFO - epoch: 41 took 17.70s
2024-01-19 19:36:33,643 - root - INFO - epoch train mean loss: 0.3836401692695088
2024-01-19 19:36:33,643 - root - INFO - train acc: 0.8839072327044025, test acc: 0.8908103592314117
2024-01-19 19:36:33,643 - root - INFO - train ap: 0.9106847218103165, val ap: 0.9183888372272748
2024-01-19 19:36:33,646 - root - INFO - start 42 epoch
2024-01-19 19:36:51,358 - root - INFO - epoch: 42 took 17.71s
2024-01-19 19:36:51,358 - root - INFO - epoch train mean loss: 0.3751026896966828
2024-01-19 19:36:51,358 - root - INFO - train acc: 0.8861294549266248, test acc: 0.8941436925647452
2024-01-19 19:36:51,358 - root - INFO - train ap: 0.912668492398571, val ap: 0.9202656707047664
2024-01-19 19:36:51,361 - root - INFO - start 43 epoch
2024-01-19 19:37:09,064 - root - INFO - epoch: 43 took 17.70s
2024-01-19 19:37:09,064 - root - INFO - epoch train mean loss: 0.3740472263760037
2024-01-19 19:37:09,064 - root - INFO - train acc: 0.8874467155835081, test acc: 0.8958103592314117
2024-01-19 19:37:09,064 - root - INFO - train ap: 0.9144792958210299, val ap: 0.9218093912400271
2024-01-19 19:37:09,067 - root - INFO - start 44 epoch
2024-01-19 19:37:26,808 - root - INFO - epoch: 44 took 17.74s
2024-01-19 19:37:26,808 - root - INFO - epoch train mean loss: 0.3667869286404716
2024-01-19 19:37:26,808 - root - INFO - train acc: 0.8890103074772884, test acc: 0.895810359231412
2024-01-19 19:37:26,808 - root - INFO - train ap: 0.9158762823448264, val ap: 0.9233260721829661
2024-01-19 19:37:26,811 - root - INFO - start 45 epoch
2024-01-19 19:37:44,585 - root - INFO - epoch: 45 took 17.77s
2024-01-19 19:37:44,585 - root - INFO - epoch train mean loss: 0.35759154127703774
2024-01-19 19:37:44,585 - root - INFO - train acc: 0.8918238993710692, test acc: 0.8963659147869674
2024-01-19 19:37:44,585 - root - INFO - train ap: 0.9172565937739923, val ap: 0.9251925292801507
2024-01-19 19:37:44,588 - root - INFO - start 46 epoch
2024-01-19 19:38:02,302 - root - INFO - epoch: 46 took 17.71s
2024-01-19 19:38:02,302 - root - INFO - epoch train mean loss: 0.35080177668068147
2024-01-19 19:38:02,302 - root - INFO - train acc: 0.8936294549266248, test acc: 0.8952548036758563
2024-01-19 19:38:02,302 - root - INFO - train ap: 0.918492711237955, val ap: 0.9273033655469907
2024-01-19 19:38:02,306 - root - INFO - start 47 epoch
2024-01-19 19:38:19,982 - root - INFO - epoch: 47 took 17.68s
2024-01-19 19:38:19,983 - root - INFO - epoch train mean loss: 0.3438466712832451
2024-01-19 19:38:19,983 - root - INFO - train acc: 0.8940461215932916, test acc: 0.8946992481203009
2024-01-19 19:38:19,983 - root - INFO - train ap: 0.919494007925088, val ap: 0.928855073064086
2024-01-19 19:38:19,986 - root - INFO - start 48 epoch
2024-01-19 19:38:37,702 - root - INFO - epoch: 48 took 17.72s
2024-01-19 19:38:37,702 - root - INFO - epoch train mean loss: 0.3372216348846753
2024-01-19 19:38:37,702 - root - INFO - train acc: 0.8961294549266248, test acc: 0.8966457811194655
2024-01-19 19:38:37,702 - root - INFO - train ap: 0.920681064062862, val ap: 0.9302999499132599
2024-01-19 19:38:37,705 - root - INFO - start 49 epoch
2024-01-19 19:38:55,428 - root - INFO - epoch: 49 took 17.72s
2024-01-19 19:38:55,428 - root - INFO - epoch train mean loss: 0.3350597814553314
2024-01-19 19:38:55,428 - root - INFO - train acc: 0.8980738993710692, test acc: 0.8980367585630744
2024-01-19 19:38:55,428 - root - INFO - train ap: 0.9218600889359961, val ap: 0.9315530277684514
2024-01-19 19:38:55,431 - root - INFO - start 50 epoch
2024-01-19 19:39:13,146 - root - INFO - epoch: 50 took 17.71s
2024-01-19 19:39:13,146 - root - INFO - epoch train mean loss: 0.32782333675358033
2024-01-19 19:39:13,146 - root - INFO - train acc: 0.900506638714186, test acc: 0.9008145363408521
2024-01-19 19:39:13,146 - root - INFO - train ap: 0.9226590679705065, val ap: 0.9327193843992014
2024-01-19 19:39:13,149 - root - INFO - start 51 epoch
2024-01-19 19:39:30,827 - root - INFO - epoch: 51 took 17.68s
2024-01-19 19:39:30,827 - root - INFO - epoch train mean loss: 0.3241337239742279
2024-01-19 19:39:30,827 - root - INFO - train acc: 0.9023121942697414, test acc: 0.9030367585630744
2024-01-19 19:39:30,827 - root - INFO - train ap: 0.9236235438959398, val ap: 0.933521343287099
2024-01-19 19:39:30,830 - root - INFO - start 52 epoch
2024-01-19 19:39:48,509 - root - INFO - epoch: 52 took 17.68s
2024-01-19 19:39:48,509 - root - INFO - epoch train mean loss: 0.3209017188184791
2024-01-19 19:39:48,509 - root - INFO - train acc: 0.9028319357092942, test acc: 0.9038721804511278
2024-01-19 19:39:48,509 - root - INFO - train ap: 0.9244485664775959, val ap: 0.9340284812659961
2024-01-19 19:39:48,512 - root - INFO - start 53 epoch
2024-01-19 19:40:06,308 - root - INFO - epoch: 53 took 17.80s
2024-01-19 19:40:06,309 - root - INFO - epoch train mean loss: 0.31535177305340767
2024-01-19 19:40:06,309 - root - INFO - train acc: 0.9031455276030749, test acc: 0.9063700918964077
2024-01-19 19:40:06,309 - root - INFO - train ap: 0.9252234171381579, val ap: 0.9343985494131406
2024-01-19 19:40:06,312 - root - INFO - start 54 epoch
2024-01-19 19:40:24,051 - root - INFO - epoch: 54 took 17.74s
2024-01-19 19:40:24,051 - root - INFO - epoch train mean loss: 0.3073843816916148
2024-01-19 19:40:24,051 - root - INFO - train acc: 0.9045658630328443, test acc: 0.9055388471177945
2024-01-19 19:40:24,051 - root - INFO - train ap: 0.9259806644805351, val ap: 0.9342820577070443
2024-01-19 19:40:24,054 - root - INFO - start 55 epoch
2024-01-19 19:40:41,746 - root - INFO - epoch: 55 took 17.69s
2024-01-19 19:40:41,746 - root - INFO - epoch train mean loss: 0.3074348473714458
2024-01-19 19:40:41,746 - root - INFO - train acc: 0.9042880852550665, test acc: 0.9063700918964077
2024-01-19 19:40:41,746 - root - INFO - train ap: 0.9267390131066401, val ap: 0.9351709797210331
2024-01-19 19:40:41,749 - root - INFO - start 56 epoch
2024-01-19 19:40:59,452 - root - INFO - epoch: 56 took 17.70s
2024-01-19 19:40:59,452 - root - INFO - epoch train mean loss: 0.30312465876340866
2024-01-19 19:40:59,452 - root - INFO - train acc: 0.9045658630328445, test acc: 0.9085923141186298
2024-01-19 19:40:59,452 - root - INFO - train ap: 0.9271703754555498, val ap: 0.9358304834645015
2024-01-19 19:40:59,455 - root - INFO - start 57 epoch
2024-01-19 19:41:17,175 - root - INFO - epoch: 57 took 17.72s
2024-01-19 19:41:17,176 - root - INFO - epoch train mean loss: 0.30876626032922005
2024-01-19 19:41:17,176 - root - INFO - train acc: 0.9056769741439553, test acc: 0.9088721804511278
2024-01-19 19:41:17,176 - root - INFO - train ap: 0.9276592413208538, val ap: 0.9361907566911434
2024-01-19 19:41:17,179 - root - INFO - start 58 epoch
2024-01-19 19:41:34,840 - root - INFO - epoch: 58 took 17.66s
2024-01-19 19:41:34,840 - root - INFO - epoch train mean loss: 0.2992952275607321
2024-01-19 19:41:34,840 - root - INFO - train acc: 0.9074825296995108, test acc: 0.9094277360066835
2024-01-19 19:41:34,840 - root - INFO - train ap: 0.9278085627746135, val ap: 0.9367936059809414
2024-01-19 19:41:34,843 - root - INFO - start 59 epoch
2024-01-19 19:41:52,590 - root - INFO - epoch: 59 took 17.75s
2024-01-19 19:41:52,590 - root - INFO - epoch train mean loss: 0.3010883927345276
2024-01-19 19:41:52,590 - root - INFO - train acc: 0.9079350104821804, test acc: 0.91109440267335
2024-01-19 19:41:52,590 - root - INFO - train ap: 0.9285390959864954, val ap: 0.9371696779059433
2024-01-19 19:41:52,593 - root - INFO - start 60 epoch
2024-01-19 19:42:10,862 - root - INFO - epoch: 60 took 18.27s
2024-01-19 19:42:10,863 - root - INFO - epoch train mean loss: 0.2952990134557088
2024-01-19 19:42:10,863 - root - INFO - train acc: 0.9083516771488471, test acc: 0.91109440267335
2024-01-19 19:42:10,863 - root - INFO - train ap: 0.92897249005955, val ap: 0.937386425056493
2024-01-19 19:42:10,866 - root - INFO - start 61 epoch
2024-01-19 19:42:28,734 - root - INFO - epoch: 61 took 17.87s
2024-01-19 19:42:28,734 - root - INFO - epoch train mean loss: 0.29560938229163486
2024-01-19 19:42:28,734 - root - INFO - train acc: 0.9101572327044026, test acc: 0.91109440267335
2024-01-19 19:42:28,734 - root - INFO - train ap: 0.9297332923239006, val ap: 0.9378208131333202
2024-01-19 19:42:28,738 - root - INFO - start 62 epoch
2024-01-19 19:42:46,516 - root - INFO - epoch: 62 took 17.78s
2024-01-19 19:42:46,516 - root - INFO - epoch train mean loss: 0.28882144598497284
2024-01-19 19:42:46,516 - root - INFO - train acc: 0.9114072327044026, test acc: 0.9133166248955723
2024-01-19 19:42:46,516 - root - INFO - train ap: 0.9304445619186406, val ap: 0.9384996646377893
2024-01-19 19:42:46,520 - root - INFO - start 63 epoch
2024-01-19 19:43:04,314 - root - INFO - epoch: 63 took 17.79s
2024-01-19 19:43:04,314 - root - INFO - epoch train mean loss: 0.28820863448911244
2024-01-19 19:43:04,314 - root - INFO - train acc: 0.9132127882599581, test acc: 0.9144277360066835
2024-01-19 19:43:04,314 - root - INFO - train ap: 0.9306796099604318, val ap: 0.93879662449987
2024-01-19 19:43:04,317 - root - INFO - start 64 epoch
2024-01-19 19:43:22,066 - root - INFO - epoch: 64 took 17.75s
2024-01-19 19:43:22,066 - root - INFO - epoch train mean loss: 0.28837769602735835
2024-01-19 19:43:22,066 - root - INFO - train acc: 0.9143238993710694, test acc: 0.9149832915622389
2024-01-19 19:43:22,066 - root - INFO - train ap: 0.9312933364190898, val ap: 0.9390740672688369
2024-01-19 19:43:22,069 - root - INFO - start 65 epoch
2024-01-19 19:43:39,782 - root - INFO - epoch: 65 took 17.71s
2024-01-19 19:43:39,782 - root - INFO - epoch train mean loss: 0.28214365657832885
2024-01-19 19:43:39,782 - root - INFO - train acc: 0.9144986023759611, test acc: 0.9155388471177945
2024-01-19 19:43:39,782 - root - INFO - train ap: 0.9320420519149892, val ap: 0.9398616370297884
2024-01-19 19:43:39,785 - root - INFO - start 66 epoch
2024-01-19 19:43:57,515 - root - INFO - epoch: 66 took 17.73s
2024-01-19 19:43:57,515 - root - INFO - epoch train mean loss: 0.27854125739799607
2024-01-19 19:43:57,515 - root - INFO - train acc: 0.9157486023759609, test acc: 0.9166499582289056
2024-01-19 19:43:57,515 - root - INFO - train ap: 0.932545715679336, val ap: 0.9404073965206394
2024-01-19 19:43:57,518 - root - INFO - start 67 epoch
2024-01-19 19:44:15,235 - root - INFO - epoch: 67 took 17.72s
2024-01-19 19:44:15,235 - root - INFO - epoch train mean loss: 0.2784629844956928
2024-01-19 19:44:15,235 - root - INFO - train acc: 0.9164788609364083, test acc: 0.9166499582289056
2024-01-19 19:44:15,235 - root - INFO - train ap: 0.9328965599907928, val ap: 0.940610560396562
2024-01-19 19:44:15,238 - root - INFO - start 68 epoch
2024-01-19 19:44:32,956 - root - INFO - epoch: 68 took 17.72s
2024-01-19 19:44:32,956 - root - INFO - epoch train mean loss: 0.27316277391380733
2024-01-19 19:44:32,956 - root - INFO - train acc: 0.9174510831586306, test acc: 0.9160944026733502
2024-01-19 19:44:32,956 - root - INFO - train ap: 0.9332662905231681, val ap: 0.9412187759069427
2024-01-19 19:44:32,959 - root - INFO - start 69 epoch
2024-01-19 19:44:50,675 - root - INFO - epoch: 69 took 17.72s
2024-01-19 19:44:50,675 - root - INFO - epoch train mean loss: 0.27503542229533195
2024-01-19 19:44:50,675 - root - INFO - train acc: 0.9175899720475194, test acc: 0.9166499582289056
2024-01-19 19:44:50,675 - root - INFO - train ap: 0.9335248177445692, val ap: 0.9414242000004376
2024-01-19 19:44:50,678 - root - INFO - start 70 epoch
2024-01-19 19:45:08,472 - root - INFO - epoch: 70 took 17.79s
2024-01-19 19:45:08,473 - root - INFO - epoch train mean loss: 0.2676621447834704
2024-01-19 19:45:08,473 - root - INFO - train acc: 0.9180066387141861, test acc: 0.9166499582289056
2024-01-19 19:45:08,473 - root - INFO - train ap: 0.9340035245149304, val ap: 0.9415721344519032
2024-01-19 19:45:08,476 - root - INFO - start 71 epoch
2024-01-19 19:45:26,220 - root - INFO - epoch: 71 took 17.74s
2024-01-19 19:45:26,220 - root - INFO - epoch train mean loss: 0.2650233565105332
2024-01-19 19:45:26,220 - root - INFO - train acc: 0.9188399720475194, test acc: 0.9194277360066834
2024-01-19 19:45:26,220 - root - INFO - train ap: 0.9344601058803631, val ap: 0.9418042756164007
2024-01-19 19:45:26,223 - root - INFO - start 72 epoch
2024-01-19 19:45:43,981 - root - INFO - epoch: 72 took 17.76s
2024-01-19 19:45:43,981 - root - INFO - epoch train mean loss: 0.2664275248017576
2024-01-19 19:45:43,981 - root - INFO - train acc: 0.9195344164919638, test acc: 0.9194277360066834
2024-01-19 19:45:43,982 - root - INFO - train ap: 0.9348366643057852, val ap: 0.9417392546237117
2024-01-19 19:45:43,985 - root - INFO - start 73 epoch
2024-01-19 19:46:01,702 - root - INFO - epoch: 73 took 17.72s
2024-01-19 19:46:01,702 - root - INFO - epoch train mean loss: 0.2632405070794953
2024-01-19 19:46:01,702 - root - INFO - train acc: 0.9202646750524109, test acc: 0.9199832915622389
2024-01-19 19:46:01,702 - root - INFO - train ap: 0.9349871832449921, val ap: 0.941902606156729
2024-01-19 19:46:01,705 - root - INFO - start 74 epoch
2024-01-19 19:46:19,427 - root - INFO - epoch: 74 took 17.72s
2024-01-19 19:46:19,427 - root - INFO - epoch train mean loss: 0.259491959379779
2024-01-19 19:46:19,427 - root - INFO - train acc: 0.921514675052411, test acc: 0.9222055137844613
2024-01-19 19:46:19,427 - root - INFO - train ap: 0.9354282029920655, val ap: 0.9422841949044715
2024-01-19 19:46:19,430 - root - INFO - start 75 epoch
2024-01-19 19:46:37,129 - root - INFO - epoch: 75 took 17.70s
2024-01-19 19:46:37,129 - root - INFO - epoch train mean loss: 0.25951145258214736
2024-01-19 19:46:37,129 - root - INFO - train acc: 0.9209591194968555, test acc: 0.9199832915622389
2024-01-19 19:46:37,129 - root - INFO - train ap: 0.9352453763730301, val ap: 0.9426443672957663
2024-01-19 19:46:37,132 - root - INFO - start 76 epoch
2024-01-19 19:46:54,833 - root - INFO - epoch: 76 took 17.70s
2024-01-19 19:46:54,833 - root - INFO - epoch train mean loss: 0.2561022780007786
2024-01-19 19:46:54,833 - root - INFO - train acc: 0.9216535639412999, test acc: 0.9227610693400167
2024-01-19 19:46:54,833 - root - INFO - train ap: 0.9355508471554363, val ap: 0.9427590239751594
2024-01-19 19:46:54,837 - root - INFO - start 77 epoch
2024-01-19 19:47:12,552 - root - INFO - epoch: 77 took 17.72s
2024-01-19 19:47:12,552 - root - INFO - epoch train mean loss: 0.2580394310255845
2024-01-19 19:47:12,552 - root - INFO - train acc: 0.9216535639412999, test acc: 0.9227610693400167
2024-01-19 19:47:12,552 - root - INFO - train ap: 0.935880247307628, val ap: 0.9430147944518471
2024-01-19 19:47:12,556 - root - INFO - start 78 epoch
2024-01-19 19:47:30,370 - root - INFO - epoch: 78 took 17.81s
2024-01-19 19:47:30,370 - root - INFO - epoch train mean loss: 0.2560034804046154
2024-01-19 19:47:30,370 - root - INFO - train acc: 0.9220702306079664, test acc: 0.9227610693400167
2024-01-19 19:47:30,370 - root - INFO - train ap: 0.9362251843344952, val ap: 0.9429077384000375
2024-01-19 19:47:30,373 - root - INFO - start 79 epoch
2024-01-19 19:47:48,093 - root - INFO - epoch: 79 took 17.72s
2024-01-19 19:47:48,093 - root - INFO - epoch train mean loss: 0.2536664692064126
2024-01-19 19:47:48,093 - root - INFO - train acc: 0.9230424528301889, test acc: 0.9233166248955723
2024-01-19 19:47:48,093 - root - INFO - train ap: 0.936760285717769, val ap: 0.9429711626467445
2024-01-19 19:47:48,096 - root - INFO - start 80 epoch
2024-01-19 19:48:05,802 - root - INFO - epoch: 80 took 17.71s
2024-01-19 19:48:05,803 - root - INFO - epoch train mean loss: 0.2503099942372905
2024-01-19 19:48:05,803 - root - INFO - train acc: 0.9231813417190777, test acc: 0.9258187134502924
2024-01-19 19:48:05,803 - root - INFO - train ap: 0.9371516948579686, val ap: 0.9431374945166446
2024-01-19 19:48:05,806 - root - INFO - start 81 epoch
2024-01-19 19:48:23,537 - root - INFO - epoch: 81 took 17.73s
2024-01-19 19:48:23,537 - root - INFO - epoch train mean loss: 0.2438215468492773
2024-01-19 19:48:23,537 - root - INFO - train acc: 0.9234591194968554, test acc: 0.9263742690058481
2024-01-19 19:48:23,537 - root - INFO - train ap: 0.9374061826085113, val ap: 0.9435040744862315
2024-01-19 19:48:23,540 - root - INFO - start 82 epoch
2024-01-19 19:48:41,272 - root - INFO - epoch: 82 took 17.73s
2024-01-19 19:48:41,272 - root - INFO - epoch train mean loss: 0.2462340953449408
2024-01-19 19:48:41,272 - root - INFO - train acc: 0.9242924528301886, test acc: 0.9258187134502924
2024-01-19 19:48:41,272 - root - INFO - train ap: 0.9380133743887671, val ap: 0.9435070880921904
2024-01-19 19:48:41,275 - root - INFO - start 83 epoch
2024-01-19 19:48:59,008 - root - INFO - epoch: 83 took 17.73s
2024-01-19 19:48:59,008 - root - INFO - epoch train mean loss: 0.24517631406585375
2024-01-19 19:48:59,008 - root - INFO - train acc: 0.925264675052411, test acc: 0.9258187134502924
2024-01-19 19:48:59,008 - root - INFO - train ap: 0.9382213369480097, val ap: 0.9436937699658599
2024-01-19 19:48:59,011 - root - INFO - start 84 epoch
2024-01-19 19:49:16,755 - root - INFO - epoch: 84 took 17.74s
2024-01-19 19:49:16,755 - root - INFO - epoch train mean loss: 0.24281389721565777
2024-01-19 19:49:16,755 - root - INFO - train acc: 0.9255424528301887, test acc: 0.9269298245614035
2024-01-19 19:49:16,755 - root - INFO - train ap: 0.9384678108381403, val ap: 0.943507939072463
2024-01-19 19:49:16,758 - root - INFO - start 85 epoch
2024-01-19 19:49:34,493 - root - INFO - epoch: 85 took 17.73s
2024-01-19 19:49:34,493 - root - INFO - epoch train mean loss: 0.2391036707493994
2024-01-19 19:49:34,493 - root - INFO - train acc: 0.926375786163522, test acc: 0.9274853801169591
2024-01-19 19:49:34,493 - root - INFO - train ap: 0.9384506375909589, val ap: 0.943665945275413
2024-01-19 19:49:34,496 - root - INFO - start 86 epoch
2024-01-19 19:49:52,316 - root - INFO - epoch: 86 took 17.82s
2024-01-19 19:49:52,316 - root - INFO - epoch train mean loss: 0.23697124049067497
2024-01-19 19:49:52,316 - root - INFO - train acc: 0.9269313417190777, test acc: 0.9274853801169591
2024-01-19 19:49:52,316 - root - INFO - train ap: 0.9385542071163177, val ap: 0.9437574532730874
2024-01-19 19:49:52,319 - root - INFO - start 87 epoch
2024-01-19 19:50:10,015 - root - INFO - epoch: 87 took 17.70s
2024-01-19 19:50:10,016 - root - INFO - epoch train mean loss: 0.23264936937226188
2024-01-19 19:50:10,016 - root - INFO - train acc: 0.9276257861635221, test acc: 0.9269298245614035
2024-01-19 19:50:10,016 - root - INFO - train ap: 0.9388020850723957, val ap: 0.9436983232925529
2024-01-19 19:50:10,019 - root - INFO - start 88 epoch
2024-01-19 19:50:27,731 - root - INFO - epoch: 88 took 17.71s
2024-01-19 19:50:27,731 - root - INFO - epoch train mean loss: 0.2360033645398087
2024-01-19 19:50:27,731 - root - INFO - train acc: 0.9284591194968554, test acc: 0.9274853801169591
2024-01-19 19:50:27,731 - root - INFO - train ap: 0.9391594819191081, val ap: 0.943895841940064
2024-01-19 19:50:27,734 - root - INFO - start 89 epoch
2024-01-19 19:50:45,451 - root - INFO - epoch: 89 took 17.72s
2024-01-19 19:50:45,452 - root - INFO - epoch train mean loss: 0.2323713464041551
2024-01-19 19:50:45,452 - root - INFO - train acc: 0.9291535639412998, test acc: 0.9263742690058481
2024-01-19 19:50:45,452 - root - INFO - train ap: 0.9395821288509377, val ap: 0.9438512567670274
2024-01-19 19:50:45,455 - root - INFO - start 90 epoch
2024-01-19 19:51:03,141 - root - INFO - epoch: 90 took 17.69s
2024-01-19 19:51:03,141 - root - INFO - epoch train mean loss: 0.2333297630151113
2024-01-19 19:51:03,141 - root - INFO - train acc: 0.9297091194968554, test acc: 0.9274853801169591
2024-01-19 19:51:03,141 - root - INFO - train ap: 0.9396985122586633, val ap: 0.9438950099250424
2024-01-19 19:51:03,144 - root - INFO - start 91 epoch
2024-01-19 19:51:20,861 - root - INFO - epoch: 91 took 17.72s
2024-01-19 19:51:20,861 - root - INFO - epoch train mean loss: 0.23122942613230812
2024-01-19 19:51:20,861 - root - INFO - train acc: 0.9295702306079665, test acc: 0.9269298245614035
2024-01-19 19:51:20,861 - root - INFO - train ap: 0.9398815977101356, val ap: 0.9438270777290345
2024-01-19 19:51:20,865 - root - INFO - start 92 epoch
2024-01-19 19:51:38,554 - root - INFO - epoch: 92 took 17.69s
2024-01-19 19:51:38,555 - root - INFO - epoch train mean loss: 0.22824199332131279
2024-01-19 19:51:38,555 - root - INFO - train acc: 0.9301257861635222, test acc: 0.9274853801169591
2024-01-19 19:51:38,555 - root - INFO - train ap: 0.9402006693031648, val ap: 0.9437886227266874
2024-01-19 19:51:38,558 - root - INFO - start 93 epoch
2024-01-19 19:51:56,259 - root - INFO - epoch: 93 took 17.70s
2024-01-19 19:51:56,259 - root - INFO - epoch train mean loss: 0.22975980531838205
2024-01-19 19:51:56,260 - root - INFO - train acc: 0.9304035639412999, test acc: 0.9266499582289056
2024-01-19 19:51:56,260 - root - INFO - train ap: 0.9403659707632905, val ap: 0.9438188534162306
2024-01-19 19:51:56,263 - root - INFO - start 94 epoch
2024-01-19 19:52:14,539 - root - INFO - epoch: 94 took 18.28s
2024-01-19 19:52:14,539 - root - INFO - epoch train mean loss: 0.22749395295977592
2024-01-19 19:52:14,539 - root - INFO - train acc: 0.9302646750524111, test acc: 0.9274853801169591
2024-01-19 19:52:14,539 - root - INFO - train ap: 0.9405629848612782, val ap: 0.9439550215261056
2024-01-19 19:52:14,543 - root - INFO - start 95 epoch
2024-01-19 19:52:32,278 - root - INFO - epoch: 95 took 17.74s
2024-01-19 19:52:32,278 - root - INFO - epoch train mean loss: 0.22812176454398367
2024-01-19 19:52:32,278 - root - INFO - train acc: 0.9312727113906359, test acc: 0.9277610693400167
2024-01-19 19:52:32,278 - root - INFO - train ap: 0.940924985425196, val ap: 0.9440606254163819
2024-01-19 19:52:32,281 - root - INFO - start 96 epoch
2024-01-19 19:52:50,288 - root - INFO - epoch: 96 took 18.01s
2024-01-19 19:52:50,288 - root - INFO - epoch train mean loss: 0.22570707814560997
2024-01-19 19:52:50,288 - root - INFO - train acc: 0.931411600279525, test acc: 0.9277610693400167
2024-01-19 19:52:50,288 - root - INFO - train ap: 0.941191466402092, val ap: 0.9441834729352053
2024-01-19 19:52:50,292 - root - INFO - start 97 epoch
2024-01-19 19:53:08,033 - root - INFO - epoch: 97 took 17.74s
2024-01-19 19:53:08,034 - root - INFO - epoch train mean loss: 0.22054319000906414
2024-01-19 19:53:08,034 - root - INFO - train acc: 0.9315504891684137, test acc: 0.9277610693400167
2024-01-19 19:53:08,034 - root - INFO - train ap: 0.9414917388745275, val ap: 0.9443328500829031
2024-01-19 19:53:08,037 - root - INFO - start 98 epoch
2024-01-19 19:53:25,770 - root - INFO - epoch: 98 took 17.73s
2024-01-19 19:53:25,770 - root - INFO - epoch train mean loss: 0.22358895962436995
2024-01-19 19:53:25,770 - root - INFO - train acc: 0.932383822501747, test acc: 0.9277610693400167
2024-01-19 19:53:25,770 - root - INFO - train ap: 0.9414811583763476, val ap: 0.94455174402282
2024-01-19 19:53:25,773 - root - INFO - start 99 epoch
2024-01-19 19:53:43,496 - root - INFO - epoch: 99 took 17.72s
2024-01-19 19:53:43,496 - root - INFO - epoch train mean loss: 0.2189769417875343
2024-01-19 19:53:43,496 - root - INFO - train acc: 0.932522711390636, test acc: 0.9277610693400167
2024-01-19 19:53:43,496 - root - INFO - train ap: 0.9417316586313026, val ap: 0.9447797970652019
2024-01-19 19:53:43,502 - root - INFO - TGN model saved
