2024-01-22 16:16:04,344 - root - INFO - Namespace(data='simulate_v1', bs=200, prefix='tgn-attn', n_degree=10, n_head=2, n_epoch=100, n_layer=2, lr=0.0001, patience=5, n_runs=1, drop_out=0.1, gpu=0, node_dim=100, time_dim=100, backprop_every=1, use_memory=True, embedding_module='graph_attention', message_function='identity', memory_updater='gru', aggregator='last', memory_update_at_end=True, message_dim=100, memory_dim=4, different_new_nodes=False, uniform=False, randomize_features=False, use_destination_embedding_in_message=False, use_source_embedding_in_message=False, dyrep=False)
2024-01-22 16:16:05,168 - root - INFO - num of training instances: 7159
2024-01-22 16:16:05,168 - root - INFO - num of batches per epoch: 36
2024-01-22 16:16:05,169 - root - INFO - start 0 epoch
2024-01-22 16:16:24,076 - root - INFO - epoch: 0 took 18.91s
2024-01-22 16:16:24,076 - root - INFO - epoch train mean loss: 0.7377355148394903
2024-01-22 16:16:24,076 - root - INFO - train acc: 0.5029682040531097, test acc: 0.4984837092731829
2024-01-22 16:16:24,076 - root - INFO - train ap: 0.45015958503312015, val ap: 0.441285231041479
2024-01-22 16:16:24,081 - root - INFO - start 1 epoch
2024-01-22 16:16:42,151 - root - INFO - epoch: 1 took 18.07s
2024-01-22 16:16:42,151 - root - INFO - epoch train mean loss: 0.7138378835386701
2024-01-22 16:16:42,151 - root - INFO - train acc: 0.5083848707197763, test acc: 0.4968170426065163
2024-01-22 16:16:42,151 - root - INFO - train ap: 0.47956334202630874, val ap: 0.471125954215259
2024-01-22 16:16:42,155 - root - INFO - start 2 epoch
2024-01-22 16:17:00,261 - root - INFO - epoch: 2 took 18.11s
2024-01-22 16:17:00,261 - root - INFO - epoch train mean loss: 0.702228950129615
2024-01-22 16:17:00,261 - root - INFO - train acc: 0.5098812019566737, test acc: 0.4993233082706767
2024-01-22 16:17:00,262 - root - INFO - train ap: 0.5224390433114033, val ap: 0.5210553466969576
2024-01-22 16:17:00,266 - root - INFO - start 3 epoch
2024-01-22 16:17:18,247 - root - INFO - epoch: 3 took 17.98s
2024-01-22 16:17:18,247 - root - INFO - epoch train mean loss: 0.6970596975750394
2024-01-22 16:17:18,247 - root - INFO - train acc: 0.5265522361984625, test acc: 0.5243274853801171
2024-01-22 16:17:18,247 - root - INFO - train ap: 0.5744521829975296, val ap: 0.5900220459970389
2024-01-22 16:17:18,252 - root - INFO - start 4 epoch
2024-01-22 16:17:36,322 - root - INFO - epoch: 4 took 18.07s
2024-01-22 16:17:36,322 - root - INFO - epoch train mean loss: 0.6941120094723172
2024-01-22 16:17:36,322 - root - INFO - train acc: 0.5451362683438155, test acc: 0.5484962406015037
2024-01-22 16:17:36,322 - root - INFO - train ap: 0.6125218440878558, val ap: 0.6283544660844087
2024-01-22 16:17:36,327 - root - INFO - start 5 epoch
2024-01-22 16:17:54,325 - root - INFO - epoch: 5 took 18.00s
2024-01-22 16:17:54,325 - root - INFO - epoch train mean loss: 0.6894569297631582
2024-01-22 16:17:54,325 - root - INFO - train acc: 0.5691684136967156, test acc: 0.5887802840434418
2024-01-22 16:17:54,325 - root - INFO - train ap: 0.6345965762706974, val ap: 0.6516533791864065
2024-01-22 16:17:54,330 - root - INFO - start 6 epoch
2024-01-22 16:18:12,350 - root - INFO - epoch: 6 took 18.02s
2024-01-22 16:18:12,350 - root - INFO - epoch train mean loss: 0.6882192972633574
2024-01-22 16:18:12,350 - root - INFO - train acc: 0.586291928721174, test acc: 0.614891395154553
2024-01-22 16:18:12,350 - root - INFO - train ap: 0.6524947417563942, val ap: 0.6671511961836416
2024-01-22 16:18:12,354 - root - INFO - start 7 epoch
2024-01-22 16:18:30,407 - root - INFO - epoch: 7 took 18.05s
2024-01-22 16:18:30,407 - root - INFO - epoch train mean loss: 0.687256375948588
2024-01-22 16:18:30,407 - root - INFO - train acc: 0.590006114605171, test acc: 0.6251712614870509
2024-01-22 16:18:30,407 - root - INFO - train ap: 0.6716298224117171, val ap: 0.6849409251585691
2024-01-22 16:18:30,411 - root - INFO - start 8 epoch
2024-01-22 16:18:48,483 - root - INFO - epoch: 8 took 18.07s
2024-01-22 16:18:48,484 - root - INFO - epoch train mean loss: 0.6843091050783793
2024-01-22 16:18:48,484 - root - INFO - train acc: 0.6020221872816212, test acc: 0.6290559732664996
2024-01-22 16:18:48,484 - root - INFO - train ap: 0.692560943636876, val ap: 0.7064118279357925
2024-01-22 16:18:48,488 - root - INFO - start 9 epoch
2024-01-22 16:19:06,569 - root - INFO - epoch: 9 took 18.08s
2024-01-22 16:19:06,569 - root - INFO - epoch train mean loss: 0.6818932758437263
2024-01-22 16:19:06,569 - root - INFO - train acc: 0.6213993710691824, test acc: 0.6401670843776107
2024-01-22 16:19:06,569 - root - INFO - train ap: 0.712197898005901, val ap: 0.7257045629971496
2024-01-22 16:19:06,573 - root - INFO - start 10 epoch
2024-01-22 16:19:24,743 - root - INFO - epoch: 10 took 18.17s
2024-01-22 16:19:24,743 - root - INFO - epoch train mean loss: 0.6799555338091321
2024-01-22 16:19:24,743 - root - INFO - train acc: 0.6396698113207547, test acc: 0.6501629072681704
2024-01-22 16:19:24,743 - root - INFO - train ap: 0.7300956802495598, val ap: 0.7446639714144246
2024-01-22 16:19:24,748 - root - INFO - start 11 epoch
2024-01-22 16:19:42,909 - root - INFO - epoch: 11 took 18.16s
2024-01-22 16:19:42,909 - root - INFO - epoch train mean loss: 0.6765866660409503
2024-01-22 16:19:42,909 - root - INFO - train acc: 0.6562377707896575, test acc: 0.6657226399331663
2024-01-22 16:19:42,909 - root - INFO - train ap: 0.7439263744186845, val ap: 0.7596177012148548
2024-01-22 16:19:42,914 - root - INFO - start 12 epoch
2024-01-22 16:20:00,912 - root - INFO - epoch: 12 took 18.00s
2024-01-22 16:20:00,912 - root - INFO - epoch train mean loss: 0.6737705204221938
2024-01-22 16:20:00,912 - root - INFO - train acc: 0.673043326345213, test acc: 0.6696115288220551
2024-01-22 16:20:00,912 - root - INFO - train ap: 0.7558901577795109, val ap: 0.7722672868896772
2024-01-22 16:20:00,916 - root - INFO - start 13 epoch
2024-01-22 16:20:18,991 - root - INFO - epoch: 13 took 18.08s
2024-01-22 16:20:18,992 - root - INFO - epoch train mean loss: 0.6700621164507337
2024-01-22 16:20:18,992 - root - INFO - train acc: 0.6861303284416491, test acc: 0.6987886382623225
2024-01-22 16:20:18,992 - root - INFO - train ap: 0.765689292665567, val ap: 0.7810918775765455
2024-01-22 16:20:18,996 - root - INFO - start 14 epoch
2024-01-22 16:20:36,975 - root - INFO - epoch: 14 took 17.98s
2024-01-22 16:20:36,975 - root - INFO - epoch train mean loss: 0.667094522052341
2024-01-22 16:20:36,975 - root - INFO - train acc: 0.694495108315863, test acc: 0.7118462823725982
2024-01-22 16:20:36,976 - root - INFO - train ap: 0.772303422806355, val ap: 0.7833208882639284
2024-01-22 16:20:36,980 - root - INFO - start 15 epoch
2024-01-22 16:20:55,007 - root - INFO - epoch: 15 took 18.03s
2024-01-22 16:20:55,007 - root - INFO - epoch train mean loss: 0.6611368407805761
2024-01-22 16:20:55,007 - root - INFO - train acc: 0.6923759608665269, test acc: 0.7201837928153717
2024-01-22 16:20:55,007 - root - INFO - train ap: 0.773647492554424, val ap: 0.7790175525037168
2024-01-22 16:20:55,011 - root - INFO - start 16 epoch
2024-01-22 16:21:13,049 - root - INFO - epoch: 16 took 18.04s
2024-01-22 16:21:13,049 - root - INFO - epoch train mean loss: 0.6555846449401643
2024-01-22 16:21:13,049 - root - INFO - train acc: 0.6995352900069881, test acc: 0.7285129490392648
2024-01-22 16:21:13,049 - root - INFO - train ap: 0.7744741596746195, val ap: 0.7789533604873529
2024-01-22 16:21:13,053 - root - INFO - start 17 epoch
2024-01-22 16:21:31,064 - root - INFO - epoch: 17 took 18.01s
2024-01-22 16:21:31,065 - root - INFO - epoch train mean loss: 0.6513977895180384
2024-01-22 16:21:31,065 - root - INFO - train acc: 0.7045711041229908, test acc: 0.7299039264828737
2024-01-22 16:21:31,065 - root - INFO - train ap: 0.7786778113908338, val ap: 0.7838305900563748
2024-01-22 16:21:31,069 - root - INFO - start 18 epoch
2024-01-22 16:21:49,185 - root - INFO - epoch: 18 took 18.12s
2024-01-22 16:21:49,185 - root - INFO - epoch train mean loss: 0.6450836310784022
2024-01-22 16:21:49,185 - root - INFO - train acc: 0.7123846960167715, test acc: 0.7299081035923142
2024-01-22 16:21:49,185 - root - INFO - train ap: 0.7840985463575392, val ap: 0.7901920086527144
2024-01-22 16:21:49,189 - root - INFO - start 19 epoch
2024-01-22 16:22:07,266 - root - INFO - epoch: 19 took 18.08s
2024-01-22 16:22:07,266 - root - INFO - epoch train mean loss: 0.639419534140163
2024-01-22 16:22:07,267 - root - INFO - train acc: 0.7209958071278826, test acc: 0.7388011695906432
2024-01-22 16:22:07,267 - root - INFO - train ap: 0.7916523781388364, val ap: 0.7965075914335135
2024-01-22 16:22:07,271 - root - INFO - start 20 epoch
2024-01-22 16:22:25,267 - root - INFO - epoch: 20 took 18.00s
2024-01-22 16:22:25,267 - root - INFO - epoch train mean loss: 0.6333171245124605
2024-01-22 16:22:25,267 - root - INFO - train acc: 0.729190251572327, test acc: 0.7410275689223058
2024-01-22 16:22:25,267 - root - INFO - train ap: 0.799534546365281, val ap: 0.804744949431549
2024-01-22 16:22:25,271 - root - INFO - start 21 epoch
2024-01-22 16:22:43,269 - root - INFO - epoch: 21 took 18.00s
2024-01-22 16:22:43,269 - root - INFO - epoch train mean loss: 0.6235770036776861
2024-01-22 16:22:43,269 - root - INFO - train acc: 0.7375279524807827, test acc: 0.7518713450292397
2024-01-22 16:22:43,269 - root - INFO - train ap: 0.8089800160048685, val ap: 0.8125703686853494
2024-01-22 16:22:43,273 - root - INFO - start 22 epoch
2024-01-22 16:23:01,288 - root - INFO - epoch: 22 took 18.01s
2024-01-22 16:23:01,288 - root - INFO - epoch train mean loss: 0.6125225457880232
2024-01-22 16:23:01,288 - root - INFO - train acc: 0.7440557302585604, test acc: 0.7690893901420216
2024-01-22 16:23:01,288 - root - INFO - train ap: 0.817740311207541, val ap: 0.8204080199605539
2024-01-22 16:23:01,292 - root - INFO - start 23 epoch
2024-01-22 16:23:19,314 - root - INFO - epoch: 23 took 18.02s
2024-01-22 16:23:19,314 - root - INFO - epoch train mean loss: 0.6015909115473429
2024-01-22 16:23:19,315 - root - INFO - train acc: 0.7518020614954578, test acc: 0.7713199665831244
2024-01-22 16:23:19,315 - root - INFO - train ap: 0.8230546315138699, val ap: 0.8251520635797934
2024-01-22 16:23:19,319 - root - INFO - start 24 epoch
2024-01-22 16:23:37,336 - root - INFO - epoch: 24 took 18.02s
2024-01-22 16:23:37,336 - root - INFO - epoch train mean loss: 0.5874099731445312
2024-01-22 16:23:37,336 - root - INFO - train acc: 0.7678459119496855, test acc: 0.7852130325814536
2024-01-22 16:23:37,336 - root - INFO - train ap: 0.8314772818508154, val ap: 0.8367079786054404
2024-01-22 16:23:37,340 - root - INFO - start 25 epoch
2024-01-22 16:23:55,425 - root - INFO - epoch: 25 took 18.09s
2024-01-22 16:23:55,425 - root - INFO - epoch train mean loss: 0.5719408922725253
2024-01-22 16:23:55,426 - root - INFO - train acc: 0.7788539482879107, test acc: 0.7991144527986633
2024-01-22 16:23:55,426 - root - INFO - train ap: 0.8393563811872815, val ap: 0.8460648534519946
2024-01-22 16:23:55,430 - root - INFO - start 26 epoch
2024-01-22 16:24:13,407 - root - INFO - epoch: 26 took 17.98s
2024-01-22 16:24:13,408 - root - INFO - epoch train mean loss: 0.5562333663304647
2024-01-22 16:24:13,408 - root - INFO - train acc: 0.7894453179594688, test acc: 0.804949874686717
2024-01-22 16:24:13,408 - root - INFO - train ap: 0.8480774543892919, val ap: 0.8544907581363476
2024-01-22 16:24:13,412 - root - INFO - start 27 epoch
2024-01-22 16:24:31,542 - root - INFO - epoch: 27 took 18.13s
2024-01-22 16:24:31,543 - root - INFO - epoch train mean loss: 0.5445990165074667
2024-01-22 16:24:31,543 - root - INFO - train acc: 0.7955922431865828, test acc: 0.8177276524644945
2024-01-22 16:24:31,543 - root - INFO - train ap: 0.8554488253937419, val ap: 0.860252895560421
2024-01-22 16:24:31,547 - root - INFO - start 28 epoch
2024-01-22 16:24:49,530 - root - INFO - epoch: 28 took 17.98s
2024-01-22 16:24:49,531 - root - INFO - epoch train mean loss: 0.5314525672131114
2024-01-22 16:24:49,531 - root - INFO - train acc: 0.8066002795248077, test acc: 0.8282873851294904
2024-01-22 16:24:49,531 - root - INFO - train ap: 0.8630601408256546, val ap: 0.8662468907844423
2024-01-22 16:24:49,535 - root - INFO - start 29 epoch
2024-01-22 16:25:07,598 - root - INFO - epoch: 29 took 18.06s
2024-01-22 16:25:07,598 - root - INFO - epoch train mean loss: 0.5157625302672386
2024-01-22 16:25:07,598 - root - INFO - train acc: 0.8158385744234801, test acc: 0.8413492063492063
2024-01-22 16:25:07,598 - root - INFO - train ap: 0.869329117917445, val ap: 0.8722609194856391
2024-01-22 16:25:07,602 - root - INFO - start 30 epoch
2024-01-22 16:25:25,658 - root - INFO - epoch: 30 took 18.06s
2024-01-22 16:25:25,659 - root - INFO - epoch train mean loss: 0.502981048491266
2024-01-22 16:25:25,659 - root - INFO - train acc: 0.819969426974144, test acc: 0.8477401837928153
2024-01-22 16:25:25,659 - root - INFO - train ap: 0.8742751953243735, val ap: 0.8761244583327642
2024-01-22 16:25:25,663 - root - INFO - start 31 epoch
2024-01-22 16:25:43,658 - root - INFO - epoch: 31 took 18.00s
2024-01-22 16:25:43,658 - root - INFO - epoch train mean loss: 0.4870881463090579
2024-01-22 16:25:43,658 - root - INFO - train acc: 0.82660464709993, test acc: 0.8519089390142022
2024-01-22 16:25:43,658 - root - INFO - train ap: 0.8792980348254142, val ap: 0.8830686333686418
2024-01-22 16:25:43,663 - root - INFO - start 32 epoch
2024-01-22 16:26:01,697 - root - INFO - epoch: 32 took 18.03s
2024-01-22 16:26:01,697 - root - INFO - epoch train mean loss: 0.4731685386763679
2024-01-22 16:26:01,697 - root - INFO - train acc: 0.8336879804332634, test acc: 0.8555179615705932
2024-01-22 16:26:01,697 - root - INFO - train ap: 0.8842330756202932, val ap: 0.8895725716800909
2024-01-22 16:26:01,701 - root - INFO - start 33 epoch
2024-01-22 16:26:19,717 - root - INFO - epoch: 33 took 18.02s
2024-01-22 16:26:19,717 - root - INFO - epoch train mean loss: 0.4645189841588338
2024-01-22 16:26:19,718 - root - INFO - train acc: 0.8426484975541579, test acc: 0.8605221386800335
2024-01-22 16:26:19,718 - root - INFO - train ap: 0.8881276480823261, val ap: 0.8938941193374832
2024-01-22 16:26:19,722 - root - INFO - start 34 epoch
2024-01-22 16:26:37,728 - root - INFO - epoch: 34 took 18.01s
2024-01-22 16:26:37,728 - root - INFO - epoch train mean loss: 0.449933464328448
2024-01-22 16:26:37,728 - root - INFO - train acc: 0.8518509783368273, test acc: 0.866077694235589
2024-01-22 16:26:37,728 - root - INFO - train ap: 0.892770161034699, val ap: 0.8982900444202415
2024-01-22 16:26:37,733 - root - INFO - start 35 epoch
2024-01-22 16:26:55,851 - root - INFO - epoch: 35 took 18.12s
2024-01-22 16:26:55,851 - root - INFO - epoch train mean loss: 0.4396172422501776
2024-01-22 16:26:55,851 - root - INFO - train acc: 0.8610534591194968, test acc: 0.8727485380116959
2024-01-22 16:26:55,851 - root - INFO - train ap: 0.8964352521358698, val ap: 0.9018274848540406
2024-01-22 16:26:55,855 - root - INFO - start 36 epoch
2024-01-22 16:27:13,851 - root - INFO - epoch: 36 took 18.00s
2024-01-22 16:27:13,851 - root - INFO - epoch train mean loss: 0.43232400384214187
2024-01-22 16:27:13,851 - root - INFO - train acc: 0.8675812368972747, test acc: 0.8771971595655806
2024-01-22 16:27:13,851 - root - INFO - train ap: 0.8992724107406088, val ap: 0.9051223946004338
2024-01-22 16:27:13,855 - root - INFO - start 37 epoch
2024-01-22 16:27:31,882 - root - INFO - epoch: 37 took 18.03s
2024-01-22 16:27:31,882 - root - INFO - epoch train mean loss: 0.41826950593127143
2024-01-22 16:27:31,882 - root - INFO - train acc: 0.8704306429070581, test acc: 0.8796992481203008
2024-01-22 16:27:31,882 - root - INFO - train ap: 0.9020741587228324, val ap: 0.9086615159745902
2024-01-22 16:27:31,886 - root - INFO - start 38 epoch
2024-01-22 16:27:49,951 - root - INFO - epoch: 38 took 18.06s
2024-01-22 16:27:49,951 - root - INFO - epoch train mean loss: 0.4107613124781185
2024-01-22 16:27:49,951 - root - INFO - train acc: 0.8744584206848358, test acc: 0.8841436925647452
2024-01-22 16:27:49,951 - root - INFO - train ap: 0.9049683647838493, val ap: 0.9109930699641693
2024-01-22 16:27:49,956 - root - INFO - start 39 epoch
2024-01-22 16:28:07,989 - root - INFO - epoch: 39 took 18.03s
2024-01-22 16:28:07,990 - root - INFO - epoch train mean loss: 0.40437572118308807
2024-01-22 16:28:07,990 - root - INFO - train acc: 0.8771331236897275, test acc: 0.8874770258980785
2024-01-22 16:28:07,990 - root - INFO - train ap: 0.9071764910562065, val ap: 0.9134232658325637
2024-01-22 16:28:07,994 - root - INFO - start 40 epoch
2024-01-22 16:28:26,038 - root - INFO - epoch: 40 took 18.04s
2024-01-22 16:28:26,039 - root - INFO - epoch train mean loss: 0.3945923298597336
2024-01-22 16:28:26,039 - root - INFO - train acc: 0.8800497903563942, test acc: 0.8880325814536341
2024-01-22 16:28:26,039 - root - INFO - train ap: 0.9089966150873643, val ap: 0.9156624371656638
2024-01-22 16:28:26,042 - root - INFO - start 41 epoch
2024-01-22 16:28:44,064 - root - INFO - epoch: 41 took 18.02s
2024-01-22 16:28:44,064 - root - INFO - epoch train mean loss: 0.38304828852415085
2024-01-22 16:28:44,064 - root - INFO - train acc: 0.8827603074772886, test acc: 0.8896992481203007
2024-01-22 16:28:44,064 - root - INFO - train ap: 0.9106144131632384, val ap: 0.9178533706006825
2024-01-22 16:28:44,069 - root - INFO - start 42 epoch
2024-01-22 16:29:02,065 - root - INFO - epoch: 42 took 18.00s
2024-01-22 16:29:02,065 - root - INFO - epoch train mean loss: 0.37598879718118244
2024-01-22 16:29:02,066 - root - INFO - train acc: 0.8853991963661776, test acc: 0.8941436925647452
2024-01-22 16:29:02,066 - root - INFO - train ap: 0.9124080002943145, val ap: 0.919858110530163
2024-01-22 16:29:02,070 - root - INFO - start 43 epoch
2024-01-22 16:29:20,038 - root - INFO - epoch: 43 took 17.97s
2024-01-22 16:29:20,038 - root - INFO - epoch train mean loss: 0.37066538052426445
2024-01-22 16:29:20,038 - root - INFO - train acc: 0.8873078266946192, test acc: 0.8963659147869674
2024-01-22 16:29:20,038 - root - INFO - train ap: 0.9144084968231658, val ap: 0.9215704405726479
2024-01-22 16:29:20,043 - root - INFO - start 44 epoch
2024-01-22 16:29:38,159 - root - INFO - epoch: 44 took 18.12s
2024-01-22 16:29:38,159 - root - INFO - epoch train mean loss: 0.3632727604773309
2024-01-22 16:29:38,159 - root - INFO - train acc: 0.889843640810622, test acc: 0.8963659147869674
2024-01-22 16:29:38,159 - root - INFO - train ap: 0.9159482459376669, val ap: 0.9231704571456267
2024-01-22 16:29:38,164 - root - INFO - start 45 epoch
2024-01-22 16:29:56,257 - root - INFO - epoch: 45 took 18.09s
2024-01-22 16:29:56,257 - root - INFO - epoch train mean loss: 0.3625112407737308
2024-01-22 16:29:56,257 - root - INFO - train acc: 0.8909547519217331, test acc: 0.8946992481203009
2024-01-22 16:29:56,257 - root - INFO - train ap: 0.9171720370664995, val ap: 0.925027641423125
2024-01-22 16:29:56,261 - root - INFO - start 46 epoch
2024-01-22 16:30:14,293 - root - INFO - epoch: 46 took 18.03s
2024-01-22 16:30:14,293 - root - INFO - epoch train mean loss: 0.3515976601176792
2024-01-22 16:30:14,293 - root - INFO - train acc: 0.8927961215932915, test acc: 0.8952548036758563
2024-01-22 16:30:14,293 - root - INFO - train ap: 0.91817789649337, val ap: 0.9271975485390664
2024-01-22 16:30:14,297 - root - INFO - start 47 epoch
2024-01-22 16:30:32,365 - root - INFO - epoch: 47 took 18.07s
2024-01-22 16:30:32,366 - root - INFO - epoch train mean loss: 0.3451668040619956
2024-01-22 16:30:32,366 - root - INFO - train acc: 0.8940461215932913, test acc: 0.8955346700083544
2024-01-22 16:30:32,366 - root - INFO - train ap: 0.9193018850080635, val ap: 0.9288999479528379
2024-01-22 16:30:32,372 - root - INFO - start 48 epoch
2024-01-22 16:30:50,379 - root - INFO - epoch: 48 took 18.01s
2024-01-22 16:30:50,379 - root - INFO - epoch train mean loss: 0.33706695669227177
2024-01-22 16:30:50,379 - root - INFO - train acc: 0.8966850104821804, test acc: 0.8949791144527988
2024-01-22 16:30:50,380 - root - INFO - train ap: 0.9204781880228351, val ap: 0.9305286379522979
2024-01-22 16:30:50,384 - root - INFO - start 49 epoch
2024-01-22 16:31:08,543 - root - INFO - epoch: 49 took 18.16s
2024-01-22 16:31:08,543 - root - INFO - epoch train mean loss: 0.330467577609751
2024-01-22 16:31:08,543 - root - INFO - train acc: 0.8976930468204052, test acc: 0.8963700918964077
2024-01-22 16:31:08,543 - root - INFO - train ap: 0.9215028312590471, val ap: 0.9314658902903167
2024-01-22 16:31:08,550 - root - INFO - start 50 epoch
2024-01-22 16:31:26,572 - root - INFO - epoch: 50 took 18.02s
2024-01-22 16:31:26,572 - root - INFO - epoch train mean loss: 0.3283619069390827
2024-01-22 16:31:26,572 - root - INFO - train acc: 0.9006455276030747, test acc: 0.8974812030075188
2024-01-22 16:31:26,572 - root - INFO - train ap: 0.9224478776638124, val ap: 0.932294601800257
2024-01-22 16:31:26,579 - root - INFO - start 51 epoch
2024-01-22 16:31:44,594 - root - INFO - epoch: 51 took 18.02s
2024-01-22 16:31:44,594 - root - INFO - epoch train mean loss: 0.3278522193431854
2024-01-22 16:31:44,594 - root - INFO - train acc: 0.9020344164919637, test acc: 0.9024812030075188
2024-01-22 16:31:44,594 - root - INFO - train ap: 0.9234229229182822, val ap: 0.9328788868534978
2024-01-22 16:31:44,600 - root - INFO - start 52 epoch
2024-01-22 16:32:02,723 - root - INFO - epoch: 52 took 18.12s
2024-01-22 16:32:02,723 - root - INFO - epoch train mean loss: 0.3153632531563441
2024-01-22 16:32:02,723 - root - INFO - train acc: 0.9021733053808527, test acc: 0.9024812030075188
2024-01-22 16:32:02,723 - root - INFO - train ap: 0.9245351694926808, val ap: 0.9339095152790003
2024-01-22 16:32:02,730 - root - INFO - start 53 epoch
2024-01-22 16:32:20,787 - root - INFO - epoch: 53 took 18.06s
2024-01-22 16:32:20,787 - root - INFO - epoch train mean loss: 0.32201120133201283
2024-01-22 16:32:20,787 - root - INFO - train acc: 0.9033516771488471, test acc: 0.9049832915622389
2024-01-22 16:32:20,788 - root - INFO - train ap: 0.9253626773233711, val ap: 0.9338141417648887
2024-01-22 16:32:20,794 - root - INFO - start 54 epoch
2024-01-22 16:32:38,823 - root - INFO - epoch: 54 took 18.03s
2024-01-22 16:32:38,824 - root - INFO - epoch train mean loss: 0.3126833393341965
2024-01-22 16:32:38,824 - root - INFO - train acc: 0.9044269741439555, test acc: 0.9055388471177945
2024-01-22 16:32:38,824 - root - INFO - train ap: 0.9257883430357814, val ap: 0.9341730606390404
2024-01-22 16:32:38,830 - root - INFO - start 55 epoch
2024-01-22 16:32:56,836 - root - INFO - epoch: 55 took 18.01s
2024-01-22 16:32:56,837 - root - INFO - epoch train mean loss: 0.3119383015566402
2024-01-22 16:32:56,837 - root - INFO - train acc: 0.9045658630328445, test acc: 0.9069256474519634
2024-01-22 16:32:56,837 - root - INFO - train ap: 0.9265039864998459, val ap: 0.9349375943209941
2024-01-22 16:32:56,843 - root - INFO - start 56 epoch
2024-01-22 16:33:14,913 - root - INFO - epoch: 56 took 18.07s
2024-01-22 16:33:14,913 - root - INFO - epoch train mean loss: 0.30805888482266003
2024-01-22 16:33:14,913 - root - INFO - train acc: 0.9055380852550665, test acc: 0.9085923141186298
2024-01-22 16:33:14,913 - root - INFO - train ap: 0.9270051955812255, val ap: 0.9353864316101698
2024-01-22 16:33:14,919 - root - INFO - start 57 epoch
2024-01-22 16:33:32,961 - root - INFO - epoch: 57 took 18.04s
2024-01-22 16:33:32,961 - root - INFO - epoch train mean loss: 0.30126616689893937
2024-01-22 16:33:32,961 - root - INFO - train acc: 0.9062325296995107, test acc: 0.9094277360066835
2024-01-22 16:33:32,961 - root - INFO - train ap: 0.9273413585603902, val ap: 0.9360181012384763
2024-01-22 16:33:32,968 - root - INFO - start 58 epoch
2024-01-22 16:33:51,012 - root - INFO - epoch: 58 took 18.04s
2024-01-22 16:33:51,012 - root - INFO - epoch train mean loss: 0.30173804445399177
2024-01-22 16:33:51,012 - root - INFO - train acc: 0.9069269741439554, test acc: 0.9099832915622389
2024-01-22 16:33:51,012 - root - INFO - train ap: 0.9278580446461492, val ap: 0.9364163267860608
2024-01-22 16:33:51,018 - root - INFO - start 59 epoch
2024-01-22 16:34:09,059 - root - INFO - epoch: 59 took 18.04s
2024-01-22 16:34:09,059 - root - INFO - epoch train mean loss: 0.3007745672431257
2024-01-22 16:34:09,059 - root - INFO - train acc: 0.9083516771488471, test acc: 0.9105388471177945
2024-01-22 16:34:09,059 - root - INFO - train ap: 0.928217973518625, val ap: 0.9369554683016005
2024-01-22 16:34:09,065 - root - INFO - start 60 epoch
2024-01-22 16:34:27,247 - root - INFO - epoch: 60 took 18.18s
2024-01-22 16:34:27,247 - root - INFO - epoch train mean loss: 0.2924022703535027
2024-01-22 16:34:27,247 - root - INFO - train acc: 0.9086294549266248, test acc: 0.91109440267335
2024-01-22 16:34:27,247 - root - INFO - train ap: 0.9286982120819327, val ap: 0.9371257084539261
2024-01-22 16:34:27,253 - root - INFO - start 61 epoch
2024-01-22 16:34:45,259 - root - INFO - epoch: 61 took 18.01s
2024-01-22 16:34:45,259 - root - INFO - epoch train mean loss: 0.2940964280731148
2024-01-22 16:34:45,259 - root - INFO - train acc: 0.909601677148847, test acc: 0.9122055137844612
2024-01-22 16:34:45,259 - root - INFO - train ap: 0.9291698985423579, val ap: 0.9376048382706617
2024-01-22 16:34:45,265 - root - INFO - start 62 epoch
2024-01-22 16:35:03,283 - root - INFO - epoch: 62 took 18.02s
2024-01-22 16:35:03,283 - root - INFO - epoch train mean loss: 0.28716206674774486
2024-01-22 16:35:03,283 - root - INFO - train acc: 0.910990566037736, test acc: 0.9144277360066835
2024-01-22 16:35:03,283 - root - INFO - train ap: 0.9299407485569076, val ap: 0.9384472252182466
2024-01-22 16:35:03,290 - root - INFO - start 63 epoch
2024-01-22 16:35:21,349 - root - INFO - epoch: 63 took 18.06s
2024-01-22 16:35:21,349 - root - INFO - epoch train mean loss: 0.2902161048518287
2024-01-22 16:35:21,349 - root - INFO - train acc: 0.9119627882599581, test acc: 0.9133166248955723
2024-01-22 16:35:21,349 - root - INFO - train ap: 0.9305724607059207, val ap: 0.9388782667997341
2024-01-22 16:35:21,355 - root - INFO - start 64 epoch
2024-01-22 16:35:39,330 - root - INFO - epoch: 64 took 17.97s
2024-01-22 16:35:39,330 - root - INFO - epoch train mean loss: 0.28645826048321194
2024-01-22 16:35:39,330 - root - INFO - train acc: 0.9140461215932915, test acc: 0.9138721804511278
2024-01-22 16:35:39,330 - root - INFO - train ap: 0.9311417063649158, val ap: 0.9391532537859769
2024-01-22 16:35:39,336 - root - INFO - start 65 epoch
2024-01-22 16:35:57,383 - root - INFO - epoch: 65 took 18.05s
2024-01-22 16:35:57,383 - root - INFO - epoch train mean loss: 0.28218459089597064
2024-01-22 16:35:57,383 - root - INFO - train acc: 0.9146016771488471, test acc: 0.9149832915622391
2024-01-22 16:35:57,383 - root - INFO - train ap: 0.9318094655156036, val ap: 0.9397783445353917
2024-01-22 16:35:57,389 - root - INFO - start 66 epoch
2024-01-22 16:36:15,429 - root - INFO - epoch: 66 took 18.04s
2024-01-22 16:36:15,429 - root - INFO - epoch train mean loss: 0.2818858664896753
2024-01-22 16:36:15,430 - root - INFO - train acc: 0.9149152690426278, test acc: 0.9155388471177945
2024-01-22 16:36:15,430 - root - INFO - train ap: 0.9324204323534162, val ap: 0.9403787379148416
2024-01-22 16:36:15,436 - root - INFO - start 67 epoch
2024-01-22 16:36:33,462 - root - INFO - epoch: 67 took 18.03s
2024-01-22 16:36:33,462 - root - INFO - epoch train mean loss: 0.2766414454413785
2024-01-22 16:36:33,462 - root - INFO - train acc: 0.9156097134870722, test acc: 0.9160944026733502
2024-01-22 16:36:33,462 - root - INFO - train ap: 0.9328252467509157, val ap: 0.9407995032803791
2024-01-22 16:36:33,470 - root - INFO - start 68 epoch
2024-01-22 16:36:51,529 - root - INFO - epoch: 68 took 18.06s
2024-01-22 16:36:51,529 - root - INFO - epoch train mean loss: 0.27623987570405006
2024-01-22 16:36:51,529 - root - INFO - train acc: 0.9166177498252972, test acc: 0.9166499582289056
2024-01-22 16:36:51,529 - root - INFO - train ap: 0.93320630229989, val ap: 0.9410426512602036
2024-01-22 16:36:51,535 - root - INFO - start 69 epoch
2024-01-22 16:37:09,657 - root - INFO - epoch: 69 took 18.12s
2024-01-22 16:37:09,657 - root - INFO - epoch train mean loss: 0.2728098721967803
2024-01-22 16:37:09,657 - root - INFO - train acc: 0.9171733053808526, test acc: 0.9166499582289056
2024-01-22 16:37:09,658 - root - INFO - train ap: 0.9335080803059151, val ap: 0.9413991017773902
2024-01-22 16:37:09,664 - root - INFO - start 70 epoch
2024-01-22 16:37:27,647 - root - INFO - epoch: 70 took 17.98s
2024-01-22 16:37:27,647 - root - INFO - epoch train mean loss: 0.2709363119469749
2024-01-22 16:37:27,647 - root - INFO - train acc: 0.9178677498252971, test acc: 0.9177610693400167
2024-01-22 16:37:27,647 - root - INFO - train ap: 0.9339294392080105, val ap: 0.9414941657172711
2024-01-22 16:37:27,654 - root - INFO - start 71 epoch
2024-01-22 16:37:45,644 - root - INFO - epoch: 71 took 17.99s
2024-01-22 16:37:45,644 - root - INFO - epoch train mean loss: 0.2680007488363319
2024-01-22 16:37:45,644 - root - INFO - train acc: 0.9191177498252971, test acc: 0.9188721804511277
2024-01-22 16:37:45,644 - root - INFO - train ap: 0.9343104222579208, val ap: 0.9418377938144791
2024-01-22 16:37:45,650 - root - INFO - start 72 epoch
2024-01-22 16:38:03,736 - root - INFO - epoch: 72 took 18.09s
2024-01-22 16:38:03,736 - root - INFO - epoch train mean loss: 0.2637845087382529
2024-01-22 16:38:03,736 - root - INFO - train acc: 0.9190146750524111, test acc: 0.9194277360066834
2024-01-22 16:38:03,736 - root - INFO - train ap: 0.9345669906337117, val ap: 0.9420076267287887
2024-01-22 16:38:03,743 - root - INFO - start 73 epoch
2024-01-22 16:38:21,770 - root - INFO - epoch: 73 took 18.03s
2024-01-22 16:38:21,770 - root - INFO - epoch train mean loss: 0.2639917234579722
2024-01-22 16:38:21,770 - root - INFO - train acc: 0.9201257861635221, test acc: 0.9199832915622389
2024-01-22 16:38:21,770 - root - INFO - train ap: 0.934835398785488, val ap: 0.9424483685125487
2024-01-22 16:38:21,777 - root - INFO - start 74 epoch
2024-01-22 16:38:39,854 - root - INFO - epoch: 74 took 18.08s
2024-01-22 16:38:39,854 - root - INFO - epoch train mean loss: 0.26446551374263233
2024-01-22 16:38:39,854 - root - INFO - train acc: 0.9213757861635222, test acc: 0.9205388471177945
2024-01-22 16:38:39,854 - root - INFO - train ap: 0.934913327368457, val ap: 0.9425499844517429
2024-01-22 16:38:39,861 - root - INFO - start 75 epoch
2024-01-22 16:38:57,882 - root - INFO - epoch: 75 took 18.02s
2024-01-22 16:38:57,882 - root - INFO - epoch train mean loss: 0.2617826366590129
2024-01-22 16:38:57,882 - root - INFO - train acc: 0.9208202306079666, test acc: 0.9199832915622389
2024-01-22 16:38:57,882 - root - INFO - train ap: 0.9353031591156287, val ap: 0.9424753153257055
2024-01-22 16:38:57,888 - root - INFO - start 76 epoch
2024-01-22 16:39:15,884 - root - INFO - epoch: 76 took 18.00s
2024-01-22 16:39:15,885 - root - INFO - epoch train mean loss: 0.25435909297731185
2024-01-22 16:39:15,885 - root - INFO - train acc: 0.9208202306079666, test acc: 0.9210944026733502
2024-01-22 16:39:15,885 - root - INFO - train ap: 0.9356321131350407, val ap: 0.9429872942634413
2024-01-22 16:39:15,891 - root - INFO - start 77 epoch
2024-01-22 16:39:34,003 - root - INFO - epoch: 77 took 18.11s
2024-01-22 16:39:34,003 - root - INFO - epoch train mean loss: 0.25745127060347134
2024-01-22 16:39:34,004 - root - INFO - train acc: 0.9213757861635222, test acc: 0.9210944026733502
2024-01-22 16:39:34,004 - root - INFO - train ap: 0.9359128410210431, val ap: 0.9430580712109189
2024-01-22 16:39:34,010 - root - INFO - start 78 epoch
2024-01-22 16:39:52,007 - root - INFO - epoch: 78 took 18.00s
2024-01-22 16:39:52,007 - root - INFO - epoch train mean loss: 0.2502492314411534
2024-01-22 16:39:52,007 - root - INFO - train acc: 0.9222091194968554, test acc: 0.9224853801169591
2024-01-22 16:39:52,007 - root - INFO - train ap: 0.9363318336755828, val ap: 0.9431597716752044
2024-01-22 16:39:52,013 - root - INFO - start 79 epoch
2024-01-22 16:40:09,998 - root - INFO - epoch: 79 took 17.99s
2024-01-22 16:40:09,998 - root - INFO - epoch train mean loss: 0.24868496341837776
2024-01-22 16:40:09,998 - root - INFO - train acc: 0.9229035639412998, test acc: 0.9241520467836257
2024-01-22 16:40:09,998 - root - INFO - train ap: 0.9367841182333676, val ap: 0.9432212898093787
2024-01-22 16:40:10,005 - root - INFO - start 80 epoch
2024-01-22 16:40:27,983 - root - INFO - epoch: 80 took 17.98s
2024-01-22 16:40:27,983 - root - INFO - epoch train mean loss: 0.24972688323921627
2024-01-22 16:40:27,983 - root - INFO - train acc: 0.9238757861635221, test acc: 0.9252631578947368
2024-01-22 16:40:27,983 - root - INFO - train ap: 0.9371187567365755, val ap: 0.9432225687239898
2024-01-22 16:40:27,989 - root - INFO - start 81 epoch
2024-01-22 16:40:46,011 - root - INFO - epoch: 81 took 18.02s
2024-01-22 16:40:46,011 - root - INFO - epoch train mean loss: 0.24604753901561102
2024-01-22 16:40:46,011 - root - INFO - train acc: 0.9238757861635221, test acc: 0.9258187134502924
2024-01-22 16:40:46,011 - root - INFO - train ap: 0.9373144309756705, val ap: 0.9433191511379656
2024-01-22 16:40:46,017 - root - INFO - start 82 epoch
2024-01-22 16:41:04,011 - root - INFO - epoch: 82 took 17.99s
2024-01-22 16:41:04,011 - root - INFO - epoch train mean loss: 0.23800532561209467
2024-01-22 16:41:04,011 - root - INFO - train acc: 0.9242924528301888, test acc: 0.9263742690058481
2024-01-22 16:41:04,011 - root - INFO - train ap: 0.9378383669664159, val ap: 0.9434176550172848
2024-01-22 16:41:04,016 - root - INFO - start 83 epoch
2024-01-22 16:41:22,006 - root - INFO - epoch: 83 took 17.99s
2024-01-22 16:41:22,006 - root - INFO - epoch train mean loss: 0.24387871142890719
2024-01-22 16:41:22,006 - root - INFO - train acc: 0.9244313417190776, test acc: 0.9263742690058481
2024-01-22 16:41:22,006 - root - INFO - train ap: 0.937977756118266, val ap: 0.9435256405759487
2024-01-22 16:41:22,012 - root - INFO - start 84 epoch
2024-01-22 16:41:40,066 - root - INFO - epoch: 84 took 18.05s
2024-01-22 16:41:40,066 - root - INFO - epoch train mean loss: 0.23749292310741213
2024-01-22 16:41:40,066 - root - INFO - train acc: 0.924986897274633, test acc: 0.9269298245614035
2024-01-22 16:41:40,066 - root - INFO - train ap: 0.9381789570738158, val ap: 0.9436115961841003
2024-01-22 16:41:40,072 - root - INFO - start 85 epoch
2024-01-22 16:41:58,168 - root - INFO - epoch: 85 took 18.10s
2024-01-22 16:41:58,168 - root - INFO - epoch train mean loss: 0.23743057582113478
2024-01-22 16:41:58,168 - root - INFO - train acc: 0.9260980083857443, test acc: 0.9269298245614035
2024-01-22 16:41:58,168 - root - INFO - train ap: 0.9384381169156971, val ap: 0.9439433396693526
2024-01-22 16:41:58,174 - root - INFO - start 86 epoch
2024-01-22 16:42:16,177 - root - INFO - epoch: 86 took 18.00s
2024-01-22 16:42:16,177 - root - INFO - epoch train mean loss: 0.2412511304848724
2024-01-22 16:42:16,177 - root - INFO - train acc: 0.9269313417190777, test acc: 0.9269298245614035
2024-01-22 16:42:16,177 - root - INFO - train ap: 0.9385429529876002, val ap: 0.9441324690244072
2024-01-22 16:42:16,183 - root - INFO - start 87 epoch
2024-01-22 16:42:34,212 - root - INFO - epoch: 87 took 18.03s
2024-01-22 16:42:34,213 - root - INFO - epoch train mean loss: 0.23785852599475119
2024-01-22 16:42:34,213 - root - INFO - train acc: 0.9267924528301887, test acc: 0.9269298245614035
2024-01-22 16:42:34,213 - root - INFO - train ap: 0.9387726770047031, val ap: 0.9441166136496588
2024-01-22 16:42:34,219 - root - INFO - start 88 epoch
2024-01-22 16:42:52,215 - root - INFO - epoch: 88 took 18.00s
2024-01-22 16:42:52,215 - root - INFO - epoch train mean loss: 0.23569450941350725
2024-01-22 16:42:52,215 - root - INFO - train acc: 0.9281813417190777, test acc: 0.9269298245614035
2024-01-22 16:42:52,215 - root - INFO - train ap: 0.9391006095955174, val ap: 0.9440229041836101
2024-01-22 16:42:52,221 - root - INFO - start 89 epoch
2024-01-22 16:43:10,220 - root - INFO - epoch: 89 took 18.00s
2024-01-22 16:43:10,221 - root - INFO - epoch train mean loss: 0.2302683980928527
2024-01-22 16:43:10,221 - root - INFO - train acc: 0.9287368972746332, test acc: 0.9263742690058481
2024-01-22 16:43:10,221 - root - INFO - train ap: 0.9392831795489648, val ap: 0.9441770462909902
2024-01-22 16:43:10,227 - root - INFO - start 90 epoch
2024-01-22 16:43:28,210 - root - INFO - epoch: 90 took 17.98s
2024-01-22 16:43:28,210 - root - INFO - epoch train mean loss: 0.23239932498998112
2024-01-22 16:43:28,210 - root - INFO - train acc: 0.9294313417190777, test acc: 0.9263742690058481
2024-01-22 16:43:28,210 - root - INFO - train ap: 0.9394787134864695, val ap: 0.9441144238282073
2024-01-22 16:43:28,216 - root - INFO - start 91 epoch
2024-01-22 16:43:46,188 - root - INFO - epoch: 91 took 17.97s
2024-01-22 16:43:46,189 - root - INFO - epoch train mean loss: 0.2276146316693889
2024-01-22 16:43:46,189 - root - INFO - train acc: 0.9299868972746332, test acc: 0.9263742690058481
2024-01-22 16:43:46,189 - root - INFO - train ap: 0.9397925498984525, val ap: 0.9441561322413984
2024-01-22 16:43:46,194 - root - INFO - start 92 epoch
2024-01-22 16:44:04,195 - root - INFO - epoch: 92 took 18.00s
2024-01-22 16:44:04,195 - root - INFO - epoch train mean loss: 0.22881761317451796
2024-01-22 16:44:04,195 - root - INFO - train acc: 0.9298480083857444, test acc: 0.925263157894737
2024-01-22 16:44:04,195 - root - INFO - train ap: 0.9397607729286643, val ap: 0.9441349334688529
2024-01-22 16:44:04,202 - root - INFO - start 93 epoch
2024-01-22 16:44:22,210 - root - INFO - epoch: 93 took 18.01s
2024-01-22 16:44:22,211 - root - INFO - epoch train mean loss: 0.22906213419304955
2024-01-22 16:44:22,211 - root - INFO - train acc: 0.9305424528301889, test acc: 0.9285964912280702
2024-01-22 16:44:22,211 - root - INFO - train ap: 0.9401275717252235, val ap: 0.943993316771705
2024-01-22 16:44:22,217 - root - INFO - start 94 epoch
2024-01-22 16:44:40,353 - root - INFO - epoch: 94 took 18.14s
2024-01-22 16:44:40,353 - root - INFO - epoch train mean loss: 0.22439098896251786
2024-01-22 16:44:40,353 - root - INFO - train acc: 0.9299868972746332, test acc: 0.9280409356725146
2024-01-22 16:44:40,353 - root - INFO - train ap: 0.9402960909867484, val ap: 0.9438424190481215
2024-01-22 16:44:40,359 - root - INFO - start 95 epoch
2024-01-22 16:44:58,348 - root - INFO - epoch: 95 took 17.99s
2024-01-22 16:44:58,349 - root - INFO - epoch train mean loss: 0.2265852428972721
2024-01-22 16:44:58,349 - root - INFO - train acc: 0.9301616002795251, test acc: 0.9280409356725146
2024-01-22 16:44:58,349 - root - INFO - train ap: 0.9405050987494753, val ap: 0.9438831965832155
2024-01-22 16:44:58,355 - root - INFO - start 96 epoch
2024-01-22 16:45:16,376 - root - INFO - epoch: 96 took 18.02s
2024-01-22 16:45:16,376 - root - INFO - epoch train mean loss: 0.22326961904764175
2024-01-22 16:45:16,377 - root - INFO - train acc: 0.9312727113906359, test acc: 0.9283166248955723
2024-01-22 16:45:16,377 - root - INFO - train ap: 0.940885458699051, val ap: 0.943897225760219
2024-01-22 16:45:16,383 - root - INFO - start 97 epoch
2024-01-22 16:45:34,461 - root - INFO - epoch: 97 took 18.08s
2024-01-22 16:45:34,462 - root - INFO - epoch train mean loss: 0.22448725294735697
2024-01-22 16:45:34,462 - root - INFO - train acc: 0.9312727113906359, test acc: 0.9277610693400167
2024-01-22 16:45:34,462 - root - INFO - train ap: 0.9411557277362405, val ap: 0.9442773804859959
2024-01-22 16:45:34,468 - root - INFO - start 98 epoch
2024-01-22 16:45:52,486 - root - INFO - epoch: 98 took 18.02s
2024-01-22 16:45:52,486 - root - INFO - epoch train mean loss: 0.22158446452683872
2024-01-22 16:45:52,486 - root - INFO - train acc: 0.931411600279525, test acc: 0.9283166248955723
2024-01-22 16:45:52,486 - root - INFO - train ap: 0.9414656640786099, val ap: 0.9445122948741
2024-01-22 16:45:52,492 - root - INFO - start 99 epoch
2024-01-22 16:46:10,506 - root - INFO - epoch: 99 took 18.01s
2024-01-22 16:46:10,506 - root - INFO - epoch train mean loss: 0.21767062114344704
2024-01-22 16:46:10,506 - root - INFO - train acc: 0.9318282669461916, test acc: 0.9283166248955723
2024-01-22 16:46:10,506 - root - INFO - train ap: 0.9415836725920858, val ap: 0.9446438831040227
2024-01-22 16:46:10,516 - root - INFO - TGN model saved
