2024-01-22 15:40:45,013 - root - INFO - Namespace(data='wikipedia', bs=200, prefix='tgn-attn', n_degree=10, n_head=2, n_epoch=10, n_layer=2, lr=0.0001, patience=5, n_runs=1, drop_out=0.1, gpu=0, node_dim=100, time_dim=100, backprop_every=1, use_memory=True, embedding_module='graph_attention', message_function='identity', memory_updater='gru', aggregator='last', memory_update_at_end=False, message_dim=100, memory_dim=172, different_new_nodes=False, uniform=False, randomize_features=False, use_destination_embedding_in_message=False, use_source_embedding_in_message=False, dyrep=False)
2024-01-22 15:40:47,327 - root - INFO - num of training instances: 79202
2024-01-22 15:40:47,327 - root - INFO - num of batches per epoch: 397
2024-01-22 15:40:47,328 - root - INFO - start 0 epoch
2024-01-22 15:42:09,896 - root - INFO - epoch: 0 took 82.57s
2024-01-22 15:42:09,904 - root - INFO - Epoch mean loss: 0.8237659980728284
2024-01-22 15:42:09,904 - root - INFO - val auc: 0.9215728650984203, new node val auc: 0.9142423609873613
2024-01-22 15:42:09,905 - root - INFO - val ap: 0.92695531847593, new node val ap: 0.9203318585751514
2024-01-22 15:42:09,905 - root - INFO - val acc: 0.8304161664665867, new node val acc: 0.8220350919073763
2024-01-22 15:42:10,170 - root - INFO - start 1 epoch
2024-01-22 15:43:33,428 - root - INFO - epoch: 1 took 83.29s
2024-01-22 15:43:33,428 - root - INFO - Epoch mean loss: 0.8248454545547139
2024-01-22 15:43:33,428 - root - INFO - val auc: 0.9084639458164219, new node val auc: 0.9130371195182554
2024-01-22 15:43:33,428 - root - INFO - val ap: 0.9181228151779661, new node val ap: 0.9230406320717269
2024-01-22 15:43:33,428 - root - INFO - val acc: 0.8167086834733893, new node val acc: 0.8273048460253045
2024-01-22 15:43:33,487 - root - INFO - start 2 epoch
2024-01-22 15:44:55,748 - root - INFO - epoch: 2 took 82.29s
2024-01-22 15:44:55,749 - root - INFO - Epoch mean loss: 0.7138615755049948
2024-01-22 15:44:55,749 - root - INFO - val auc: 0.9244195297166484, new node val auc: 0.9325837616712449
2024-01-22 15:44:55,749 - root - INFO - val ap: 0.9321313794449873, new node val ap: 0.939971191906797
2024-01-22 15:44:55,749 - root - INFO - val acc: 0.8430742296918767, new node val acc: 0.8525280496538553
2024-01-22 15:44:55,807 - root - INFO - start 3 epoch
2024-01-22 15:46:18,042 - root - INFO - epoch: 3 took 82.26s
2024-01-22 15:46:18,042 - root - INFO - Epoch mean loss: 0.6708946484762716
2024-01-22 15:46:18,042 - root - INFO - val auc: 0.9287808409077917, new node val auc: 0.9346264593048862
2024-01-22 15:46:18,042 - root - INFO - val ap: 0.9359423460594921, new node val ap: 0.9417514989833539
2024-01-22 15:46:18,042 - root - INFO - val acc: 0.8467717086834734, new node val acc: 0.8552590116973026
2024-01-22 15:46:18,097 - root - INFO - start 4 epoch
2024-01-22 15:47:39,592 - root - INFO - epoch: 4 took 81.52s
2024-01-22 15:47:39,593 - root - INFO - Epoch mean loss: 0.6408509259259971
2024-01-22 15:47:39,593 - root - INFO - val auc: 0.934173885268393, new node val auc: 0.9414196655223777
2024-01-22 15:47:39,593 - root - INFO - val ap: 0.9404541937745549, new node val ap: 0.9475854843226106
2024-01-22 15:47:39,593 - root - INFO - val acc: 0.8521178471388555, new node val acc: 0.8638529481976605
2024-01-22 15:47:39,712 - root - INFO - start 5 epoch
2024-01-22 15:49:01,577 - root - INFO - epoch: 5 took 81.89s
2024-01-22 15:49:01,588 - root - INFO - Epoch mean loss: 0.631141148226087
2024-01-22 15:49:01,588 - root - INFO - val auc: 0.9373903539987426, new node val auc: 0.9440636208934198
2024-01-22 15:49:01,588 - root - INFO - val ap: 0.9446570278849424, new node val ap: 0.9505417514804496
2024-01-22 15:49:01,589 - root - INFO - val acc: 0.8588095238095237, new node val acc: 0.8682710670804488
2024-01-22 15:49:01,639 - root - INFO - start 6 epoch
2024-01-22 15:50:24,064 - root - INFO - epoch: 6 took 82.45s
2024-01-22 15:50:24,064 - root - INFO - Epoch mean loss: 0.6158384282883228
2024-01-22 15:50:24,064 - root - INFO - val auc: 0.9413196378551419, new node val auc: 0.9453278680077603
2024-01-22 15:50:24,065 - root - INFO - val ap: 0.9477318842258812, new node val ap: 0.9510027577112334
2024-01-22 15:50:24,065 - root - INFO - val acc: 0.8628421368547418, new node val acc: 0.865538314633564
2024-01-22 15:50:24,115 - root - INFO - start 7 epoch
2024-01-22 15:51:45,813 - root - INFO - epoch: 7 took 81.72s
2024-01-22 15:51:45,826 - root - INFO - Epoch mean loss: 0.6081534235243233
2024-01-22 15:51:45,826 - root - INFO - val auc: 0.9403174808018446, new node val auc: 0.9439648888016569
2024-01-22 15:51:45,826 - root - INFO - val ap: 0.9466509666500434, new node val ap: 0.9495855879871968
2024-01-22 15:51:45,826 - root - INFO - val acc: 0.862158863545418, new node val acc: 0.8633558128431608
2024-01-22 15:51:45,916 - root - INFO - start 8 epoch
2024-01-22 15:53:07,646 - root - INFO - epoch: 8 took 81.76s
2024-01-22 15:53:07,647 - root - INFO - Epoch mean loss: 0.6022635536169826
2024-01-22 15:53:07,647 - root - INFO - val auc: 0.9449742689933117, new node val auc: 0.9480914854128352
2024-01-22 15:53:07,647 - root - INFO - val ap: 0.9512584793948309, new node val ap: 0.9538322590691428
2024-01-22 15:53:07,647 - root - INFO - val acc: 0.8694717887154862, new node val acc: 0.8683886369061828
2024-01-22 15:53:07,703 - root - INFO - start 9 epoch
2024-01-22 15:54:29,881 - root - INFO - epoch: 9 took 82.21s
2024-01-22 15:54:29,881 - root - INFO - Epoch mean loss: 0.580577854095238
2024-01-22 15:54:29,881 - root - INFO - val auc: 0.9484207964138038, new node val auc: 0.9504093251860171
2024-01-22 15:54:29,881 - root - INFO - val ap: 0.9542513468262371, new node val ap: 0.9557719598826037
2024-01-22 15:54:29,881 - root - INFO - val acc: 0.8710254101640655, new node val acc: 0.8697272618763426
2024-01-22 15:54:52,523 - root - INFO - Test statistics: Old nodes -- auc: 0.9343474146801578, ap: 0.9418102498477087, acc: 0.8505322128851541
2024-01-22 15:54:52,524 - root - INFO - Test statistics: New nodes -- auc: 0.9233002124480553, ap: 0.9308773232940014, acc: 0.8305983564458141
2024-01-22 15:54:52,524 - root - INFO - Saving TGN model
2024-01-22 15:54:52,813 - root - INFO - TGN model saved
