2024-01-22 15:31:36,852 - root - INFO - Namespace(data='simulate_v1', bs=200, prefix='tgn-attn', n_degree=10, n_head=2, n_epoch=100, n_layer=2, lr=0.0001, patience=5, n_runs=1, drop_out=0.1, gpu=0, node_dim=100, time_dim=100, backprop_every=1, use_memory=True, embedding_module='graph_attention', message_function='identity', memory_updater='gru', aggregator='last', memory_update_at_end=True, message_dim=100, memory_dim=4, different_new_nodes=False, uniform=False, randomize_features=False, use_destination_embedding_in_message=False, use_source_embedding_in_message=False, dyrep=False)
2024-01-22 15:31:38,015 - root - INFO - num of training instances: 7159
2024-01-22 15:31:38,016 - root - INFO - num of batches per epoch: 36
2024-01-22 15:31:38,016 - root - INFO - start 0 epoch
2024-01-22 15:31:57,094 - root - INFO - epoch: 0 took 19.08s
2024-01-22 15:31:57,094 - root - INFO - epoch train mean loss: 0.7377355148394903
2024-01-22 15:31:57,094 - root - INFO - train acc: 0.5029682040531097, test acc: 0.4984837092731829
2024-01-22 15:31:57,094 - root - INFO - train ap: 0.45015958503312015, val ap: 0.441285231041479
2024-01-22 15:31:57,104 - root - INFO - start 1 epoch
2024-01-22 15:32:15,434 - root - INFO - epoch: 1 took 18.33s
2024-01-22 15:32:15,435 - root - INFO - epoch train mean loss: 0.7138378835386701
2024-01-22 15:32:15,435 - root - INFO - train acc: 0.5083848707197763, test acc: 0.4968170426065163
2024-01-22 15:32:15,435 - root - INFO - train ap: 0.47956334202630874, val ap: 0.471125954215259
2024-01-22 15:32:15,443 - root - INFO - start 2 epoch
2024-01-22 15:32:33,577 - root - INFO - epoch: 2 took 18.13s
2024-01-22 15:32:33,577 - root - INFO - epoch train mean loss: 0.702228950129615
2024-01-22 15:32:33,577 - root - INFO - train acc: 0.5098812019566737, test acc: 0.4993233082706767
2024-01-22 15:32:33,577 - root - INFO - train ap: 0.5224390433114033, val ap: 0.5210553466969576
2024-01-22 15:32:33,585 - root - INFO - start 3 epoch
2024-01-22 15:32:51,707 - root - INFO - epoch: 3 took 18.12s
2024-01-22 15:32:51,707 - root - INFO - epoch train mean loss: 0.6970596975750394
2024-01-22 15:32:51,707 - root - INFO - train acc: 0.5265522361984625, test acc: 0.5243274853801171
2024-01-22 15:32:51,707 - root - INFO - train ap: 0.5744521829975296, val ap: 0.5900220459970389
2024-01-22 15:32:51,715 - root - INFO - start 4 epoch
2024-01-22 15:33:09,838 - root - INFO - epoch: 4 took 18.12s
2024-01-22 15:33:09,838 - root - INFO - epoch train mean loss: 0.6941120094723172
2024-01-22 15:33:09,838 - root - INFO - train acc: 0.5451362683438155, test acc: 0.5484962406015037
2024-01-22 15:33:09,838 - root - INFO - train ap: 0.6125218440878558, val ap: 0.6283544660844087
2024-01-22 15:33:09,845 - root - INFO - start 5 epoch
2024-01-22 15:33:28,006 - root - INFO - epoch: 5 took 18.16s
2024-01-22 15:33:28,007 - root - INFO - epoch train mean loss: 0.6894569297631582
2024-01-22 15:33:28,007 - root - INFO - train acc: 0.5691684136967156, test acc: 0.5887802840434418
2024-01-22 15:33:28,007 - root - INFO - train ap: 0.6345965762706974, val ap: 0.6516533791864065
2024-01-22 15:33:28,013 - root - INFO - start 6 epoch
2024-01-22 15:33:46,252 - root - INFO - epoch: 6 took 18.24s
2024-01-22 15:33:46,252 - root - INFO - epoch train mean loss: 0.6882192972633574
2024-01-22 15:33:46,252 - root - INFO - train acc: 0.586291928721174, test acc: 0.614891395154553
2024-01-22 15:33:46,252 - root - INFO - train ap: 0.6524947417563942, val ap: 0.6671511961836416
2024-01-22 15:33:46,259 - root - INFO - start 7 epoch
2024-01-22 15:34:04,411 - root - INFO - epoch: 7 took 18.15s
2024-01-22 15:34:04,411 - root - INFO - epoch train mean loss: 0.687256375948588
2024-01-22 15:34:04,411 - root - INFO - train acc: 0.590006114605171, test acc: 0.6251712614870509
2024-01-22 15:34:04,411 - root - INFO - train ap: 0.6716298224117171, val ap: 0.6849409251585691
2024-01-22 15:34:04,420 - root - INFO - start 8 epoch
2024-01-22 15:34:22,600 - root - INFO - epoch: 8 took 18.18s
2024-01-22 15:34:22,601 - root - INFO - epoch train mean loss: 0.6843091050783793
2024-01-22 15:34:22,601 - root - INFO - train acc: 0.6020221872816212, test acc: 0.6290559732664996
2024-01-22 15:34:22,601 - root - INFO - train ap: 0.692560943636876, val ap: 0.7064118279357925
2024-01-22 15:34:22,615 - root - INFO - start 9 epoch
2024-01-22 15:34:40,797 - root - INFO - epoch: 9 took 18.18s
2024-01-22 15:34:40,797 - root - INFO - epoch train mean loss: 0.6818932758437263
2024-01-22 15:34:40,797 - root - INFO - train acc: 0.6213993710691824, test acc: 0.6401670843776107
2024-01-22 15:34:40,797 - root - INFO - train ap: 0.712197898005901, val ap: 0.7257045629971496
2024-01-22 15:34:40,804 - root - INFO - start 10 epoch
2024-01-22 15:34:59,022 - root - INFO - epoch: 10 took 18.22s
2024-01-22 15:34:59,022 - root - INFO - epoch train mean loss: 0.6799555338091321
2024-01-22 15:34:59,022 - root - INFO - train acc: 0.6396698113207547, test acc: 0.6501629072681704
2024-01-22 15:34:59,022 - root - INFO - train ap: 0.7300956802495598, val ap: 0.7446639714144246
2024-01-22 15:34:59,029 - root - INFO - start 11 epoch
2024-01-22 15:35:17,184 - root - INFO - epoch: 11 took 18.16s
2024-01-22 15:35:17,184 - root - INFO - epoch train mean loss: 0.6765866660409503
2024-01-22 15:35:17,184 - root - INFO - train acc: 0.6562377707896575, test acc: 0.6657226399331663
2024-01-22 15:35:17,184 - root - INFO - train ap: 0.7439263744186845, val ap: 0.7596177012148548
2024-01-22 15:35:17,192 - root - INFO - start 12 epoch
2024-01-22 15:35:35,351 - root - INFO - epoch: 12 took 18.16s
2024-01-22 15:35:35,351 - root - INFO - epoch train mean loss: 0.6737705204221938
2024-01-22 15:35:35,351 - root - INFO - train acc: 0.673043326345213, test acc: 0.6696115288220551
2024-01-22 15:35:35,351 - root - INFO - train ap: 0.7558901577795109, val ap: 0.7722672868896772
2024-01-22 15:35:35,358 - root - INFO - start 13 epoch
2024-01-22 15:35:53,499 - root - INFO - epoch: 13 took 18.14s
2024-01-22 15:35:53,499 - root - INFO - epoch train mean loss: 0.6700621164507337
2024-01-22 15:35:53,499 - root - INFO - train acc: 0.6861303284416491, test acc: 0.6987886382623225
2024-01-22 15:35:53,499 - root - INFO - train ap: 0.765689292665567, val ap: 0.7810918775765455
2024-01-22 15:35:53,506 - root - INFO - start 14 epoch
2024-01-22 15:36:11,649 - root - INFO - epoch: 14 took 18.14s
2024-01-22 15:36:11,650 - root - INFO - epoch train mean loss: 0.667094522052341
2024-01-22 15:36:11,650 - root - INFO - train acc: 0.694495108315863, test acc: 0.7118462823725982
2024-01-22 15:36:11,650 - root - INFO - train ap: 0.772303422806355, val ap: 0.7833208882639284
2024-01-22 15:36:11,657 - root - INFO - start 15 epoch
2024-01-22 15:36:29,799 - root - INFO - epoch: 15 took 18.14s
2024-01-22 15:36:29,799 - root - INFO - epoch train mean loss: 0.6611368407805761
2024-01-22 15:36:29,799 - root - INFO - train acc: 0.6923759608665269, test acc: 0.7201837928153717
2024-01-22 15:36:29,799 - root - INFO - train ap: 0.773647492554424, val ap: 0.7790175525037168
2024-01-22 15:36:29,807 - root - INFO - start 16 epoch
2024-01-22 15:36:47,947 - root - INFO - epoch: 16 took 18.14s
2024-01-22 15:36:47,947 - root - INFO - epoch train mean loss: 0.6555846449401643
2024-01-22 15:36:47,947 - root - INFO - train acc: 0.6995352900069881, test acc: 0.7285129490392648
2024-01-22 15:36:47,947 - root - INFO - train ap: 0.7744741596746195, val ap: 0.7789533604873529
2024-01-22 15:36:47,953 - root - INFO - start 17 epoch
2024-01-22 15:37:06,140 - root - INFO - epoch: 17 took 18.19s
2024-01-22 15:37:06,140 - root - INFO - epoch train mean loss: 0.6513977895180384
2024-01-22 15:37:06,140 - root - INFO - train acc: 0.7045711041229908, test acc: 0.7299039264828737
2024-01-22 15:37:06,140 - root - INFO - train ap: 0.7786778113908338, val ap: 0.7838305900563748
2024-01-22 15:37:06,147 - root - INFO - start 18 epoch
2024-01-22 15:37:24,427 - root - INFO - epoch: 18 took 18.28s
2024-01-22 15:37:24,427 - root - INFO - epoch train mean loss: 0.6450836310784022
2024-01-22 15:37:24,427 - root - INFO - train acc: 0.7123846960167715, test acc: 0.7299081035923142
2024-01-22 15:37:24,427 - root - INFO - train ap: 0.7840985463575392, val ap: 0.7901920086527144
2024-01-22 15:37:24,434 - root - INFO - start 19 epoch
2024-01-22 15:37:42,580 - root - INFO - epoch: 19 took 18.15s
2024-01-22 15:37:42,580 - root - INFO - epoch train mean loss: 0.639419534140163
2024-01-22 15:37:42,580 - root - INFO - train acc: 0.7209958071278826, test acc: 0.7388011695906432
2024-01-22 15:37:42,580 - root - INFO - train ap: 0.7916523781388364, val ap: 0.7965075914335135
2024-01-22 15:37:42,587 - root - INFO - start 20 epoch
2024-01-22 15:38:00,748 - root - INFO - epoch: 20 took 18.16s
2024-01-22 15:38:00,748 - root - INFO - epoch train mean loss: 0.6333171245124605
2024-01-22 15:38:00,748 - root - INFO - train acc: 0.729190251572327, test acc: 0.7410275689223058
2024-01-22 15:38:00,748 - root - INFO - train ap: 0.799534546365281, val ap: 0.804744949431549
2024-01-22 15:38:00,755 - root - INFO - start 21 epoch
2024-01-22 15:38:18,920 - root - INFO - epoch: 21 took 18.17s
2024-01-22 15:38:18,920 - root - INFO - epoch train mean loss: 0.6235770036776861
2024-01-22 15:38:18,920 - root - INFO - train acc: 0.7375279524807827, test acc: 0.7518713450292397
2024-01-22 15:38:18,920 - root - INFO - train ap: 0.8089800160048685, val ap: 0.8125703686853494
2024-01-22 15:38:18,927 - root - INFO - start 22 epoch
2024-01-22 15:38:37,066 - root - INFO - epoch: 22 took 18.14s
2024-01-22 15:38:37,066 - root - INFO - epoch train mean loss: 0.6125225457880232
2024-01-22 15:38:37,066 - root - INFO - train acc: 0.7440557302585604, test acc: 0.7690893901420216
2024-01-22 15:38:37,066 - root - INFO - train ap: 0.817740311207541, val ap: 0.8204080199605539
2024-01-22 15:38:37,073 - root - INFO - start 23 epoch
2024-01-22 15:38:55,239 - root - INFO - epoch: 23 took 18.17s
2024-01-22 15:38:55,239 - root - INFO - epoch train mean loss: 0.6015909115473429
2024-01-22 15:38:55,239 - root - INFO - train acc: 0.7518020614954578, test acc: 0.7713199665831244
2024-01-22 15:38:55,239 - root - INFO - train ap: 0.8230546315138699, val ap: 0.8251520635797934
2024-01-22 15:38:55,246 - root - INFO - start 24 epoch
2024-01-22 15:39:13,376 - root - INFO - epoch: 24 took 18.13s
2024-01-22 15:39:13,376 - root - INFO - epoch train mean loss: 0.5874099731445312
2024-01-22 15:39:13,376 - root - INFO - train acc: 0.7678459119496855, test acc: 0.7852130325814536
2024-01-22 15:39:13,376 - root - INFO - train ap: 0.8314772818508154, val ap: 0.8367079786054404
2024-01-22 15:39:13,383 - root - INFO - start 25 epoch
2024-01-22 15:39:31,548 - root - INFO - epoch: 25 took 18.17s
2024-01-22 15:39:31,548 - root - INFO - epoch train mean loss: 0.5719408922725253
2024-01-22 15:39:31,548 - root - INFO - train acc: 0.7788539482879107, test acc: 0.7991144527986633
2024-01-22 15:39:31,548 - root - INFO - train ap: 0.8393563811872815, val ap: 0.8460648534519946
2024-01-22 15:39:31,555 - root - INFO - start 26 epoch
2024-01-22 15:39:49,831 - root - INFO - epoch: 26 took 18.28s
2024-01-22 15:39:49,831 - root - INFO - epoch train mean loss: 0.5562333663304647
2024-01-22 15:39:49,831 - root - INFO - train acc: 0.7894453179594688, test acc: 0.804949874686717
2024-01-22 15:39:49,831 - root - INFO - train ap: 0.8480774543892919, val ap: 0.8544907581363476
2024-01-22 15:39:49,837 - root - INFO - start 27 epoch
2024-01-22 15:40:07,954 - root - INFO - epoch: 27 took 18.12s
2024-01-22 15:40:07,955 - root - INFO - epoch train mean loss: 0.5445990165074667
2024-01-22 15:40:07,955 - root - INFO - train acc: 0.7955922431865828, test acc: 0.8177276524644945
2024-01-22 15:40:07,955 - root - INFO - train ap: 0.8554488253937419, val ap: 0.860252895560421
2024-01-22 15:40:07,962 - root - INFO - start 28 epoch
2024-01-22 15:40:26,111 - root - INFO - epoch: 28 took 18.15s
2024-01-22 15:40:26,111 - root - INFO - epoch train mean loss: 0.5314525672131114
2024-01-22 15:40:26,111 - root - INFO - train acc: 0.8066002795248077, test acc: 0.8282873851294904
2024-01-22 15:40:26,111 - root - INFO - train ap: 0.8630601408256546, val ap: 0.8662468907844423
2024-01-22 15:40:26,118 - root - INFO - start 29 epoch
2024-01-22 15:40:44,240 - root - INFO - epoch: 29 took 18.12s
2024-01-22 15:40:44,240 - root - INFO - epoch train mean loss: 0.5157625302672386
2024-01-22 15:40:44,241 - root - INFO - train acc: 0.8158385744234801, test acc: 0.8413492063492063
2024-01-22 15:40:44,241 - root - INFO - train ap: 0.869329117917445, val ap: 0.8722609194856391
2024-01-22 15:40:44,247 - root - INFO - start 30 epoch
2024-01-22 15:41:02,386 - root - INFO - epoch: 30 took 18.14s
2024-01-22 15:41:02,386 - root - INFO - epoch train mean loss: 0.502981048491266
2024-01-22 15:41:02,387 - root - INFO - train acc: 0.819969426974144, test acc: 0.8477401837928153
2024-01-22 15:41:02,387 - root - INFO - train ap: 0.8742751953243735, val ap: 0.8761244583327642
2024-01-22 15:41:02,394 - root - INFO - start 31 epoch
2024-01-22 15:41:20,512 - root - INFO - epoch: 31 took 18.12s
2024-01-22 15:41:20,513 - root - INFO - epoch train mean loss: 0.4870881463090579
2024-01-22 15:41:20,513 - root - INFO - train acc: 0.82660464709993, test acc: 0.8519089390142022
2024-01-22 15:41:20,513 - root - INFO - train ap: 0.8792980348254142, val ap: 0.8830686333686418
2024-01-22 15:41:20,520 - root - INFO - start 32 epoch
2024-01-22 15:41:38,626 - root - INFO - epoch: 32 took 18.11s
2024-01-22 15:41:38,627 - root - INFO - epoch train mean loss: 0.4731685386763679
2024-01-22 15:41:38,627 - root - INFO - train acc: 0.8336879804332634, test acc: 0.8555179615705932
2024-01-22 15:41:38,627 - root - INFO - train ap: 0.8842330756202932, val ap: 0.8895725716800909
2024-01-22 15:41:38,634 - root - INFO - start 33 epoch
2024-01-22 15:41:56,781 - root - INFO - epoch: 33 took 18.15s
2024-01-22 15:41:56,781 - root - INFO - epoch train mean loss: 0.4645189841588338
2024-01-22 15:41:56,781 - root - INFO - train acc: 0.8426484975541579, test acc: 0.8605221386800335
2024-01-22 15:41:56,781 - root - INFO - train ap: 0.8881276480823261, val ap: 0.8938941193374832
2024-01-22 15:41:56,788 - root - INFO - start 34 epoch
2024-01-22 15:42:14,922 - root - INFO - epoch: 34 took 18.13s
2024-01-22 15:42:14,922 - root - INFO - epoch train mean loss: 0.449933464328448
2024-01-22 15:42:14,922 - root - INFO - train acc: 0.8518509783368273, test acc: 0.866077694235589
2024-01-22 15:42:14,922 - root - INFO - train ap: 0.892770161034699, val ap: 0.8982900444202415
2024-01-22 15:42:14,929 - root - INFO - start 35 epoch
2024-01-22 15:42:33,172 - root - INFO - epoch: 35 took 18.24s
2024-01-22 15:42:33,172 - root - INFO - epoch train mean loss: 0.4396172422501776
2024-01-22 15:42:33,172 - root - INFO - train acc: 0.8610534591194968, test acc: 0.8727485380116959
2024-01-22 15:42:33,173 - root - INFO - train ap: 0.8964352521358698, val ap: 0.9018274848540406
2024-01-22 15:42:33,179 - root - INFO - start 36 epoch
2024-01-22 15:42:51,374 - root - INFO - epoch: 36 took 18.20s
2024-01-22 15:42:51,375 - root - INFO - epoch train mean loss: 0.43232400384214187
2024-01-22 15:42:51,375 - root - INFO - train acc: 0.8675812368972747, test acc: 0.8771971595655806
2024-01-22 15:42:51,375 - root - INFO - train ap: 0.8992724107406088, val ap: 0.9051223946004338
2024-01-22 15:42:51,381 - root - INFO - start 37 epoch
2024-01-22 15:43:09,536 - root - INFO - epoch: 37 took 18.15s
2024-01-22 15:43:09,536 - root - INFO - epoch train mean loss: 0.41826950593127143
2024-01-22 15:43:09,536 - root - INFO - train acc: 0.8704306429070581, test acc: 0.8796992481203008
2024-01-22 15:43:09,536 - root - INFO - train ap: 0.9020741587228324, val ap: 0.9086615159745902
2024-01-22 15:43:09,543 - root - INFO - start 38 epoch
2024-01-22 15:43:27,686 - root - INFO - epoch: 38 took 18.14s
2024-01-22 15:43:27,686 - root - INFO - epoch train mean loss: 0.4107613124781185
2024-01-22 15:43:27,686 - root - INFO - train acc: 0.8744584206848358, test acc: 0.8841436925647452
2024-01-22 15:43:27,686 - root - INFO - train ap: 0.9049683647838493, val ap: 0.9109930699641693
2024-01-22 15:43:27,693 - root - INFO - start 39 epoch
2024-01-22 15:43:45,833 - root - INFO - epoch: 39 took 18.14s
2024-01-22 15:43:45,833 - root - INFO - epoch train mean loss: 0.40437572118308807
2024-01-22 15:43:45,833 - root - INFO - train acc: 0.8771331236897275, test acc: 0.8874770258980785
2024-01-22 15:43:45,833 - root - INFO - train ap: 0.9071764910562065, val ap: 0.9134232658325637
2024-01-22 15:43:45,840 - root - INFO - start 40 epoch
2024-01-22 15:44:03,994 - root - INFO - epoch: 40 took 18.15s
2024-01-22 15:44:03,994 - root - INFO - epoch train mean loss: 0.3945923298597336
2024-01-22 15:44:03,994 - root - INFO - train acc: 0.8800497903563942, test acc: 0.8880325814536341
2024-01-22 15:44:03,994 - root - INFO - train ap: 0.9089966150873643, val ap: 0.9156624371656638
2024-01-22 15:44:04,001 - root - INFO - start 41 epoch
2024-01-22 15:44:22,156 - root - INFO - epoch: 41 took 18.16s
2024-01-22 15:44:22,157 - root - INFO - epoch train mean loss: 0.38304828852415085
2024-01-22 15:44:22,157 - root - INFO - train acc: 0.8827603074772886, test acc: 0.8896992481203007
2024-01-22 15:44:22,157 - root - INFO - train ap: 0.9106144131632384, val ap: 0.9178533706006825
2024-01-22 15:44:22,163 - root - INFO - start 42 epoch
2024-01-22 15:44:40,296 - root - INFO - epoch: 42 took 18.13s
2024-01-22 15:44:40,297 - root - INFO - epoch train mean loss: 0.37598879718118244
2024-01-22 15:44:40,297 - root - INFO - train acc: 0.8853991963661776, test acc: 0.8941436925647452
2024-01-22 15:44:40,297 - root - INFO - train ap: 0.9124080002943145, val ap: 0.919858110530163
2024-01-22 15:44:40,303 - root - INFO - start 43 epoch
2024-01-22 15:44:58,589 - root - INFO - epoch: 43 took 18.29s
2024-01-22 15:44:58,589 - root - INFO - epoch train mean loss: 0.37066538052426445
2024-01-22 15:44:58,589 - root - INFO - train acc: 0.8873078266946192, test acc: 0.8963659147869674
2024-01-22 15:44:58,589 - root - INFO - train ap: 0.9144084968231658, val ap: 0.9215704405726479
2024-01-22 15:44:58,596 - root - INFO - start 44 epoch
2024-01-22 15:45:16,791 - root - INFO - epoch: 44 took 18.19s
2024-01-22 15:45:16,791 - root - INFO - epoch train mean loss: 0.3632727604773309
2024-01-22 15:45:16,791 - root - INFO - train acc: 0.889843640810622, test acc: 0.8963659147869674
2024-01-22 15:45:16,791 - root - INFO - train ap: 0.9159482459376669, val ap: 0.9231704571456267
2024-01-22 15:45:16,798 - root - INFO - start 45 epoch
2024-01-22 15:45:35,605 - root - INFO - epoch: 45 took 18.81s
2024-01-22 15:45:35,605 - root - INFO - epoch train mean loss: 0.3625112407737308
2024-01-22 15:45:35,605 - root - INFO - train acc: 0.8909547519217331, test acc: 0.8946992481203009
2024-01-22 15:45:35,605 - root - INFO - train ap: 0.9171720370664995, val ap: 0.925027641423125
2024-01-22 15:45:35,612 - root - INFO - start 46 epoch
2024-01-22 15:45:53,720 - root - INFO - epoch: 46 took 18.11s
2024-01-22 15:45:53,720 - root - INFO - epoch train mean loss: 0.3515976601176792
2024-01-22 15:45:53,720 - root - INFO - train acc: 0.8927961215932915, test acc: 0.8952548036758563
2024-01-22 15:45:53,720 - root - INFO - train ap: 0.91817789649337, val ap: 0.9271975485390664
2024-01-22 15:45:53,727 - root - INFO - start 47 epoch
2024-01-22 15:46:11,851 - root - INFO - epoch: 47 took 18.12s
2024-01-22 15:46:11,851 - root - INFO - epoch train mean loss: 0.3451668040619956
2024-01-22 15:46:11,851 - root - INFO - train acc: 0.8940461215932913, test acc: 0.8955346700083544
2024-01-22 15:46:11,851 - root - INFO - train ap: 0.9193018850080635, val ap: 0.9288999479528379
2024-01-22 15:46:11,858 - root - INFO - start 48 epoch
2024-01-22 15:46:30,017 - root - INFO - epoch: 48 took 18.16s
2024-01-22 15:46:30,017 - root - INFO - epoch train mean loss: 0.33706695669227177
2024-01-22 15:46:30,017 - root - INFO - train acc: 0.8966850104821804, test acc: 0.8949791144527988
2024-01-22 15:46:30,017 - root - INFO - train ap: 0.9204781880228351, val ap: 0.9305286379522979
2024-01-22 15:46:30,023 - root - INFO - start 49 epoch
2024-01-22 15:46:48,129 - root - INFO - epoch: 49 took 18.11s
2024-01-22 15:46:48,129 - root - INFO - epoch train mean loss: 0.330467577609751
2024-01-22 15:46:48,129 - root - INFO - train acc: 0.8976930468204052, test acc: 0.8963700918964077
2024-01-22 15:46:48,129 - root - INFO - train ap: 0.9215028312590471, val ap: 0.9314658902903167
2024-01-22 15:46:48,135 - root - INFO - start 50 epoch
2024-01-22 15:47:06,311 - root - INFO - epoch: 50 took 18.18s
2024-01-22 15:47:06,311 - root - INFO - epoch train mean loss: 0.3283619069390827
2024-01-22 15:47:06,311 - root - INFO - train acc: 0.9006455276030747, test acc: 0.8974812030075188
2024-01-22 15:47:06,311 - root - INFO - train ap: 0.9224478776638124, val ap: 0.932294601800257
2024-01-22 15:47:06,318 - root - INFO - start 51 epoch
2024-01-22 15:47:24,402 - root - INFO - epoch: 51 took 18.08s
2024-01-22 15:47:24,402 - root - INFO - epoch train mean loss: 0.3278522193431854
2024-01-22 15:47:24,402 - root - INFO - train acc: 0.9020344164919637, test acc: 0.9024812030075188
2024-01-22 15:47:24,402 - root - INFO - train ap: 0.9234229229182822, val ap: 0.9328788868534978
2024-01-22 15:47:24,409 - root - INFO - start 52 epoch
2024-01-22 15:47:42,671 - root - INFO - epoch: 52 took 18.26s
2024-01-22 15:47:42,672 - root - INFO - epoch train mean loss: 0.3153632531563441
2024-01-22 15:47:42,672 - root - INFO - train acc: 0.9021733053808527, test acc: 0.9024812030075188
2024-01-22 15:47:42,672 - root - INFO - train ap: 0.9245351694926808, val ap: 0.9339095152790003
2024-01-22 15:47:42,678 - root - INFO - start 53 epoch
2024-01-22 15:48:00,836 - root - INFO - epoch: 53 took 18.16s
2024-01-22 15:48:00,836 - root - INFO - epoch train mean loss: 0.32201120133201283
2024-01-22 15:48:00,836 - root - INFO - train acc: 0.9033516771488471, test acc: 0.9049832915622389
2024-01-22 15:48:00,836 - root - INFO - train ap: 0.9253626773233711, val ap: 0.9338141417648887
2024-01-22 15:48:00,843 - root - INFO - start 54 epoch
2024-01-22 15:48:19,014 - root - INFO - epoch: 54 took 18.17s
2024-01-22 15:48:19,014 - root - INFO - epoch train mean loss: 0.3126833393341965
2024-01-22 15:48:19,014 - root - INFO - train acc: 0.9044269741439555, test acc: 0.9055388471177945
2024-01-22 15:48:19,014 - root - INFO - train ap: 0.9257883430357814, val ap: 0.9341730606390404
2024-01-22 15:48:19,020 - root - INFO - start 55 epoch
2024-01-22 15:48:37,188 - root - INFO - epoch: 55 took 18.17s
2024-01-22 15:48:37,188 - root - INFO - epoch train mean loss: 0.3119383015566402
2024-01-22 15:48:37,188 - root - INFO - train acc: 0.9045658630328445, test acc: 0.9069256474519634
2024-01-22 15:48:37,188 - root - INFO - train ap: 0.9265039864998459, val ap: 0.9349375943209941
2024-01-22 15:48:37,195 - root - INFO - start 56 epoch
2024-01-22 15:48:55,350 - root - INFO - epoch: 56 took 18.15s
2024-01-22 15:48:55,350 - root - INFO - epoch train mean loss: 0.30805888482266003
2024-01-22 15:48:55,350 - root - INFO - train acc: 0.9055380852550665, test acc: 0.9085923141186298
2024-01-22 15:48:55,350 - root - INFO - train ap: 0.9270051955812255, val ap: 0.9353864316101698
2024-01-22 15:48:55,357 - root - INFO - start 57 epoch
2024-01-22 15:49:13,560 - root - INFO - epoch: 57 took 18.20s
2024-01-22 15:49:13,560 - root - INFO - epoch train mean loss: 0.30126616689893937
2024-01-22 15:49:13,560 - root - INFO - train acc: 0.9062325296995107, test acc: 0.9094277360066835
2024-01-22 15:49:13,561 - root - INFO - train ap: 0.9273413585603902, val ap: 0.9360181012384763
2024-01-22 15:49:13,567 - root - INFO - start 58 epoch
2024-01-22 15:49:31,742 - root - INFO - epoch: 58 took 18.17s
2024-01-22 15:49:31,742 - root - INFO - epoch train mean loss: 0.30173804445399177
2024-01-22 15:49:31,742 - root - INFO - train acc: 0.9069269741439554, test acc: 0.9099832915622389
2024-01-22 15:49:31,742 - root - INFO - train ap: 0.9278580446461492, val ap: 0.9364163267860608
2024-01-22 15:49:31,750 - root - INFO - start 59 epoch
2024-01-22 15:49:49,930 - root - INFO - epoch: 59 took 18.18s
2024-01-22 15:49:49,930 - root - INFO - epoch train mean loss: 0.3007745672431257
2024-01-22 15:49:49,930 - root - INFO - train acc: 0.9083516771488471, test acc: 0.9105388471177945
2024-01-22 15:49:49,930 - root - INFO - train ap: 0.928217973518625, val ap: 0.9369554683016005
2024-01-22 15:49:49,937 - root - INFO - start 60 epoch
2024-01-22 15:50:08,197 - root - INFO - epoch: 60 took 18.26s
2024-01-22 15:50:08,197 - root - INFO - epoch train mean loss: 0.2924022703535027
2024-01-22 15:50:08,197 - root - INFO - train acc: 0.9086294549266248, test acc: 0.91109440267335
2024-01-22 15:50:08,197 - root - INFO - train ap: 0.9286982120819327, val ap: 0.9371257084539261
2024-01-22 15:50:08,203 - root - INFO - start 61 epoch
2024-01-22 15:50:26,388 - root - INFO - epoch: 61 took 18.19s
2024-01-22 15:50:26,388 - root - INFO - epoch train mean loss: 0.2940964280731148
2024-01-22 15:50:26,388 - root - INFO - train acc: 0.909601677148847, test acc: 0.9122055137844612
2024-01-22 15:50:26,388 - root - INFO - train ap: 0.9291698985423579, val ap: 0.9376048382706617
2024-01-22 15:50:26,396 - root - INFO - start 62 epoch
2024-01-22 15:50:44,600 - root - INFO - epoch: 62 took 18.20s
2024-01-22 15:50:44,600 - root - INFO - epoch train mean loss: 0.28716206674774486
2024-01-22 15:50:44,600 - root - INFO - train acc: 0.910990566037736, test acc: 0.9144277360066835
2024-01-22 15:50:44,600 - root - INFO - train ap: 0.9299407485569076, val ap: 0.9384472252182466
2024-01-22 15:50:44,616 - root - INFO - start 63 epoch
2024-01-22 15:51:02,773 - root - INFO - epoch: 63 took 18.16s
2024-01-22 15:51:02,773 - root - INFO - epoch train mean loss: 0.2902161048518287
2024-01-22 15:51:02,773 - root - INFO - train acc: 0.9119627882599581, test acc: 0.9133166248955723
2024-01-22 15:51:02,773 - root - INFO - train ap: 0.9305724607059207, val ap: 0.9388782667997341
2024-01-22 15:51:02,780 - root - INFO - start 64 epoch
2024-01-22 15:51:20,971 - root - INFO - epoch: 64 took 18.19s
2024-01-22 15:51:20,972 - root - INFO - epoch train mean loss: 0.28645826048321194
2024-01-22 15:51:20,972 - root - INFO - train acc: 0.9140461215932915, test acc: 0.9138721804511278
2024-01-22 15:51:20,972 - root - INFO - train ap: 0.9311417063649158, val ap: 0.9391532537859769
2024-01-22 15:51:20,979 - root - INFO - start 65 epoch
2024-01-22 15:51:39,302 - root - INFO - epoch: 65 took 18.32s
2024-01-22 15:51:39,302 - root - INFO - epoch train mean loss: 0.28218459089597064
2024-01-22 15:51:39,302 - root - INFO - train acc: 0.9146016771488471, test acc: 0.9149832915622391
2024-01-22 15:51:39,302 - root - INFO - train ap: 0.9318094655156036, val ap: 0.9397783445353917
2024-01-22 15:51:39,309 - root - INFO - start 66 epoch
2024-01-22 15:51:57,472 - root - INFO - epoch: 66 took 18.16s
2024-01-22 15:51:57,472 - root - INFO - epoch train mean loss: 0.2818858664896753
2024-01-22 15:51:57,473 - root - INFO - train acc: 0.9149152690426278, test acc: 0.9155388471177945
2024-01-22 15:51:57,473 - root - INFO - train ap: 0.9324204323534162, val ap: 0.9403787379148416
2024-01-22 15:51:57,479 - root - INFO - start 67 epoch
2024-01-22 15:52:15,658 - root - INFO - epoch: 67 took 18.18s
2024-01-22 15:52:15,658 - root - INFO - epoch train mean loss: 0.2766414454413785
2024-01-22 15:52:15,659 - root - INFO - train acc: 0.9156097134870722, test acc: 0.9160944026733502
2024-01-22 15:52:15,659 - root - INFO - train ap: 0.9328252467509157, val ap: 0.9407995032803791
2024-01-22 15:52:15,665 - root - INFO - start 68 epoch
2024-01-22 15:52:33,929 - root - INFO - epoch: 68 took 18.26s
2024-01-22 15:52:33,929 - root - INFO - epoch train mean loss: 0.27623987570405006
2024-01-22 15:52:33,929 - root - INFO - train acc: 0.9166177498252972, test acc: 0.9166499582289056
2024-01-22 15:52:33,929 - root - INFO - train ap: 0.93320630229989, val ap: 0.9410426512602036
2024-01-22 15:52:33,936 - root - INFO - start 69 epoch
2024-01-22 15:52:52,134 - root - INFO - epoch: 69 took 18.20s
2024-01-22 15:52:52,134 - root - INFO - epoch train mean loss: 0.2728098721967803
2024-01-22 15:52:52,134 - root - INFO - train acc: 0.9171733053808526, test acc: 0.9166499582289056
2024-01-22 15:52:52,134 - root - INFO - train ap: 0.9335080803059151, val ap: 0.9413991017773902
2024-01-22 15:52:52,141 - root - INFO - start 70 epoch
2024-01-22 15:53:10,270 - root - INFO - epoch: 70 took 18.13s
2024-01-22 15:53:10,270 - root - INFO - epoch train mean loss: 0.2709363119469749
2024-01-22 15:53:10,270 - root - INFO - train acc: 0.9178677498252971, test acc: 0.9177610693400167
2024-01-22 15:53:10,270 - root - INFO - train ap: 0.9339294392080105, val ap: 0.9414941657172711
2024-01-22 15:53:10,276 - root - INFO - start 71 epoch
2024-01-22 15:53:28,424 - root - INFO - epoch: 71 took 18.15s
2024-01-22 15:53:28,425 - root - INFO - epoch train mean loss: 0.2680007488363319
2024-01-22 15:53:28,425 - root - INFO - train acc: 0.9191177498252971, test acc: 0.9188721804511277
2024-01-22 15:53:28,425 - root - INFO - train ap: 0.9343104222579208, val ap: 0.9418377938144791
2024-01-22 15:53:28,431 - root - INFO - start 72 epoch
2024-01-22 15:53:46,605 - root - INFO - epoch: 72 took 18.17s
2024-01-22 15:53:46,605 - root - INFO - epoch train mean loss: 0.2637845087382529
2024-01-22 15:53:46,605 - root - INFO - train acc: 0.9190146750524111, test acc: 0.9194277360066834
2024-01-22 15:53:46,605 - root - INFO - train ap: 0.9345669906337117, val ap: 0.9420076267287887
2024-01-22 15:53:46,611 - root - INFO - start 73 epoch
2024-01-22 15:54:04,770 - root - INFO - epoch: 73 took 18.16s
2024-01-22 15:54:04,770 - root - INFO - epoch train mean loss: 0.2639917234579722
2024-01-22 15:54:04,770 - root - INFO - train acc: 0.9201257861635221, test acc: 0.9199832915622389
2024-01-22 15:54:04,770 - root - INFO - train ap: 0.934835398785488, val ap: 0.9424483685125487
2024-01-22 15:54:04,776 - root - INFO - start 74 epoch
2024-01-22 15:54:23,001 - root - INFO - epoch: 74 took 18.22s
2024-01-22 15:54:23,001 - root - INFO - epoch train mean loss: 0.26446551374263233
2024-01-22 15:54:23,001 - root - INFO - train acc: 0.9213757861635222, test acc: 0.9205388471177945
2024-01-22 15:54:23,001 - root - INFO - train ap: 0.934913327368457, val ap: 0.9425499844517429
2024-01-22 15:54:23,007 - root - INFO - start 75 epoch
2024-01-22 15:54:41,121 - root - INFO - epoch: 75 took 18.11s
2024-01-22 15:54:41,122 - root - INFO - epoch train mean loss: 0.2617826366590129
2024-01-22 15:54:41,122 - root - INFO - train acc: 0.9208202306079666, test acc: 0.9199832915622389
2024-01-22 15:54:41,122 - root - INFO - train ap: 0.9353031591156287, val ap: 0.9424753153257055
2024-01-22 15:54:41,128 - root - INFO - start 76 epoch
2024-01-22 15:54:59,267 - root - INFO - epoch: 76 took 18.14s
2024-01-22 15:54:59,267 - root - INFO - epoch train mean loss: 0.25435909297731185
2024-01-22 15:54:59,267 - root - INFO - train acc: 0.9208202306079666, test acc: 0.9210944026733502
2024-01-22 15:54:59,267 - root - INFO - train ap: 0.9356321131350407, val ap: 0.9429872942634413
2024-01-22 15:54:59,277 - root - INFO - start 77 epoch
2024-01-22 15:55:17,506 - root - INFO - epoch: 77 took 18.23s
2024-01-22 15:55:17,507 - root - INFO - epoch train mean loss: 0.25745127060347134
2024-01-22 15:55:17,507 - root - INFO - train acc: 0.9213757861635222, test acc: 0.9210944026733502
2024-01-22 15:55:17,507 - root - INFO - train ap: 0.9359128410210431, val ap: 0.9430580712109189
2024-01-22 15:55:17,514 - root - INFO - start 78 epoch
2024-01-22 15:55:35,681 - root - INFO - epoch: 78 took 18.17s
2024-01-22 15:55:35,681 - root - INFO - epoch train mean loss: 0.2502492314411534
2024-01-22 15:55:35,681 - root - INFO - train acc: 0.9222091194968554, test acc: 0.9224853801169591
2024-01-22 15:55:35,681 - root - INFO - train ap: 0.9363318336755828, val ap: 0.9431597716752044
2024-01-22 15:55:35,688 - root - INFO - start 79 epoch
2024-01-22 15:55:53,864 - root - INFO - epoch: 79 took 18.18s
2024-01-22 15:55:53,865 - root - INFO - epoch train mean loss: 0.24868496341837776
2024-01-22 15:55:53,865 - root - INFO - train acc: 0.9229035639412998, test acc: 0.9241520467836257
2024-01-22 15:55:53,865 - root - INFO - train ap: 0.9367841182333676, val ap: 0.9432212898093787
2024-01-22 15:55:53,871 - root - INFO - start 80 epoch
2024-01-22 15:56:12,025 - root - INFO - epoch: 80 took 18.15s
2024-01-22 15:56:12,026 - root - INFO - epoch train mean loss: 0.24972688323921627
2024-01-22 15:56:12,026 - root - INFO - train acc: 0.9238757861635221, test acc: 0.9252631578947368
2024-01-22 15:56:12,026 - root - INFO - train ap: 0.9371187567365755, val ap: 0.9432225687239898
2024-01-22 15:56:12,032 - root - INFO - start 81 epoch
2024-01-22 15:56:30,128 - root - INFO - epoch: 81 took 18.10s
2024-01-22 15:56:30,128 - root - INFO - epoch train mean loss: 0.24604753901561102
2024-01-22 15:56:30,129 - root - INFO - train acc: 0.9238757861635221, test acc: 0.9258187134502924
2024-01-22 15:56:30,129 - root - INFO - train ap: 0.9373144309756705, val ap: 0.9433191511379656
2024-01-22 15:56:30,135 - root - INFO - start 82 epoch
2024-01-22 15:56:48,337 - root - INFO - epoch: 82 took 18.20s
2024-01-22 15:56:48,337 - root - INFO - epoch train mean loss: 0.23800532561209467
2024-01-22 15:56:48,337 - root - INFO - train acc: 0.9242924528301888, test acc: 0.9263742690058481
2024-01-22 15:56:48,337 - root - INFO - train ap: 0.9378383669664159, val ap: 0.9434176550172848
2024-01-22 15:56:48,344 - root - INFO - start 83 epoch
2024-01-22 15:57:06,504 - root - INFO - epoch: 83 took 18.16s
2024-01-22 15:57:06,504 - root - INFO - epoch train mean loss: 0.24387871142890719
2024-01-22 15:57:06,504 - root - INFO - train acc: 0.9244313417190776, test acc: 0.9263742690058481
2024-01-22 15:57:06,504 - root - INFO - train ap: 0.937977756118266, val ap: 0.9435256405759487
2024-01-22 15:57:06,511 - root - INFO - start 84 epoch
2024-01-22 15:57:24,695 - root - INFO - epoch: 84 took 18.18s
2024-01-22 15:57:24,695 - root - INFO - epoch train mean loss: 0.23749292310741213
2024-01-22 15:57:24,695 - root - INFO - train acc: 0.924986897274633, test acc: 0.9269298245614035
2024-01-22 15:57:24,695 - root - INFO - train ap: 0.9381789570738158, val ap: 0.9436115961841003
2024-01-22 15:57:24,702 - root - INFO - start 85 epoch
2024-01-22 15:57:42,921 - root - INFO - epoch: 85 took 18.22s
2024-01-22 15:57:42,921 - root - INFO - epoch train mean loss: 0.23743057582113478
2024-01-22 15:57:42,921 - root - INFO - train acc: 0.9260980083857443, test acc: 0.9269298245614035
2024-01-22 15:57:42,921 - root - INFO - train ap: 0.9384381169156971, val ap: 0.9439433396693526
2024-01-22 15:57:42,927 - root - INFO - start 86 epoch
2024-01-22 15:58:01,127 - root - INFO - epoch: 86 took 18.20s
2024-01-22 15:58:01,127 - root - INFO - epoch train mean loss: 0.2412511304848724
2024-01-22 15:58:01,127 - root - INFO - train acc: 0.9269313417190777, test acc: 0.9269298245614035
2024-01-22 15:58:01,127 - root - INFO - train ap: 0.9385429529876002, val ap: 0.9441324690244072
2024-01-22 15:58:01,133 - root - INFO - start 87 epoch
2024-01-22 15:58:19,290 - root - INFO - epoch: 87 took 18.16s
2024-01-22 15:58:19,291 - root - INFO - epoch train mean loss: 0.23785852599475119
2024-01-22 15:58:19,291 - root - INFO - train acc: 0.9267924528301887, test acc: 0.9269298245614035
2024-01-22 15:58:19,291 - root - INFO - train ap: 0.9387726770047031, val ap: 0.9441166136496588
2024-01-22 15:58:19,297 - root - INFO - start 88 epoch
2024-01-22 15:58:37,450 - root - INFO - epoch: 88 took 18.15s
2024-01-22 15:58:37,450 - root - INFO - epoch train mean loss: 0.23569450941350725
2024-01-22 15:58:37,450 - root - INFO - train acc: 0.9281813417190777, test acc: 0.9269298245614035
2024-01-22 15:58:37,450 - root - INFO - train ap: 0.9391006095955174, val ap: 0.9440229041836101
2024-01-22 15:58:37,456 - root - INFO - start 89 epoch
2024-01-22 15:58:55,626 - root - INFO - epoch: 89 took 18.17s
2024-01-22 15:58:55,626 - root - INFO - epoch train mean loss: 0.2302683980928527
2024-01-22 15:58:55,626 - root - INFO - train acc: 0.9287368972746332, test acc: 0.9263742690058481
2024-01-22 15:58:55,626 - root - INFO - train ap: 0.9392831795489648, val ap: 0.9441770462909902
2024-01-22 15:58:55,631 - root - INFO - start 90 epoch
2024-01-22 15:59:13,784 - root - INFO - epoch: 90 took 18.15s
2024-01-22 15:59:13,784 - root - INFO - epoch train mean loss: 0.23239932498998112
2024-01-22 15:59:13,784 - root - INFO - train acc: 0.9294313417190777, test acc: 0.9263742690058481
2024-01-22 15:59:13,784 - root - INFO - train ap: 0.9394787134864695, val ap: 0.9441144238282073
2024-01-22 15:59:13,789 - root - INFO - start 91 epoch
2024-01-22 15:59:31,931 - root - INFO - epoch: 91 took 18.14s
2024-01-22 15:59:31,931 - root - INFO - epoch train mean loss: 0.2276146316693889
2024-01-22 15:59:31,931 - root - INFO - train acc: 0.9299868972746332, test acc: 0.9263742690058481
2024-01-22 15:59:31,931 - root - INFO - train ap: 0.9397925498984525, val ap: 0.9441561322413984
2024-01-22 15:59:31,936 - root - INFO - start 92 epoch
2024-01-22 15:59:50,098 - root - INFO - epoch: 92 took 18.16s
2024-01-22 15:59:50,099 - root - INFO - epoch train mean loss: 0.22881761317451796
2024-01-22 15:59:50,099 - root - INFO - train acc: 0.9298480083857444, test acc: 0.925263157894737
2024-01-22 15:59:50,099 - root - INFO - train ap: 0.9397607729286643, val ap: 0.9441349334688529
2024-01-22 15:59:50,103 - root - INFO - start 93 epoch
2024-01-22 16:00:08,371 - root - INFO - epoch: 93 took 18.27s
2024-01-22 16:00:08,371 - root - INFO - epoch train mean loss: 0.22906213419304955
2024-01-22 16:00:08,371 - root - INFO - train acc: 0.9305424528301889, test acc: 0.9285964912280702
2024-01-22 16:00:08,371 - root - INFO - train ap: 0.9401275717252235, val ap: 0.943993316771705
2024-01-22 16:00:08,376 - root - INFO - start 94 epoch
2024-01-22 16:00:26,640 - root - INFO - epoch: 94 took 18.26s
2024-01-22 16:00:26,641 - root - INFO - epoch train mean loss: 0.22439098896251786
2024-01-22 16:00:26,641 - root - INFO - train acc: 0.9299868972746332, test acc: 0.9280409356725146
2024-01-22 16:00:26,641 - root - INFO - train ap: 0.9402960909867484, val ap: 0.9438424190481215
2024-01-22 16:00:26,647 - root - INFO - start 95 epoch
2024-01-22 16:00:45,059 - root - INFO - epoch: 95 took 18.41s
2024-01-22 16:00:45,059 - root - INFO - epoch train mean loss: 0.2265852428972721
2024-01-22 16:00:45,059 - root - INFO - train acc: 0.9301616002795251, test acc: 0.9280409356725146
2024-01-22 16:00:45,059 - root - INFO - train ap: 0.9405050987494753, val ap: 0.9438831965832155
2024-01-22 16:00:45,065 - root - INFO - start 96 epoch
2024-01-22 16:01:03,305 - root - INFO - epoch: 96 took 18.24s
2024-01-22 16:01:03,305 - root - INFO - epoch train mean loss: 0.22326961904764175
2024-01-22 16:01:03,305 - root - INFO - train acc: 0.9312727113906359, test acc: 0.9283166248955723
2024-01-22 16:01:03,305 - root - INFO - train ap: 0.940885458699051, val ap: 0.943897225760219
2024-01-22 16:01:03,310 - root - INFO - start 97 epoch
2024-01-22 16:01:21,479 - root - INFO - epoch: 97 took 18.17s
2024-01-22 16:01:21,479 - root - INFO - epoch train mean loss: 0.22448725294735697
2024-01-22 16:01:21,479 - root - INFO - train acc: 0.9312727113906359, test acc: 0.9277610693400167
2024-01-22 16:01:21,479 - root - INFO - train ap: 0.9411557277362405, val ap: 0.9442773804859959
2024-01-22 16:01:21,485 - root - INFO - start 98 epoch
2024-01-22 16:01:39,677 - root - INFO - epoch: 98 took 18.19s
2024-01-22 16:01:39,677 - root - INFO - epoch train mean loss: 0.22158446452683872
2024-01-22 16:01:39,677 - root - INFO - train acc: 0.931411600279525, test acc: 0.9283166248955723
2024-01-22 16:01:39,677 - root - INFO - train ap: 0.9414656640786099, val ap: 0.9445122948741
2024-01-22 16:01:39,682 - root - INFO - start 99 epoch
2024-01-22 16:01:57,860 - root - INFO - epoch: 99 took 18.18s
2024-01-22 16:01:57,860 - root - INFO - epoch train mean loss: 0.21767062114344704
2024-01-22 16:01:57,860 - root - INFO - train acc: 0.9318282669461916, test acc: 0.9283166248955723
2024-01-22 16:01:57,860 - root - INFO - train ap: 0.9415836725920858, val ap: 0.9446438831040227
2024-01-22 16:01:57,871 - root - INFO - TGN model saved
