2024-01-22 17:09:07,672 - root - INFO - Namespace(data='simulate_v2', bs=200, prefix='tgn-attn', n_degree=10, n_head=2, n_epoch=100, n_layer=2, lr=0.0001, patience=5, n_runs=1, drop_out=0.1, gpu=0, node_dim=100, time_dim=100, backprop_every=1, use_memory=True, embedding_module='graph_attention', message_function='identity', memory_updater='gru', aggregator='last', memory_update_at_end=True, message_dim=100, memory_dim=4, different_new_nodes=False, uniform=False, randomize_features=False, use_destination_embedding_in_message=False, use_source_embedding_in_message=False, dyrep=False)
2024-01-22 17:09:08,760 - root - INFO - num of training instances: 5872
2024-01-22 17:09:08,760 - root - INFO - num of batches per epoch: 30
2024-01-22 17:09:08,760 - root - INFO - start 0 epoch
2024-01-22 17:09:25,108 - root - INFO - epoch: 0 took 16.35s
2024-01-22 17:09:25,109 - root - INFO - epoch train mean loss: 0.7328303317228954
2024-01-22 17:09:25,109 - root - INFO - train acc: 0.5088518518518519, test acc: 0.47916666666666663
2024-01-22 17:09:25,109 - root - INFO - train ap: 0.432675992684423, val ap: 0.453871070138424
2024-01-22 17:09:25,116 - root - INFO - start 1 epoch
2024-01-22 17:09:40,923 - root - INFO - epoch: 1 took 15.81s
2024-01-22 17:09:40,923 - root - INFO - epoch train mean loss: 0.7107402324676514
2024-01-22 17:09:40,923 - root - INFO - train acc: 0.5075185185185186, test acc: 0.47916666666666663
2024-01-22 17:09:40,923 - root - INFO - train ap: 0.4311297796251365, val ap: 0.4574266248789708
2024-01-22 17:09:40,930 - root - INFO - start 2 epoch
2024-01-22 17:09:56,832 - root - INFO - epoch: 2 took 15.90s
2024-01-22 17:09:56,832 - root - INFO - epoch train mean loss: 0.7017703056335449
2024-01-22 17:09:56,832 - root - INFO - train acc: 0.5021851851851851, test acc: 0.47916666666666663
2024-01-22 17:09:56,833 - root - INFO - train ap: 0.4353045227564706, val ap: 0.4643897541267314
2024-01-22 17:09:56,839 - root - INFO - start 3 epoch
2024-01-22 17:10:12,622 - root - INFO - epoch: 3 took 15.78s
2024-01-22 17:10:12,622 - root - INFO - epoch train mean loss: 0.7016315460205078
2024-01-22 17:10:12,622 - root - INFO - train acc: 0.49888888888888877, test acc: 0.47854166666666664
2024-01-22 17:10:12,623 - root - INFO - train ap: 0.43952647652158294, val ap: 0.4687562665727241
2024-01-22 17:10:12,630 - root - INFO - start 4 epoch
2024-01-22 17:10:28,436 - root - INFO - epoch: 4 took 15.81s
2024-01-22 17:10:28,436 - root - INFO - epoch train mean loss: 0.7002144833405812
2024-01-22 17:10:28,436 - root - INFO - train acc: 0.4990555555555556, test acc: 0.47791666666666666
2024-01-22 17:10:28,436 - root - INFO - train ap: 0.4436562530016931, val ap: 0.4728413108669047
2024-01-22 17:10:28,443 - root - INFO - start 5 epoch
2024-01-22 17:10:44,241 - root - INFO - epoch: 5 took 15.80s
2024-01-22 17:10:44,241 - root - INFO - epoch train mean loss: 0.7003154039382935
2024-01-22 17:10:44,241 - root - INFO - train acc: 0.5005555555555555, test acc: 0.47979166666666667
2024-01-22 17:10:44,241 - root - INFO - train ap: 0.4479464867564273, val ap: 0.4775958701846344
2024-01-22 17:10:44,246 - root - INFO - start 6 epoch
2024-01-22 17:10:59,953 - root - INFO - epoch: 6 took 15.71s
2024-01-22 17:10:59,954 - root - INFO - epoch train mean loss: 0.6998929619789124
2024-01-22 17:10:59,954 - root - INFO - train acc: 0.5013888888888889, test acc: 0.47979166666666667
2024-01-22 17:10:59,954 - root - INFO - train ap: 0.45287061396114303, val ap: 0.4837612140306783
2024-01-22 17:10:59,961 - root - INFO - start 7 epoch
2024-01-22 17:11:15,690 - root - INFO - epoch: 7 took 15.73s
2024-01-22 17:11:15,690 - root - INFO - epoch train mean loss: 0.6994510293006897
2024-01-22 17:11:15,690 - root - INFO - train acc: 0.5020555555555555, test acc: 0.4804166666666667
2024-01-22 17:11:15,690 - root - INFO - train ap: 0.4592499842051621, val ap: 0.4892492559843141
2024-01-22 17:11:15,697 - root - INFO - start 8 epoch
2024-01-22 17:11:31,432 - root - INFO - epoch: 8 took 15.74s
2024-01-22 17:11:31,432 - root - INFO - epoch train mean loss: 0.698987336953481
2024-01-22 17:11:31,433 - root - INFO - train acc: 0.504388888888889, test acc: 0.47979166666666667
2024-01-22 17:11:31,433 - root - INFO - train ap: 0.46565689095914115, val ap: 0.49583789534341904
2024-01-22 17:11:31,439 - root - INFO - start 9 epoch
2024-01-22 17:11:47,193 - root - INFO - epoch: 9 took 15.75s
2024-01-22 17:11:47,194 - root - INFO - epoch train mean loss: 0.6995570520559947
2024-01-22 17:11:47,194 - root - INFO - train acc: 0.5050555555555556, test acc: 0.47979166666666667
2024-01-22 17:11:47,194 - root - INFO - train ap: 0.4718580810278904, val ap: 0.5023945967636362
2024-01-22 17:11:47,200 - root - INFO - start 10 epoch
2024-01-22 17:12:02,966 - root - INFO - epoch: 10 took 15.77s
2024-01-22 17:12:02,966 - root - INFO - epoch train mean loss: 0.6967826982339224
2024-01-22 17:12:02,966 - root - INFO - train acc: 0.5053888888888889, test acc: 0.47979166666666667
2024-01-22 17:12:02,967 - root - INFO - train ap: 0.47891665510242204, val ap: 0.509461770396632
2024-01-22 17:12:02,973 - root - INFO - start 11 epoch
2024-01-22 17:12:18,744 - root - INFO - epoch: 11 took 15.77s
2024-01-22 17:12:18,744 - root - INFO - epoch train mean loss: 0.6971768736839294
2024-01-22 17:12:18,744 - root - INFO - train acc: 0.5065555555555555, test acc: 0.4804166666666667
2024-01-22 17:12:18,744 - root - INFO - train ap: 0.48647709465651734, val ap: 0.5171497657538667
2024-01-22 17:12:18,751 - root - INFO - start 12 epoch
2024-01-22 17:12:34,570 - root - INFO - epoch: 12 took 15.82s
2024-01-22 17:12:34,570 - root - INFO - epoch train mean loss: 0.6977911233901978
2024-01-22 17:12:34,570 - root - INFO - train acc: 0.5061851851851852, test acc: 0.47916666666666663
2024-01-22 17:12:34,570 - root - INFO - train ap: 0.49523039150656156, val ap: 0.5267312024484172
2024-01-22 17:12:34,577 - root - INFO - start 13 epoch
2024-01-22 17:12:50,289 - root - INFO - epoch: 13 took 15.71s
2024-01-22 17:12:50,289 - root - INFO - epoch train mean loss: 0.6970603466033936
2024-01-22 17:12:50,289 - root - INFO - train acc: 0.5070185185185185, test acc: 0.47916666666666663
2024-01-22 17:12:50,289 - root - INFO - train ap: 0.5044663548570968, val ap: 0.5358134522897626
2024-01-22 17:12:50,296 - root - INFO - start 14 epoch
2024-01-22 17:13:05,999 - root - INFO - epoch: 14 took 15.70s
2024-01-22 17:13:06,000 - root - INFO - epoch train mean loss: 0.6967103799184163
2024-01-22 17:13:06,000 - root - INFO - train acc: 0.5076851851851852, test acc: 0.47916666666666663
2024-01-22 17:13:06,000 - root - INFO - train ap: 0.5149940046977501, val ap: 0.5465342468653178
2024-01-22 17:13:06,005 - root - INFO - start 15 epoch
2024-01-22 17:13:21,816 - root - INFO - epoch: 15 took 15.81s
2024-01-22 17:13:21,816 - root - INFO - epoch train mean loss: 0.6965309858322144
2024-01-22 17:13:21,816 - root - INFO - train acc: 0.5083518518518518, test acc: 0.47916666666666663
2024-01-22 17:13:21,816 - root - INFO - train ap: 0.5276853896107329, val ap: 0.5598397631095914
2024-01-22 17:13:21,822 - root - INFO - start 16 epoch
2024-01-22 17:13:37,701 - root - INFO - epoch: 16 took 15.88s
2024-01-22 17:13:37,701 - root - INFO - epoch train mean loss: 0.6950882534186046
2024-01-22 17:13:37,701 - root - INFO - train acc: 0.5093518518518518, test acc: 0.47916666666666663
2024-01-22 17:13:37,701 - root - INFO - train ap: 0.5411346118543219, val ap: 0.5722267876871117
2024-01-22 17:13:37,709 - root - INFO - start 17 epoch
2024-01-22 17:13:53,555 - root - INFO - epoch: 17 took 15.85s
2024-01-22 17:13:53,555 - root - INFO - epoch train mean loss: 0.694045078754425
2024-01-22 17:13:53,555 - root - INFO - train acc: 0.5143888888888889, test acc: 0.47979166666666667
2024-01-22 17:13:53,556 - root - INFO - train ap: 0.5566947403267936, val ap: 0.5905524622311193
2024-01-22 17:13:53,562 - root - INFO - start 18 epoch
2024-01-22 17:14:09,431 - root - INFO - epoch: 18 took 15.87s
2024-01-22 17:14:09,431 - root - INFO - epoch train mean loss: 0.695092519124349
2024-01-22 17:14:09,431 - root - INFO - train acc: 0.5202592592592593, test acc: 0.48041666666666666
2024-01-22 17:14:09,432 - root - INFO - train ap: 0.5644928917551701, val ap: 0.6085656416681682
2024-01-22 17:14:09,438 - root - INFO - start 19 epoch
2024-01-22 17:14:25,318 - root - INFO - epoch: 19 took 15.88s
2024-01-22 17:14:25,318 - root - INFO - epoch train mean loss: 0.6957231303056081
2024-01-22 17:14:25,318 - root - INFO - train acc: 0.5115185185185185, test acc: 0.47916666666666663
2024-01-22 17:14:25,318 - root - INFO - train ap: 0.6033475259706573, val ap: 0.631976809790324
2024-01-22 17:14:25,325 - root - INFO - start 20 epoch
2024-01-22 17:14:41,179 - root - INFO - epoch: 20 took 15.85s
2024-01-22 17:14:41,179 - root - INFO - epoch train mean loss: 0.6949980835119883
2024-01-22 17:14:41,179 - root - INFO - train acc: 0.5120185185185185, test acc: 0.47916666666666663
2024-01-22 17:14:41,179 - root - INFO - train ap: 0.6172713241235925, val ap: 0.639051796836619
2024-01-22 17:14:41,186 - root - INFO - start 21 epoch
2024-01-22 17:14:57,058 - root - INFO - epoch: 21 took 15.87s
2024-01-22 17:14:57,058 - root - INFO - epoch train mean loss: 0.6930829226970673
2024-01-22 17:14:57,058 - root - INFO - train acc: 0.5141851851851852, test acc: 0.47916666666666663
2024-01-22 17:14:57,058 - root - INFO - train ap: 0.6243589026230855, val ap: 0.6444301362628495
2024-01-22 17:14:57,065 - root - INFO - start 22 epoch
2024-01-22 17:15:12,892 - root - INFO - epoch: 22 took 15.83s
2024-01-22 17:15:12,892 - root - INFO - epoch train mean loss: 0.6914177040259043
2024-01-22 17:15:12,892 - root - INFO - train acc: 0.5158518518518519, test acc: 0.47916666666666663
2024-01-22 17:15:12,892 - root - INFO - train ap: 0.6262653619439444, val ap: 0.6498039613185386
2024-01-22 17:15:12,897 - root - INFO - start 23 epoch
2024-01-22 17:15:28,900 - root - INFO - epoch: 23 took 16.00s
2024-01-22 17:15:28,900 - root - INFO - epoch train mean loss: 0.691902083158493
2024-01-22 17:15:28,900 - root - INFO - train acc: 0.5151851851851852, test acc: 0.47916666666666663
2024-01-22 17:15:28,900 - root - INFO - train ap: 0.6330374013017891, val ap: 0.656673513537871
2024-01-22 17:15:28,905 - root - INFO - start 24 epoch
2024-01-22 17:15:44,837 - root - INFO - epoch: 24 took 15.93s
2024-01-22 17:15:44,837 - root - INFO - epoch train mean loss: 0.6914098600546519
2024-01-22 17:15:44,837 - root - INFO - train acc: 0.5186851851851852, test acc: 0.48291666666666666
2024-01-22 17:15:44,837 - root - INFO - train ap: 0.6451978894201833, val ap: 0.6672836707061227
2024-01-22 17:15:44,842 - root - INFO - start 25 epoch
2024-01-22 17:16:00,729 - root - INFO - epoch: 25 took 15.89s
2024-01-22 17:16:00,729 - root - INFO - epoch train mean loss: 0.6897985935211182
2024-01-22 17:16:00,729 - root - INFO - train acc: 0.5563148148148148, test acc: 0.5236458333333334
2024-01-22 17:16:00,729 - root - INFO - train ap: 0.666873365292424, val ap: 0.6851782077059632
2024-01-22 17:16:00,734 - root - INFO - start 26 epoch
2024-01-22 17:16:16,620 - root - INFO - epoch: 26 took 15.89s
2024-01-22 17:16:16,620 - root - INFO - epoch train mean loss: 0.6884407182534535
2024-01-22 17:16:16,620 - root - INFO - train acc: 0.5812407407407407, test acc: 0.5810416666666667
2024-01-22 17:16:16,620 - root - INFO - train ap: 0.6872523604716803, val ap: 0.71034080800055
2024-01-22 17:16:16,625 - root - INFO - start 27 epoch
2024-01-22 17:16:32,506 - root - INFO - epoch: 27 took 15.88s
2024-01-22 17:16:32,506 - root - INFO - epoch train mean loss: 0.6861804485321045
2024-01-22 17:16:32,506 - root - INFO - train acc: 0.5918148148148148, test acc: 0.5623958333333334
2024-01-22 17:16:32,506 - root - INFO - train ap: 0.7042872690113334, val ap: 0.7288917085933423
2024-01-22 17:16:32,511 - root - INFO - start 28 epoch
2024-01-22 17:16:48,414 - root - INFO - epoch: 28 took 15.90s
2024-01-22 17:16:48,415 - root - INFO - epoch train mean loss: 0.685504291454951
2024-01-22 17:16:48,415 - root - INFO - train acc: 0.6087777777777778, test acc: 0.5460416666666666
2024-01-22 17:16:48,415 - root - INFO - train ap: 0.7202771055042477, val ap: 0.7413252291017921
2024-01-22 17:16:48,420 - root - INFO - start 29 epoch
2024-01-22 17:17:04,252 - root - INFO - epoch: 29 took 15.83s
2024-01-22 17:17:04,252 - root - INFO - epoch train mean loss: 0.6851791958014171
2024-01-22 17:17:04,252 - root - INFO - train acc: 0.5976666666666667, test acc: 0.5420833333333334
2024-01-22 17:17:04,252 - root - INFO - train ap: 0.7312745596431697, val ap: 0.7528011976780364
2024-01-22 17:17:04,257 - root - INFO - start 30 epoch
2024-01-22 17:17:20,124 - root - INFO - epoch: 30 took 15.87s
2024-01-22 17:17:20,124 - root - INFO - epoch train mean loss: 0.6839464803536733
2024-01-22 17:17:20,124 - root - INFO - train acc: 0.5436851851851852, test acc: 0.4972916666666667
2024-01-22 17:17:20,124 - root - INFO - train ap: 0.737763427513152, val ap: 0.7626377086621356
2024-01-22 17:17:20,129 - root - INFO - start 31 epoch
2024-01-22 17:17:35,938 - root - INFO - epoch: 31 took 15.81s
2024-01-22 17:17:35,939 - root - INFO - epoch train mean loss: 0.6825528422991435
2024-01-22 17:17:35,939 - root - INFO - train acc: 0.5376851851851853, test acc: 0.4847916666666666
2024-01-22 17:17:35,939 - root - INFO - train ap: 0.7438797597860566, val ap: 0.7697269081606337
2024-01-22 17:17:35,944 - root - INFO - start 32 epoch
2024-01-22 17:17:51,792 - root - INFO - epoch: 32 took 15.85s
2024-01-22 17:17:51,792 - root - INFO - epoch train mean loss: 0.680334621667862
2024-01-22 17:17:51,792 - root - INFO - train acc: 0.6241666666666666, test acc: 0.5790625
2024-01-22 17:17:51,792 - root - INFO - train ap: 0.7526877186965347, val ap: 0.778548865795059
2024-01-22 17:17:51,798 - root - INFO - start 33 epoch
2024-01-22 17:18:07,803 - root - INFO - epoch: 33 took 16.01s
2024-01-22 17:18:07,803 - root - INFO - epoch train mean loss: 0.6778195142745972
2024-01-22 17:18:07,803 - root - INFO - train acc: 0.6445555555555557, test acc: 0.6421874999999999
2024-01-22 17:18:07,803 - root - INFO - train ap: 0.7616257860216222, val ap: 0.7902612547432799
2024-01-22 17:18:07,809 - root - INFO - start 34 epoch
2024-01-22 17:18:23,718 - root - INFO - epoch: 34 took 15.91s
2024-01-22 17:18:23,718 - root - INFO - epoch train mean loss: 0.6774421652158101
2024-01-22 17:18:23,718 - root - INFO - train acc: 0.6033888888888889, test acc: 0.6009375
2024-01-22 17:18:23,718 - root - INFO - train ap: 0.7720023519122369, val ap: 0.797442668436591
2024-01-22 17:18:23,724 - root - INFO - start 35 epoch
2024-01-22 17:18:39,637 - root - INFO - epoch: 35 took 15.91s
2024-01-22 17:18:39,637 - root - INFO - epoch train mean loss: 0.6746546665827433
2024-01-22 17:18:39,637 - root - INFO - train acc: 0.6227592592592593, test acc: 0.5404166666666667
2024-01-22 17:18:39,637 - root - INFO - train ap: 0.7809503967748598, val ap: 0.8102800396863006
2024-01-22 17:18:39,642 - root - INFO - start 36 epoch
2024-01-22 17:18:55,507 - root - INFO - epoch: 36 took 15.86s
2024-01-22 17:18:55,507 - root - INFO - epoch train mean loss: 0.6699437340100606
2024-01-22 17:18:55,507 - root - INFO - train acc: 0.661888888888889, test acc: 0.6230208333333334
2024-01-22 17:18:55,507 - root - INFO - train ap: 0.7900472961020734, val ap: 0.8144862931762088
2024-01-22 17:18:55,512 - root - INFO - start 37 epoch
2024-01-22 17:19:11,385 - root - INFO - epoch: 37 took 15.87s
2024-01-22 17:19:11,385 - root - INFO - epoch train mean loss: 0.6657822708288829
2024-01-22 17:19:11,386 - root - INFO - train acc: 0.6546666666666666, test acc: 0.6828125
2024-01-22 17:19:11,386 - root - INFO - train ap: 0.7977801132848917, val ap: 0.8231662412047804
2024-01-22 17:19:11,391 - root - INFO - start 38 epoch
2024-01-22 17:19:27,237 - root - INFO - epoch: 38 took 15.85s
2024-01-22 17:19:27,237 - root - INFO - epoch train mean loss: 0.6626971940199534
2024-01-22 17:19:27,237 - root - INFO - train acc: 0.6727222222222223, test acc: 0.6677083333333333
2024-01-22 17:19:27,237 - root - INFO - train ap: 0.8093972789427525, val ap: 0.8339592310093049
2024-01-22 17:19:27,242 - root - INFO - start 39 epoch
2024-01-22 17:19:43,068 - root - INFO - epoch: 39 took 15.83s
2024-01-22 17:19:43,068 - root - INFO - epoch train mean loss: 0.6560533225536347
2024-01-22 17:19:43,068 - root - INFO - train acc: 0.7032962962962963, test acc: 0.6896875
2024-01-22 17:19:43,068 - root - INFO - train ap: 0.8183663436025674, val ap: 0.8387425996962888
2024-01-22 17:19:43,074 - root - INFO - start 40 epoch
2024-01-22 17:19:58,937 - root - INFO - epoch: 40 took 15.86s
2024-01-22 17:19:58,937 - root - INFO - epoch train mean loss: 0.6516828954219818
2024-01-22 17:19:58,938 - root - INFO - train acc: 0.6912592592592592, test acc: 0.7117708333333334
2024-01-22 17:19:58,938 - root - INFO - train ap: 0.8276774931490162, val ap: 0.8464827621248381
2024-01-22 17:19:58,943 - root - INFO - start 41 epoch
2024-01-22 17:20:14,864 - root - INFO - epoch: 41 took 15.92s
2024-01-22 17:20:14,864 - root - INFO - epoch train mean loss: 0.6450666884581248
2024-01-22 17:20:14,865 - root - INFO - train acc: 0.7140925925925927, test acc: 0.7284375000000001
2024-01-22 17:20:14,865 - root - INFO - train ap: 0.8372973693661938, val ap: 0.8532995696348022
2024-01-22 17:20:14,870 - root - INFO - start 42 epoch
2024-01-22 17:20:30,763 - root - INFO - epoch: 42 took 15.89s
2024-01-22 17:20:30,764 - root - INFO - epoch train mean loss: 0.6302198608716328
2024-01-22 17:20:30,764 - root - INFO - train acc: 0.7348703703703703, test acc: 0.7410416666666666
2024-01-22 17:20:30,764 - root - INFO - train ap: 0.8413742806256101, val ap: 0.8575286266205135
2024-01-22 17:20:30,769 - root - INFO - start 43 epoch
2024-01-22 17:20:46,759 - root - INFO - epoch: 43 took 15.99s
2024-01-22 17:20:46,759 - root - INFO - epoch train mean loss: 0.6228795766830444
2024-01-22 17:20:46,759 - root - INFO - train acc: 0.7418518518518519, test acc: 0.7411458333333333
2024-01-22 17:20:46,760 - root - INFO - train ap: 0.8508026907515894, val ap: 0.8653806271447323
2024-01-22 17:20:46,765 - root - INFO - start 44 epoch
2024-01-22 17:21:02,644 - root - INFO - epoch: 44 took 15.88s
2024-01-22 17:21:02,644 - root - INFO - epoch train mean loss: 0.6120640893777212
2024-01-22 17:21:02,644 - root - INFO - train acc: 0.7439259259259262, test acc: 0.7522916666666667
2024-01-22 17:21:02,644 - root - INFO - train ap: 0.8626013792017576, val ap: 0.8722970606598871
2024-01-22 17:21:02,649 - root - INFO - start 45 epoch
2024-01-22 17:21:18,528 - root - INFO - epoch: 45 took 15.88s
2024-01-22 17:21:18,528 - root - INFO - epoch train mean loss: 0.5961776355902354
2024-01-22 17:21:18,528 - root - INFO - train acc: 0.7795000000000001, test acc: 0.7911458333333333
2024-01-22 17:21:18,528 - root - INFO - train ap: 0.8703961689148438, val ap: 0.875845280366221
2024-01-22 17:21:18,534 - root - INFO - start 46 epoch
2024-01-22 17:21:34,434 - root - INFO - epoch: 46 took 15.90s
2024-01-22 17:21:34,434 - root - INFO - epoch train mean loss: 0.5755172729492187
2024-01-22 17:21:34,434 - root - INFO - train acc: 0.7877962962962963, test acc: 0.7987500000000001
2024-01-22 17:21:34,435 - root - INFO - train ap: 0.8790258271187826, val ap: 0.8809472221116328
2024-01-22 17:21:34,440 - root - INFO - start 47 epoch
2024-01-22 17:21:50,284 - root - INFO - epoch: 47 took 15.84s
2024-01-22 17:21:50,284 - root - INFO - epoch train mean loss: 0.5563355892896652
2024-01-22 17:21:50,284 - root - INFO - train acc: 0.7886481481481481, test acc: 0.808125
2024-01-22 17:21:50,284 - root - INFO - train ap: 0.8904828423888211, val ap: 0.8873731275365974
2024-01-22 17:21:50,290 - root - INFO - start 48 epoch
2024-01-22 17:22:06,125 - root - INFO - epoch: 48 took 15.83s
2024-01-22 17:22:06,125 - root - INFO - epoch train mean loss: 0.5322823812564214
2024-01-22 17:22:06,125 - root - INFO - train acc: 0.8239629629629628, test acc: 0.8172916666666666
2024-01-22 17:22:06,125 - root - INFO - train ap: 0.8963287794643386, val ap: 0.8939219139372252
2024-01-22 17:22:06,131 - root - INFO - start 49 epoch
2024-01-22 17:22:22,028 - root - INFO - epoch: 49 took 15.90s
2024-01-22 17:22:22,028 - root - INFO - epoch train mean loss: 0.4976756910483042
2024-01-22 17:22:22,028 - root - INFO - train acc: 0.8318333333333333, test acc: 0.8313541666666666
2024-01-22 17:22:22,028 - root - INFO - train ap: 0.9024290874080833, val ap: 0.8978891279393135
2024-01-22 17:22:22,033 - root - INFO - start 50 epoch
2024-01-22 17:22:37,977 - root - INFO - epoch: 50 took 15.94s
2024-01-22 17:22:37,977 - root - INFO - epoch train mean loss: 0.4749562869469325
2024-01-22 17:22:37,977 - root - INFO - train acc: 0.8472962962962962, test acc: 0.8509374999999999
2024-01-22 17:22:37,977 - root - INFO - train ap: 0.9088821129387364, val ap: 0.9046113590733411
2024-01-22 17:22:37,982 - root - INFO - start 51 epoch
2024-01-22 17:22:53,876 - root - INFO - epoch: 51 took 15.89s
2024-01-22 17:22:53,876 - root - INFO - epoch train mean loss: 0.4545737326145172
2024-01-22 17:22:53,876 - root - INFO - train acc: 0.8621296296296297, test acc: 0.8583333333333334
2024-01-22 17:22:53,876 - root - INFO - train ap: 0.9147916617537033, val ap: 0.9113824498989513
2024-01-22 17:22:53,881 - root - INFO - start 52 epoch
2024-01-22 17:23:09,780 - root - INFO - epoch: 52 took 15.90s
2024-01-22 17:23:09,780 - root - INFO - epoch train mean loss: 0.42268656293551127
2024-01-22 17:23:09,780 - root - INFO - train acc: 0.8707592592592593, test acc: 0.8678125
2024-01-22 17:23:09,780 - root - INFO - train ap: 0.9196837857824757, val ap: 0.9196095119070327
2024-01-22 17:23:09,786 - root - INFO - start 53 epoch
2024-01-22 17:23:25,777 - root - INFO - epoch: 53 took 15.99s
2024-01-22 17:23:25,777 - root - INFO - epoch train mean loss: 0.4008629490931829
2024-01-22 17:23:25,777 - root - INFO - train acc: 0.8735925925925926, test acc: 0.8728125
2024-01-22 17:23:25,777 - root - INFO - train ap: 0.924260283871856, val ap: 0.9265953267578149
2024-01-22 17:23:25,782 - root - INFO - start 54 epoch
2024-01-22 17:23:41,662 - root - INFO - epoch: 54 took 15.88s
2024-01-22 17:23:41,662 - root - INFO - epoch train mean loss: 0.3830333342154821
2024-01-22 17:23:41,662 - root - INFO - train acc: 0.8791296296296295, test acc: 0.8771875
2024-01-22 17:23:41,662 - root - INFO - train ap: 0.9282511555306241, val ap: 0.9310674450705764
2024-01-22 17:23:41,667 - root - INFO - start 55 epoch
2024-01-22 17:23:57,580 - root - INFO - epoch: 55 took 15.91s
2024-01-22 17:23:57,580 - root - INFO - epoch train mean loss: 0.37220847109953564
2024-01-22 17:23:57,580 - root - INFO - train acc: 0.8867962962962962, test acc: 0.8841666666666668
2024-01-22 17:23:57,580 - root - INFO - train ap: 0.9313359661241633, val ap: 0.9348571269494449
2024-01-22 17:23:57,585 - root - INFO - start 56 epoch
2024-01-22 17:24:13,505 - root - INFO - epoch: 56 took 15.92s
2024-01-22 17:24:13,506 - root - INFO - epoch train mean loss: 0.3550686925649643
2024-01-22 17:24:13,506 - root - INFO - train acc: 0.8945185185185186, test acc: 0.8917708333333334
2024-01-22 17:24:13,506 - root - INFO - train ap: 0.9353023355265383, val ap: 0.9395937807491225
2024-01-22 17:24:13,511 - root - INFO - start 57 epoch
2024-01-22 17:24:29,447 - root - INFO - epoch: 57 took 15.94s
2024-01-22 17:24:29,447 - root - INFO - epoch train mean loss: 0.3418163071076075
2024-01-22 17:24:29,447 - root - INFO - train acc: 0.8982777777777777, test acc: 0.895
2024-01-22 17:24:29,447 - root - INFO - train ap: 0.9381109098433829, val ap: 0.9438427591405927
2024-01-22 17:24:29,452 - root - INFO - start 58 epoch
2024-01-22 17:24:45,324 - root - INFO - epoch: 58 took 15.87s
2024-01-22 17:24:45,325 - root - INFO - epoch train mean loss: 0.3245820780595144
2024-01-22 17:24:45,325 - root - INFO - train acc: 0.9021111111111112, test acc: 0.8975
2024-01-22 17:24:45,325 - root - INFO - train ap: 0.940367704014081, val ap: 0.9455977450787926
2024-01-22 17:24:45,330 - root - INFO - start 59 epoch
2024-01-22 17:25:01,203 - root - INFO - epoch: 59 took 15.87s
2024-01-22 17:25:01,203 - root - INFO - epoch train mean loss: 0.3110686500867208
2024-01-22 17:25:01,203 - root - INFO - train acc: 0.9066111111111111, test acc: 0.9025
2024-01-22 17:25:01,203 - root - INFO - train ap: 0.9424430830487022, val ap: 0.948090435500185
2024-01-22 17:25:01,209 - root - INFO - start 60 epoch
2024-01-22 17:25:17,089 - root - INFO - epoch: 60 took 15.88s
2024-01-22 17:25:17,089 - root - INFO - epoch train mean loss: 0.3152154152592023
2024-01-22 17:25:17,089 - root - INFO - train acc: 0.9090740740740741, test acc: 0.9025
2024-01-22 17:25:17,089 - root - INFO - train ap: 0.9443405257749085, val ap: 0.9493968513407447
2024-01-22 17:25:17,094 - root - INFO - start 61 epoch
2024-01-22 17:25:32,998 - root - INFO - epoch: 61 took 15.90s
2024-01-22 17:25:32,998 - root - INFO - epoch train mean loss: 0.3015472233295441
2024-01-22 17:25:32,998 - root - INFO - train acc: 0.9100740740740743, test acc: 0.905
2024-01-22 17:25:32,998 - root - INFO - train ap: 0.9452802724378249, val ap: 0.9482042921821993
2024-01-22 17:25:33,003 - root - INFO - start 62 epoch
2024-01-22 17:25:48,941 - root - INFO - epoch: 62 took 15.94s
2024-01-22 17:25:48,941 - root - INFO - epoch train mean loss: 0.2925862411657969
2024-01-22 17:25:48,941 - root - INFO - train acc: 0.9112407407407408, test acc: 0.9120833333333334
2024-01-22 17:25:48,941 - root - INFO - train ap: 0.9465648004676226, val ap: 0.9494818466783548
2024-01-22 17:25:48,946 - root - INFO - start 63 epoch
2024-01-22 17:26:04,878 - root - INFO - epoch: 63 took 15.93s
2024-01-22 17:26:04,879 - root - INFO - epoch train mean loss: 0.290220449368159
2024-01-22 17:26:04,879 - root - INFO - train acc: 0.9137407407407407, test acc: 0.9133333333333333
2024-01-22 17:26:04,879 - root - INFO - train ap: 0.9480136535867698, val ap: 0.9509168109668701
2024-01-22 17:26:04,884 - root - INFO - start 64 epoch
2024-01-22 17:26:20,776 - root - INFO - epoch: 64 took 15.89s
2024-01-22 17:26:20,776 - root - INFO - epoch train mean loss: 0.2814896047115326
2024-01-22 17:26:20,776 - root - INFO - train acc: 0.9149074074074074, test acc: 0.9120833333333334
2024-01-22 17:26:20,776 - root - INFO - train ap: 0.9492916514382785, val ap: 0.9506921813727305
2024-01-22 17:26:20,782 - root - INFO - start 65 epoch
2024-01-22 17:26:36,657 - root - INFO - epoch: 65 took 15.88s
2024-01-22 17:26:36,657 - root - INFO - epoch train mean loss: 0.2795923123757044
2024-01-22 17:26:36,657 - root - INFO - train acc: 0.9160740740740743, test acc: 0.9170833333333334
2024-01-22 17:26:36,657 - root - INFO - train ap: 0.9507308989587148, val ap: 0.9501632721288923
2024-01-22 17:26:36,663 - root - INFO - start 66 epoch
2024-01-22 17:26:52,524 - root - INFO - epoch: 66 took 15.86s
2024-01-22 17:26:52,524 - root - INFO - epoch train mean loss: 0.27006908257802326
2024-01-22 17:26:52,524 - root - INFO - train acc: 0.9195740740740741, test acc: 0.9177083333333333
2024-01-22 17:26:52,524 - root - INFO - train ap: 0.9522498286157021, val ap: 0.9505506729405284
2024-01-22 17:26:52,529 - root - INFO - start 67 epoch
2024-01-22 17:27:08,424 - root - INFO - epoch: 67 took 15.90s
2024-01-22 17:27:08,425 - root - INFO - epoch train mean loss: 0.2644821340839068
2024-01-22 17:27:08,425 - root - INFO - train acc: 0.9229074074074074, test acc: 0.9183333333333333
2024-01-22 17:27:08,425 - root - INFO - train ap: 0.9533305401600416, val ap: 0.9513356495998845
2024-01-22 17:27:08,430 - root - INFO - start 68 epoch
2024-01-22 17:27:24,323 - root - INFO - epoch: 68 took 15.89s
2024-01-22 17:27:24,323 - root - INFO - epoch train mean loss: 0.2594426249464353
2024-01-22 17:27:24,323 - root - INFO - train acc: 0.9240740740740742, test acc: 0.9221875
2024-01-22 17:27:24,324 - root - INFO - train ap: 0.954402231834825, val ap: 0.9515722173944978
2024-01-22 17:27:24,329 - root - INFO - start 69 epoch
2024-01-22 17:27:40,189 - root - INFO - epoch: 69 took 15.86s
2024-01-22 17:27:40,189 - root - INFO - epoch train mean loss: 0.2504455476999283
2024-01-22 17:27:40,189 - root - INFO - train acc: 0.9252407407407408, test acc: 0.9228125
2024-01-22 17:27:40,189 - root - INFO - train ap: 0.9548711838835942, val ap: 0.9522951679968263
2024-01-22 17:27:40,194 - root - INFO - start 70 epoch
2024-01-22 17:27:56,103 - root - INFO - epoch: 70 took 15.91s
2024-01-22 17:27:56,103 - root - INFO - epoch train mean loss: 0.24815184473991395
2024-01-22 17:27:56,104 - root - INFO - train acc: 0.9250740740740742, test acc: 0.9279166666666667
2024-01-22 17:27:56,104 - root - INFO - train ap: 0.9554240729295347, val ap: 0.9530229465948752
2024-01-22 17:27:56,110 - root - INFO - start 71 epoch
2024-01-22 17:28:11,991 - root - INFO - epoch: 71 took 15.88s
2024-01-22 17:28:11,991 - root - INFO - epoch train mean loss: 0.2456461861729622
2024-01-22 17:28:11,991 - root - INFO - train acc: 0.9267407407407409, test acc: 0.9317708333333334
2024-01-22 17:28:11,991 - root - INFO - train ap: 0.9560614116292724, val ap: 0.9535956982990687
2024-01-22 17:28:11,996 - root - INFO - start 72 epoch
2024-01-22 17:28:27,876 - root - INFO - epoch: 72 took 15.88s
2024-01-22 17:28:27,876 - root - INFO - epoch train mean loss: 0.24464973012606303
2024-01-22 17:28:27,876 - root - INFO - train acc: 0.9262407407407408, test acc: 0.9291666666666667
2024-01-22 17:28:27,876 - root - INFO - train ap: 0.9567113295328026, val ap: 0.9540733902360712
2024-01-22 17:28:27,881 - root - INFO - start 73 epoch
2024-01-22 17:28:43,781 - root - INFO - epoch: 73 took 15.90s
2024-01-22 17:28:43,781 - root - INFO - epoch train mean loss: 0.24270550409952799
2024-01-22 17:28:43,781 - root - INFO - train acc: 0.9267407407407408, test acc: 0.9297916666666667
2024-01-22 17:28:43,781 - root - INFO - train ap: 0.9575760103524025, val ap: 0.9520354323260054
2024-01-22 17:28:43,787 - root - INFO - start 74 epoch
2024-01-22 17:28:59,772 - root - INFO - epoch: 74 took 15.98s
2024-01-22 17:28:59,772 - root - INFO - epoch train mean loss: 0.23647435009479523
2024-01-22 17:28:59,772 - root - INFO - train acc: 0.9285740740740741, test acc: 0.9316666666666666
2024-01-22 17:28:59,772 - root - INFO - train ap: 0.9584706055400043, val ap: 0.9525453746825714
2024-01-22 17:28:59,778 - root - INFO - start 75 epoch
2024-01-22 17:29:15,600 - root - INFO - epoch: 75 took 15.82s
2024-01-22 17:29:15,600 - root - INFO - epoch train mean loss: 0.23188079744577408
2024-01-22 17:29:15,600 - root - INFO - train acc: 0.9300740740740742, test acc: 0.9316666666666666
2024-01-22 17:29:15,600 - root - INFO - train ap: 0.9593864680631622, val ap: 0.9553485512455037
2024-01-22 17:29:15,605 - root - INFO - start 76 epoch
2024-01-22 17:29:31,467 - root - INFO - epoch: 76 took 15.86s
2024-01-22 17:29:31,467 - root - INFO - epoch train mean loss: 0.23185657461484274
2024-01-22 17:29:31,467 - root - INFO - train acc: 0.9307777777777778, test acc: 0.9322916666666667
2024-01-22 17:29:31,467 - root - INFO - train ap: 0.9600723682799093, val ap: 0.953121051297044
2024-01-22 17:29:31,472 - root - INFO - start 77 epoch
2024-01-22 17:29:47,347 - root - INFO - epoch: 77 took 15.87s
2024-01-22 17:29:47,347 - root - INFO - epoch train mean loss: 0.22734186351299285
2024-01-22 17:29:47,347 - root - INFO - train acc: 0.9311111111111111, test acc: 0.9348958333333334
2024-01-22 17:29:47,347 - root - INFO - train ap: 0.9606405305045655, val ap: 0.9538536396943674
2024-01-22 17:29:47,353 - root - INFO - start 78 epoch
2024-01-22 17:30:03,231 - root - INFO - epoch: 78 took 15.88s
2024-01-22 17:30:03,231 - root - INFO - epoch train mean loss: 0.2224641412496567
2024-01-22 17:30:03,231 - root - INFO - train acc: 0.9317777777777777, test acc: 0.9348958333333334
2024-01-22 17:30:03,232 - root - INFO - train ap: 0.9612150354902809, val ap: 0.9546916229084024
2024-01-22 17:30:03,237 - root - INFO - start 79 epoch
2024-01-22 17:30:19,152 - root - INFO - epoch: 79 took 15.92s
2024-01-22 17:30:19,152 - root - INFO - epoch train mean loss: 0.21914070571462313
2024-01-22 17:30:19,152 - root - INFO - train acc: 0.9326111111111112, test acc: 0.9355208333333334
2024-01-22 17:30:19,152 - root - INFO - train ap: 0.9616798798065527, val ap: 0.9553586513078147
2024-01-22 17:30:19,157 - root - INFO - start 80 epoch
2024-01-22 17:30:35,040 - root - INFO - epoch: 80 took 15.88s
2024-01-22 17:30:35,040 - root - INFO - epoch train mean loss: 0.21843235641717912
2024-01-22 17:30:35,040 - root - INFO - train acc: 0.9345740740740741, test acc: 0.9355208333333334
2024-01-22 17:30:35,040 - root - INFO - train ap: 0.9618973139441767, val ap: 0.9560225742500055
2024-01-22 17:30:35,045 - root - INFO - start 81 epoch
2024-01-22 17:30:50,933 - root - INFO - epoch: 81 took 15.89s
2024-01-22 17:30:50,933 - root - INFO - epoch train mean loss: 0.21720377976695696
2024-01-22 17:30:50,933 - root - INFO - train acc: 0.9346111111111112, test acc: 0.9355208333333334
2024-01-22 17:30:50,933 - root - INFO - train ap: 0.962464258262751, val ap: 0.9562379041360506
2024-01-22 17:30:50,938 - root - INFO - start 82 epoch
2024-01-22 17:31:06,823 - root - INFO - epoch: 82 took 15.89s
2024-01-22 17:31:06,823 - root - INFO - epoch train mean loss: 0.21454755912224452
2024-01-22 17:31:06,823 - root - INFO - train acc: 0.9349444444444445, test acc: 0.9361458333333333
2024-01-22 17:31:06,824 - root - INFO - train ap: 0.963316240005516, val ap: 0.9565871864794304
2024-01-22 17:31:06,829 - root - INFO - start 83 epoch
2024-01-22 17:31:22,730 - root - INFO - epoch: 83 took 15.90s
2024-01-22 17:31:22,730 - root - INFO - epoch train mean loss: 0.21059669479727744
2024-01-22 17:31:22,730 - root - INFO - train acc: 0.9354444444444444, test acc: 0.9373958333333333
2024-01-22 17:31:22,730 - root - INFO - train ap: 0.9639658495671303, val ap: 0.9570672966749145
2024-01-22 17:31:22,735 - root - INFO - start 84 epoch
2024-01-22 17:31:38,721 - root - INFO - epoch: 84 took 15.99s
2024-01-22 17:31:38,721 - root - INFO - epoch train mean loss: 0.20673632894953092
2024-01-22 17:31:38,721 - root - INFO - train acc: 0.9351111111111111, test acc: 0.9373958333333333
2024-01-22 17:31:38,721 - root - INFO - train ap: 0.9646907116779055, val ap: 0.9572144159249985
2024-01-22 17:31:38,726 - root - INFO - start 85 epoch
2024-01-22 17:31:54,658 - root - INFO - epoch: 85 took 15.93s
2024-01-22 17:31:54,658 - root - INFO - epoch train mean loss: 0.2074257530272007
2024-01-22 17:31:54,658 - root - INFO - train acc: 0.9362777777777777, test acc: 0.9386458333333334
2024-01-22 17:31:54,658 - root - INFO - train ap: 0.9651926225839066, val ap: 0.9577381423452441
2024-01-22 17:31:54,663 - root - INFO - start 86 epoch
2024-01-22 17:32:10,562 - root - INFO - epoch: 86 took 15.90s
2024-01-22 17:32:10,563 - root - INFO - epoch train mean loss: 0.20200855111082394
2024-01-22 17:32:10,563 - root - INFO - train acc: 0.9369444444444444, test acc: 0.9392708333333333
2024-01-22 17:32:10,563 - root - INFO - train ap: 0.9655079404167949, val ap: 0.9580345680636108
2024-01-22 17:32:10,568 - root - INFO - start 87 epoch
2024-01-22 17:32:26,466 - root - INFO - epoch: 87 took 15.90s
2024-01-22 17:32:26,467 - root - INFO - epoch train mean loss: 0.20315126627683638
2024-01-22 17:32:26,467 - root - INFO - train acc: 0.9367777777777776, test acc: 0.9386458333333334
2024-01-22 17:32:26,467 - root - INFO - train ap: 0.9658233303791548, val ap: 0.9582729028074572
2024-01-22 17:32:26,472 - root - INFO - start 88 epoch
2024-01-22 17:32:42,338 - root - INFO - epoch: 88 took 15.87s
2024-01-22 17:32:42,338 - root - INFO - epoch train mean loss: 0.2002320314447085
2024-01-22 17:32:42,338 - root - INFO - train acc: 0.9376111111111111, test acc: 0.9398958333333334
2024-01-22 17:32:42,338 - root - INFO - train ap: 0.9660555305126304, val ap: 0.9584439204237185
2024-01-22 17:32:42,343 - root - INFO - start 89 epoch
2024-01-22 17:32:58,226 - root - INFO - epoch: 89 took 15.88s
2024-01-22 17:32:58,226 - root - INFO - epoch train mean loss: 0.19815598179896673
2024-01-22 17:32:58,227 - root - INFO - train acc: 0.9384444444444443, test acc: 0.9411458333333333
2024-01-22 17:32:58,227 - root - INFO - train ap: 0.9660994206928669, val ap: 0.9586724752730886
2024-01-22 17:32:58,232 - root - INFO - start 90 epoch
2024-01-22 17:33:14,115 - root - INFO - epoch: 90 took 15.88s
2024-01-22 17:33:14,115 - root - INFO - epoch train mean loss: 0.19707217166821162
2024-01-22 17:33:14,115 - root - INFO - train acc: 0.9397777777777777, test acc: 0.9417708333333333
2024-01-22 17:33:14,116 - root - INFO - train ap: 0.9664140476232919, val ap: 0.9591648666798196
2024-01-22 17:33:14,120 - root - INFO - start 91 epoch
2024-01-22 17:33:30,022 - root - INFO - epoch: 91 took 15.90s
2024-01-22 17:33:30,023 - root - INFO - epoch train mean loss: 0.19081481074293455
2024-01-22 17:33:30,023 - root - INFO - train acc: 0.9386111111111111, test acc: 0.9417708333333333
2024-01-22 17:33:30,023 - root - INFO - train ap: 0.9666881472874812, val ap: 0.9585581646868128
2024-01-22 17:33:30,028 - root - INFO - start 92 epoch
2024-01-22 17:33:45,824 - root - INFO - epoch: 92 took 15.80s
2024-01-22 17:33:45,824 - root - INFO - epoch train mean loss: 0.1941188489397367
2024-01-22 17:33:45,825 - root - INFO - train acc: 0.9397777777777777, test acc: 0.9423958333333333
2024-01-22 17:33:45,825 - root - INFO - train ap: 0.9669725365737035, val ap: 0.9593517119697631
2024-01-22 17:33:45,830 - root - INFO - start 93 epoch
2024-01-22 17:34:01,695 - root - INFO - epoch: 93 took 15.87s
2024-01-22 17:34:01,696 - root - INFO - epoch train mean loss: 0.1922049604356289
2024-01-22 17:34:01,696 - root - INFO - train acc: 0.9409074074074072, test acc: 0.9423958333333333
2024-01-22 17:34:01,696 - root - INFO - train ap: 0.9671441767262029, val ap: 0.9591005471650899
2024-01-22 17:34:01,701 - root - INFO - start 94 epoch
2024-01-22 17:34:17,648 - root - INFO - epoch: 94 took 15.95s
2024-01-22 17:34:17,648 - root - INFO - epoch train mean loss: 0.19183897599577904
2024-01-22 17:34:17,648 - root - INFO - train acc: 0.9407777777777776, test acc: 0.9423958333333333
2024-01-22 17:34:17,649 - root - INFO - train ap: 0.9674426707507523, val ap: 0.9592197215096128
2024-01-22 17:34:17,653 - root - INFO - start 95 epoch
2024-01-22 17:34:33,486 - root - INFO - epoch: 95 took 15.83s
2024-01-22 17:34:33,486 - root - INFO - epoch train mean loss: 0.19084604357679685
2024-01-22 17:34:33,486 - root - INFO - train acc: 0.9414074074074075, test acc: 0.9430208333333332
2024-01-22 17:34:33,486 - root - INFO - train ap: 0.9676912102610975, val ap: 0.9595474549116108
2024-01-22 17:34:33,492 - root - INFO - start 96 epoch
2024-01-22 17:34:49,360 - root - INFO - epoch: 96 took 15.87s
2024-01-22 17:34:49,360 - root - INFO - epoch train mean loss: 0.18582332159082096
2024-01-22 17:34:49,360 - root - INFO - train acc: 0.941574074074074, test acc: 0.9430208333333332
2024-01-22 17:34:49,360 - root - INFO - train ap: 0.96798144691626, val ap: 0.9597243116931828
2024-01-22 17:34:49,365 - root - INFO - start 97 epoch
2024-01-22 17:35:05,235 - root - INFO - epoch: 97 took 15.87s
2024-01-22 17:35:05,236 - root - INFO - epoch train mean loss: 0.1873330516119798
2024-01-22 17:35:05,236 - root - INFO - train acc: 0.9424074074074072, test acc: 0.9442708333333334
2024-01-22 17:35:05,236 - root - INFO - train ap: 0.9682383666315693, val ap: 0.9600778317754153
2024-01-22 17:35:05,241 - root - INFO - start 98 epoch
2024-01-22 17:35:21,186 - root - INFO - epoch: 98 took 15.94s
2024-01-22 17:35:21,186 - root - INFO - epoch train mean loss: 0.18736477121710776
2024-01-22 17:35:21,186 - root - INFO - train acc: 0.9420740740740741, test acc: 0.9442708333333334
2024-01-22 17:35:21,186 - root - INFO - train ap: 0.9683842924026433, val ap: 0.9601778054095783
2024-01-22 17:35:21,191 - root - INFO - start 99 epoch
2024-01-22 17:35:37,092 - root - INFO - epoch: 99 took 15.90s
2024-01-22 17:35:37,092 - root - INFO - epoch train mean loss: 0.1822871948281924
2024-01-22 17:35:37,092 - root - INFO - train acc: 0.9424074074074074, test acc: 0.9430208333333333
2024-01-22 17:35:37,092 - root - INFO - train ap: 0.9687292515249997, val ap: 0.9601948743536443
2024-01-22 17:35:37,101 - root - INFO - TGN model saved
