2024-01-21 14:45:50,741 - root - INFO - Namespace(aggregator='last', backprop_every=1, bs=200, data='simulate_v1', different_new_nodes=False, drop_out=0.1, dyrep=False, embedding_module='graph_attention', gpu=0, lr=0.0001, memory_dim=4, memory_update_at_end=True, memory_updater='gru', message_dim=100, message_function='identity', n_degree=10, n_epoch=100, n_head=2, n_layer=2, n_runs=1, node_dim=100, patience=5, prefix='tgn-attn', randomize_features=False, time_dim=100, uniform=False, use_destination_embedding_in_message=False, use_memory=True, use_source_embedding_in_message=False)
2024-01-21 14:45:52,720 - root - INFO - num of training instances: 7159
2024-01-21 14:45:52,720 - root - INFO - num of batches per epoch: 36
2024-01-21 14:45:52,720 - root - INFO - start 0 epoch
2024-01-21 14:46:13,921 - root - INFO - epoch: 0 took 21.20s
2024-01-21 14:46:13,921 - root - INFO - epoch train mean loss: 0.737735519806544
2024-01-21 14:46:13,921 - root - INFO - train acc: 0.5029682040531097, test acc: 0.4984837092731829
2024-01-21 14:46:13,921 - root - INFO - train ap: 0.45015958503312015, val ap: 0.4412786523471373
2024-01-21 14:46:13,931 - root - INFO - start 1 epoch
2024-01-21 14:46:34,007 - root - INFO - epoch: 1 took 20.08s
2024-01-21 14:46:34,007 - root - INFO - epoch train mean loss: 0.7138378868500391
2024-01-21 14:46:34,007 - root - INFO - train acc: 0.5083848707197763, test acc: 0.4968170426065163
2024-01-21 14:46:34,007 - root - INFO - train ap: 0.47956334202630885, val ap: 0.4711259542152591
2024-01-21 14:46:34,015 - root - INFO - start 2 epoch
2024-01-21 14:46:54,267 - root - INFO - epoch: 2 took 20.25s
2024-01-21 14:46:54,267 - root - INFO - epoch train mean loss: 0.7022289683421453
2024-01-21 14:46:54,267 - root - INFO - train acc: 0.5098812019566737, test acc: 0.4993233082706767
2024-01-21 14:46:54,267 - root - INFO - train ap: 0.5224390433114033, val ap: 0.5210583666771467
2024-01-21 14:46:54,275 - root - INFO - start 3 epoch
2024-01-21 14:47:14,414 - root - INFO - epoch: 3 took 20.14s
2024-01-21 14:47:14,415 - root - INFO - epoch train mean loss: 0.6970597207546234
2024-01-21 14:47:14,415 - root - INFO - train acc: 0.5265522361984625, test acc: 0.5243274853801171
2024-01-21 14:47:14,415 - root - INFO - train ap: 0.5744570564212308, val ap: 0.5900220459970389
2024-01-21 14:47:14,422 - root - INFO - start 4 epoch
2024-01-21 14:47:34,516 - root - INFO - epoch: 4 took 20.09s
2024-01-21 14:47:34,517 - root - INFO - epoch train mean loss: 0.6941120740440156
2024-01-21 14:47:34,517 - root - INFO - train acc: 0.5451362683438155, test acc: 0.5484962406015037
2024-01-21 14:47:34,517 - root - INFO - train ap: 0.6125229021515033, val ap: 0.6283544660844087
2024-01-21 14:47:34,525 - root - INFO - start 5 epoch
2024-01-21 14:47:54,632 - root - INFO - epoch: 5 took 20.11s
2024-01-21 14:47:54,633 - root - INFO - epoch train mean loss: 0.6894569661882188
2024-01-21 14:47:54,633 - root - INFO - train acc: 0.5690295248078266, test acc: 0.5887802840434418
2024-01-21 14:47:54,633 - root - INFO - train ap: 0.6345965762706974, val ap: 0.6516533791864063
2024-01-21 14:47:54,640 - root - INFO - start 6 epoch
2024-01-21 14:48:14,690 - root - INFO - epoch: 6 took 20.05s
2024-01-21 14:48:14,690 - root - INFO - epoch train mean loss: 0.6882193353441026
2024-01-21 14:48:14,690 - root - INFO - train acc: 0.586291928721174, test acc: 0.614891395154553
2024-01-21 14:48:14,690 - root - INFO - train ap: 0.6524906322878739, val ap: 0.6671511961836416
2024-01-21 14:48:14,697 - root - INFO - start 7 epoch
2024-01-21 14:48:34,788 - root - INFO - epoch: 7 took 20.09s
2024-01-21 14:48:34,789 - root - INFO - epoch train mean loss: 0.687256418996387
2024-01-21 14:48:34,789 - root - INFO - train acc: 0.590006114605171, test acc: 0.6251712614870509
2024-01-21 14:48:34,789 - root - INFO - train ap: 0.6716298224117171, val ap: 0.6849409251585691
2024-01-21 14:48:34,796 - root - INFO - start 8 epoch
2024-01-21 14:48:54,832 - root - INFO - epoch: 8 took 20.04s
2024-01-21 14:48:54,833 - root - INFO - epoch train mean loss: 0.6843091001113256
2024-01-21 14:48:54,833 - root - INFO - train acc: 0.6020221872816212, test acc: 0.6290559732664996
2024-01-21 14:48:54,833 - root - INFO - train ap: 0.6925603499254673, val ap: 0.7064118279357925
2024-01-21 14:48:54,839 - root - INFO - start 9 epoch
2024-01-21 14:49:14,922 - root - INFO - epoch: 9 took 20.08s
2024-01-21 14:49:14,922 - root - INFO - epoch train mean loss: 0.6818932410743501
2024-01-21 14:49:14,923 - root - INFO - train acc: 0.6213993710691824, test acc: 0.6401670843776107
2024-01-21 14:49:14,923 - root - INFO - train ap: 0.712197898005901, val ap: 0.7257045629971496
2024-01-21 14:49:14,929 - root - INFO - start 10 epoch
2024-01-21 14:49:34,954 - root - INFO - epoch: 10 took 20.02s
2024-01-21 14:49:34,954 - root - INFO - epoch train mean loss: 0.6799554824829102
2024-01-21 14:49:34,954 - root - INFO - train acc: 0.6396698113207547, test acc: 0.6501629072681704
2024-01-21 14:49:34,954 - root - INFO - train ap: 0.7300956802495598, val ap: 0.7446639714144248
2024-01-21 14:49:34,961 - root - INFO - start 11 epoch
2024-01-21 14:49:55,065 - root - INFO - epoch: 11 took 20.10s
2024-01-21 14:49:55,066 - root - INFO - epoch train mean loss: 0.6765866229931513
2024-01-21 14:49:55,066 - root - INFO - train acc: 0.6562377707896575, test acc: 0.6657226399331663
2024-01-21 14:49:55,066 - root - INFO - train ap: 0.7439263744186845, val ap: 0.7596177012148547
2024-01-21 14:49:55,073 - root - INFO - start 12 epoch
2024-01-21 14:50:15,153 - root - INFO - epoch: 12 took 20.08s
2024-01-21 14:50:15,154 - root - INFO - epoch train mean loss: 0.6737704426050186
2024-01-21 14:50:15,154 - root - INFO - train acc: 0.673043326345213, test acc: 0.6696115288220551
2024-01-21 14:50:15,154 - root - INFO - train ap: 0.7558901577795109, val ap: 0.7722672868896772
2024-01-21 14:50:15,160 - root - INFO - start 13 epoch
2024-01-21 14:50:35,161 - root - INFO - epoch: 13 took 20.00s
2024-01-21 14:50:35,161 - root - INFO - epoch train mean loss: 0.670062060157458
2024-01-21 14:50:35,161 - root - INFO - train acc: 0.6861303284416491, test acc: 0.6987886382623225
2024-01-21 14:50:35,161 - root - INFO - train ap: 0.765689292665567, val ap: 0.7810918775765453
2024-01-21 14:50:35,169 - root - INFO - start 14 epoch
2024-01-21 14:50:55,219 - root - INFO - epoch: 14 took 20.05s
2024-01-21 14:50:55,219 - root - INFO - epoch train mean loss: 0.6670943134360843
2024-01-21 14:50:55,219 - root - INFO - train acc: 0.694495108315863, test acc: 0.7118462823725982
2024-01-21 14:50:55,219 - root - INFO - train ap: 0.772303422806355, val ap: 0.7833234037071193
2024-01-21 14:50:55,226 - root - INFO - start 15 epoch
2024-01-21 14:51:15,238 - root - INFO - epoch: 15 took 20.01s
2024-01-21 14:51:15,238 - root - INFO - epoch train mean loss: 0.6611363391081492
2024-01-21 14:51:15,238 - root - INFO - train acc: 0.6923759608665269, test acc: 0.7201837928153717
2024-01-21 14:51:15,238 - root - INFO - train ap: 0.773643330340514, val ap: 0.7790175525037167
2024-01-21 14:51:15,245 - root - INFO - start 16 epoch
2024-01-21 14:51:35,285 - root - INFO - epoch: 16 took 20.04s
2024-01-21 14:51:35,285 - root - INFO - epoch train mean loss: 0.6555833518505096
2024-01-21 14:51:35,286 - root - INFO - train acc: 0.6995352900069881, test acc: 0.7285129490392648
2024-01-21 14:51:35,286 - root - INFO - train ap: 0.7744736736204499, val ap: 0.7789544092138205
2024-01-21 14:51:35,293 - root - INFO - start 17 epoch
2024-01-21 14:51:55,363 - root - INFO - epoch: 17 took 20.07s
2024-01-21 14:51:55,364 - root - INFO - epoch train mean loss: 0.6513968474335141
2024-01-21 14:51:55,364 - root - INFO - train acc: 0.7045711041229908, test acc: 0.7293483709273183
2024-01-21 14:51:55,364 - root - INFO - train ap: 0.7786686217127421, val ap: 0.7838305900563748
2024-01-21 14:51:55,371 - root - INFO - start 18 epoch
2024-01-21 14:52:15,420 - root - INFO - epoch: 18 took 20.05s
2024-01-21 14:52:15,420 - root - INFO - epoch train mean loss: 0.6450825532277426
2024-01-21 14:52:15,420 - root - INFO - train acc: 0.7123846960167715, test acc: 0.7299081035923142
2024-01-21 14:52:15,420 - root - INFO - train ap: 0.7840952285259125, val ap: 0.7901920086527143
2024-01-21 14:52:15,427 - root - INFO - start 19 epoch
2024-01-21 14:52:35,441 - root - INFO - epoch: 19 took 20.01s
2024-01-21 14:52:35,441 - root - INFO - epoch train mean loss: 0.6394192030032476
2024-01-21 14:52:35,441 - root - INFO - train acc: 0.7209958071278826, test acc: 0.7388011695906432
2024-01-21 14:52:35,441 - root - INFO - train ap: 0.7916512614754191, val ap: 0.7965135725340607
2024-01-21 14:52:35,448 - root - INFO - start 20 epoch
2024-01-21 14:52:55,527 - root - INFO - epoch: 20 took 20.08s
2024-01-21 14:52:55,527 - root - INFO - epoch train mean loss: 0.633316609594557
2024-01-21 14:52:55,527 - root - INFO - train acc: 0.7293291404612159, test acc: 0.7410275689223058
2024-01-21 14:52:55,527 - root - INFO - train ap: 0.799534546365281, val ap: 0.804744949431549
2024-01-21 14:52:55,535 - root - INFO - start 21 epoch
2024-01-21 14:53:15,560 - root - INFO - epoch: 21 took 20.03s
2024-01-21 14:53:15,561 - root - INFO - epoch train mean loss: 0.6235764010085
2024-01-21 14:53:15,561 - root - INFO - train acc: 0.7375279524807827, test acc: 0.7518713450292397
2024-01-21 14:53:15,561 - root - INFO - train ap: 0.8089757284822564, val ap: 0.8125753812564996
2024-01-21 14:53:15,568 - root - INFO - start 22 epoch
2024-01-21 14:53:35,679 - root - INFO - epoch: 22 took 20.11s
2024-01-21 14:53:35,680 - root - INFO - epoch train mean loss: 0.612521799074279
2024-01-21 14:53:35,680 - root - INFO - train acc: 0.7440557302585604, test acc: 0.7690893901420216
2024-01-21 14:53:35,680 - root - INFO - train ap: 0.8177403112075409, val ap: 0.8204132833575298
2024-01-21 14:53:35,687 - root - INFO - start 23 epoch
2024-01-21 14:53:55,736 - root - INFO - epoch: 23 took 20.05s
2024-01-21 14:53:55,736 - root - INFO - epoch train mean loss: 0.6015920639038086
2024-01-21 14:53:55,736 - root - INFO - train acc: 0.7518020614954578, test acc: 0.7713199665831244
2024-01-21 14:53:55,736 - root - INFO - train ap: 0.8230577324416802, val ap: 0.8250464773730491
2024-01-21 14:53:55,744 - root - INFO - start 24 epoch
2024-01-21 14:54:15,756 - root - INFO - epoch: 24 took 20.01s
2024-01-21 14:54:15,756 - root - INFO - epoch train mean loss: 0.5874127629730437
2024-01-21 14:54:15,756 - root - INFO - train acc: 0.7678459119496855, test acc: 0.7852130325814536
2024-01-21 14:54:15,756 - root - INFO - train ap: 0.8314789663064769, val ap: 0.8367079786054404
2024-01-21 14:54:15,763 - root - INFO - start 25 epoch
2024-01-21 14:54:36,017 - root - INFO - epoch: 25 took 20.25s
2024-01-21 14:54:36,017 - root - INFO - epoch train mean loss: 0.5719416224294238
2024-01-21 14:54:36,017 - root - INFO - train acc: 0.7788539482879107, test acc: 0.7991144527986633
2024-01-21 14:54:36,017 - root - INFO - train ap: 0.8393548192984639, val ap: 0.8460648534519947
2024-01-21 14:54:36,024 - root - INFO - start 26 epoch
2024-01-21 14:54:56,020 - root - INFO - epoch: 26 took 20.00s
2024-01-21 14:54:56,020 - root - INFO - epoch train mean loss: 0.5562338564130995
2024-01-21 14:54:56,020 - root - INFO - train acc: 0.7894453179594688, test acc: 0.804949874686717
2024-01-21 14:54:56,020 - root - INFO - train ap: 0.8480812720928737, val ap: 0.8544982368188508
2024-01-21 14:54:56,027 - root - INFO - start 27 epoch
2024-01-21 14:55:16,133 - root - INFO - epoch: 27 took 20.11s
2024-01-21 14:55:16,133 - root - INFO - epoch train mean loss: 0.5445995810959074
2024-01-21 14:55:16,133 - root - INFO - train acc: 0.7955922431865828, test acc: 0.8177276524644945
2024-01-21 14:55:16,133 - root - INFO - train ap: 0.8554622868552397, val ap: 0.8603141605138764
2024-01-21 14:55:16,140 - root - INFO - start 28 epoch
2024-01-21 14:55:36,209 - root - INFO - epoch: 28 took 20.07s
2024-01-21 14:55:36,209 - root - INFO - epoch train mean loss: 0.531455440653695
2024-01-21 14:55:36,209 - root - INFO - train acc: 0.8064613906359188, test acc: 0.8282873851294904
2024-01-21 14:55:36,209 - root - INFO - train ap: 0.8630690220306564, val ap: 0.8662085195611497
2024-01-21 14:55:36,217 - root - INFO - start 29 epoch
2024-01-21 14:55:56,355 - root - INFO - epoch: 29 took 20.14s
2024-01-21 14:55:56,355 - root - INFO - epoch train mean loss: 0.5157621858848466
2024-01-21 14:55:56,355 - root - INFO - train acc: 0.8158385744234801, test acc: 0.8413492063492063
2024-01-21 14:55:56,355 - root - INFO - train ap: 0.869332707824703, val ap: 0.8722709775320254
2024-01-21 14:55:56,363 - root - INFO - start 30 epoch
2024-01-21 14:56:16,409 - root - INFO - epoch: 30 took 20.05s
2024-01-21 14:56:16,410 - root - INFO - epoch train mean loss: 0.502980365521378
2024-01-21 14:56:16,410 - root - INFO - train acc: 0.819969426974144, test acc: 0.8477401837928153
2024-01-21 14:56:16,410 - root - INFO - train ap: 0.8742836326254096, val ap: 0.8761184065293268
2024-01-21 14:56:16,417 - root - INFO - start 31 epoch
2024-01-21 14:56:36,691 - root - INFO - epoch: 31 took 20.27s
2024-01-21 14:56:36,691 - root - INFO - epoch train mean loss: 0.4870879037512673
2024-01-21 14:56:36,691 - root - INFO - train acc: 0.82660464709993, test acc: 0.8519089390142022
2024-01-21 14:56:36,691 - root - INFO - train ap: 0.8793028149741786, val ap: 0.8830686333686418
2024-01-21 14:56:36,699 - root - INFO - start 32 epoch
2024-01-21 14:56:56,739 - root - INFO - epoch: 32 took 20.04s
2024-01-21 14:56:56,739 - root - INFO - epoch train mean loss: 0.47316865788565743
2024-01-21 14:56:56,739 - root - INFO - train acc: 0.8336879804332634, test acc: 0.8555179615705932
2024-01-21 14:56:56,739 - root - INFO - train ap: 0.8842273779411355, val ap: 0.8895725716800909
2024-01-21 14:56:56,745 - root - INFO - start 33 epoch
2024-01-21 14:57:16,803 - root - INFO - epoch: 33 took 20.06s
2024-01-21 14:57:16,803 - root - INFO - epoch train mean loss: 0.46451884176996017
2024-01-21 14:57:16,803 - root - INFO - train acc: 0.8426484975541579, test acc: 0.8605221386800335
2024-01-21 14:57:16,803 - root - INFO - train ap: 0.8881453930651758, val ap: 0.8938941193374832
2024-01-21 14:57:16,809 - root - INFO - start 34 epoch
2024-01-21 14:57:36,866 - root - INFO - epoch: 34 took 20.06s
2024-01-21 14:57:36,866 - root - INFO - epoch train mean loss: 0.4499332391553455
2024-01-21 14:57:36,866 - root - INFO - train acc: 0.8518509783368273, test acc: 0.866077694235589
2024-01-21 14:57:36,866 - root - INFO - train ap: 0.8927738916764767, val ap: 0.8983114398425506
2024-01-21 14:57:36,873 - root - INFO - start 35 epoch
2024-01-21 14:57:56,921 - root - INFO - epoch: 35 took 20.05s
2024-01-21 14:57:56,921 - root - INFO - epoch train mean loss: 0.4396175079875522
2024-01-21 14:57:56,921 - root - INFO - train acc: 0.8610534591194968, test acc: 0.8727485380116959
2024-01-21 14:57:56,921 - root - INFO - train ap: 0.8964379959234433, val ap: 0.9018274848540406
2024-01-21 14:57:56,928 - root - INFO - start 36 epoch
2024-01-21 14:58:16,970 - root - INFO - epoch: 36 took 20.04s
2024-01-21 14:58:16,970 - root - INFO - epoch train mean loss: 0.432324666943815
2024-01-21 14:58:16,970 - root - INFO - train acc: 0.8675812368972747, test acc: 0.8771971595655806
2024-01-21 14:58:16,970 - root - INFO - train ap: 0.8992641739110336, val ap: 0.905122394600434
2024-01-21 14:58:16,977 - root - INFO - start 37 epoch
2024-01-21 14:58:37,097 - root - INFO - epoch: 37 took 20.12s
2024-01-21 14:58:37,097 - root - INFO - epoch train mean loss: 0.4182698395517137
2024-01-21 14:58:37,097 - root - INFO - train acc: 0.8704306429070581, test acc: 0.8796992481203008
2024-01-21 14:58:37,097 - root - INFO - train ap: 0.9020799393818211, val ap: 0.9086615159745902
2024-01-21 14:58:37,104 - root - INFO - start 38 epoch
2024-01-21 14:58:57,150 - root - INFO - epoch: 38 took 20.05s
2024-01-21 14:58:57,150 - root - INFO - epoch train mean loss: 0.41076234396961
2024-01-21 14:58:57,150 - root - INFO - train acc: 0.8745973095737247, test acc: 0.8841436925647452
2024-01-21 14:58:57,150 - root - INFO - train ap: 0.9049602958108953, val ap: 0.9109930699641693
2024-01-21 14:58:57,157 - root - INFO - start 39 epoch
2024-01-21 14:59:17,177 - root - INFO - epoch: 39 took 20.02s
2024-01-21 14:59:17,177 - root - INFO - epoch train mean loss: 0.40437643395529854
2024-01-21 14:59:17,177 - root - INFO - train acc: 0.8771331236897275, test acc: 0.8874770258980785
2024-01-21 14:59:17,177 - root - INFO - train ap: 0.907163802341345, val ap: 0.9134232658325637
2024-01-21 14:59:17,184 - root - INFO - start 40 epoch
2024-01-21 14:59:37,229 - root - INFO - epoch: 40 took 20.05s
2024-01-21 14:59:37,229 - root - INFO - epoch train mean loss: 0.3945935484435823
2024-01-21 14:59:37,229 - root - INFO - train acc: 0.8800497903563942, test acc: 0.8880325814536341
2024-01-21 14:59:37,229 - root - INFO - train ap: 0.908995462135919, val ap: 0.9156624371656638
2024-01-21 14:59:37,237 - root - INFO - start 41 epoch
2024-01-21 14:59:57,274 - root - INFO - epoch: 41 took 20.04s
2024-01-21 14:59:57,274 - root - INFO - epoch train mean loss: 0.38304924716552097
2024-01-21 14:59:57,274 - root - INFO - train acc: 0.8827603074772886, test acc: 0.8896992481203007
2024-01-21 14:59:57,274 - root - INFO - train ap: 0.9106057014758301, val ap: 0.9178533706006825
2024-01-21 14:59:57,280 - root - INFO - start 42 epoch
2024-01-21 15:00:17,363 - root - INFO - epoch: 42 took 20.08s
2024-01-21 15:00:17,363 - root - INFO - epoch train mean loss: 0.3759901026884715
2024-01-21 15:00:17,363 - root - INFO - train acc: 0.8853991963661776, test acc: 0.8941436925647452
2024-01-21 15:00:17,363 - root - INFO - train ap: 0.9124023996604866, val ap: 0.9198581105301629
2024-01-21 15:00:17,370 - root - INFO - start 43 epoch
2024-01-21 15:00:37,374 - root - INFO - epoch: 43 took 20.00s
2024-01-21 15:00:37,374 - root - INFO - epoch train mean loss: 0.3706679377290938
2024-01-21 15:00:37,374 - root - INFO - train acc: 0.8873078266946192, test acc: 0.8963659147869674
2024-01-21 15:00:37,374 - root - INFO - train ap: 0.914406983029887, val ap: 0.9215704405726477
2024-01-21 15:00:37,381 - root - INFO - start 44 epoch
2024-01-21 15:00:57,401 - root - INFO - epoch: 44 took 20.02s
2024-01-21 15:00:57,401 - root - INFO - epoch train mean loss: 0.3632751711540752
2024-01-21 15:00:57,401 - root - INFO - train acc: 0.889843640810622, test acc: 0.8963659147869674
2024-01-21 15:00:57,401 - root - INFO - train ap: 0.9159501836964272, val ap: 0.9231704571456267
2024-01-21 15:00:57,408 - root - INFO - start 45 epoch
2024-01-21 15:01:17,423 - root - INFO - epoch: 45 took 20.01s
2024-01-21 15:01:17,423 - root - INFO - epoch train mean loss: 0.36251282857524025
2024-01-21 15:01:17,423 - root - INFO - train acc: 0.8909547519217331, test acc: 0.8946992481203009
2024-01-21 15:01:17,423 - root - INFO - train ap: 0.9171749152778637, val ap: 0.925027641423125
2024-01-21 15:01:17,430 - root - INFO - start 46 epoch
2024-01-21 15:01:37,461 - root - INFO - epoch: 46 took 20.03s
2024-01-21 15:01:37,461 - root - INFO - epoch train mean loss: 0.3515998389985826
2024-01-21 15:01:37,461 - root - INFO - train acc: 0.8927961215932915, test acc: 0.8952548036758563
2024-01-21 15:01:37,461 - root - INFO - train ap: 0.9181979856862557, val ap: 0.9271975485390664
2024-01-21 15:01:37,469 - root - INFO - start 47 epoch
2024-01-21 15:01:57,536 - root - INFO - epoch: 47 took 20.07s
2024-01-21 15:01:57,536 - root - INFO - epoch train mean loss: 0.34516877432664234
2024-01-21 15:01:57,536 - root - INFO - train acc: 0.8940461215932913, test acc: 0.8955346700083544
2024-01-21 15:01:57,536 - root - INFO - train ap: 0.9193018850080635, val ap: 0.9288999479528379
2024-01-21 15:01:57,544 - root - INFO - start 48 epoch
2024-01-21 15:02:17,694 - root - INFO - epoch: 48 took 20.15s
2024-01-21 15:02:17,694 - root - INFO - epoch train mean loss: 0.33706943194071454
2024-01-21 15:02:17,694 - root - INFO - train acc: 0.8966850104821804, test acc: 0.8949791144527988
2024-01-21 15:02:17,694 - root - INFO - train ap: 0.9204781880228351, val ap: 0.9305286379522979
2024-01-21 15:02:17,701 - root - INFO - start 49 epoch
2024-01-21 15:02:37,823 - root - INFO - epoch: 49 took 20.12s
2024-01-21 15:02:37,823 - root - INFO - epoch train mean loss: 0.330469385203388
2024-01-21 15:02:37,823 - root - INFO - train acc: 0.8976930468204052, test acc: 0.8963700918964077
2024-01-21 15:02:37,823 - root - INFO - train ap: 0.9215276328463484, val ap: 0.9314658902903167
2024-01-21 15:02:37,830 - root - INFO - start 50 epoch
2024-01-21 15:02:57,909 - root - INFO - epoch: 50 took 20.08s
2024-01-21 15:02:57,909 - root - INFO - epoch train mean loss: 0.32836396743853885
2024-01-21 15:02:57,909 - root - INFO - train acc: 0.9006455276030747, test acc: 0.8974812030075188
2024-01-21 15:02:57,909 - root - INFO - train ap: 0.922460649055894, val ap: 0.9322851126751218
2024-01-21 15:02:57,916 - root - INFO - start 51 epoch
2024-01-21 15:03:17,952 - root - INFO - epoch: 51 took 20.04s
2024-01-21 15:03:17,953 - root - INFO - epoch train mean loss: 0.32785387378599906
2024-01-21 15:03:17,953 - root - INFO - train acc: 0.9020344164919637, test acc: 0.9024812030075188
2024-01-21 15:03:17,953 - root - INFO - train ap: 0.9234229229182821, val ap: 0.9328621499252063
2024-01-21 15:03:17,960 - root - INFO - start 52 epoch
2024-01-21 15:03:37,991 - root - INFO - epoch: 52 took 20.03s
2024-01-21 15:03:37,992 - root - INFO - epoch train mean loss: 0.31536465138196945
2024-01-21 15:03:37,992 - root - INFO - train acc: 0.9021733053808527, test acc: 0.9024812030075188
2024-01-21 15:03:37,992 - root - INFO - train ap: 0.9245359269582614, val ap: 0.9339095152790003
2024-01-21 15:03:37,999 - root - INFO - start 53 epoch
2024-01-21 15:03:58,054 - root - INFO - epoch: 53 took 20.06s
2024-01-21 15:03:58,054 - root - INFO - epoch train mean loss: 0.32201262356506455
2024-01-21 15:03:58,054 - root - INFO - train acc: 0.9033516771488471, test acc: 0.9049832915622389
2024-01-21 15:03:58,054 - root - INFO - train ap: 0.9253579452049547, val ap: 0.9338141417648887
2024-01-21 15:03:58,061 - root - INFO - start 54 epoch
2024-01-21 15:04:18,129 - root - INFO - epoch: 54 took 20.07s
2024-01-21 15:04:18,130 - root - INFO - epoch train mean loss: 0.3126848629779286
2024-01-21 15:04:18,130 - root - INFO - train acc: 0.9044269741439555, test acc: 0.9055388471177945
2024-01-21 15:04:18,130 - root - INFO - train ap: 0.9257883430357814, val ap: 0.9341730606390404
2024-01-21 15:04:18,136 - root - INFO - start 55 epoch
2024-01-21 15:04:38,251 - root - INFO - epoch: 55 took 20.11s
2024-01-21 15:04:38,251 - root - INFO - epoch train mean loss: 0.31193989018599194
2024-01-21 15:04:38,251 - root - INFO - train acc: 0.9045658630328445, test acc: 0.9069256474519634
2024-01-21 15:04:38,251 - root - INFO - train ap: 0.9265039864998459, val ap: 0.9349375943209943
2024-01-21 15:04:38,258 - root - INFO - start 56 epoch
2024-01-21 15:04:58,295 - root - INFO - epoch: 56 took 20.04s
2024-01-21 15:04:58,295 - root - INFO - epoch train mean loss: 0.3080604030854172
2024-01-21 15:04:58,295 - root - INFO - train acc: 0.9055380852550665, test acc: 0.9085923141186298
2024-01-21 15:04:58,295 - root - INFO - train ap: 0.9270051856810869, val ap: 0.9354450509169094
2024-01-21 15:04:58,303 - root - INFO - start 57 epoch
2024-01-21 15:05:18,348 - root - INFO - epoch: 57 took 20.04s
2024-01-21 15:05:18,348 - root - INFO - epoch train mean loss: 0.3012689881854587
2024-01-21 15:05:18,348 - root - INFO - train acc: 0.9062325296995107, test acc: 0.9094277360066835
2024-01-21 15:05:18,348 - root - INFO - train ap: 0.9273379064425105, val ap: 0.9360181012384763
2024-01-21 15:05:18,355 - root - INFO - start 58 epoch
2024-01-21 15:05:38,400 - root - INFO - epoch: 58 took 20.04s
2024-01-21 15:05:38,400 - root - INFO - epoch train mean loss: 0.30173929987682235
2024-01-21 15:05:38,400 - root - INFO - train acc: 0.9069269741439554, test acc: 0.9099832915622389
2024-01-21 15:05:38,400 - root - INFO - train ap: 0.9278625630651116, val ap: 0.9364395495885177
2024-01-21 15:05:38,406 - root - INFO - start 59 epoch
2024-01-21 15:05:58,515 - root - INFO - epoch: 59 took 20.11s
2024-01-21 15:05:58,515 - root - INFO - epoch train mean loss: 0.30077580114205676
2024-01-21 15:05:58,515 - root - INFO - train acc: 0.9083516771488471, test acc: 0.9105388471177945
2024-01-21 15:05:58,515 - root - INFO - train ap: 0.92823961854027, val ap: 0.9369554683016005
2024-01-21 15:05:58,523 - root - INFO - start 60 epoch
2024-01-21 15:06:18,554 - root - INFO - epoch: 60 took 20.03s
2024-01-21 15:06:18,555 - root - INFO - epoch train mean loss: 0.29240292807420093
2024-01-21 15:06:18,555 - root - INFO - train acc: 0.9086294549266248, test acc: 0.91109440267335
2024-01-21 15:06:18,555 - root - INFO - train ap: 0.9286874877394136, val ap: 0.9371245230158473
2024-01-21 15:06:18,562 - root - INFO - start 61 epoch
2024-01-21 15:06:38,582 - root - INFO - epoch: 61 took 20.02s
2024-01-21 15:06:38,583 - root - INFO - epoch train mean loss: 0.2940973113808367
2024-01-21 15:06:38,583 - root - INFO - train acc: 0.909601677148847, test acc: 0.9122055137844612
2024-01-21 15:06:38,583 - root - INFO - train ap: 0.9291698985423579, val ap: 0.9376529383187618
2024-01-21 15:06:38,590 - root - INFO - start 62 epoch
2024-01-21 15:06:58,612 - root - INFO - epoch: 62 took 20.02s
2024-01-21 15:06:58,612 - root - INFO - epoch train mean loss: 0.28716302042206127
2024-01-21 15:06:58,612 - root - INFO - train acc: 0.910990566037736, test acc: 0.9144277360066835
2024-01-21 15:06:58,612 - root - INFO - train ap: 0.9299260613852778, val ap: 0.9384472252182466
2024-01-21 15:06:58,619 - root - INFO - start 63 epoch
2024-01-21 15:07:18,624 - root - INFO - epoch: 63 took 20.01s
2024-01-21 15:07:18,625 - root - INFO - epoch train mean loss: 0.29021692358785206
2024-01-21 15:07:18,625 - root - INFO - train acc: 0.9119627882599581, test acc: 0.9133166248955723
2024-01-21 15:07:18,625 - root - INFO - train ap: 0.9305724607059207, val ap: 0.9388782667997341
2024-01-21 15:07:18,632 - root - INFO - start 64 epoch
2024-01-21 15:07:38,643 - root - INFO - epoch: 64 took 20.01s
2024-01-21 15:07:38,643 - root - INFO - epoch train mean loss: 0.2864593474401368
2024-01-21 15:07:38,643 - root - INFO - train acc: 0.9140461215932915, test acc: 0.9138721804511278
2024-01-21 15:07:38,643 - root - INFO - train ap: 0.9311397336715016, val ap: 0.9391532537859768
2024-01-21 15:07:38,650 - root - INFO - start 65 epoch
2024-01-21 15:07:58,738 - root - INFO - epoch: 65 took 20.09s
2024-01-21 15:07:58,738 - root - INFO - epoch train mean loss: 0.2821856041749318
2024-01-21 15:07:58,738 - root - INFO - train acc: 0.9146016771488471, test acc: 0.9149832915622391
2024-01-21 15:07:58,738 - root - INFO - train ap: 0.9318074451751264, val ap: 0.9397783445353917
2024-01-21 15:07:58,745 - root - INFO - start 66 epoch
2024-01-21 15:08:18,739 - root - INFO - epoch: 66 took 19.99s
2024-01-21 15:08:18,740 - root - INFO - epoch train mean loss: 0.2818869199189875
2024-01-21 15:08:18,740 - root - INFO - train acc: 0.9149152690426278, test acc: 0.9155388471177945
2024-01-21 15:08:18,740 - root - INFO - train ap: 0.932411578419378, val ap: 0.9403787379148416
2024-01-21 15:08:18,749 - root - INFO - start 67 epoch
2024-01-21 15:08:38,765 - root - INFO - epoch: 67 took 20.02s
2024-01-21 15:08:38,766 - root - INFO - epoch train mean loss: 0.2766422438952658
2024-01-21 15:08:38,766 - root - INFO - train acc: 0.9156097134870722, test acc: 0.9160944026733502
2024-01-21 15:08:38,766 - root - INFO - train ap: 0.9328294398142005, val ap: 0.9407995032803791
2024-01-21 15:08:38,773 - root - INFO - start 68 epoch
2024-01-21 15:08:58,794 - root - INFO - epoch: 68 took 20.02s
2024-01-21 15:08:58,794 - root - INFO - epoch train mean loss: 0.27623989681402844
2024-01-21 15:08:58,794 - root - INFO - train acc: 0.9166177498252972, test acc: 0.9166499582289056
2024-01-21 15:08:58,794 - root - INFO - train ap: 0.9332101213586943, val ap: 0.9410426512602036
2024-01-21 15:08:58,801 - root - INFO - start 69 epoch
2024-01-21 15:09:18,806 - root - INFO - epoch: 69 took 20.00s
2024-01-21 15:09:18,806 - root - INFO - epoch train mean loss: 0.2728097521596485
2024-01-21 15:09:18,806 - root - INFO - train acc: 0.9171733053808526, test acc: 0.9166499582289056
2024-01-21 15:09:18,807 - root - INFO - train ap: 0.9335072219254954, val ap: 0.9413991017773902
2024-01-21 15:09:18,814 - root - INFO - start 70 epoch
2024-01-21 15:09:38,870 - root - INFO - epoch: 70 took 20.06s
2024-01-21 15:09:38,870 - root - INFO - epoch train mean loss: 0.27093636824025047
2024-01-21 15:09:38,870 - root - INFO - train acc: 0.9177288609364083, test acc: 0.9177610693400167
2024-01-21 15:09:38,870 - root - INFO - train ap: 0.9339213151997452, val ap: 0.941503595231651
2024-01-21 15:09:38,877 - root - INFO - start 71 epoch
2024-01-21 15:09:58,976 - root - INFO - epoch: 71 took 20.10s
2024-01-21 15:09:58,976 - root - INFO - epoch train mean loss: 0.2679987959563732
2024-01-21 15:09:58,976 - root - INFO - train acc: 0.9191177498252971, test acc: 0.9188721804511277
2024-01-21 15:09:58,976 - root - INFO - train ap: 0.9343220510463023, val ap: 0.9418022226964788
2024-01-21 15:09:58,983 - root - INFO - start 72 epoch
2024-01-21 15:10:18,977 - root - INFO - epoch: 72 took 19.99s
2024-01-21 15:10:18,978 - root - INFO - epoch train mean loss: 0.2637825744847457
2024-01-21 15:10:18,978 - root - INFO - train acc: 0.9190146750524111, test acc: 0.9194277360066834
2024-01-21 15:10:18,978 - root - INFO - train ap: 0.9345054487145242, val ap: 0.9419065129271242
2024-01-21 15:10:18,985 - root - INFO - start 73 epoch
2024-01-21 15:10:39,102 - root - INFO - epoch: 73 took 20.12s
2024-01-21 15:10:39,102 - root - INFO - epoch train mean loss: 0.2639880921277735
2024-01-21 15:10:39,102 - root - INFO - train acc: 0.9202646750524112, test acc: 0.9199832915622389
2024-01-21 15:10:39,102 - root - INFO - train ap: 0.9348576163048562, val ap: 0.9424034057651236
2024-01-21 15:10:39,109 - root - INFO - start 74 epoch
2024-01-21 15:10:59,111 - root - INFO - epoch: 74 took 20.00s
2024-01-21 15:10:59,111 - root - INFO - epoch train mean loss: 0.26445882353517747
2024-01-21 15:10:59,111 - root - INFO - train acc: 0.9213757861635222, test acc: 0.9205388471177945
2024-01-21 15:10:59,111 - root - INFO - train ap: 0.9349298251718161, val ap: 0.9425499844517429
2024-01-21 15:10:59,118 - root - INFO - start 75 epoch
2024-01-21 15:11:19,144 - root - INFO - epoch: 75 took 20.03s
2024-01-21 15:11:19,144 - root - INFO - epoch train mean loss: 0.26178247440192437
2024-01-21 15:11:19,144 - root - INFO - train acc: 0.9208202306079666, test acc: 0.9199832915622389
2024-01-21 15:11:19,144 - root - INFO - train ap: 0.9352866940884988, val ap: 0.9424368601449635
2024-01-21 15:11:19,150 - root - INFO - start 76 epoch
2024-01-21 15:11:39,150 - root - INFO - epoch: 76 took 20.00s
2024-01-21 15:11:39,150 - root - INFO - epoch train mean loss: 0.2543612735138999
2024-01-21 15:11:39,151 - root - INFO - train acc: 0.9208202306079666, test acc: 0.9210944026733502
2024-01-21 15:11:39,151 - root - INFO - train ap: 0.9356362373498734, val ap: 0.9429872942634413
2024-01-21 15:11:39,157 - root - INFO - start 77 epoch
2024-01-21 15:11:59,122 - root - INFO - epoch: 77 took 19.97s
2024-01-21 15:11:59,122 - root - INFO - epoch train mean loss: 0.25745388451549744
2024-01-21 15:11:59,122 - root - INFO - train acc: 0.9213757861635222, test acc: 0.9210944026733502
2024-01-21 15:11:59,122 - root - INFO - train ap: 0.9358822726093279, val ap: 0.9430909119334147
2024-01-21 15:11:59,130 - root - INFO - start 78 epoch
2024-01-21 15:12:19,144 - root - INFO - epoch: 78 took 20.01s
2024-01-21 15:12:19,144 - root - INFO - epoch train mean loss: 0.25025510208474266
2024-01-21 15:12:19,145 - root - INFO - train acc: 0.9222091194968554, test acc: 0.9224853801169591
2024-01-21 15:12:19,145 - root - INFO - train ap: 0.93631380474057, val ap: 0.9431900868315698
2024-01-21 15:12:19,151 - root - INFO - start 79 epoch
2024-01-21 15:12:39,121 - root - INFO - epoch: 79 took 19.97s
2024-01-21 15:12:39,122 - root - INFO - epoch train mean loss: 0.24868815930353272
2024-01-21 15:12:39,122 - root - INFO - train acc: 0.9229035639412998, test acc: 0.9241520467836257
2024-01-21 15:12:39,122 - root - INFO - train ap: 0.9368080990999501, val ap: 0.9430990997982557
2024-01-21 15:12:39,129 - root - INFO - start 80 epoch
2024-01-21 15:12:59,122 - root - INFO - epoch: 80 took 19.99s
2024-01-21 15:12:59,122 - root - INFO - epoch train mean loss: 0.24973022358285057
2024-01-21 15:12:59,122 - root - INFO - train acc: 0.9238757861635221, test acc: 0.9252631578947368
2024-01-21 15:12:59,122 - root - INFO - train ap: 0.937151102327896, val ap: 0.9430357231078736
2024-01-21 15:12:59,129 - root - INFO - start 81 epoch
2024-01-21 15:13:19,122 - root - INFO - epoch: 81 took 19.99s
2024-01-21 15:13:19,123 - root - INFO - epoch train mean loss: 0.24605000598563087
2024-01-21 15:13:19,123 - root - INFO - train acc: 0.9238757861635221, test acc: 0.9258187134502924
2024-01-21 15:13:19,123 - root - INFO - train ap: 0.9373129162950937, val ap: 0.9433325680596547
2024-01-21 15:13:19,129 - root - INFO - start 82 epoch
2024-01-21 15:13:39,166 - root - INFO - epoch: 82 took 20.04s
2024-01-21 15:13:39,166 - root - INFO - epoch train mean loss: 0.23800184039605987
2024-01-21 15:13:39,166 - root - INFO - train acc: 0.9242924528301888, test acc: 0.9263742690058481
2024-01-21 15:13:39,166 - root - INFO - train ap: 0.9378034935863807, val ap: 0.9434080013367107
2024-01-21 15:13:39,173 - root - INFO - start 83 epoch
2024-01-21 15:13:59,156 - root - INFO - epoch: 83 took 19.98s
2024-01-21 15:13:59,156 - root - INFO - epoch train mean loss: 0.24387157128916848
2024-01-21 15:13:59,156 - root - INFO - train acc: 0.9244313417190776, test acc: 0.9263742690058481
2024-01-21 15:13:59,156 - root - INFO - train ap: 0.9379570676175137, val ap: 0.9435256405759487
2024-01-21 15:13:59,163 - root - INFO - start 84 epoch
2024-01-21 15:14:19,154 - root - INFO - epoch: 84 took 19.99s
2024-01-21 15:14:19,154 - root - INFO - epoch train mean loss: 0.23748558801081446
2024-01-21 15:14:19,154 - root - INFO - train acc: 0.924986897274633, test acc: 0.9269298245614035
2024-01-21 15:14:19,154 - root - INFO - train ap: 0.9381854460704891, val ap: 0.9435991500379283
2024-01-21 15:14:19,161 - root - INFO - start 85 epoch
2024-01-21 15:14:39,141 - root - INFO - epoch: 85 took 19.98s
2024-01-21 15:14:39,142 - root - INFO - epoch train mean loss: 0.2374197215669685
2024-01-21 15:14:39,142 - root - INFO - train acc: 0.9260980083857443, test acc: 0.9269298245614035
2024-01-21 15:14:39,142 - root - INFO - train ap: 0.9384185677191721, val ap: 0.9439433396693526
2024-01-21 15:14:39,149 - root - INFO - start 86 epoch
2024-01-21 15:14:59,125 - root - INFO - epoch: 86 took 19.98s
2024-01-21 15:14:59,125 - root - INFO - epoch train mean loss: 0.24123559229903752
2024-01-21 15:14:59,125 - root - INFO - train acc: 0.9269313417190777, test acc: 0.9269298245614035
2024-01-21 15:14:59,125 - root - INFO - train ap: 0.9385560924127463, val ap: 0.9441324690244072
2024-01-21 15:14:59,132 - root - INFO - start 87 epoch
2024-01-21 15:15:19,150 - root - INFO - epoch: 87 took 20.02s
2024-01-21 15:15:19,151 - root - INFO - epoch train mean loss: 0.23784108956654867
2024-01-21 15:15:19,151 - root - INFO - train acc: 0.9267924528301887, test acc: 0.9269298245614035
2024-01-21 15:15:19,151 - root - INFO - train ap: 0.9387738874277295, val ap: 0.9441166136496588
2024-01-21 15:15:19,158 - root - INFO - start 88 epoch
2024-01-21 15:15:39,151 - root - INFO - epoch: 88 took 19.99s
2024-01-21 15:15:39,151 - root - INFO - epoch train mean loss: 0.23567882842487758
2024-01-21 15:15:39,151 - root - INFO - train acc: 0.9283202306079664, test acc: 0.9263742690058481
2024-01-21 15:15:39,152 - root - INFO - train ap: 0.9390869378652934, val ap: 0.9440229041836103
2024-01-21 15:15:39,158 - root - INFO - start 89 epoch
2024-01-21 15:15:59,161 - root - INFO - epoch: 89 took 20.00s
2024-01-21 15:15:59,161 - root - INFO - epoch train mean loss: 0.23025834394825828
2024-01-21 15:15:59,161 - root - INFO - train acc: 0.9287368972746332, test acc: 0.9263742690058481
2024-01-21 15:15:59,161 - root - INFO - train ap: 0.9392827920620037, val ap: 0.9440656806297965
2024-01-21 15:15:59,166 - root - INFO - start 90 epoch
2024-01-21 15:16:19,184 - root - INFO - epoch: 90 took 20.02s
2024-01-21 15:16:19,184 - root - INFO - epoch train mean loss: 0.23238549340102407
2024-01-21 15:16:19,184 - root - INFO - train acc: 0.9294313417190777, test acc: 0.9263742690058481
2024-01-21 15:16:19,185 - root - INFO - train ap: 0.9394844851324505, val ap: 0.9441359529664213
2024-01-21 15:16:19,190 - root - INFO - start 91 epoch
2024-01-21 15:16:39,202 - root - INFO - epoch: 91 took 20.01s
2024-01-21 15:16:39,202 - root - INFO - epoch train mean loss: 0.2276043337252405
2024-01-21 15:16:39,202 - root - INFO - train acc: 0.9299868972746332, test acc: 0.9263742690058481
2024-01-21 15:16:39,202 - root - INFO - train ap: 0.9397927531734899, val ap: 0.9441694789214119
2024-01-21 15:16:39,207 - root - INFO - start 92 epoch
2024-01-21 15:16:59,185 - root - INFO - epoch: 92 took 19.98s
2024-01-21 15:16:59,185 - root - INFO - epoch train mean loss: 0.22880610616670716
2024-01-21 15:16:59,185 - root - INFO - train acc: 0.9298480083857444, test acc: 0.925263157894737
2024-01-21 15:16:59,185 - root - INFO - train ap: 0.9397597748015857, val ap: 0.944154145226855
2024-01-21 15:16:59,190 - root - INFO - start 93 epoch
2024-01-21 15:17:19,253 - root - INFO - epoch: 93 took 20.06s
2024-01-21 15:17:19,253 - root - INFO - epoch train mean loss: 0.2290513805217213
2024-01-21 15:17:19,253 - root - INFO - train acc: 0.9305424528301889, test acc: 0.9285964912280702
2024-01-21 15:17:19,253 - root - INFO - train ap: 0.9401420309502091, val ap: 0.9438214954658631
2024-01-21 15:17:19,258 - root - INFO - start 94 epoch
2024-01-21 15:17:39,370 - root - INFO - epoch: 94 took 20.11s
2024-01-21 15:17:39,370 - root - INFO - epoch train mean loss: 0.22438203626208836
2024-01-21 15:17:39,370 - root - INFO - train acc: 0.9299868972746332, test acc: 0.9280409356725146
2024-01-21 15:17:39,370 - root - INFO - train ap: 0.9402852372088444, val ap: 0.9438424190481215
2024-01-21 15:17:39,376 - root - INFO - start 95 epoch
2024-01-21 15:17:59,769 - root - INFO - epoch: 95 took 20.39s
2024-01-21 15:17:59,769 - root - INFO - epoch train mean loss: 0.22657848770419756
2024-01-21 15:17:59,769 - root - INFO - train acc: 0.9301616002795251, test acc: 0.9280409356725146
2024-01-21 15:17:59,769 - root - INFO - train ap: 0.9405043922564218, val ap: 0.943958782373087
2024-01-21 15:17:59,775 - root - INFO - start 96 epoch
2024-01-21 15:18:20,311 - root - INFO - epoch: 96 took 20.54s
2024-01-21 15:18:20,312 - root - INFO - epoch train mean loss: 0.22326240647170278
2024-01-21 15:18:20,312 - root - INFO - train acc: 0.9312727113906359, test acc: 0.9277610693400167
2024-01-21 15:18:20,312 - root - INFO - train ap: 0.9408606871143534, val ap: 0.9438879928806156
2024-01-21 15:18:20,317 - root - INFO - start 97 epoch
2024-01-21 15:18:40,324 - root - INFO - epoch: 97 took 20.01s
2024-01-21 15:18:40,324 - root - INFO - epoch train mean loss: 0.22447982927163443
2024-01-21 15:18:40,324 - root - INFO - train acc: 0.9312727113906359, test acc: 0.9277610693400167
2024-01-21 15:18:40,324 - root - INFO - train ap: 0.9411550925736388, val ap: 0.9442773804859959
2024-01-21 15:18:40,329 - root - INFO - start 98 epoch
2024-01-21 15:19:00,351 - root - INFO - epoch: 98 took 20.02s
2024-01-21 15:19:00,351 - root - INFO - epoch train mean loss: 0.22157727720008957
2024-01-21 15:19:00,351 - root - INFO - train acc: 0.931411600279525, test acc: 0.9283166248955723
2024-01-21 15:19:00,351 - root - INFO - train ap: 0.9414603352804242, val ap: 0.9445122948741
2024-01-21 15:19:00,356 - root - INFO - start 99 epoch
2024-01-21 15:19:20,455 - root - INFO - epoch: 99 took 20.10s
2024-01-21 15:19:20,455 - root - INFO - epoch train mean loss: 0.21766435768869188
2024-01-21 15:19:20,455 - root - INFO - train acc: 0.9318282669461916, test acc: 0.9283166248955723
2024-01-21 15:19:20,455 - root - INFO - train ap: 0.9415856417117019, val ap: 0.9446538738990208
2024-01-21 15:19:20,464 - root - INFO - TGN model saved
