2024-01-21 16:01:10,708 - root - INFO - Namespace(aggregator='last', backprop_every=1, bs=200, data='simulate_v1', different_new_nodes=False, drop_out=0.1, dyrep=False, embedding_module='graph_attention', gpu=0, lr=0.0001, memory_dim=4, memory_update_at_end=True, memory_updater='gru', message_dim=100, message_function='identity', n_degree=10, n_epoch=100, n_head=2, n_layer=2, n_runs=1, node_dim=100, patience=5, prefix='tgn-attn', randomize_features=False, time_dim=100, uniform=False, use_destination_embedding_in_message=False, use_memory=True, use_source_embedding_in_message=False)
2024-01-21 16:01:12,029 - root - INFO - num of training instances: 7159
2024-01-21 16:01:12,029 - root - INFO - num of batches per epoch: 36
2024-01-21 16:01:12,029 - root - INFO - start 0 epoch
2024-01-21 16:01:33,062 - root - INFO - epoch: 0 took 21.03s
2024-01-21 16:01:33,062 - root - INFO - epoch train mean loss: 0.737735519806544
2024-01-21 16:01:33,062 - root - INFO - train acc: 0.5029682040531097, test acc: 0.4984837092731829
2024-01-21 16:01:33,062 - root - INFO - train ap: 0.45015958503312015, val ap: 0.4412786523471373
2024-01-21 16:01:33,068 - root - INFO - start 1 epoch
2024-01-21 16:01:53,496 - root - INFO - epoch: 1 took 20.43s
2024-01-21 16:01:53,496 - root - INFO - epoch train mean loss: 0.7138378868500391
2024-01-21 16:01:53,496 - root - INFO - train acc: 0.5083848707197763, test acc: 0.4968170426065163
2024-01-21 16:01:53,496 - root - INFO - train ap: 0.47956334202630885, val ap: 0.4711259542152591
2024-01-21 16:01:53,502 - root - INFO - start 2 epoch
2024-01-21 16:02:13,897 - root - INFO - epoch: 2 took 20.39s
2024-01-21 16:02:13,897 - root - INFO - epoch train mean loss: 0.7022289683421453
2024-01-21 16:02:13,897 - root - INFO - train acc: 0.5098812019566737, test acc: 0.4993233082706767
2024-01-21 16:02:13,897 - root - INFO - train ap: 0.5224390433114033, val ap: 0.5210583666771467
2024-01-21 16:02:13,902 - root - INFO - start 3 epoch
2024-01-21 16:02:34,308 - root - INFO - epoch: 3 took 20.41s
2024-01-21 16:02:34,308 - root - INFO - epoch train mean loss: 0.6970597207546234
2024-01-21 16:02:34,308 - root - INFO - train acc: 0.5265522361984625, test acc: 0.5243274853801171
2024-01-21 16:02:34,308 - root - INFO - train ap: 0.5744570564212308, val ap: 0.5900220459970389
2024-01-21 16:02:34,314 - root - INFO - start 4 epoch
2024-01-21 16:02:54,715 - root - INFO - epoch: 4 took 20.40s
2024-01-21 16:02:54,715 - root - INFO - epoch train mean loss: 0.6941120740440156
2024-01-21 16:02:54,715 - root - INFO - train acc: 0.5451362683438155, test acc: 0.5484962406015037
2024-01-21 16:02:54,715 - root - INFO - train ap: 0.6125229021515033, val ap: 0.6283544660844087
2024-01-21 16:02:54,721 - root - INFO - start 5 epoch
2024-01-21 16:03:15,133 - root - INFO - epoch: 5 took 20.41s
2024-01-21 16:03:15,134 - root - INFO - epoch train mean loss: 0.6894569661882188
2024-01-21 16:03:15,134 - root - INFO - train acc: 0.5690295248078266, test acc: 0.5887802840434418
2024-01-21 16:03:15,134 - root - INFO - train ap: 0.6345965762706974, val ap: 0.6516533791864063
2024-01-21 16:03:15,139 - root - INFO - start 6 epoch
2024-01-21 16:03:35,491 - root - INFO - epoch: 6 took 20.35s
2024-01-21 16:03:35,491 - root - INFO - epoch train mean loss: 0.6882193353441026
2024-01-21 16:03:35,491 - root - INFO - train acc: 0.586291928721174, test acc: 0.614891395154553
2024-01-21 16:03:35,491 - root - INFO - train ap: 0.6524906322878739, val ap: 0.6671511961836416
2024-01-21 16:03:35,496 - root - INFO - start 7 epoch
2024-01-21 16:03:55,857 - root - INFO - epoch: 7 took 20.36s
2024-01-21 16:03:55,857 - root - INFO - epoch train mean loss: 0.687256418996387
2024-01-21 16:03:55,857 - root - INFO - train acc: 0.590006114605171, test acc: 0.6251712614870509
2024-01-21 16:03:55,857 - root - INFO - train ap: 0.6716298224117171, val ap: 0.6849409251585691
2024-01-21 16:03:55,863 - root - INFO - start 8 epoch
2024-01-21 16:04:16,438 - root - INFO - epoch: 8 took 20.58s
2024-01-21 16:04:16,439 - root - INFO - epoch train mean loss: 0.6843091001113256
2024-01-21 16:04:16,439 - root - INFO - train acc: 0.6020221872816212, test acc: 0.6290559732664996
2024-01-21 16:04:16,439 - root - INFO - train ap: 0.6925603499254673, val ap: 0.7064118279357925
2024-01-21 16:04:16,444 - root - INFO - start 9 epoch
2024-01-21 16:04:37,850 - root - INFO - epoch: 9 took 21.41s
2024-01-21 16:04:37,850 - root - INFO - epoch train mean loss: 0.6818932410743501
2024-01-21 16:04:37,850 - root - INFO - train acc: 0.6213993710691824, test acc: 0.6401670843776107
2024-01-21 16:04:37,850 - root - INFO - train ap: 0.712197898005901, val ap: 0.7257045629971496
2024-01-21 16:04:37,855 - root - INFO - start 10 epoch
2024-01-21 16:04:58,335 - root - INFO - epoch: 10 took 20.48s
2024-01-21 16:04:58,335 - root - INFO - epoch train mean loss: 0.6799554824829102
2024-01-21 16:04:58,335 - root - INFO - train acc: 0.6396698113207547, test acc: 0.6501629072681704
2024-01-21 16:04:58,335 - root - INFO - train ap: 0.7300956802495598, val ap: 0.7446639714144248
2024-01-21 16:04:58,341 - root - INFO - start 11 epoch
2024-01-21 16:05:18,747 - root - INFO - epoch: 11 took 20.41s
2024-01-21 16:05:18,747 - root - INFO - epoch train mean loss: 0.6765866229931513
2024-01-21 16:05:18,747 - root - INFO - train acc: 0.6562377707896575, test acc: 0.6657226399331663
2024-01-21 16:05:18,747 - root - INFO - train ap: 0.7439263744186845, val ap: 0.7596177012148547
2024-01-21 16:05:18,753 - root - INFO - start 12 epoch
2024-01-21 16:05:39,137 - root - INFO - epoch: 12 took 20.38s
2024-01-21 16:05:39,137 - root - INFO - epoch train mean loss: 0.6737704426050186
2024-01-21 16:05:39,137 - root - INFO - train acc: 0.673043326345213, test acc: 0.6696115288220551
2024-01-21 16:05:39,137 - root - INFO - train ap: 0.7558901577795109, val ap: 0.7722672868896772
2024-01-21 16:05:39,142 - root - INFO - start 13 epoch
2024-01-21 16:05:59,557 - root - INFO - epoch: 13 took 20.41s
2024-01-21 16:05:59,557 - root - INFO - epoch train mean loss: 0.670062060157458
2024-01-21 16:05:59,557 - root - INFO - train acc: 0.6861303284416491, test acc: 0.6987886382623225
2024-01-21 16:05:59,557 - root - INFO - train ap: 0.765689292665567, val ap: 0.7810918775765453
2024-01-21 16:05:59,562 - root - INFO - start 14 epoch
2024-01-21 16:06:19,998 - root - INFO - epoch: 14 took 20.44s
2024-01-21 16:06:19,999 - root - INFO - epoch train mean loss: 0.6670943134360843
2024-01-21 16:06:19,999 - root - INFO - train acc: 0.694495108315863, test acc: 0.7118462823725982
2024-01-21 16:06:19,999 - root - INFO - train ap: 0.772303422806355, val ap: 0.7833234037071193
2024-01-21 16:06:20,004 - root - INFO - start 15 epoch
2024-01-21 16:06:40,396 - root - INFO - epoch: 15 took 20.39s
2024-01-21 16:06:40,396 - root - INFO - epoch train mean loss: 0.6611363391081492
2024-01-21 16:06:40,396 - root - INFO - train acc: 0.6923759608665269, test acc: 0.7201837928153717
2024-01-21 16:06:40,396 - root - INFO - train ap: 0.773643330340514, val ap: 0.7790175525037167
2024-01-21 16:06:40,401 - root - INFO - start 16 epoch
2024-01-21 16:07:00,890 - root - INFO - epoch: 16 took 20.49s
2024-01-21 16:07:00,890 - root - INFO - epoch train mean loss: 0.6555833518505096
2024-01-21 16:07:00,890 - root - INFO - train acc: 0.6995352900069881, test acc: 0.7285129490392648
2024-01-21 16:07:00,890 - root - INFO - train ap: 0.7744736736204499, val ap: 0.7789544092138205
2024-01-21 16:07:00,896 - root - INFO - start 17 epoch
2024-01-21 16:07:21,309 - root - INFO - epoch: 17 took 20.41s
2024-01-21 16:07:21,309 - root - INFO - epoch train mean loss: 0.6513968474335141
2024-01-21 16:07:21,309 - root - INFO - train acc: 0.7045711041229908, test acc: 0.7293483709273183
2024-01-21 16:07:21,309 - root - INFO - train ap: 0.7786686217127421, val ap: 0.7838305900563748
2024-01-21 16:07:21,314 - root - INFO - start 18 epoch
2024-01-21 16:07:41,808 - root - INFO - epoch: 18 took 20.49s
2024-01-21 16:07:41,808 - root - INFO - epoch train mean loss: 0.6450825532277426
2024-01-21 16:07:41,808 - root - INFO - train acc: 0.7123846960167715, test acc: 0.7299081035923142
2024-01-21 16:07:41,808 - root - INFO - train ap: 0.7840952285259125, val ap: 0.7901920086527143
2024-01-21 16:07:41,814 - root - INFO - start 19 epoch
2024-01-21 16:08:02,430 - root - INFO - epoch: 19 took 20.62s
2024-01-21 16:08:02,430 - root - INFO - epoch train mean loss: 0.6394192030032476
2024-01-21 16:08:02,430 - root - INFO - train acc: 0.7209958071278826, test acc: 0.7388011695906432
2024-01-21 16:08:02,430 - root - INFO - train ap: 0.7916512614754191, val ap: 0.7965135725340607
2024-01-21 16:08:02,435 - root - INFO - start 20 epoch
2024-01-21 16:08:23,036 - root - INFO - epoch: 20 took 20.60s
2024-01-21 16:08:23,036 - root - INFO - epoch train mean loss: 0.633316609594557
2024-01-21 16:08:23,036 - root - INFO - train acc: 0.7293291404612159, test acc: 0.7410275689223058
2024-01-21 16:08:23,036 - root - INFO - train ap: 0.799534546365281, val ap: 0.804744949431549
2024-01-21 16:08:23,042 - root - INFO - start 21 epoch
2024-01-21 16:08:43,437 - root - INFO - epoch: 21 took 20.39s
2024-01-21 16:08:43,437 - root - INFO - epoch train mean loss: 0.6235764010085
2024-01-21 16:08:43,437 - root - INFO - train acc: 0.7375279524807827, test acc: 0.7518713450292397
2024-01-21 16:08:43,437 - root - INFO - train ap: 0.8089757284822564, val ap: 0.8125753812564996
2024-01-21 16:08:43,445 - root - INFO - start 22 epoch
2024-01-21 16:09:03,868 - root - INFO - epoch: 22 took 20.42s
2024-01-21 16:09:03,868 - root - INFO - epoch train mean loss: 0.612521799074279
2024-01-21 16:09:03,868 - root - INFO - train acc: 0.7440557302585604, test acc: 0.7690893901420216
2024-01-21 16:09:03,868 - root - INFO - train ap: 0.8177403112075409, val ap: 0.8204132833575298
2024-01-21 16:09:03,873 - root - INFO - start 23 epoch
2024-01-21 16:09:24,293 - root - INFO - epoch: 23 took 20.42s
2024-01-21 16:09:24,293 - root - INFO - epoch train mean loss: 0.6015920639038086
2024-01-21 16:09:24,293 - root - INFO - train acc: 0.7518020614954578, test acc: 0.7713199665831244
2024-01-21 16:09:24,293 - root - INFO - train ap: 0.8230577324416802, val ap: 0.8250464773730491
2024-01-21 16:09:24,300 - root - INFO - start 24 epoch
2024-01-21 16:09:44,689 - root - INFO - epoch: 24 took 20.39s
2024-01-21 16:09:44,689 - root - INFO - epoch train mean loss: 0.5874127629730437
2024-01-21 16:09:44,690 - root - INFO - train acc: 0.7678459119496855, test acc: 0.7852130325814536
2024-01-21 16:09:44,690 - root - INFO - train ap: 0.8314789663064769, val ap: 0.8367079786054404
2024-01-21 16:09:44,695 - root - INFO - start 25 epoch
2024-01-21 16:10:05,113 - root - INFO - epoch: 25 took 20.42s
2024-01-21 16:10:05,114 - root - INFO - epoch train mean loss: 0.5719416224294238
2024-01-21 16:10:05,114 - root - INFO - train acc: 0.7788539482879107, test acc: 0.7991144527986633
2024-01-21 16:10:05,114 - root - INFO - train ap: 0.8393548192984639, val ap: 0.8460648534519947
2024-01-21 16:10:05,118 - root - INFO - start 26 epoch
2024-01-21 16:10:25,643 - root - INFO - epoch: 26 took 20.52s
2024-01-21 16:10:25,643 - root - INFO - epoch train mean loss: 0.5562338564130995
2024-01-21 16:10:25,643 - root - INFO - train acc: 0.7894453179594688, test acc: 0.804949874686717
2024-01-21 16:10:25,643 - root - INFO - train ap: 0.8480812720928737, val ap: 0.8544982368188508
2024-01-21 16:10:25,649 - root - INFO - start 27 epoch
2024-01-21 16:10:46,049 - root - INFO - epoch: 27 took 20.40s
2024-01-21 16:10:46,049 - root - INFO - epoch train mean loss: 0.5445995810959074
2024-01-21 16:10:46,049 - root - INFO - train acc: 0.7955922431865828, test acc: 0.8177276524644945
2024-01-21 16:10:46,049 - root - INFO - train ap: 0.8554622868552397, val ap: 0.8603141605138764
2024-01-21 16:10:46,055 - root - INFO - start 28 epoch
2024-01-21 16:11:06,502 - root - INFO - epoch: 28 took 20.45s
2024-01-21 16:11:06,502 - root - INFO - epoch train mean loss: 0.531455440653695
2024-01-21 16:11:06,502 - root - INFO - train acc: 0.8064613906359188, test acc: 0.8282873851294904
2024-01-21 16:11:06,502 - root - INFO - train ap: 0.8630690220306564, val ap: 0.8662085195611497
2024-01-21 16:11:06,508 - root - INFO - start 29 epoch
2024-01-21 16:11:27,014 - root - INFO - epoch: 29 took 20.51s
2024-01-21 16:11:27,014 - root - INFO - epoch train mean loss: 0.5157621858848466
2024-01-21 16:11:27,014 - root - INFO - train acc: 0.8158385744234801, test acc: 0.8413492063492063
2024-01-21 16:11:27,014 - root - INFO - train ap: 0.869332707824703, val ap: 0.8722709775320254
2024-01-21 16:11:27,019 - root - INFO - start 30 epoch
2024-01-21 16:11:47,430 - root - INFO - epoch: 30 took 20.41s
2024-01-21 16:11:47,431 - root - INFO - epoch train mean loss: 0.502980365521378
2024-01-21 16:11:47,431 - root - INFO - train acc: 0.819969426974144, test acc: 0.8477401837928153
2024-01-21 16:11:47,431 - root - INFO - train ap: 0.8742836326254096, val ap: 0.8761184065293268
2024-01-21 16:11:47,440 - root - INFO - start 31 epoch
2024-01-21 16:12:08,031 - root - INFO - epoch: 31 took 20.59s
2024-01-21 16:12:08,031 - root - INFO - epoch train mean loss: 0.4870879037512673
2024-01-21 16:12:08,031 - root - INFO - train acc: 0.82660464709993, test acc: 0.8519089390142022
2024-01-21 16:12:08,031 - root - INFO - train ap: 0.8793028149741786, val ap: 0.8830686333686418
2024-01-21 16:12:08,036 - root - INFO - start 32 epoch
2024-01-21 16:12:28,356 - root - INFO - epoch: 32 took 20.32s
2024-01-21 16:12:28,356 - root - INFO - epoch train mean loss: 0.47316865788565743
2024-01-21 16:12:28,356 - root - INFO - train acc: 0.8336879804332634, test acc: 0.8555179615705932
2024-01-21 16:12:28,356 - root - INFO - train ap: 0.8842273779411355, val ap: 0.8895725716800909
2024-01-21 16:12:28,361 - root - INFO - start 33 epoch
2024-01-21 16:12:48,731 - root - INFO - epoch: 33 took 20.37s
2024-01-21 16:12:48,732 - root - INFO - epoch train mean loss: 0.46451884176996017
2024-01-21 16:12:48,732 - root - INFO - train acc: 0.8426484975541579, test acc: 0.8605221386800335
2024-01-21 16:12:48,732 - root - INFO - train ap: 0.8881453930651758, val ap: 0.8938941193374832
2024-01-21 16:12:48,739 - root - INFO - start 34 epoch
2024-01-21 16:13:09,209 - root - INFO - epoch: 34 took 20.47s
2024-01-21 16:13:09,209 - root - INFO - epoch train mean loss: 0.4499332391553455
2024-01-21 16:13:09,209 - root - INFO - train acc: 0.8518509783368273, test acc: 0.866077694235589
2024-01-21 16:13:09,209 - root - INFO - train ap: 0.8927738916764767, val ap: 0.8983114398425506
2024-01-21 16:13:09,216 - root - INFO - start 35 epoch
2024-01-21 16:13:29,583 - root - INFO - epoch: 35 took 20.37s
2024-01-21 16:13:29,583 - root - INFO - epoch train mean loss: 0.4396175079875522
2024-01-21 16:13:29,583 - root - INFO - train acc: 0.8610534591194968, test acc: 0.8727485380116959
2024-01-21 16:13:29,583 - root - INFO - train ap: 0.8964379959234433, val ap: 0.9018274848540406
2024-01-21 16:13:29,589 - root - INFO - start 36 epoch
2024-01-21 16:13:49,916 - root - INFO - epoch: 36 took 20.33s
2024-01-21 16:13:49,916 - root - INFO - epoch train mean loss: 0.432324666943815
2024-01-21 16:13:49,916 - root - INFO - train acc: 0.8675812368972747, test acc: 0.8771971595655806
2024-01-21 16:13:49,916 - root - INFO - train ap: 0.8992641739110336, val ap: 0.905122394600434
2024-01-21 16:13:49,923 - root - INFO - start 37 epoch
2024-01-21 16:14:10,356 - root - INFO - epoch: 37 took 20.43s
2024-01-21 16:14:10,356 - root - INFO - epoch train mean loss: 0.4182698395517137
2024-01-21 16:14:10,356 - root - INFO - train acc: 0.8704306429070581, test acc: 0.8796992481203008
2024-01-21 16:14:10,357 - root - INFO - train ap: 0.9020799393818211, val ap: 0.9086615159745902
2024-01-21 16:14:10,363 - root - INFO - start 38 epoch
2024-01-21 16:14:30,796 - root - INFO - epoch: 38 took 20.43s
2024-01-21 16:14:30,797 - root - INFO - epoch train mean loss: 0.41076234396961
2024-01-21 16:14:30,797 - root - INFO - train acc: 0.8745973095737247, test acc: 0.8841436925647452
2024-01-21 16:14:30,797 - root - INFO - train ap: 0.9049602958108953, val ap: 0.9109930699641693
2024-01-21 16:14:30,804 - root - INFO - start 39 epoch
2024-01-21 16:14:51,118 - root - INFO - epoch: 39 took 20.31s
2024-01-21 16:14:51,118 - root - INFO - epoch train mean loss: 0.40437643395529854
2024-01-21 16:14:51,118 - root - INFO - train acc: 0.8771331236897275, test acc: 0.8874770258980785
2024-01-21 16:14:51,118 - root - INFO - train ap: 0.907163802341345, val ap: 0.9134232658325637
2024-01-21 16:14:51,125 - root - INFO - start 40 epoch
2024-01-21 16:15:11,634 - root - INFO - epoch: 40 took 20.51s
2024-01-21 16:15:11,634 - root - INFO - epoch train mean loss: 0.3945935484435823
2024-01-21 16:15:11,634 - root - INFO - train acc: 0.8800497903563942, test acc: 0.8880325814536341
2024-01-21 16:15:11,635 - root - INFO - train ap: 0.908995462135919, val ap: 0.9156624371656638
2024-01-21 16:15:11,642 - root - INFO - start 41 epoch
2024-01-21 16:15:32,104 - root - INFO - epoch: 41 took 20.46s
2024-01-21 16:15:32,104 - root - INFO - epoch train mean loss: 0.38304924716552097
2024-01-21 16:15:32,104 - root - INFO - train acc: 0.8827603074772886, test acc: 0.8896992481203007
2024-01-21 16:15:32,104 - root - INFO - train ap: 0.9106057014758301, val ap: 0.9178533706006825
2024-01-21 16:15:32,111 - root - INFO - start 42 epoch
2024-01-21 16:15:52,582 - root - INFO - epoch: 42 took 20.47s
2024-01-21 16:15:52,582 - root - INFO - epoch train mean loss: 0.3759901026884715
2024-01-21 16:15:52,582 - root - INFO - train acc: 0.8853991963661776, test acc: 0.8941436925647452
2024-01-21 16:15:52,582 - root - INFO - train ap: 0.9124023996604866, val ap: 0.9198581105301629
2024-01-21 16:15:52,590 - root - INFO - start 43 epoch
2024-01-21 16:16:13,219 - root - INFO - epoch: 43 took 20.63s
2024-01-21 16:16:13,219 - root - INFO - epoch train mean loss: 0.3706679377290938
2024-01-21 16:16:13,220 - root - INFO - train acc: 0.8873078266946192, test acc: 0.8963659147869674
2024-01-21 16:16:13,220 - root - INFO - train ap: 0.914406983029887, val ap: 0.9215704405726477
2024-01-21 16:16:13,227 - root - INFO - start 44 epoch
2024-01-21 16:16:33,585 - root - INFO - epoch: 44 took 20.36s
2024-01-21 16:16:33,585 - root - INFO - epoch train mean loss: 0.3632751711540752
2024-01-21 16:16:33,585 - root - INFO - train acc: 0.889843640810622, test acc: 0.8963659147869674
2024-01-21 16:16:33,585 - root - INFO - train ap: 0.9159501836964272, val ap: 0.9231704571456267
2024-01-21 16:16:33,592 - root - INFO - start 45 epoch
2024-01-21 16:16:53,930 - root - INFO - epoch: 45 took 20.34s
2024-01-21 16:16:53,930 - root - INFO - epoch train mean loss: 0.36251282857524025
2024-01-21 16:16:53,930 - root - INFO - train acc: 0.8909547519217331, test acc: 0.8946992481203009
2024-01-21 16:16:53,931 - root - INFO - train ap: 0.9171749152778637, val ap: 0.925027641423125
2024-01-21 16:16:53,938 - root - INFO - start 46 epoch
2024-01-21 16:17:14,285 - root - INFO - epoch: 46 took 20.35s
2024-01-21 16:17:14,286 - root - INFO - epoch train mean loss: 0.3515998389985826
2024-01-21 16:17:14,286 - root - INFO - train acc: 0.8927961215932915, test acc: 0.8952548036758563
2024-01-21 16:17:14,286 - root - INFO - train ap: 0.9181979856862557, val ap: 0.9271975485390664
2024-01-21 16:17:14,293 - root - INFO - start 47 epoch
2024-01-21 16:17:34,777 - root - INFO - epoch: 47 took 20.48s
2024-01-21 16:17:34,777 - root - INFO - epoch train mean loss: 0.34516877432664234
2024-01-21 16:17:34,777 - root - INFO - train acc: 0.8940461215932913, test acc: 0.8955346700083544
2024-01-21 16:17:34,778 - root - INFO - train ap: 0.9193018850080635, val ap: 0.9288999479528379
2024-01-21 16:17:34,785 - root - INFO - start 48 epoch
2024-01-21 16:17:55,278 - root - INFO - epoch: 48 took 20.49s
2024-01-21 16:17:55,278 - root - INFO - epoch train mean loss: 0.33706943194071454
2024-01-21 16:17:55,278 - root - INFO - train acc: 0.8966850104821804, test acc: 0.8949791144527988
2024-01-21 16:17:55,278 - root - INFO - train ap: 0.9204781880228351, val ap: 0.9305286379522979
2024-01-21 16:17:55,286 - root - INFO - start 49 epoch
2024-01-21 16:18:15,781 - root - INFO - epoch: 49 took 20.49s
2024-01-21 16:18:15,781 - root - INFO - epoch train mean loss: 0.330469385203388
2024-01-21 16:18:15,781 - root - INFO - train acc: 0.8976930468204052, test acc: 0.8963700918964077
2024-01-21 16:18:15,781 - root - INFO - train ap: 0.9215276328463484, val ap: 0.9314658902903167
2024-01-21 16:18:15,789 - root - INFO - start 50 epoch
2024-01-21 16:18:36,133 - root - INFO - epoch: 50 took 20.34s
2024-01-21 16:18:36,133 - root - INFO - epoch train mean loss: 0.32836396743853885
2024-01-21 16:18:36,133 - root - INFO - train acc: 0.9006455276030747, test acc: 0.8974812030075188
2024-01-21 16:18:36,133 - root - INFO - train ap: 0.922460649055894, val ap: 0.9322851126751218
2024-01-21 16:18:36,140 - root - INFO - start 51 epoch
2024-01-21 16:18:56,513 - root - INFO - epoch: 51 took 20.37s
2024-01-21 16:18:56,513 - root - INFO - epoch train mean loss: 0.32785387378599906
2024-01-21 16:18:56,513 - root - INFO - train acc: 0.9020344164919637, test acc: 0.9024812030075188
2024-01-21 16:18:56,513 - root - INFO - train ap: 0.9234229229182821, val ap: 0.9328621499252063
2024-01-21 16:18:56,521 - root - INFO - start 52 epoch
2024-01-21 16:19:17,103 - root - INFO - epoch: 52 took 20.58s
2024-01-21 16:19:17,103 - root - INFO - epoch train mean loss: 0.31536465138196945
2024-01-21 16:19:17,103 - root - INFO - train acc: 0.9021733053808527, test acc: 0.9024812030075188
2024-01-21 16:19:17,103 - root - INFO - train ap: 0.9245359269582614, val ap: 0.9339095152790003
2024-01-21 16:19:17,110 - root - INFO - start 53 epoch
2024-01-21 16:19:37,991 - root - INFO - epoch: 53 took 20.88s
2024-01-21 16:19:37,991 - root - INFO - epoch train mean loss: 0.32201262356506455
2024-01-21 16:19:37,991 - root - INFO - train acc: 0.9033516771488471, test acc: 0.9049832915622389
2024-01-21 16:19:37,991 - root - INFO - train ap: 0.9253579452049547, val ap: 0.9338141417648887
2024-01-21 16:19:37,999 - root - INFO - start 54 epoch
2024-01-21 16:19:59,530 - root - INFO - epoch: 54 took 21.53s
2024-01-21 16:19:59,530 - root - INFO - epoch train mean loss: 0.3126848629779286
2024-01-21 16:19:59,530 - root - INFO - train acc: 0.9044269741439555, test acc: 0.9055388471177945
2024-01-21 16:19:59,530 - root - INFO - train ap: 0.9257883430357814, val ap: 0.9341730606390404
2024-01-21 16:19:59,538 - root - INFO - start 55 epoch
2024-01-21 16:20:20,183 - root - INFO - epoch: 55 took 20.64s
2024-01-21 16:20:20,183 - root - INFO - epoch train mean loss: 0.31193989018599194
2024-01-21 16:20:20,183 - root - INFO - train acc: 0.9045658630328445, test acc: 0.9069256474519634
2024-01-21 16:20:20,183 - root - INFO - train ap: 0.9265039864998459, val ap: 0.9349375943209943
2024-01-21 16:20:20,191 - root - INFO - start 56 epoch
2024-01-21 16:20:40,702 - root - INFO - epoch: 56 took 20.51s
2024-01-21 16:20:40,703 - root - INFO - epoch train mean loss: 0.3080604030854172
2024-01-21 16:20:40,703 - root - INFO - train acc: 0.9055380852550665, test acc: 0.9085923141186298
2024-01-21 16:20:40,703 - root - INFO - train ap: 0.9270051856810869, val ap: 0.9354450509169094
2024-01-21 16:20:40,710 - root - INFO - start 57 epoch
2024-01-21 16:21:01,196 - root - INFO - epoch: 57 took 20.49s
2024-01-21 16:21:01,196 - root - INFO - epoch train mean loss: 0.3012689881854587
2024-01-21 16:21:01,196 - root - INFO - train acc: 0.9062325296995107, test acc: 0.9094277360066835
2024-01-21 16:21:01,196 - root - INFO - train ap: 0.9273379064425105, val ap: 0.9360181012384763
2024-01-21 16:21:01,203 - root - INFO - start 58 epoch
2024-01-21 16:21:21,701 - root - INFO - epoch: 58 took 20.50s
2024-01-21 16:21:21,701 - root - INFO - epoch train mean loss: 0.30173929987682235
2024-01-21 16:21:21,701 - root - INFO - train acc: 0.9069269741439554, test acc: 0.9099832915622389
2024-01-21 16:21:21,701 - root - INFO - train ap: 0.9278625630651116, val ap: 0.9364395495885177
2024-01-21 16:21:21,709 - root - INFO - start 59 epoch
2024-01-21 16:21:42,389 - root - INFO - epoch: 59 took 20.68s
2024-01-21 16:21:42,389 - root - INFO - epoch train mean loss: 0.30077580114205676
2024-01-21 16:21:42,389 - root - INFO - train acc: 0.9083516771488471, test acc: 0.9105388471177945
2024-01-21 16:21:42,389 - root - INFO - train ap: 0.92823961854027, val ap: 0.9369554683016005
2024-01-21 16:21:42,396 - root - INFO - start 60 epoch
2024-01-21 16:22:02,972 - root - INFO - epoch: 60 took 20.58s
2024-01-21 16:22:02,972 - root - INFO - epoch train mean loss: 0.29240292807420093
2024-01-21 16:22:02,972 - root - INFO - train acc: 0.9086294549266248, test acc: 0.91109440267335
2024-01-21 16:22:02,973 - root - INFO - train ap: 0.9286874877394136, val ap: 0.9371245230158473
2024-01-21 16:22:02,979 - root - INFO - start 61 epoch
2024-01-21 16:22:23,332 - root - INFO - epoch: 61 took 20.35s
2024-01-21 16:22:23,332 - root - INFO - epoch train mean loss: 0.2940973113808367
2024-01-21 16:22:23,332 - root - INFO - train acc: 0.909601677148847, test acc: 0.9122055137844612
2024-01-21 16:22:23,332 - root - INFO - train ap: 0.9291698985423579, val ap: 0.9376529383187618
2024-01-21 16:22:23,340 - root - INFO - start 62 epoch
2024-01-21 16:22:43,736 - root - INFO - epoch: 62 took 20.40s
2024-01-21 16:22:43,736 - root - INFO - epoch train mean loss: 0.28716302042206127
2024-01-21 16:22:43,736 - root - INFO - train acc: 0.910990566037736, test acc: 0.9144277360066835
2024-01-21 16:22:43,736 - root - INFO - train ap: 0.9299260613852778, val ap: 0.9384472252182466
2024-01-21 16:22:43,744 - root - INFO - start 63 epoch
2024-01-21 16:23:04,232 - root - INFO - epoch: 63 took 20.49s
2024-01-21 16:23:04,232 - root - INFO - epoch train mean loss: 0.29021692358785206
2024-01-21 16:23:04,232 - root - INFO - train acc: 0.9119627882599581, test acc: 0.9133166248955723
2024-01-21 16:23:04,232 - root - INFO - train ap: 0.9305724607059207, val ap: 0.9388782667997341
2024-01-21 16:23:04,239 - root - INFO - start 64 epoch
2024-01-21 16:23:24,761 - root - INFO - epoch: 64 took 20.52s
2024-01-21 16:23:24,761 - root - INFO - epoch train mean loss: 0.2864593474401368
2024-01-21 16:23:24,761 - root - INFO - train acc: 0.9140461215932915, test acc: 0.9138721804511278
2024-01-21 16:23:24,761 - root - INFO - train ap: 0.9311397336715016, val ap: 0.9391532537859768
2024-01-21 16:23:24,770 - root - INFO - start 65 epoch
2024-01-21 16:23:45,389 - root - INFO - epoch: 65 took 20.62s
2024-01-21 16:23:45,390 - root - INFO - epoch train mean loss: 0.2821856041749318
2024-01-21 16:23:45,390 - root - INFO - train acc: 0.9146016771488471, test acc: 0.9149832915622391
2024-01-21 16:23:45,390 - root - INFO - train ap: 0.9318074451751264, val ap: 0.9397783445353917
2024-01-21 16:23:45,396 - root - INFO - start 66 epoch
2024-01-21 16:24:06,005 - root - INFO - epoch: 66 took 20.61s
2024-01-21 16:24:06,005 - root - INFO - epoch train mean loss: 0.2818869199189875
2024-01-21 16:24:06,005 - root - INFO - train acc: 0.9149152690426278, test acc: 0.9155388471177945
2024-01-21 16:24:06,005 - root - INFO - train ap: 0.932411578419378, val ap: 0.9403787379148416
2024-01-21 16:24:06,012 - root - INFO - start 67 epoch
2024-01-21 16:24:26,586 - root - INFO - epoch: 67 took 20.57s
2024-01-21 16:24:26,586 - root - INFO - epoch train mean loss: 0.2766422438952658
2024-01-21 16:24:26,586 - root - INFO - train acc: 0.9156097134870722, test acc: 0.9160944026733502
2024-01-21 16:24:26,586 - root - INFO - train ap: 0.9328294398142005, val ap: 0.9407995032803791
2024-01-21 16:24:26,594 - root - INFO - start 68 epoch
2024-01-21 16:24:47,018 - root - INFO - epoch: 68 took 20.42s
2024-01-21 16:24:47,018 - root - INFO - epoch train mean loss: 0.27623989681402844
2024-01-21 16:24:47,018 - root - INFO - train acc: 0.9166177498252972, test acc: 0.9166499582289056
2024-01-21 16:24:47,018 - root - INFO - train ap: 0.9332101213586943, val ap: 0.9410426512602036
2024-01-21 16:24:47,025 - root - INFO - start 69 epoch
2024-01-21 16:25:07,437 - root - INFO - epoch: 69 took 20.41s
2024-01-21 16:25:07,438 - root - INFO - epoch train mean loss: 0.2728097521596485
2024-01-21 16:25:07,438 - root - INFO - train acc: 0.9171733053808526, test acc: 0.9166499582289056
2024-01-21 16:25:07,438 - root - INFO - train ap: 0.9335072219254954, val ap: 0.9413991017773902
2024-01-21 16:25:07,445 - root - INFO - start 70 epoch
2024-01-21 16:25:28,014 - root - INFO - epoch: 70 took 20.57s
2024-01-21 16:25:28,014 - root - INFO - epoch train mean loss: 0.27093636824025047
2024-01-21 16:25:28,014 - root - INFO - train acc: 0.9177288609364083, test acc: 0.9177610693400167
2024-01-21 16:25:28,014 - root - INFO - train ap: 0.9339213151997452, val ap: 0.941503595231651
2024-01-21 16:25:28,022 - root - INFO - start 71 epoch
2024-01-21 16:25:48,550 - root - INFO - epoch: 71 took 20.53s
2024-01-21 16:25:48,550 - root - INFO - epoch train mean loss: 0.2679987959563732
2024-01-21 16:25:48,551 - root - INFO - train acc: 0.9191177498252971, test acc: 0.9188721804511277
2024-01-21 16:25:48,551 - root - INFO - train ap: 0.9343220510463023, val ap: 0.9418022226964788
2024-01-21 16:25:48,557 - root - INFO - start 72 epoch
2024-01-21 16:26:09,097 - root - INFO - epoch: 72 took 20.54s
2024-01-21 16:26:09,097 - root - INFO - epoch train mean loss: 0.2637825744847457
2024-01-21 16:26:09,097 - root - INFO - train acc: 0.9190146750524111, test acc: 0.9194277360066834
2024-01-21 16:26:09,097 - root - INFO - train ap: 0.9345054487145242, val ap: 0.9419065129271242
2024-01-21 16:26:09,104 - root - INFO - start 73 epoch
2024-01-21 16:26:29,697 - root - INFO - epoch: 73 took 20.59s
2024-01-21 16:26:29,697 - root - INFO - epoch train mean loss: 0.2639880921277735
2024-01-21 16:26:29,697 - root - INFO - train acc: 0.9202646750524112, test acc: 0.9199832915622389
2024-01-21 16:26:29,697 - root - INFO - train ap: 0.9348576163048562, val ap: 0.9424034057651236
2024-01-21 16:26:29,705 - root - INFO - start 74 epoch
2024-01-21 16:26:50,192 - root - INFO - epoch: 74 took 20.49s
2024-01-21 16:26:50,192 - root - INFO - epoch train mean loss: 0.26445882353517747
2024-01-21 16:26:50,192 - root - INFO - train acc: 0.9213757861635222, test acc: 0.9205388471177945
2024-01-21 16:26:50,192 - root - INFO - train ap: 0.9349298251718161, val ap: 0.9425499844517429
2024-01-21 16:26:50,199 - root - INFO - start 75 epoch
2024-01-21 16:27:10,710 - root - INFO - epoch: 75 took 20.51s
2024-01-21 16:27:10,710 - root - INFO - epoch train mean loss: 0.26178247440192437
2024-01-21 16:27:10,710 - root - INFO - train acc: 0.9208202306079666, test acc: 0.9199832915622389
2024-01-21 16:27:10,710 - root - INFO - train ap: 0.9352866940884988, val ap: 0.9424368601449635
2024-01-21 16:27:10,718 - root - INFO - start 76 epoch
2024-01-21 16:27:31,292 - root - INFO - epoch: 76 took 20.57s
2024-01-21 16:27:31,293 - root - INFO - epoch train mean loss: 0.2543612735138999
2024-01-21 16:27:31,293 - root - INFO - train acc: 0.9208202306079666, test acc: 0.9210944026733502
2024-01-21 16:27:31,293 - root - INFO - train ap: 0.9356362373498734, val ap: 0.9429872942634413
2024-01-21 16:27:31,300 - root - INFO - start 77 epoch
2024-01-21 16:27:51,796 - root - INFO - epoch: 77 took 20.50s
2024-01-21 16:27:51,796 - root - INFO - epoch train mean loss: 0.25745388451549744
2024-01-21 16:27:51,796 - root - INFO - train acc: 0.9213757861635222, test acc: 0.9210944026733502
2024-01-21 16:27:51,796 - root - INFO - train ap: 0.9358822726093279, val ap: 0.9430909119334147
2024-01-21 16:27:51,802 - root - INFO - start 78 epoch
2024-01-21 16:28:12,443 - root - INFO - epoch: 78 took 20.64s
2024-01-21 16:28:12,443 - root - INFO - epoch train mean loss: 0.25025510208474266
2024-01-21 16:28:12,443 - root - INFO - train acc: 0.9222091194968554, test acc: 0.9224853801169591
2024-01-21 16:28:12,443 - root - INFO - train ap: 0.93631380474057, val ap: 0.9431900868315698
2024-01-21 16:28:12,451 - root - INFO - start 79 epoch
2024-01-21 16:28:32,901 - root - INFO - epoch: 79 took 20.45s
2024-01-21 16:28:32,901 - root - INFO - epoch train mean loss: 0.24868815930353272
2024-01-21 16:28:32,901 - root - INFO - train acc: 0.9229035639412998, test acc: 0.9241520467836257
2024-01-21 16:28:32,901 - root - INFO - train ap: 0.9368080990999501, val ap: 0.9430990997982557
2024-01-21 16:28:32,910 - root - INFO - start 80 epoch
2024-01-21 16:28:53,261 - root - INFO - epoch: 80 took 20.35s
2024-01-21 16:28:53,261 - root - INFO - epoch train mean loss: 0.24973022358285057
2024-01-21 16:28:53,261 - root - INFO - train acc: 0.9238757861635221, test acc: 0.9252631578947368
2024-01-21 16:28:53,261 - root - INFO - train ap: 0.937151102327896, val ap: 0.9430357231078736
2024-01-21 16:28:53,268 - root - INFO - start 81 epoch
2024-01-21 16:29:13,705 - root - INFO - epoch: 81 took 20.44s
2024-01-21 16:29:13,705 - root - INFO - epoch train mean loss: 0.24605000598563087
2024-01-21 16:29:13,706 - root - INFO - train acc: 0.9238757861635221, test acc: 0.9258187134502924
2024-01-21 16:29:13,706 - root - INFO - train ap: 0.9373129162950937, val ap: 0.9433325680596547
2024-01-21 16:29:13,713 - root - INFO - start 82 epoch
2024-01-21 16:29:34,206 - root - INFO - epoch: 82 took 20.49s
2024-01-21 16:29:34,206 - root - INFO - epoch train mean loss: 0.23800184039605987
2024-01-21 16:29:34,206 - root - INFO - train acc: 0.9242924528301888, test acc: 0.9263742690058481
2024-01-21 16:29:34,206 - root - INFO - train ap: 0.9378034935863807, val ap: 0.9434080013367107
2024-01-21 16:29:34,213 - root - INFO - start 83 epoch
2024-01-21 16:29:54,840 - root - INFO - epoch: 83 took 20.63s
2024-01-21 16:29:54,841 - root - INFO - epoch train mean loss: 0.24387157128916848
2024-01-21 16:29:54,841 - root - INFO - train acc: 0.9244313417190776, test acc: 0.9263742690058481
2024-01-21 16:29:54,841 - root - INFO - train ap: 0.9379570676175137, val ap: 0.9435256405759487
2024-01-21 16:29:54,847 - root - INFO - start 84 epoch
2024-01-21 16:30:15,369 - root - INFO - epoch: 84 took 20.52s
2024-01-21 16:30:15,369 - root - INFO - epoch train mean loss: 0.23748558801081446
2024-01-21 16:30:15,369 - root - INFO - train acc: 0.924986897274633, test acc: 0.9269298245614035
2024-01-21 16:30:15,369 - root - INFO - train ap: 0.9381854460704891, val ap: 0.9435991500379283
2024-01-21 16:30:15,376 - root - INFO - start 85 epoch
2024-01-21 16:30:35,882 - root - INFO - epoch: 85 took 20.51s
2024-01-21 16:30:35,882 - root - INFO - epoch train mean loss: 0.2374197215669685
2024-01-21 16:30:35,882 - root - INFO - train acc: 0.9260980083857443, test acc: 0.9269298245614035
2024-01-21 16:30:35,882 - root - INFO - train ap: 0.9384185677191721, val ap: 0.9439433396693526
2024-01-21 16:30:35,889 - root - INFO - start 86 epoch
2024-01-21 16:30:56,301 - root - INFO - epoch: 86 took 20.41s
2024-01-21 16:30:56,301 - root - INFO - epoch train mean loss: 0.24123559229903752
2024-01-21 16:30:56,301 - root - INFO - train acc: 0.9269313417190777, test acc: 0.9269298245614035
2024-01-21 16:30:56,301 - root - INFO - train ap: 0.9385560924127463, val ap: 0.9441324690244072
2024-01-21 16:30:56,308 - root - INFO - start 87 epoch
2024-01-21 16:31:16,836 - root - INFO - epoch: 87 took 20.53s
2024-01-21 16:31:16,836 - root - INFO - epoch train mean loss: 0.23784108956654867
2024-01-21 16:31:16,836 - root - INFO - train acc: 0.9267924528301887, test acc: 0.9269298245614035
2024-01-21 16:31:16,836 - root - INFO - train ap: 0.9387738874277295, val ap: 0.9441166136496588
2024-01-21 16:31:16,843 - root - INFO - start 88 epoch
2024-01-21 16:31:37,357 - root - INFO - epoch: 88 took 20.51s
2024-01-21 16:31:37,357 - root - INFO - epoch train mean loss: 0.23567882842487758
2024-01-21 16:31:37,357 - root - INFO - train acc: 0.9283202306079664, test acc: 0.9263742690058481
2024-01-21 16:31:37,357 - root - INFO - train ap: 0.9390869378652934, val ap: 0.9440229041836103
2024-01-21 16:31:37,365 - root - INFO - start 89 epoch
2024-01-21 16:31:57,816 - root - INFO - epoch: 89 took 20.45s
2024-01-21 16:31:57,816 - root - INFO - epoch train mean loss: 0.23025834394825828
2024-01-21 16:31:57,816 - root - INFO - train acc: 0.9287368972746332, test acc: 0.9263742690058481
2024-01-21 16:31:57,816 - root - INFO - train ap: 0.9392827920620037, val ap: 0.9440656806297965
2024-01-21 16:31:57,824 - root - INFO - start 90 epoch
2024-01-21 16:32:18,287 - root - INFO - epoch: 90 took 20.46s
2024-01-21 16:32:18,287 - root - INFO - epoch train mean loss: 0.23238549340102407
2024-01-21 16:32:18,287 - root - INFO - train acc: 0.9294313417190777, test acc: 0.9263742690058481
2024-01-21 16:32:18,288 - root - INFO - train ap: 0.9394844851324505, val ap: 0.9441359529664213
2024-01-21 16:32:18,294 - root - INFO - start 91 epoch
2024-01-21 16:32:38,780 - root - INFO - epoch: 91 took 20.49s
2024-01-21 16:32:38,780 - root - INFO - epoch train mean loss: 0.2276043337252405
2024-01-21 16:32:38,780 - root - INFO - train acc: 0.9299868972746332, test acc: 0.9263742690058481
2024-01-21 16:32:38,780 - root - INFO - train ap: 0.9397927531734899, val ap: 0.9441694789214119
2024-01-21 16:32:38,787 - root - INFO - start 92 epoch
2024-01-21 16:32:59,129 - root - INFO - epoch: 92 took 20.34s
2024-01-21 16:32:59,129 - root - INFO - epoch train mean loss: 0.22880610616670716
2024-01-21 16:32:59,129 - root - INFO - train acc: 0.9298480083857444, test acc: 0.925263157894737
2024-01-21 16:32:59,129 - root - INFO - train ap: 0.9397597748015857, val ap: 0.944154145226855
2024-01-21 16:32:59,137 - root - INFO - start 93 epoch
2024-01-21 16:33:19,640 - root - INFO - epoch: 93 took 20.50s
2024-01-21 16:33:19,640 - root - INFO - epoch train mean loss: 0.2290513805217213
2024-01-21 16:33:19,640 - root - INFO - train acc: 0.9305424528301889, test acc: 0.9285964912280702
2024-01-21 16:33:19,640 - root - INFO - train ap: 0.9401420309502091, val ap: 0.9438214954658631
2024-01-21 16:33:19,647 - root - INFO - start 94 epoch
2024-01-21 16:33:40,008 - root - INFO - epoch: 94 took 20.36s
2024-01-21 16:33:40,008 - root - INFO - epoch train mean loss: 0.22438203626208836
2024-01-21 16:33:40,008 - root - INFO - train acc: 0.9299868972746332, test acc: 0.9280409356725146
2024-01-21 16:33:40,009 - root - INFO - train ap: 0.9402852372088444, val ap: 0.9438424190481215
2024-01-21 16:33:40,016 - root - INFO - start 95 epoch
2024-01-21 16:34:00,494 - root - INFO - epoch: 95 took 20.48s
2024-01-21 16:34:00,494 - root - INFO - epoch train mean loss: 0.22657848770419756
2024-01-21 16:34:00,494 - root - INFO - train acc: 0.9301616002795251, test acc: 0.9280409356725146
2024-01-21 16:34:00,494 - root - INFO - train ap: 0.9405043922564218, val ap: 0.943958782373087
2024-01-21 16:34:00,501 - root - INFO - start 96 epoch
2024-01-21 16:34:20,955 - root - INFO - epoch: 96 took 20.45s
2024-01-21 16:34:20,956 - root - INFO - epoch train mean loss: 0.22326240647170278
2024-01-21 16:34:20,956 - root - INFO - train acc: 0.9312727113906359, test acc: 0.9277610693400167
2024-01-21 16:34:20,956 - root - INFO - train ap: 0.9408606871143534, val ap: 0.9438879928806156
2024-01-21 16:34:20,963 - root - INFO - start 97 epoch
2024-01-21 16:34:41,321 - root - INFO - epoch: 97 took 20.36s
2024-01-21 16:34:41,321 - root - INFO - epoch train mean loss: 0.22447982927163443
2024-01-21 16:34:41,321 - root - INFO - train acc: 0.9312727113906359, test acc: 0.9277610693400167
2024-01-21 16:34:41,321 - root - INFO - train ap: 0.9411550925736388, val ap: 0.9442773804859959
2024-01-21 16:34:41,329 - root - INFO - start 98 epoch
2024-01-21 16:35:02,202 - root - INFO - epoch: 98 took 20.87s
2024-01-21 16:35:02,202 - root - INFO - epoch train mean loss: 0.22157727720008957
2024-01-21 16:35:02,202 - root - INFO - train acc: 0.931411600279525, test acc: 0.9283166248955723
2024-01-21 16:35:02,202 - root - INFO - train ap: 0.9414603352804242, val ap: 0.9445122948741
2024-01-21 16:35:02,210 - root - INFO - start 99 epoch
2024-01-21 16:35:22,769 - root - INFO - epoch: 99 took 20.56s
2024-01-21 16:35:22,769 - root - INFO - epoch train mean loss: 0.21766435768869188
2024-01-21 16:35:22,769 - root - INFO - train acc: 0.9318282669461916, test acc: 0.9283166248955723
2024-01-21 16:35:22,769 - root - INFO - train ap: 0.9415856417117019, val ap: 0.9446538738990208
2024-01-21 16:35:22,781 - root - INFO - TGN model saved
